Removed Pin From Net: NetName=GND_RP2CAN Pin=J7-1
Removed Pin From Net: NetName=GND_RP2CAN Pin=J7-1
Removed Pin From Net: NetName=GND_RP2CAN Pin=J7-1
Removed Pin From Net: NetName=GND_RP2CAN Pin=J7-1
Removed Pin From Net: NetName=GND_RP2CAN Pin=J7-1
Removed Pin From Net: NetName=GND_RP2CAN Pin=J7-1
Removed Pin From Net: NetName=GND_RP2CAN Pin=J7-1
Removed Pin From Net: NetName=GND_RP2CAN Pin=J7-1
Removed Pin From Net: NetName=MOTOR_PWR Pin=J10-1
Removed Pin From Net: NetName=MOTOR_PWR Pin=J10-1
Removed Pin From Net: NetName=MOTOR_PWR Pin=J10-1
Removed Pin From Net: NetName=MOTOR_PWR Pin=J10-1
Removed Pin From Net: NetName=MOTOR_PWR Pin=J10-1
Removed Pin From Net: NetName=MOTOR_PWR Pin=J10-1
Removed Pin From Net: NetName=MOTOR_PWR Pin=J10-1
Removed Pin From Net: NetName=MOTOR_PWR Pin=J10-1
Added Pin To Net: NetName=MOTOR_PWR Pin=J7-1
Added Pin To Net: NetName=MOTOR_PWR Pin=J7-1
Added Pin To Net: NetName=MOTOR_PWR Pin=J7-1
Added Pin To Net: NetName=MOTOR_PWR Pin=J7-1
Added Pin To Net: NetName=MOTOR_PWR Pin=J7-1
Added Pin To Net: NetName=MOTOR_PWR Pin=J7-1
Added Pin To Net: NetName=MOTOR_PWR Pin=J7-1
Added Pin To Net: NetName=MOTOR_PWR Pin=J7-1
Added Pin To Net: NetName=GND_RP2CAN Pin=J10-1
Added Pin To Net: NetName=GND_RP2CAN Pin=J10-1
Added Pin To Net: NetName=GND_RP2CAN Pin=J10-1
Added Pin To Net: NetName=GND_RP2CAN Pin=J10-1
Added Pin To Net: NetName=GND_RP2CAN Pin=J10-1
Added Pin To Net: NetName=GND_RP2CAN Pin=J10-1
Added Pin To Net: NetName=GND_RP2CAN Pin=J10-1
Added Pin To Net: NetName=GND_RP2CAN Pin=J10-1
Added Member To Class: ClassName=PD_MK2_Connectors Member=Component J7 Redcube M4 Term 85A
Added Room: Name=PD_MK2_Connectors
Added Room: Name=U_PD_MK2_Power
Added Room: Name=U_PD_MK2_Signals
Added Room: Name=U_RP2040_C
Added Room: Name=U_RP2040_with_CAN
