Change Component Comment : Designator=U3 Old Comment=SIR167DP New Comment=MOSFET P-Ch 30V 60A SO-8
Change Component Comment : Designator=U4 Old Comment=SIR167DP New Comment=MOSFET P-Ch 30V 60A SO-8
Change component parameters: Designator = "R3" ("R3"); Footprint = "RESISTOR_0603"; UniqueID = "\VRXYLOPI" ("\VRXYLOPI")
Change component parameters (AddParameter): Name = "ComponentLink1Description"; Value = "Digikey"; VariantName = "[No Variations]"
Change component parameters (AddParameter): Name = "ComponentLink1URL"; Value = "https://www.digikey.com/en/products/detail/koa-speer-electronics-inc/RK73B1JTTD101J/9844701"; VariantName = "[No Variations]"
Change component parameters (AddParameter): Name = "Made By"; Value = "Robert Pafford"; VariantName = "[No Variations]"
Change component parameters (AddParameter): Name = "Value  (Ohms)"; Value = "0"; VariantName = "[No Variations]"
Change component parameters (AddParameter): Name = "Verified By"; Value = ""; VariantName = "[No Variations]"
Added Component: Designator=U10(TSOT-23_S6)
Add component (AddParameter): Name = "Arrow_Europe-Purchase-URL"; Value = "https://snapeda.com/shop?store=Arrow+Europe&id=4343773"; VariantName = "[No Variations]"
Add component (AddParameter): Name = "Availability"; Value = "Good"; VariantName = "[No Variations]"
Add component (AddParameter): Name = "Check_prices"; Value = "https://www.snapeda.com/parts/LTC4412ES6%23TRPBF/Analog%20Devices/view-part/4343773/?ref=eda"; VariantName = "[No Variations]"
Add component (AddParameter): Name = "DigiKey-Purchase-URL"; Value = "https://snapeda.com/shop?store=DigiKey&id=4343773"; VariantName = "[No Variations]"
Add component (AddParameter): Name = "MF"; Value = "Analog Devices"; VariantName = "[No Variations]"
Add component (AddParameter): Name = "Mouser-Purchase-URL"; Value = "https://snapeda.com/shop?store=Mouser&id=4343773"; VariantName = "[No Variations]"
Add component (AddParameter): Name = "MP"; Value = "LTC4412ES6#TRPBF"; VariantName = "[No Variations]"
Add component (AddParameter): Name = "Package"; Value = "SOT-23-6 Analog Devices"; VariantName = "[No Variations]"
Add component (AddParameter): Name = "Price"; Value = "None"; VariantName = "[No Variations]"
Add component (AddParameter): Name = "SnapEDA_Link"; Value = "https://www.snapeda.com/parts/LTC4412ES6%23TRPBF/Analog%20Devices/view-part/4343773/?ref=snap"; VariantName = "[No Variations]"
Add component (AddParameter): Name = "Value"; Value = ""; VariantName = "[No Variations]"
Added Component: Designator=U14(TSOT-23_S6)
Add component (AddParameter): Name = "Arrow_Europe-Purchase-URL"; Value = "https://snapeda.com/shop?store=Arrow+Europe&id=4343773"; VariantName = "[No Variations]"
Add component (AddParameter): Name = "Availability"; Value = "Good"; VariantName = "[No Variations]"
Add component (AddParameter): Name = "Check_prices"; Value = "https://www.snapeda.com/parts/LTC4412ES6%23TRPBF/Analog%20Devices/view-part/4343773/?ref=eda"; VariantName = "[No Variations]"
Add component (AddParameter): Name = "DigiKey-Purchase-URL"; Value = "https://snapeda.com/shop?store=DigiKey&id=4343773"; VariantName = "[No Variations]"
Add component (AddParameter): Name = "MF"; Value = "Analog Devices"; VariantName = "[No Variations]"
Add component (AddParameter): Name = "Mouser-Purchase-URL"; Value = "https://snapeda.com/shop?store=Mouser&id=4343773"; VariantName = "[No Variations]"
Add component (AddParameter): Name = "MP"; Value = "LTC4412ES6#TRPBF"; VariantName = "[No Variations]"
Add component (AddParameter): Name = "Package"; Value = "SOT-23-6 Analog Devices"; VariantName = "[No Variations]"
Add component (AddParameter): Name = "Price"; Value = "None"; VariantName = "[No Variations]"
Add component (AddParameter): Name = "SnapEDA_Link"; Value = "https://www.snapeda.com/parts/LTC4412ES6%23TRPBF/Analog%20Devices/view-part/4343773/?ref=snap"; VariantName = "[No Variations]"
Add component (AddParameter): Name = "Value"; Value = ""; VariantName = "[No Variations]"
Add Pin To Net: Unknown Pin: Pin U3-D1
Add Pin To Net: Unknown Pin: Pin U3-D2
Add Pin To Net: Unknown Pin: Pin U3-D3
Add Pin To Net: Unknown Pin: Pin U3-D4
Add Pin To Net: Unknown Pin: Pin U3-G
Add Pin To Net: Unknown Pin: Pin U3-S1
Add Pin To Net: Unknown Pin: Pin U3-S2
Add Pin To Net: Unknown Pin: Pin U3-S3
Add Pin To Net: Unknown Pin: Pin U4-D1
Add Pin To Net: Unknown Pin: Pin U4-D2
Add Pin To Net: Unknown Pin: Pin U4-D3
Add Pin To Net: Unknown Pin: Pin U4-D4
Add Pin To Net: Unknown Pin: Pin U4-G
Add Pin To Net: Unknown Pin: Pin U4-S1
Add Pin To Net: Unknown Pin: Pin U4-S2
Add Pin To Net: Unknown Pin: Pin U4-S3
Add Pin To Net: Unknown Pin: Pin U7-D1
Add Pin To Net: Unknown Pin: Pin U7-D2
Add Pin To Net: Unknown Pin: Pin U7-D3
Add Pin To Net: Unknown Pin: Pin U7-D4
Add Pin To Net: Unknown Pin: Pin U7-G
Add Pin To Net: Unknown Pin: Pin U7-S1
Add Pin To Net: Unknown Pin: Pin U7-S2
Add Pin To Net: Unknown Pin: Pin U7-S3
Add Pin To Net: Unknown Pin: Pin U8-D1
Add Pin To Net: Unknown Pin: Pin U8-D2
Add Pin To Net: Unknown Pin: Pin U8-D3
Add Pin To Net: Unknown Pin: Pin U8-D4
Add Pin To Net: Unknown Pin: Pin U8-G
Add Pin To Net: Unknown Pin: Pin U8-S1
Add Pin To Net: Unknown Pin: Pin U8-S2
Add Pin To Net: Unknown Pin: Pin U8-S3
Add Pin To Net: Unknown Pin: Pin U9-D1
Add Pin To Net: Unknown Pin: Pin U9-D2
Add Pin To Net: Unknown Pin: Pin U9-D3
Add Pin To Net: Unknown Pin: Pin U9-D4
Add Pin To Net: Unknown Pin: Pin U9-G
Add Pin To Net: Unknown Pin: Pin U9-S1
Add Pin To Net: Unknown Pin: Pin U9-S2
Add Pin To Net: Unknown Pin: Pin U9-S3
Added Pin To Net: NetName=NetU7_D1 Pin=U10-1
Added Pin To Net: NetName=GND_RP2CAN Pin=U10-2
Added Pin To Net: NetName=GND_RP2CAN Pin=U10-3
Added Pin To Net: NetName=NetR31_2 Pin=U10-5
Added Pin To Net: NetName=V+ Pin=U10-6
Add Pin To Net: Unknown Pin: Pin U11-D1
Add Pin To Net: Unknown Pin: Pin U11-D2
Add Pin To Net: Unknown Pin: Pin U11-D3
Add Pin To Net: Unknown Pin: Pin U11-D4
Add Pin To Net: Unknown Pin: Pin U11-G
Add Pin To Net: Unknown Pin: Pin U11-S1
Add Pin To Net: Unknown Pin: Pin U11-S2
Add Pin To Net: Unknown Pin: Pin U11-S3
Add Pin To Net: Unknown Pin: Pin U12-D1
Add Pin To Net: Unknown Pin: Pin U12-D2
Add Pin To Net: Unknown Pin: Pin U12-D3
Add Pin To Net: Unknown Pin: Pin U12-D4
Add Pin To Net: Unknown Pin: Pin U12-G
Add Pin To Net: Unknown Pin: Pin U12-S1
Add Pin To Net: Unknown Pin: Pin U12-S2
Add Pin To Net: Unknown Pin: Pin U12-S3
Add Pin To Net: Unknown Pin: Pin U13-D1
Add Pin To Net: Unknown Pin: Pin U13-D2
Add Pin To Net: Unknown Pin: Pin U13-D3
Add Pin To Net: Unknown Pin: Pin U13-D4
Add Pin To Net: Unknown Pin: Pin U13-G
Add Pin To Net: Unknown Pin: Pin U13-S1
Add Pin To Net: Unknown Pin: Pin U13-S2
Add Pin To Net: Unknown Pin: Pin U13-S3
Added Pin To Net: NetName=NetU11_D1 Pin=U14-1
Added Pin To Net: NetName=GND_RP2CAN Pin=U14-2
Added Pin To Net: NetName=GND_RP2CAN Pin=U14-3
Added Pin To Net: NetName=NetR33_2 Pin=U14-5
Added Pin To Net: NetName=V+ Pin=U14-6
Added Member To Class: ClassName=U_PD_MK2_Power Member=Component U10 LTC4412ES6TRPBF
Added Member To Class: ClassName=U_PD_MK2_Power Member=Component U14 LTC4412ES6TRPBF
Added Room: Name=U_RP2040_C
Added Room: Name=U_RP2040_with_CAN
