Removed Pin From Net: NetName=STBD_STAT Pin=R36-2
Change Component Comment : Designator=R35 Old Comment=4.7k Ohm 5% 1/10W New Comment=470k Ohm 5% 1/10W
Change Component Comment : Designator=R36 Old Comment=4.7k Ohm 5% 1/10W New Comment=470k Ohm 5% 1/10W
Change component parameters: Designator = "R35" ("R35"); Footprint = "RESISTOR_0603"; UniqueID = "\OBRQJQNN\FPSZUTSE" ("\OBRQJQNN\FPSZUTSE")
Change component parameters (AddParameter): Name = "ComponentLink1Description"; Value = "Datasheet"; VariantName = "[No Variations]"
Change component parameters (AddParameter): Name = "ComponentLink1URL"; Value = "https://www.bourns.com/docs/product-datasheets/CRxxxxx.pdf"; VariantName = "[No Variations]"
Change component parameters (AddParameter): Name = "Made By"; Value = "Robert P"; VariantName = "[No Variations]"
Change component parameters (AddParameter): Name = "Supplier 1"; Value = "Digi-Key"; VariantName = "[No Variations]"
Change component parameters (AddParameter): Name = "Supplier Part Number 1"; Value = "RMCF0603JT470KCT-ND"; VariantName = "[No Variations]"
Change component parameters (AddParameter): Name = "Tolerance"; Value = "+/- 5%"; VariantName = "[No Variations]"
Change component parameters (AddParameter): Name = "Value  (Ohms)"; Value = "470K"; VariantName = "[No Variations]"
Change component parameters (AddParameter): Name = "Verified By"; Value = ""; VariantName = "[No Variations]"
Change component parameters (AddParameter): Name = "Wattage"; Value = "1/10W"; VariantName = "[No Variations]"
Change component parameters: Designator = "R36" ("R36"); Footprint = "RESISTOR_0603"; UniqueID = "\OBRQJQNN\KASYRJVU" ("\OBRQJQNN\KASYRJVU")
Change component parameters (AddParameter): Name = "ComponentLink1Description"; Value = "Datasheet"; VariantName = "[No Variations]"
Change component parameters (AddParameter): Name = "ComponentLink1URL"; Value = "https://www.bourns.com/docs/product-datasheets/CRxxxxx.pdf"; VariantName = "[No Variations]"
Change component parameters (AddParameter): Name = "Made By"; Value = "Robert P"; VariantName = "[No Variations]"
Change component parameters (AddParameter): Name = "Supplier 1"; Value = "Digi-Key"; VariantName = "[No Variations]"
Change component parameters (AddParameter): Name = "Supplier Part Number 1"; Value = "RMCF0603JT470KCT-ND"; VariantName = "[No Variations]"
Change component parameters (AddParameter): Name = "Tolerance"; Value = "+/- 5%"; VariantName = "[No Variations]"
Change component parameters (AddParameter): Name = "Value  (Ohms)"; Value = "470K"; VariantName = "[No Variations]"
Change component parameters (AddParameter): Name = "Verified By"; Value = ""; VariantName = "[No Variations]"
Change component parameters (AddParameter): Name = "Wattage"; Value = "1/10W"; VariantName = "[No Variations]"
Added Pin To Net: NetName=PORT_STAT Pin=U1R-14
Added Pin To Net: NetName=STBD_STAT Pin=U4-4
Change Net Name : Old Net Name=3V3_RP2CAN New Net Name=3V3
Change Net Name : Old Net Name=GND_RP2CAN New Net Name=GND
Add Net: Net with name "PORT_STAT" already exists
Add Net: Net with name "STBD_STAT" already exists
