Replace Part C1 CAPACITOR_1uF_0603 in C:\Users\epica\Documents\GitHub\electric_boogaloo\TempestBoards\PowerDistribution\MK2_PD\PD_MK2_Power.SchDoc with CAPACITOR_1uF_0603 from Capacitors.SchLib
Replace Part C7 CAPACITOR_0.1uF_0603 in C:\Users\epica\Documents\GitHub\electric_boogaloo\TempestBoards\PowerDistribution\MK2_PD\PD_MK2_Power.SchDoc with CAPACITOR_0.1uF_0603 from Capacitors.SchLib
Replace Part C8 CAPACITOR_10uF_0603 in C:\Users\epica\Documents\GitHub\electric_boogaloo\TempestBoards\PowerDistribution\MK2_PD\PD_MK2_Power.SchDoc with CAPACITOR_10uF_0603 from Capacitors.SchLib
Replace Part C10 CAPACITOR_1uF_0603 in C:\Users\epica\Documents\GitHub\electric_boogaloo\TempestBoards\PowerDistribution\MK2_PD\PD_MK2_Power.SchDoc with CAPACITOR_1uF_0603 from Capacitors.SchLib
Replace Part C11 CAPACITOR_0.1uF_0603 in C:\Users\epica\Documents\GitHub\electric_boogaloo\TempestBoards\PowerDistribution\MK2_PD\PD_MK2_Power.SchDoc with CAPACITOR_0.1uF_0603 from Capacitors.SchLib
Replace Part C12 CAPACITOR_10uF_0603 in C:\Users\epica\Documents\GitHub\electric_boogaloo\TempestBoards\PowerDistribution\MK2_PD\PD_MK2_Power.SchDoc with CAPACITOR_10uF_0603 from Capacitors.SchLib
Replace Part C13 CAPACITOR_1uF_0603 in C:\Users\epica\Documents\GitHub\electric_boogaloo\TempestBoards\PowerDistribution\MK2_PD\PD_MK2_Power.SchDoc with CAPACITOR_1uF_0603 from Capacitors.SchLib
Replace Part C14 CAPACITOR_0.1uF_0603 in C:\Users\epica\Documents\GitHub\electric_boogaloo\TempestBoards\PowerDistribution\MK2_PD\PD_MK2_Power.SchDoc with CAPACITOR_0.1uF_0603 from Capacitors.SchLib
Replace Part C15 CAPACITOR_10uF_0603 in C:\Users\epica\Documents\GitHub\electric_boogaloo\TempestBoards\PowerDistribution\MK2_PD\PD_MK2_Power.SchDoc with CAPACITOR_10uF_0603 from Capacitors.SchLib
Replace Part R14 RESISTOR_27_0603 in C:\Users\epica\Documents\GitHub\electric_boogaloo\TempestBoards\PowerDistribution\MK2_PD\PD_MK2_Power.SchDoc with RESISTOR_27_0603 from Resistors.SchLib
Replace Part R15 RESISTOR_27_0603 in C:\Users\epica\Documents\GitHub\electric_boogaloo\TempestBoards\PowerDistribution\MK2_PD\PD_MK2_Power.SchDoc with RESISTOR_27_0603 from Resistors.SchLib
Replace Part R16 RESISTOR_27_0603 in C:\Users\epica\Documents\GitHub\electric_boogaloo\TempestBoards\PowerDistribution\MK2_PD\PD_MK2_Power.SchDoc with RESISTOR_27_0603 from Resistors.SchLib
Replace Part R17 RESISTOR_27_0603 in C:\Users\epica\Documents\GitHub\electric_boogaloo\TempestBoards\PowerDistribution\MK2_PD\PD_MK2_Power.SchDoc with RESISTOR_27_0603 from Resistors.SchLib
Replace Part R18 RESISTOR_10K_0603 in C:\Users\epica\Documents\GitHub\electric_boogaloo\TempestBoards\PowerDistribution\MK2_PD\PD_MK2_Power.SchDoc with RESISTOR_10K_0603 from Resistors.SchLib
Replace Part R19 RESISTOR_10K_0603 in C:\Users\epica\Documents\GitHub\electric_boogaloo\TempestBoards\PowerDistribution\MK2_PD\PD_MK2_Power.SchDoc with RESISTOR_10K_0603 from Resistors.SchLib
Replace Part U5 SIR167DP-T1-GE3 in C:\Users\epica\Documents\GitHub\electric_boogaloo\TempestBoards\PowerDistribution\MK2_PD\PD_MK2_Power.SchDoc with SIR167DP-T1-GE3 from Transistors.SchLib
Replace Part U6 SIR167DP-T1-GE3 in C:\Users\epica\Documents\GitHub\electric_boogaloo\TempestBoards\PowerDistribution\MK2_PD\PD_MK2_Power.SchDoc with SIR167DP-T1-GE3 from Transistors.SchLib
Replace Part U7 SIR167DP-T1-GE3 in C:\Users\epica\Documents\GitHub\electric_boogaloo\TempestBoards\PowerDistribution\MK2_PD\PD_MK2_Power.SchDoc with SIR167DP-T1-GE3 from Transistors.SchLib
Replace Part U8 LTC4412ES6TRPBF in C:\Users\epica\Documents\GitHub\electric_boogaloo\TempestBoards\PowerDistribution\MK2_PD\PD_MK2_Power.SchDoc with LTC4412ES6TRPBF from Integrated Circuits.SchLib
Replace Part U9 SIR167DP-T1-GE3 in C:\Users\epica\Documents\GitHub\electric_boogaloo\TempestBoards\PowerDistribution\MK2_PD\PD_MK2_Power.SchDoc with SIR167DP-T1-GE3 from Transistors.SchLib
Replace Part U10 SIR167DP-T1-GE3 in C:\Users\epica\Documents\GitHub\electric_boogaloo\TempestBoards\PowerDistribution\MK2_PD\PD_MK2_Power.SchDoc with SIR167DP-T1-GE3 from Transistors.SchLib
Replace Part U11 SIR167DP-T1-GE3 in C:\Users\epica\Documents\GitHub\electric_boogaloo\TempestBoards\PowerDistribution\MK2_PD\PD_MK2_Power.SchDoc with SIR167DP-T1-GE3 from Transistors.SchLib
Replace Part U12 TSM500P02CX in C:\Users\epica\Documents\GitHub\electric_boogaloo\TempestBoards\PowerDistribution\MK2_PD\PD_MK2_Power.SchDoc with TSM500P02CX from Transistors.SchLib
Replace Part U13 LTC4412ES6TRPBF in C:\Users\epica\Documents\GitHub\electric_boogaloo\TempestBoards\PowerDistribution\MK2_PD\PD_MK2_Power.SchDoc with LTC4412ES6TRPBF from Integrated Circuits.SchLib
Replace Part U14 PMV13XNEAR in C:\Users\epica\Documents\GitHub\electric_boogaloo\TempestBoards\PowerDistribution\MK2_PD\PD_MK2_Power.SchDoc with PMV13XNEAR from Transistors.SchLib
Replace Part VR1 LM1117IMPX-3.3/NOPB in C:\Users\epica\Documents\GitHub\electric_boogaloo\TempestBoards\PowerDistribution\MK2_PD\PD_MK2_Power.SchDoc with LM1117IMPX-3.3/NOPB from Integrated Circuits.SchLib
