Replace Part D? LED_Green_0603_3V in C:\Users\rjp5t\Documents\UWRT\electric_boogaloo\TempestBoards\PowerDistribution\MK2_PD\PD_MK2_Connectors.SchDoc with LED_Green_0603_3V from Diodes.SchLib
Replace Part D? LED_Green_0603_3V in C:\Users\rjp5t\Documents\UWRT\electric_boogaloo\TempestBoards\PowerDistribution\MK2_PD\PD_MK2_Connectors.SchDoc with LED_Green_0603_3V from Diodes.SchLib
Replace Part D? LED_Green_0603_3V in C:\Users\rjp5t\Documents\UWRT\electric_boogaloo\TempestBoards\PowerDistribution\MK2_PD\PD_MK2_Connectors.SchDoc with LED_Green_0603_3V from Diodes.SchLib
Replace Part D? LED_Green_0603_3V in C:\Users\rjp5t\Documents\UWRT\electric_boogaloo\TempestBoards\PowerDistribution\MK2_PD\PD_MK2_Connectors.SchDoc with LED_Green_0603_3V from Diodes.SchLib
Replace Part D? LED_Green_0603_3V in C:\Users\rjp5t\Documents\UWRT\electric_boogaloo\TempestBoards\PowerDistribution\MK2_PD\PD_MK2_Connectors.SchDoc with LED_Green_0603_3V from Diodes.SchLib
Replace Part D? LED_Green_0603_3V in C:\Users\rjp5t\Documents\UWRT\electric_boogaloo\TempestBoards\PowerDistribution\MK2_PD\PD_MK2_Connectors.SchDoc with LED_Green_0603_3V from Diodes.SchLib
Replace Part D? LED_Green_0603_3V in C:\Users\rjp5t\Documents\UWRT\electric_boogaloo\TempestBoards\PowerDistribution\MK2_PD\PD_MK2_Connectors.SchDoc with LED_Green_0603_3V from Diodes.SchLib
Replace Part D? LED_Green_0603_3V in C:\Users\rjp5t\Documents\UWRT\electric_boogaloo\TempestBoards\PowerDistribution\MK2_PD\PD_MK2_Connectors.SchDoc with LED_Green_0603_3V from Diodes.SchLib
Replace Part J1 CONN_MOLEX_MINIFIT JR_8POS_R/A in C:\Users\rjp5t\Documents\UWRT\electric_boogaloo\TempestBoards\PowerDistribution\MK2_PD\PD_MK2_Connectors.SchDoc with CONN_MOLEX_MINIFIT JR_8POS_R/A from Connectors.SchLib
Replace Part J2 CONN_MICROUSB in C:\Users\rjp5t\Documents\UWRT\electric_boogaloo\TempestBoards\PowerDistribution\MK2_PD\PD_MK2_Connectors.SchDoc with CONN_MICROUSB from Connectors.SchLib
Replace Part J3 CONN_MOLEX_MINIFIT JR_6POS_R/A in C:\Users\rjp5t\Documents\UWRT\electric_boogaloo\TempestBoards\PowerDistribution\MK2_PD\PD_MK2_Connectors.SchDoc with CONN_MOLEX_MINIFIT JR_6POS_R/A from Connectors.SchLib
Replace Part J4 Redcube M4 Term 85A in C:\Users\rjp5t\Documents\UWRT\electric_boogaloo\TempestBoards\PowerDistribution\MK2_PD\PD_MK2_Connectors.SchDoc with Redcube M4 Term 85A from Connectors.SchLib
Replace Part J5 Redcube M4 Term 85A in C:\Users\rjp5t\Documents\UWRT\electric_boogaloo\TempestBoards\PowerDistribution\MK2_PD\PD_MK2_Connectors.SchDoc with Redcube M4 Term 85A from Connectors.SchLib
Replace Part J6 Redcube M4 Term 85A in C:\Users\rjp5t\Documents\UWRT\electric_boogaloo\TempestBoards\PowerDistribution\MK2_PD\PD_MK2_Connectors.SchDoc with Redcube M4 Term 85A from Connectors.SchLib
Replace Part J7 Redcube M4 Term 85A in C:\Users\rjp5t\Documents\UWRT\electric_boogaloo\TempestBoards\PowerDistribution\MK2_PD\PD_MK2_Connectors.SchDoc with Redcube M4 Term 85A from Connectors.SchLib
Replace Part J8 CONN_MOLEX_MINIFIT JR_4POS_R/A in C:\Users\rjp5t\Documents\UWRT\electric_boogaloo\TempestBoards\PowerDistribution\MK2_PD\PD_MK2_Connectors.SchDoc with CONN_MOLEX_MINIFIT JR_4POS_R/A from Connectors.SchLib
Replace Part J98 CONN_ANDERSON_2x2_R/A in C:\Users\rjp5t\Documents\UWRT\electric_boogaloo\TempestBoards\PowerDistribution\MK2_PD\PD_MK2_Connectors.SchDoc with CONN_ANDERSON_2x2_R/A from Connectors.SchLib
Replace Part J99 CONN_ANDERSON_2x2_R/A in C:\Users\rjp5t\Documents\UWRT\electric_boogaloo\TempestBoards\PowerDistribution\MK2_PD\PD_MK2_Connectors.SchDoc with CONN_ANDERSON_2x2_R/A from Connectors.SchLib
Replace Part R? JUMPER_0_0603 in C:\Users\rjp5t\Documents\UWRT\electric_boogaloo\TempestBoards\PowerDistribution\MK2_PD\PD_MK2_Connectors.SchDoc with JUMPER_0_0603 from Resistors.SchLib
Replace Part R? JUMPER_0_0603 in C:\Users\rjp5t\Documents\UWRT\electric_boogaloo\TempestBoards\PowerDistribution\MK2_PD\PD_MK2_Connectors.SchDoc with JUMPER_0_0603 from Resistors.SchLib
Replace Part R? JUMPER_0_0603 in C:\Users\rjp5t\Documents\UWRT\electric_boogaloo\TempestBoards\PowerDistribution\MK2_PD\PD_MK2_Connectors.SchDoc with JUMPER_0_0603 from Resistors.SchLib
Replace Part R? JUMPER_0_0603 in C:\Users\rjp5t\Documents\UWRT\electric_boogaloo\TempestBoards\PowerDistribution\MK2_PD\PD_MK2_Connectors.SchDoc with JUMPER_0_0603 from Resistors.SchLib
Replace Part R? JUMPER_0_0603 in C:\Users\rjp5t\Documents\UWRT\electric_boogaloo\TempestBoards\PowerDistribution\MK2_PD\PD_MK2_Connectors.SchDoc with JUMPER_0_0603 from Resistors.SchLib
Replace Part R? JUMPER_0_0603 in C:\Users\rjp5t\Documents\UWRT\electric_boogaloo\TempestBoards\PowerDistribution\MK2_PD\PD_MK2_Connectors.SchDoc with JUMPER_0_0603 from Resistors.SchLib
Replace Part R? JUMPER_0_0603 in C:\Users\rjp5t\Documents\UWRT\electric_boogaloo\TempestBoards\PowerDistribution\MK2_PD\PD_MK2_Connectors.SchDoc with JUMPER_0_0603 from Resistors.SchLib
Replace Part R? JUMPER_0_0603 in C:\Users\rjp5t\Documents\UWRT\electric_boogaloo\TempestBoards\PowerDistribution\MK2_PD\PD_MK2_Connectors.SchDoc with JUMPER_0_0603 from Resistors.SchLib
