Replace Part D? Zener_Diode_3.3V_250mW_1 in C:\Users\rjp5t\Documents\UWRT\electric_boogaloo\TempestBoards\PowerDistribution\MK2_PD\PD_MK2_Signals.SchDoc with Zener_Diode_3.3V_250mW_1 from Diodes.SchLib
Replace Part R1 RESISTOR_100_0603 in C:\Users\rjp5t\Documents\UWRT\electric_boogaloo\TempestBoards\PowerDistribution\MK2_PD\PD_MK2_Signals.SchDoc with RESISTOR_100_0603 from Resistors.SchLib
Replace Part R2 RESISTOR_100_0603 in C:\Users\rjp5t\Documents\UWRT\electric_boogaloo\TempestBoards\PowerDistribution\MK2_PD\PD_MK2_Signals.SchDoc with RESISTOR_100_0603 from Resistors.SchLib
Replace Part R3 RESISTOR_100_0603 in C:\Users\rjp5t\Documents\UWRT\electric_boogaloo\TempestBoards\PowerDistribution\MK2_PD\PD_MK2_Signals.SchDoc with RESISTOR_100_0603 from Resistors.SchLib
Replace Part R4 RESISTOR_10K_0603 in C:\Users\rjp5t\Documents\UWRT\electric_boogaloo\TempestBoards\PowerDistribution\MK2_PD\PD_MK2_Signals.SchDoc with RESISTOR_10K_0603 from Resistors.SchLib
Replace Part R5 RESISTOR_100_0603 in C:\Users\rjp5t\Documents\UWRT\electric_boogaloo\TempestBoards\PowerDistribution\MK2_PD\PD_MK2_Signals.SchDoc with RESISTOR_100_0603 from Resistors.SchLib
Replace Part R6 RESISTOR_100_0603 in C:\Users\rjp5t\Documents\UWRT\electric_boogaloo\TempestBoards\PowerDistribution\MK2_PD\PD_MK2_Signals.SchDoc with RESISTOR_100_0603 from Resistors.SchLib
Replace Part R7 RESISTOR_1M_0603 in C:\Users\rjp5t\Documents\UWRT\electric_boogaloo\TempestBoards\PowerDistribution\MK2_PD\PD_MK2_Signals.SchDoc with RESISTOR_1M_0603 from Resistors.SchLib
Replace Part R8 RESISTOR_100_0603 in C:\Users\rjp5t\Documents\UWRT\electric_boogaloo\TempestBoards\PowerDistribution\MK2_PD\PD_MK2_Signals.SchDoc with RESISTOR_100_0603 from Resistors.SchLib
Replace Part R10 RESISTOR_100_0603 in C:\Users\rjp5t\Documents\UWRT\electric_boogaloo\TempestBoards\PowerDistribution\MK2_PD\PD_MK2_Signals.SchDoc with RESISTOR_100_0603 from Resistors.SchLib
Replace Part R11 RESISTOR_27_0603 in C:\Users\rjp5t\Documents\UWRT\electric_boogaloo\TempestBoards\PowerDistribution\MK2_PD\PD_MK2_Signals.SchDoc with RESISTOR_27_0603 from Resistors.SchLib
Replace Part R12 RESISTOR_100_0603 in C:\Users\rjp5t\Documents\UWRT\electric_boogaloo\TempestBoards\PowerDistribution\MK2_PD\PD_MK2_Signals.SchDoc with RESISTOR_100_0603 from Resistors.SchLib
Replace Part R13 RESISTOR_27_0603 in C:\Users\rjp5t\Documents\UWRT\electric_boogaloo\TempestBoards\PowerDistribution\MK2_PD\PD_MK2_Signals.SchDoc with RESISTOR_27_0603 from Resistors.SchLib
Replace Part R? RESISTOR_100K_0.5%_0603 in C:\Users\rjp5t\Documents\UWRT\electric_boogaloo\TempestBoards\PowerDistribution\MK2_PD\PD_MK2_Signals.SchDoc with RESISTOR_100K_0.5%_0603 from Resistors.SchLib
Replace Part SB1 JUMPER_0_0603 in C:\Users\rjp5t\Documents\UWRT\electric_boogaloo\TempestBoards\PowerDistribution\MK2_PD\PD_MK2_Signals.SchDoc with JUMPER_0_0603 from Resistors.SchLib
Replace Part SB2 JUMPER_0_0603 in C:\Users\rjp5t\Documents\UWRT\electric_boogaloo\TempestBoards\PowerDistribution\MK2_PD\PD_MK2_Signals.SchDoc with JUMPER_0_0603 from Resistors.SchLib
Replace Part SB3 JUMPER_0_0603 in C:\Users\rjp5t\Documents\UWRT\electric_boogaloo\TempestBoards\PowerDistribution\MK2_PD\PD_MK2_Signals.SchDoc with JUMPER_0_0603 from Resistors.SchLib
Replace Part SB4 JUMPER_0_0603 in C:\Users\rjp5t\Documents\UWRT\electric_boogaloo\TempestBoards\PowerDistribution\MK2_PD\PD_MK2_Signals.SchDoc with JUMPER_0_0603 from Resistors.SchLib
Replace Part U2 SIR167DP-T1-GE3 in C:\Users\rjp5t\Documents\UWRT\electric_boogaloo\TempestBoards\PowerDistribution\MK2_PD\PD_MK2_Signals.SchDoc with SIR167DP-T1-GE3 from Transistors.SchLib
Replace Part U3 AO3404A in C:\Users\rjp5t\Documents\UWRT\electric_boogaloo\TempestBoards\PowerDistribution\MK2_PD\PD_MK2_Signals.SchDoc with AO3404A from Transistors.SchLib
Replace Part U4 SIR167DP-T1-GE3 in C:\Users\rjp5t\Documents\UWRT\electric_boogaloo\TempestBoards\PowerDistribution\MK2_PD\PD_MK2_Signals.SchDoc with SIR167DP-T1-GE3 from Transistors.SchLib
