Replace Part D1 LED_Green_0603_3V in C:\Users\rjp5t\Documents\UWRT\electric_boogaloo\TempestBoards\PowerDistribution\MK2_PD\PD_MK2_Connectors.SchDoc with LED_Green_0603_3V from Diodes.SchLib
Replace Part D2 LED_Green_0603_3V in C:\Users\rjp5t\Documents\UWRT\electric_boogaloo\TempestBoards\PowerDistribution\MK2_PD\PD_MK2_Connectors.SchDoc with LED_Green_0603_3V from Diodes.SchLib
Replace Part D3 LED_Green_0603_3V in C:\Users\rjp5t\Documents\UWRT\electric_boogaloo\TempestBoards\PowerDistribution\MK2_PD\PD_MK2_Connectors.SchDoc with LED_Green_0603_3V from Diodes.SchLib
Replace Part D4 LED_Green_0603_3V in C:\Users\rjp5t\Documents\UWRT\electric_boogaloo\TempestBoards\PowerDistribution\MK2_PD\PD_MK2_Connectors.SchDoc with LED_Green_0603_3V from Diodes.SchLib
Replace Part D5 LED_Green_0603_3V in C:\Users\rjp5t\Documents\UWRT\electric_boogaloo\TempestBoards\PowerDistribution\MK2_PD\PD_MK2_Connectors.SchDoc with LED_Green_0603_3V from Diodes.SchLib
Replace Part D6 LED_Green_0603_3V in C:\Users\rjp5t\Documents\UWRT\electric_boogaloo\TempestBoards\PowerDistribution\MK2_PD\PD_MK2_Connectors.SchDoc with LED_Green_0603_3V from Diodes.SchLib
Replace Part D7 LED_Green_0603_3V in C:\Users\rjp5t\Documents\UWRT\electric_boogaloo\TempestBoards\PowerDistribution\MK2_PD\PD_MK2_Connectors.SchDoc with LED_Green_0603_3V from Diodes.SchLib
Replace Part J1 CONN_MOLEX_MINIFIT JR_8POS_R/A in C:\Users\rjp5t\Documents\UWRT\electric_boogaloo\TempestBoards\PowerDistribution\MK2_PD\PD_MK2_Connectors.SchDoc with CONN_MOLEX_MINIFIT JR_8POS_R/A from Connectors.SchLib
Replace Part J2 CONN_ANDERSON_2x2_R/A in C:\Users\rjp5t\Documents\UWRT\electric_boogaloo\TempestBoards\PowerDistribution\MK2_PD\PD_MK2_Connectors.SchDoc with CONN_ANDERSON_2x2_R/A from Connectors.SchLib
Replace Part J3 CONN_ANDERSON_2x2_R/A in C:\Users\rjp5t\Documents\UWRT\electric_boogaloo\TempestBoards\PowerDistribution\MK2_PD\PD_MK2_Connectors.SchDoc with CONN_ANDERSON_2x2_R/A from Connectors.SchLib
Replace Part J4 CONN_JST_XH254_3POS_VERT in C:\Users\rjp5t\Documents\UWRT\electric_boogaloo\TempestBoards\PowerDistribution\MK2_PD\PD_MK2_Connectors.SchDoc with CONN_JST_XH254_3POS_VERT from Connectors.SchLib
Replace Part J5 CONN_MOLEX_MINIFIT JR_6POS_R/A in C:\Users\rjp5t\Documents\UWRT\electric_boogaloo\TempestBoards\PowerDistribution\MK2_PD\PD_MK2_Connectors.SchDoc with CONN_MOLEX_MINIFIT JR_6POS_R/A from Connectors.SchLib
Replace Part J6 CONN_MOLEX_MINIFIT JR_4POS_R/A in C:\Users\rjp5t\Documents\UWRT\electric_boogaloo\TempestBoards\PowerDistribution\MK2_PD\PD_MK2_Connectors.SchDoc with CONN_MOLEX_MINIFIT JR_4POS_R/A from Connectors.SchLib
Replace Part J7 Redcube M4 Term 85A in C:\Users\rjp5t\Documents\UWRT\electric_boogaloo\TempestBoards\PowerDistribution\MK2_PD\PD_MK2_Connectors.SchDoc with Redcube M4 Term 85A from Connectors.SchLib
Replace Part J8 Redcube M4 Term 85A in C:\Users\rjp5t\Documents\UWRT\electric_boogaloo\TempestBoards\PowerDistribution\MK2_PD\PD_MK2_Connectors.SchDoc with Redcube M4 Term 85A from Connectors.SchLib
Replace Part J9 Redcube M4 Term 85A in C:\Users\rjp5t\Documents\UWRT\electric_boogaloo\TempestBoards\PowerDistribution\MK2_PD\PD_MK2_Connectors.SchDoc with Redcube M4 Term 85A from Connectors.SchLib
Replace Part J10 Redcube M4 Term 85A in C:\Users\rjp5t\Documents\UWRT\electric_boogaloo\TempestBoards\PowerDistribution\MK2_PD\PD_MK2_Connectors.SchDoc with Redcube M4 Term 85A from Connectors.SchLib
Replace Part J11 CONN_MICROUSB in C:\Users\rjp5t\Documents\UWRT\electric_boogaloo\TempestBoards\PowerDistribution\MK2_PD\PD_MK2_Connectors.SchDoc with CONN_MICROUSB from Connectors.SchLib
Replace Part R1 RESISTOR_62_0603 in C:\Users\rjp5t\Documents\UWRT\electric_boogaloo\TempestBoards\PowerDistribution\MK2_PD\PD_MK2_Connectors.SchDoc with RESISTOR_62_0603 from Resistors.SchLib
Replace Part R2 RESISTOR_604_0402 in C:\Users\rjp5t\Documents\UWRT\electric_boogaloo\TempestBoards\PowerDistribution\MK2_PD\PD_MK2_Connectors.SchDoc with RESISTOR_604_0402 from Resistors.SchLib
Replace Part R3 JUMPER_0_0603 in C:\Users\rjp5t\Documents\UWRT\electric_boogaloo\TempestBoards\PowerDistribution\MK2_PD\PD_MK2_Connectors.SchDoc with JUMPER_0_0603 from Resistors.SchLib
Replace Part R4 RESISTOR_4.7K_0805 in C:\Users\rjp5t\Documents\UWRT\electric_boogaloo\TempestBoards\PowerDistribution\MK2_PD\PD_MK2_Connectors.SchDoc with RESISTOR_4.7K_0805 from Resistors.SchLib
Replace Part R5 RESISTOR_4.7K_0805 in C:\Users\rjp5t\Documents\UWRT\electric_boogaloo\TempestBoards\PowerDistribution\MK2_PD\PD_MK2_Connectors.SchDoc with RESISTOR_4.7K_0805 from Resistors.SchLib
Replace Part R6 RESISTOR_4.7K_0805 in C:\Users\rjp5t\Documents\UWRT\electric_boogaloo\TempestBoards\PowerDistribution\MK2_PD\PD_MK2_Connectors.SchDoc with RESISTOR_4.7K_0805 from Resistors.SchLib
Replace Part R7 RESISTOR_4.7K_0805 in C:\Users\rjp5t\Documents\UWRT\electric_boogaloo\TempestBoards\PowerDistribution\MK2_PD\PD_MK2_Connectors.SchDoc with RESISTOR_4.7K_0805 from Resistors.SchLib
