Replace Part C1 CAPACITOR_0.1uF_0603 in C:\Users\rjp5t\Documents\UWRT\electric_boogaloo\TempestBoards\PowerDistribution\MK2_PD\PD_MK2_Signals.SchDoc with CAPACITOR_0.1uF_0603 from Capacitors.SchLib
Replace Part C2 CAPACITOR_0.1uF_0603 in C:\Users\rjp5t\Documents\UWRT\electric_boogaloo\TempestBoards\PowerDistribution\MK2_PD\PD_MK2_Signals.SchDoc with CAPACITOR_0.1uF_0603 from Capacitors.SchLib
Replace Part C13 CAPACITOR_10uF_0603 in C:\Users\rjp5t\Documents\UWRT\electric_boogaloo\TempestBoards\PowerDistribution\MK2_PD\PD_MK2_Signals.SchDoc with CAPACITOR_10uF_0603 from Capacitors.SchLib
Replace Part C14 CAPACITOR_10uF_0603 in C:\Users\rjp5t\Documents\UWRT\electric_boogaloo\TempestBoards\PowerDistribution\MK2_PD\PD_MK2_Signals.SchDoc with CAPACITOR_10uF_0603 from Capacitors.SchLib
Replace Part Q1 AO3404A in C:\Users\rjp5t\Documents\UWRT\electric_boogaloo\TempestBoards\PowerDistribution\MK2_PD\PD_MK2_Signals.SchDoc with AO3404A from Transistors.SchLib
Replace Part Q2 SIR167DP-T1-GE3 in C:\Users\rjp5t\Documents\UWRT\electric_boogaloo\TempestBoards\PowerDistribution\MK2_PD\PD_MK2_Signals.SchDoc with SIR167DP-T1-GE3 from Transistors.SchLib
Replace Part Q3 SIR167DP-T1-GE3 in C:\Users\rjp5t\Documents\UWRT\electric_boogaloo\TempestBoards\PowerDistribution\MK2_PD\PD_MK2_Signals.SchDoc with SIR167DP-T1-GE3 from Transistors.SchLib
Replace Part Q4 FDD4141 in C:\Users\rjp5t\Documents\UWRT\electric_boogaloo\TempestBoards\PowerDistribution\MK2_PD\PD_MK2_Signals.SchDoc with FDD4141 from Transistors.SchLib
Replace Part Q5 PMV13XNEAR in C:\Users\rjp5t\Documents\UWRT\electric_boogaloo\TempestBoards\PowerDistribution\MK2_PD\PD_MK2_Signals.SchDoc with PMV13XNEAR from Transistors.SchLib
Replace Part Q8 AO3404A in C:\Users\rjp5t\Documents\UWRT\electric_boogaloo\TempestBoards\PowerDistribution\MK2_PD\PD_MK2_Signals.SchDoc with AO3404A from Transistors.SchLib
Replace Part R8 RESISTOR_10K_0603 in C:\Users\rjp5t\Documents\UWRT\electric_boogaloo\TempestBoards\PowerDistribution\MK2_PD\PD_MK2_Signals.SchDoc with RESISTOR_10K_0603 from Resistors.SchLib
Replace Part R9 RESISTOR_100K_0.5%_0603 in C:\Users\rjp5t\Documents\UWRT\electric_boogaloo\TempestBoards\PowerDistribution\MK2_PD\PD_MK2_Signals.SchDoc with RESISTOR_100K_0.5%_0603 from Resistors.SchLib
Replace Part R10 RESISTOR_100K_0.5%_0603 in C:\Users\rjp5t\Documents\UWRT\electric_boogaloo\TempestBoards\PowerDistribution\MK2_PD\PD_MK2_Signals.SchDoc with RESISTOR_100K_0.5%_0603 from Resistors.SchLib
Replace Part R11 RESISTOR_27_0603 in C:\Users\rjp5t\Documents\UWRT\electric_boogaloo\TempestBoards\PowerDistribution\MK2_PD\PD_MK2_Signals.SchDoc with RESISTOR_27_0603 from Resistors.SchLib
Replace Part R12 RESISTOR_27_0603 in C:\Users\rjp5t\Documents\UWRT\electric_boogaloo\TempestBoards\PowerDistribution\MK2_PD\PD_MK2_Signals.SchDoc with RESISTOR_27_0603 from Resistors.SchLib
Replace Part R13 RESISTOR_4.7K_0603 in C:\Users\rjp5t\Documents\UWRT\electric_boogaloo\TempestBoards\PowerDistribution\MK2_PD\PD_MK2_Signals.SchDoc with RESISTOR_4.7K_0603 from Resistors.SchLib
Replace Part R14 RESISTOR_4.7K_0603 in C:\Users\rjp5t\Documents\UWRT\electric_boogaloo\TempestBoards\PowerDistribution\MK2_PD\PD_MK2_Signals.SchDoc with RESISTOR_4.7K_0603 from Resistors.SchLib
Replace Part R15 RESISTOR_1K_0603 in C:\Users\rjp5t\Documents\UWRT\electric_boogaloo\TempestBoards\PowerDistribution\MK2_PD\PD_MK2_Signals.SchDoc with RESISTOR_1K_0603 from Resistors.SchLib
Replace Part R16 RESISTOR_10K_0.5%_0603 in C:\Users\rjp5t\Documents\UWRT\electric_boogaloo\TempestBoards\PowerDistribution\MK2_PD\PD_MK2_Signals.SchDoc with RESISTOR_10K_0.5%_0603 from Resistors.SchLib
Replace Part R17 RESISTOR_10K_0.5%_0603 in C:\Users\rjp5t\Documents\UWRT\electric_boogaloo\TempestBoards\PowerDistribution\MK2_PD\PD_MK2_Signals.SchDoc with RESISTOR_10K_0.5%_0603 from Resistors.SchLib
Replace Part R18 RESISTOR_10K_0.5%_0603 in C:\Users\rjp5t\Documents\UWRT\electric_boogaloo\TempestBoards\PowerDistribution\MK2_PD\PD_MK2_Signals.SchDoc with RESISTOR_10K_0.5%_0603 from Resistors.SchLib
Replace Part R19 RESISTOR_10K_0.5%_0603 in C:\Users\rjp5t\Documents\UWRT\electric_boogaloo\TempestBoards\PowerDistribution\MK2_PD\PD_MK2_Signals.SchDoc with RESISTOR_10K_0.5%_0603 from Resistors.SchLib
Replace Part R20 RESISTOR_1K_0.5%_0603 in C:\Users\rjp5t\Documents\UWRT\electric_boogaloo\TempestBoards\PowerDistribution\MK2_PD\PD_MK2_Signals.SchDoc with RESISTOR_1K_0.5%_0603 from Resistors.SchLib
Replace Part R21 RESISTOR_1K_0.5%_0603 in C:\Users\rjp5t\Documents\UWRT\electric_boogaloo\TempestBoards\PowerDistribution\MK2_PD\PD_MK2_Signals.SchDoc with RESISTOR_1K_0.5%_0603 from Resistors.SchLib
Replace Part R22 RESISTOR_1K_0.5%_0603 in C:\Users\rjp5t\Documents\UWRT\electric_boogaloo\TempestBoards\PowerDistribution\MK2_PD\PD_MK2_Signals.SchDoc with RESISTOR_1K_0.5%_0603 from Resistors.SchLib
Replace Part R23 RESISTOR_10K_0.5%_0603 in C:\Users\rjp5t\Documents\UWRT\electric_boogaloo\TempestBoards\PowerDistribution\MK2_PD\PD_MK2_Signals.SchDoc with RESISTOR_10K_0.5%_0603 from Resistors.SchLib
Replace Part R24 RESISTOR_1K_0603 in C:\Users\rjp5t\Documents\UWRT\electric_boogaloo\TempestBoards\PowerDistribution\MK2_PD\PD_MK2_Signals.SchDoc with RESISTOR_1K_0603 from Resistors.SchLib
Replace Part R25 RESISTOR_10K_0.5%_0603 in C:\Users\rjp5t\Documents\UWRT\electric_boogaloo\TempestBoards\PowerDistribution\MK2_PD\PD_MK2_Signals.SchDoc with RESISTOR_10K_0.5%_0603 from Resistors.SchLib
Replace Part R26 RESISTOR_10K_0.5%_0603 in C:\Users\rjp5t\Documents\UWRT\electric_boogaloo\TempestBoards\PowerDistribution\MK2_PD\PD_MK2_Signals.SchDoc with RESISTOR_10K_0.5%_0603 from Resistors.SchLib
Replace Part R27 RESISTOR_1K_0.5%_0603 in C:\Users\rjp5t\Documents\UWRT\electric_boogaloo\TempestBoards\PowerDistribution\MK2_PD\PD_MK2_Signals.SchDoc with RESISTOR_1K_0.5%_0603 from Resistors.SchLib
Replace Part R28 RESISTOR_1K_0.5%_0603 in C:\Users\rjp5t\Documents\UWRT\electric_boogaloo\TempestBoards\PowerDistribution\MK2_PD\PD_MK2_Signals.SchDoc with RESISTOR_1K_0.5%_0603 from Resistors.SchLib
Replace Part R29 RESISTOR_1K_0603 in C:\Users\rjp5t\Documents\UWRT\electric_boogaloo\TempestBoards\PowerDistribution\MK2_PD\PD_MK2_Signals.SchDoc with RESISTOR_1K_0603 from Resistors.SchLib
Replace Part R30 RESISTOR_10K_0603 in C:\Users\rjp5t\Documents\UWRT\electric_boogaloo\TempestBoards\PowerDistribution\MK2_PD\PD_MK2_Signals.SchDoc with RESISTOR_10K_0603 from Resistors.SchLib
Replace Part R35 RESISTOR_470K_0603 in C:\Users\rjp5t\Documents\UWRT\electric_boogaloo\TempestBoards\PowerDistribution\MK2_PD\PD_MK2_Signals.SchDoc with RESISTOR_470K_0603 from Resistors.SchLib
Replace Part R36 RESISTOR_470K_0603 in C:\Users\rjp5t\Documents\UWRT\electric_boogaloo\TempestBoards\PowerDistribution\MK2_PD\PD_MK2_Signals.SchDoc with RESISTOR_470K_0603 from Resistors.SchLib
Replace Part R37 RESISTOR_100K_0.5%_0603 in C:\Users\rjp5t\Documents\UWRT\electric_boogaloo\TempestBoards\PowerDistribution\MK2_PD\PD_MK2_Signals.SchDoc with RESISTOR_100K_0.5%_0603 from Resistors.SchLib
Replace Part U2 SHT41-AD1B-R2 in C:\Users\rjp5t\Documents\UWRT\electric_boogaloo\TempestBoards\PowerDistribution\MK2_PD\PD_MK2_Signals.SchDoc with SHT41-AD1B-R2 from Integrated Circuits.SchLib
