Replace Part C1 CAPACITOR_0.000027uF_0603 in C:\Users\natha\Documents\Everything\UWRT\Electrical\GIT\electric_boogaloo\TalosBoards\Year Two\Acoustics\Acoustics Board\[Acoustics] Hydrophone Process.SchDoc with CAPACITOR_0.000027uF_0603 from Capacitors.SchLib
Replace Part C2 CAPACITOR_0.000027uF_0603 in C:\Users\natha\Documents\Everything\UWRT\Electrical\GIT\electric_boogaloo\TalosBoards\Year Two\Acoustics\Acoustics Board\[Acoustics] Hydrophone Process.SchDoc with CAPACITOR_0.000027uF_0603 from Capacitors.SchLib
Replace Part C3 CAPACITOR_0.000027uF_0603 in C:\Users\natha\Documents\Everything\UWRT\Electrical\GIT\electric_boogaloo\TalosBoards\Year Two\Acoustics\Acoustics Board\[Acoustics] Hydrophone Process.SchDoc with CAPACITOR_0.000027uF_0603 from Capacitors.SchLib
Replace Part C4 CAPACITOR_0.000027uF_0603 in C:\Users\natha\Documents\Everything\UWRT\Electrical\GIT\electric_boogaloo\TalosBoards\Year Two\Acoustics\Acoustics Board\[Acoustics] Hydrophone Process.SchDoc with CAPACITOR_0.000027uF_0603 from Capacitors.SchLib
Replace Part C5 CAPACITOR_10uF_0603 in C:\Users\natha\Documents\Everything\UWRT\Electrical\GIT\electric_boogaloo\TalosBoards\Year Two\Acoustics\Acoustics Board\[Acoustics] Hydrophone Process.SchDoc with CAPACITOR_10uF_0603 from Capacitors.SchLib
Replace Part C6 CAPACITOR_10uF_0603 in C:\Users\natha\Documents\Everything\UWRT\Electrical\GIT\electric_boogaloo\TalosBoards\Year Two\Acoustics\Acoustics Board\[Acoustics] Hydrophone Process.SchDoc with CAPACITOR_10uF_0603 from Capacitors.SchLib
Replace Part D1 RF Diode 80V 100mA in C:\Users\natha\Documents\Everything\UWRT\Electrical\GIT\electric_boogaloo\TalosBoards\Year Two\Acoustics\Acoustics Board\[Acoustics] Hydrophone Process.SchDoc with RF Diode 80V 100mA from Diodes.SchLib
Replace Part D2 RF Diode 80V 100mA in C:\Users\natha\Documents\Everything\UWRT\Electrical\GIT\electric_boogaloo\TalosBoards\Year Two\Acoustics\Acoustics Board\[Acoustics] Hydrophone Process.SchDoc with RF Diode 80V 100mA from Diodes.SchLib
Replace Part L1 INDUCTOR_12uH_0603 in C:\Users\natha\Documents\Everything\UWRT\Electrical\GIT\electric_boogaloo\TalosBoards\Year Two\Acoustics\Acoustics Board\[Acoustics] Hydrophone Process.SchDoc with INDUCTOR_12uH_0603 from Inductors.SchLib
Replace Part L2 INDUCTOR_12uH_0603 in C:\Users\natha\Documents\Everything\UWRT\Electrical\GIT\electric_boogaloo\TalosBoards\Year Two\Acoustics\Acoustics Board\[Acoustics] Hydrophone Process.SchDoc with INDUCTOR_12uH_0603 from Inductors.SchLib
Replace Part L3 INDUCTOR_12uH_0603 in C:\Users\natha\Documents\Everything\UWRT\Electrical\GIT\electric_boogaloo\TalosBoards\Year Two\Acoustics\Acoustics Board\[Acoustics] Hydrophone Process.SchDoc with INDUCTOR_12uH_0603 from Inductors.SchLib
Replace Part L4 INDUCTOR_12uH_0603 in C:\Users\natha\Documents\Everything\UWRT\Electrical\GIT\electric_boogaloo\TalosBoards\Year Two\Acoustics\Acoustics Board\[Acoustics] Hydrophone Process.SchDoc with INDUCTOR_12uH_0603 from Inductors.SchLib
Replace Part R1 RESISTOR_1K_0603 in C:\Users\natha\Documents\Everything\UWRT\Electrical\GIT\electric_boogaloo\TalosBoards\Year Two\Acoustics\Acoustics Board\[Acoustics] Hydrophone Process.SchDoc with RESISTOR_1K_0603 from Resistors.SchLib
Replace Part R2 RESISTOR_1K_0603 in C:\Users\natha\Documents\Everything\UWRT\Electrical\GIT\electric_boogaloo\TalosBoards\Year Two\Acoustics\Acoustics Board\[Acoustics] Hydrophone Process.SchDoc with RESISTOR_1K_0603 from Resistors.SchLib
Replace Part R3 RESISTOR_1K_0603 in C:\Users\natha\Documents\Everything\UWRT\Electrical\GIT\electric_boogaloo\TalosBoards\Year Two\Acoustics\Acoustics Board\[Acoustics] Hydrophone Process.SchDoc with RESISTOR_1K_0603 from Resistors.SchLib
Replace Part R4 RESISTOR_1K_0603 in C:\Users\natha\Documents\Everything\UWRT\Electrical\GIT\electric_boogaloo\TalosBoards\Year Two\Acoustics\Acoustics Board\[Acoustics] Hydrophone Process.SchDoc with RESISTOR_1K_0603 from Resistors.SchLib
Replace Part R5 TC33X-2-203E in C:\Users\natha\Documents\Everything\UWRT\Electrical\GIT\electric_boogaloo\TalosBoards\Year Two\Acoustics\Acoustics Board\[Acoustics] Hydrophone Process.SchDoc with TC33X-2-203E from Resistors.SchLib
Replace Part R6 TC33X-2-203E in C:\Users\natha\Documents\Everything\UWRT\Electrical\GIT\electric_boogaloo\TalosBoards\Year Two\Acoustics\Acoustics Board\[Acoustics] Hydrophone Process.SchDoc with TC33X-2-203E from Resistors.SchLib
Replace Part R7 TC33X-2-203E in C:\Users\natha\Documents\Everything\UWRT\Electrical\GIT\electric_boogaloo\TalosBoards\Year Two\Acoustics\Acoustics Board\[Acoustics] Hydrophone Process.SchDoc with TC33X-2-203E from Resistors.SchLib
Replace Part R8 RESISTOR_1K_0402 in C:\Users\natha\Documents\Everything\UWRT\Electrical\GIT\electric_boogaloo\TalosBoards\Year Two\Acoustics\Acoustics Board\[Acoustics] Hydrophone Process.SchDoc with RESISTOR_1K_0402 from Resistors.SchLib
Replace Part R9 RESISTOR_10K_0.5%_0603 in C:\Users\natha\Documents\Everything\UWRT\Electrical\GIT\electric_boogaloo\TalosBoards\Year Two\Acoustics\Acoustics Board\[Acoustics] Hydrophone Process.SchDoc with RESISTOR_10K_0.5%_0603 from Resistors.SchLib
Replace Part R10 RESISTOR_10K_0.5%_0603 in C:\Users\natha\Documents\Everything\UWRT\Electrical\GIT\electric_boogaloo\TalosBoards\Year Two\Acoustics\Acoustics Board\[Acoustics] Hydrophone Process.SchDoc with RESISTOR_10K_0.5%_0603 from Resistors.SchLib
Replace Part R11 TC33X-2-203E in C:\Users\natha\Documents\Everything\UWRT\Electrical\GIT\electric_boogaloo\TalosBoards\Year Two\Acoustics\Acoustics Board\[Acoustics] Hydrophone Process.SchDoc with TC33X-2-203E from Resistors.SchLib
Replace Part R12 RESISTOR_1K_0402 in C:\Users\natha\Documents\Everything\UWRT\Electrical\GIT\electric_boogaloo\TalosBoards\Year Two\Acoustics\Acoustics Board\[Acoustics] Hydrophone Process.SchDoc with RESISTOR_1K_0402 from Resistors.SchLib
Replace Part R13 TC33X-2-203E in C:\Users\natha\Documents\Everything\UWRT\Electrical\GIT\electric_boogaloo\TalosBoards\Year Two\Acoustics\Acoustics Board\[Acoustics] Hydrophone Process.SchDoc with TC33X-2-203E from Resistors.SchLib
Replace Part R14 TC33X-2-203E in C:\Users\natha\Documents\Everything\UWRT\Electrical\GIT\electric_boogaloo\TalosBoards\Year Two\Acoustics\Acoustics Board\[Acoustics] Hydrophone Process.SchDoc with TC33X-2-203E from Resistors.SchLib
Replace Part TP1 TESTPOINT in C:\Users\natha\Documents\Everything\UWRT\Electrical\GIT\electric_boogaloo\TalosBoards\Year Two\Acoustics\Acoustics Board\[Acoustics] Hydrophone Process.SchDoc with TESTPOINT from Connectors.SchLib
Replace Part TP2 TESTPOINT in C:\Users\natha\Documents\Everything\UWRT\Electrical\GIT\electric_boogaloo\TalosBoards\Year Two\Acoustics\Acoustics Board\[Acoustics] Hydrophone Process.SchDoc with TESTPOINT from Connectors.SchLib
Replace Part TP3 TESTPOINT in C:\Users\natha\Documents\Everything\UWRT\Electrical\GIT\electric_boogaloo\TalosBoards\Year Two\Acoustics\Acoustics Board\[Acoustics] Hydrophone Process.SchDoc with TESTPOINT from Connectors.SchLib
Replace Part TP4 TESTPOINT in C:\Users\natha\Documents\Everything\UWRT\Electrical\GIT\electric_boogaloo\TalosBoards\Year Two\Acoustics\Acoustics Board\[Acoustics] Hydrophone Process.SchDoc with TESTPOINT from Connectors.SchLib
Replace Part TP5 TESTPOINT in C:\Users\natha\Documents\Everything\UWRT\Electrical\GIT\electric_boogaloo\TalosBoards\Year Two\Acoustics\Acoustics Board\[Acoustics] Hydrophone Process.SchDoc with TESTPOINT from Connectors.SchLib
Replace Part TP6 TESTPOINT in C:\Users\natha\Documents\Everything\UWRT\Electrical\GIT\electric_boogaloo\TalosBoards\Year Two\Acoustics\Acoustics Board\[Acoustics] Hydrophone Process.SchDoc with TESTPOINT from Connectors.SchLib
Replace Part TP7 TESTPOINT in C:\Users\natha\Documents\Everything\UWRT\Electrical\GIT\electric_boogaloo\TalosBoards\Year Two\Acoustics\Acoustics Board\[Acoustics] Hydrophone Process.SchDoc with TESTPOINT from Connectors.SchLib
Replace Part TP8 TESTPOINT in C:\Users\natha\Documents\Everything\UWRT\Electrical\GIT\electric_boogaloo\TalosBoards\Year Two\Acoustics\Acoustics Board\[Acoustics] Hydrophone Process.SchDoc with TESTPOINT from Connectors.SchLib
Replace Part TP9 TESTPOINT in C:\Users\natha\Documents\Everything\UWRT\Electrical\GIT\electric_boogaloo\TalosBoards\Year Two\Acoustics\Acoustics Board\[Acoustics] Hydrophone Process.SchDoc with TESTPOINT from Connectors.SchLib
Replace Part TP10 TESTPOINT in C:\Users\natha\Documents\Everything\UWRT\Electrical\GIT\electric_boogaloo\TalosBoards\Year Two\Acoustics\Acoustics Board\[Acoustics] Hydrophone Process.SchDoc with TESTPOINT from Connectors.SchLib
Replace Part U1 LM356MX/NOPB in C:\Users\natha\Documents\Everything\UWRT\Electrical\GIT\electric_boogaloo\TalosBoards\Year Two\Acoustics\Acoustics Board\[Acoustics] Hydrophone Process.SchDoc with LM356MX/NOPB from Integrated Circuits.SchLib
Replace Part U2 LM356MX/NOPB in C:\Users\natha\Documents\Everything\UWRT\Electrical\GIT\electric_boogaloo\TalosBoards\Year Two\Acoustics\Acoustics Board\[Acoustics] Hydrophone Process.SchDoc with LM356MX/NOPB from Integrated Circuits.SchLib
Replace Part U3 LM356MX/NOPB in C:\Users\natha\Documents\Everything\UWRT\Electrical\GIT\electric_boogaloo\TalosBoards\Year Two\Acoustics\Acoustics Board\[Acoustics] Hydrophone Process.SchDoc with LM356MX/NOPB from Integrated Circuits.SchLib
Replace Part U4 LM356MX/NOPB in C:\Users\natha\Documents\Everything\UWRT\Electrical\GIT\electric_boogaloo\TalosBoards\Year Two\Acoustics\Acoustics Board\[Acoustics] Hydrophone Process.SchDoc with LM356MX/NOPB from Integrated Circuits.SchLib
Update Managed Component U5 From CMP-0360-00164-2[LT1715CMS#PBF] To CMP-0360-00164-2[LT1715CMS#PBF] in [Acoustics] Hydrophone Process.SchDoc
Update Managed Component U5 From CMP-0360-00164-2[LT1715CMS#PBF] To CMP-0360-00164-2[LT1715CMS#PBF] in [Acoustics] Hydrophone Process.SchDoc
Update Managed Component U5 From CMP-0360-00164-2[LT1715CMS#PBF] To CMP-0360-00164-2[LT1715CMS#PBF] in [Acoustics] Hydrophone Process.SchDoc
Update Managed Component U7 From CMP-1592-00007-1[AD633JRZ] To CMP-1592-00007-1[AD633JRZ] in [Acoustics] Hydrophone Process.SchDoc
Update Managed Component U8 From CMP-1592-00007-1[AD633JRZ] To CMP-1592-00007-1[AD633JRZ] in [Acoustics] Hydrophone Process.SchDoc
