Replace Part C7 CAPACITOR_1uF_0402 in C:\Users\natha\Documents\Everything\UWRT\Electrical\GIT\electric_boogaloo\TalosBoards\Year Two\Acoustics\Acoustics Board\[Acoustics] Power.SchDoc with CAPACITOR_1uF_0402 from Capacitors.SchLib
Replace Part C8 CAPACITOR_1uF_0402 in C:\Users\natha\Documents\Everything\UWRT\Electrical\GIT\electric_boogaloo\TalosBoards\Year Two\Acoustics\Acoustics Board\[Acoustics] Power.SchDoc with CAPACITOR_1uF_0402 from Capacitors.SchLib
Replace Part C9 CAPACITOR_1uF_0402 in C:\Users\natha\Documents\Everything\UWRT\Electrical\GIT\electric_boogaloo\TalosBoards\Year Two\Acoustics\Acoustics Board\[Acoustics] Power.SchDoc with CAPACITOR_1uF_0402 from Capacitors.SchLib
Replace Part C10 CAPACITOR_1uF_0402 in C:\Users\natha\Documents\Everything\UWRT\Electrical\GIT\electric_boogaloo\TalosBoards\Year Two\Acoustics\Acoustics Board\[Acoustics] Power.SchDoc with CAPACITOR_1uF_0402 from Capacitors.SchLib
Replace Part C11 CAPACITOR_1uF_0402 in C:\Users\natha\Documents\Everything\UWRT\Electrical\GIT\electric_boogaloo\TalosBoards\Year Two\Acoustics\Acoustics Board\[Acoustics] Power.SchDoc with CAPACITOR_1uF_0402 from Capacitors.SchLib
Replace Part C12 CAPACITOR_1uF_0402 in C:\Users\natha\Documents\Everything\UWRT\Electrical\GIT\electric_boogaloo\TalosBoards\Year Two\Acoustics\Acoustics Board\[Acoustics] Power.SchDoc with CAPACITOR_1uF_0402 from Capacitors.SchLib
Replace Part C13 CAPACITOR_1uF_0402 in C:\Users\natha\Documents\Everything\UWRT\Electrical\GIT\electric_boogaloo\TalosBoards\Year Two\Acoustics\Acoustics Board\[Acoustics] Power.SchDoc with CAPACITOR_1uF_0402 from Capacitors.SchLib
Replace Part C14 CAPACITOR_1uF_0402 in C:\Users\natha\Documents\Everything\UWRT\Electrical\GIT\electric_boogaloo\TalosBoards\Year Two\Acoustics\Acoustics Board\[Acoustics] Power.SchDoc with CAPACITOR_1uF_0402 from Capacitors.SchLib
Replace Part C15 CAPACITOR_1uF_0402 in C:\Users\natha\Documents\Everything\UWRT\Electrical\GIT\electric_boogaloo\TalosBoards\Year Two\Acoustics\Acoustics Board\[Acoustics] Power.SchDoc with CAPACITOR_1uF_0402 from Capacitors.SchLib
Replace Part C16 CAPACITOR_1uF_0402 in C:\Users\natha\Documents\Everything\UWRT\Electrical\GIT\electric_boogaloo\TalosBoards\Year Two\Acoustics\Acoustics Board\[Acoustics] Power.SchDoc with CAPACITOR_1uF_0402 from Capacitors.SchLib
Replace Part C17 CAPACITOR_1uF_0402 in C:\Users\natha\Documents\Everything\UWRT\Electrical\GIT\electric_boogaloo\TalosBoards\Year Two\Acoustics\Acoustics Board\[Acoustics] Power.SchDoc with CAPACITOR_1uF_0402 from Capacitors.SchLib
Replace Part C18 CAPACITOR_1uF_0402 in C:\Users\natha\Documents\Everything\UWRT\Electrical\GIT\electric_boogaloo\TalosBoards\Year Two\Acoustics\Acoustics Board\[Acoustics] Power.SchDoc with CAPACITOR_1uF_0402 from Capacitors.SchLib
Replace Part C19 CAPACITOR_1uF_0402 in C:\Users\natha\Documents\Everything\UWRT\Electrical\GIT\electric_boogaloo\TalosBoards\Year Two\Acoustics\Acoustics Board\[Acoustics] Power.SchDoc with CAPACITOR_1uF_0402 from Capacitors.SchLib
Replace Part C36 CAPACITOR_10uF_0603 in C:\Users\natha\Documents\Everything\UWRT\Electrical\GIT\electric_boogaloo\TalosBoards\Year Two\Acoustics\Acoustics Board\[Acoustics] Power.SchDoc with CAPACITOR_10uF_0603 from Capacitors.SchLib
Replace Part C37 CAPACITOR_10uF_0603 in C:\Users\natha\Documents\Everything\UWRT\Electrical\GIT\electric_boogaloo\TalosBoards\Year Two\Acoustics\Acoustics Board\[Acoustics] Power.SchDoc with CAPACITOR_10uF_0603 from Capacitors.SchLib
Replace Part D3 SCHOTTKY_20V_500mA in C:\Users\natha\Documents\Everything\UWRT\Electrical\GIT\electric_boogaloo\TalosBoards\Year Two\Acoustics\Acoustics Board\[Acoustics] Power.SchDoc with SCHOTTKY_20V_500mA from Diodes.SchLib
Replace Part L5 INDUCTOR_15nH_0402 in C:\Users\natha\Documents\Everything\UWRT\Electrical\GIT\electric_boogaloo\TalosBoards\Year Two\Acoustics\Acoustics Board\[Acoustics] Power.SchDoc with INDUCTOR_15nH_0402 from Inductors.SchLib
Replace Part Q1 AO3404A in C:\Users\natha\Documents\Everything\UWRT\Electrical\GIT\electric_boogaloo\TalosBoards\Year Two\Acoustics\Acoustics Board\[Acoustics] Power.SchDoc with AO3404A from Transistors.SchLib
Replace Part R15 RESISTOR_2K_0402 in C:\Users\natha\Documents\Everything\UWRT\Electrical\GIT\electric_boogaloo\TalosBoards\Year Two\Acoustics\Acoustics Board\[Acoustics] Power.SchDoc with RESISTOR_2K_0402 from Resistors.SchLib
Replace Part R16 RESISTOR_2K_0402 in C:\Users\natha\Documents\Everything\UWRT\Electrical\GIT\electric_boogaloo\TalosBoards\Year Two\Acoustics\Acoustics Board\[Acoustics] Power.SchDoc with RESISTOR_2K_0402 from Resistors.SchLib
Replace Part R17 RESISTOR_2K_0402 in C:\Users\natha\Documents\Everything\UWRT\Electrical\GIT\electric_boogaloo\TalosBoards\Year Two\Acoustics\Acoustics Board\[Acoustics] Power.SchDoc with RESISTOR_2K_0402 from Resistors.SchLib
Replace Part R18 RESISTOR_2K_0402 in C:\Users\natha\Documents\Everything\UWRT\Electrical\GIT\electric_boogaloo\TalosBoards\Year Two\Acoustics\Acoustics Board\[Acoustics] Power.SchDoc with RESISTOR_2K_0402 from Resistors.SchLib
Replace Part R19 RESISTOR_2K_0402 in C:\Users\natha\Documents\Everything\UWRT\Electrical\GIT\electric_boogaloo\TalosBoards\Year Two\Acoustics\Acoustics Board\[Acoustics] Power.SchDoc with RESISTOR_2K_0402 from Resistors.SchLib
Replace Part R20 RESISTOR_2K_0402 in C:\Users\natha\Documents\Everything\UWRT\Electrical\GIT\electric_boogaloo\TalosBoards\Year Two\Acoustics\Acoustics Board\[Acoustics] Power.SchDoc with RESISTOR_2K_0402 from Resistors.SchLib
Replace Part R21 RESISTOR_2K_0402 in C:\Users\natha\Documents\Everything\UWRT\Electrical\GIT\electric_boogaloo\TalosBoards\Year Two\Acoustics\Acoustics Board\[Acoustics] Power.SchDoc with RESISTOR_2K_0402 from Resistors.SchLib
Replace Part R22 RESISTOR_2K_0402 in C:\Users\natha\Documents\Everything\UWRT\Electrical\GIT\electric_boogaloo\TalosBoards\Year Two\Acoustics\Acoustics Board\[Acoustics] Power.SchDoc with RESISTOR_2K_0402 from Resistors.SchLib
Replace Part TP11 TESTPOINT in C:\Users\natha\Documents\Everything\UWRT\Electrical\GIT\electric_boogaloo\TalosBoards\Year Two\Acoustics\Acoustics Board\[Acoustics] Power.SchDoc with TESTPOINT from Connectors.SchLib
Replace Part TP19 TESTPOINT in C:\Users\natha\Documents\Everything\UWRT\Electrical\GIT\electric_boogaloo\TalosBoards\Year Two\Acoustics\Acoustics Board\[Acoustics] Power.SchDoc with TESTPOINT from Connectors.SchLib
Update Managed Component U6 From CMP-0063-01290-3[LM25088MH-1/NOPB] To CMP-0063-01290-3[LM25088MH-1/NOPB] in [Acoustics] Power.SchDoc
Replace Part U12 LM1117IMPX-3.3/NOPB in C:\Users\natha\Documents\Everything\UWRT\Electrical\GIT\electric_boogaloo\TalosBoards\Year Two\Acoustics\Acoustics Board\[Acoustics] Power.SchDoc with LM1117IMPX-3.3/NOPB from Integrated Circuits.SchLib
