Replace Part C7 CAPACITOR_1uF_0402 in C:\Users\becca\Documents\GitHub\electric_boogaloo\TalosBoards\Year Two\Acoustics\Acoustics Board\[Acoustics] Power.SchDoc with CAPACITOR_1uF_0402 from Capacitors.SchLib
Replace Part C8 CAPACITOR_1uF_0402 in C:\Users\becca\Documents\GitHub\electric_boogaloo\TalosBoards\Year Two\Acoustics\Acoustics Board\[Acoustics] Power.SchDoc with CAPACITOR_1uF_0402 from Capacitors.SchLib
Replace Part C9 CAPACITOR_1uF_0402 in C:\Users\becca\Documents\GitHub\electric_boogaloo\TalosBoards\Year Two\Acoustics\Acoustics Board\[Acoustics] Power.SchDoc with CAPACITOR_1uF_0402 from Capacitors.SchLib
Replace Part C10 CAPACITOR_1uF_0402 in C:\Users\becca\Documents\GitHub\electric_boogaloo\TalosBoards\Year Two\Acoustics\Acoustics Board\[Acoustics] Power.SchDoc with CAPACITOR_1uF_0402 from Capacitors.SchLib
Replace Part C11 CAPACITOR_1uF_0402 in C:\Users\becca\Documents\GitHub\electric_boogaloo\TalosBoards\Year Two\Acoustics\Acoustics Board\[Acoustics] Power.SchDoc with CAPACITOR_1uF_0402 from Capacitors.SchLib
Replace Part C12 CAPACITOR_1uF_0402 in C:\Users\becca\Documents\GitHub\electric_boogaloo\TalosBoards\Year Two\Acoustics\Acoustics Board\[Acoustics] Power.SchDoc with CAPACITOR_1uF_0402 from Capacitors.SchLib
Replace Part C13 CAPACITOR_1uF_0402 in C:\Users\becca\Documents\GitHub\electric_boogaloo\TalosBoards\Year Two\Acoustics\Acoustics Board\[Acoustics] Power.SchDoc with CAPACITOR_1uF_0402 from Capacitors.SchLib
Replace Part C14 CAPACITOR_1uF_0402 in C:\Users\becca\Documents\GitHub\electric_boogaloo\TalosBoards\Year Two\Acoustics\Acoustics Board\[Acoustics] Power.SchDoc with CAPACITOR_1uF_0402 from Capacitors.SchLib
Replace Part C15 CAPACITOR_1uF_0402 in C:\Users\becca\Documents\GitHub\electric_boogaloo\TalosBoards\Year Two\Acoustics\Acoustics Board\[Acoustics] Power.SchDoc with CAPACITOR_1uF_0402 from Capacitors.SchLib
Replace Part C16 CAPACITOR_1uF_0402 in C:\Users\becca\Documents\GitHub\electric_boogaloo\TalosBoards\Year Two\Acoustics\Acoustics Board\[Acoustics] Power.SchDoc with CAPACITOR_1uF_0402 from Capacitors.SchLib
Replace Part C17 CAPACITOR_1uF_0402 in C:\Users\becca\Documents\GitHub\electric_boogaloo\TalosBoards\Year Two\Acoustics\Acoustics Board\[Acoustics] Power.SchDoc with CAPACITOR_1uF_0402 from Capacitors.SchLib
Replace Part C19 CAPACITOR_1uF_0402 in C:\Users\becca\Documents\GitHub\electric_boogaloo\TalosBoards\Year Two\Acoustics\Acoustics Board\[Acoustics] Power.SchDoc with CAPACITOR_1uF_0402 from Capacitors.SchLib
Replace Part C36 CAPACITOR_10uF_0603 in C:\Users\becca\Documents\GitHub\electric_boogaloo\TalosBoards\Year Two\Acoustics\Acoustics Board\[Acoustics] Power.SchDoc with CAPACITOR_10uF_0603 from Capacitors.SchLib
Replace Part C37 CAPACITOR_10uF_0603 in C:\Users\becca\Documents\GitHub\electric_boogaloo\TalosBoards\Year Two\Acoustics\Acoustics Board\[Acoustics] Power.SchDoc with CAPACITOR_10uF_0603 from Capacitors.SchLib
Replace Part C? CAPACITOR_10uF_1206_Tantalum_1 in C:\Users\becca\Documents\GitHub\electric_boogaloo\TalosBoards\Year Two\Acoustics\Acoustics Board\[Acoustics] Power.SchDoc with CAPACITOR_10uF_1206_Tantalum_1 from Capacitors.SchLib
Replace Part C? CAPACITOR_10uF_1206_Tantalum_1 in C:\Users\becca\Documents\GitHub\electric_boogaloo\TalosBoards\Year Two\Acoustics\Acoustics Board\[Acoustics] Power.SchDoc with CAPACITOR_10uF_1206_Tantalum_1 from Capacitors.SchLib
Replace Part C? CAPACITOR_10uF_1206_Tantalum_1 in C:\Users\becca\Documents\GitHub\electric_boogaloo\TalosBoards\Year Two\Acoustics\Acoustics Board\[Acoustics] Power.SchDoc with CAPACITOR_10uF_1206_Tantalum_1 from Capacitors.SchLib
Replace Part CR? VS-50WQ04FN-M3 in C:\Users\becca\Documents\GitHub\electric_boogaloo\TalosBoards\Year Two\Acoustics\Acoustics Board\[Acoustics] Power.SchDoc with VS-50WQ04FN-M3 from Diodes.SchLib
Replace Part D3 SCHOTTKY_30V_3A in C:\Users\becca\Documents\GitHub\electric_boogaloo\TalosBoards\Year Two\Acoustics\Acoustics Board\[Acoustics] Power.SchDoc with SCHOTTKY_30V_3A from Diodes.SchLib
Replace Part L5 INDUCTOR_15nH_0402 in C:\Users\becca\Documents\GitHub\electric_boogaloo\TalosBoards\Year Two\Acoustics\Acoustics Board\[Acoustics] Power.SchDoc with INDUCTOR_15nH_0402 from Inductors.SchLib
Update Managed Component Q? From CMP-04962-000051-1[CSD15571Q2] To CMP-04962-000051-1[CSD15571Q2] in [Acoustics] Power.SchDoc
Replace Part R15 RESISTOR_1K_0402 in C:\Users\becca\Documents\GitHub\electric_boogaloo\TalosBoards\Year Two\Acoustics\Acoustics Board\[Acoustics] Power.SchDoc with RESISTOR_1K_0402 from Resistors.SchLib
Replace Part R16 RESISTOR_1K_0402 in C:\Users\becca\Documents\GitHub\electric_boogaloo\TalosBoards\Year Two\Acoustics\Acoustics Board\[Acoustics] Power.SchDoc with RESISTOR_1K_0402 from Resistors.SchLib
Replace Part R17 RESISTOR_1K_0402 in C:\Users\becca\Documents\GitHub\electric_boogaloo\TalosBoards\Year Two\Acoustics\Acoustics Board\[Acoustics] Power.SchDoc with RESISTOR_1K_0402 from Resistors.SchLib
Replace Part R18 RESISTOR_1K_0402 in C:\Users\becca\Documents\GitHub\electric_boogaloo\TalosBoards\Year Two\Acoustics\Acoustics Board\[Acoustics] Power.SchDoc with RESISTOR_1K_0402 from Resistors.SchLib
Replace Part R19 RESISTOR_1K_0402 in C:\Users\becca\Documents\GitHub\electric_boogaloo\TalosBoards\Year Two\Acoustics\Acoustics Board\[Acoustics] Power.SchDoc with RESISTOR_1K_0402 from Resistors.SchLib
Replace Part R20 RESISTOR_1K_0402 in C:\Users\becca\Documents\GitHub\electric_boogaloo\TalosBoards\Year Two\Acoustics\Acoustics Board\[Acoustics] Power.SchDoc with RESISTOR_1K_0402 from Resistors.SchLib
Replace Part R21 RESISTOR_1K_0402 in C:\Users\becca\Documents\GitHub\electric_boogaloo\TalosBoards\Year Two\Acoustics\Acoustics Board\[Acoustics] Power.SchDoc with RESISTOR_1K_0402 from Resistors.SchLib
Replace Part R22 RESISTOR_1K_0402 in C:\Users\becca\Documents\GitHub\electric_boogaloo\TalosBoards\Year Two\Acoustics\Acoustics Board\[Acoustics] Power.SchDoc with RESISTOR_1K_0402 from Resistors.SchLib
Replace Part TP11 TESTPOINT in C:\Users\becca\Documents\GitHub\electric_boogaloo\TalosBoards\Year Two\Acoustics\Acoustics Board\[Acoustics] Power.SchDoc with TESTPOINT from Connectors.SchLib
Replace Part TP19 TESTPOINT in C:\Users\becca\Documents\GitHub\electric_boogaloo\TalosBoards\Year Two\Acoustics\Acoustics Board\[Acoustics] Power.SchDoc with TESTPOINT from Connectors.SchLib
Update Managed Component U6 From CMP-0063-01290-3[LM25088MH-1/NOPB] To CMP-0063-01290-3[LM25088MH-1/NOPB] in [Acoustics] Power.SchDoc
Replace Part U12 LM1117IMPX-3.3/NOPB in C:\Users\becca\Documents\GitHub\electric_boogaloo\TalosBoards\Year Two\Acoustics\Acoustics Board\[Acoustics] Power.SchDoc with LM1117IMPX-3.3/NOPB from Integrated Circuits.SchLib
