Change Component Designator: Old Designator=C? New Designator=C22
Change Component Designator: Old Designator=C? New Designator=C23
Change Component Designator: Old Designator=C? New Designator=C24
Change Component Designator: Old Designator=C? New Designator=C25
Change Component Designator: Old Designator=C? New Designator=C26
Change Component Designator: Old Designator=C? New Designator=C27
Change Component Designator: Old Designator=C? New Designator=C28
Change Component Designator: Old Designator=C? New Designator=C34
Change Component Designator: Old Designator=C? New Designator=C35
Change Component Designator: Old Designator=C? New Designator=C38
Change Component Designator: Old Designator=C? New Designator=C39
Change Component Designator: Old Designator=C? New Designator=C40
Change Component Designator: Old Designator=C? New Designator=C41
Change Component Designator: Old Designator=C? New Designator=C42
Change Component Designator: Old Designator=C? New Designator=C65
Change Component Designator: Old Designator=C? New Designator=C66
Change Component Designator: Old Designator=C? New Designator=C67
Change Component Designator: Old Designator=C? New Designator=C68
Change Component Designator: Old Designator=C? New Designator=C69
Change Component Designator: Old Designator=C? New Designator=C70
Change Component Designator: Old Designator=C? New Designator=C71
Change Component Designator: Old Designator=C? New Designator=C72
Change Component Designator: Old Designator=D? New Designator=D7
Change Component Designator: Old Designator=DNP? New Designator=DNP2
Change Component Designator: Old Designator=DNP? New Designator=DNP3
Change Component Designator: Old Designator=DNP? New Designator=DNP4
Change Component Designator: Old Designator=DNP? New Designator=DNP5
Change Component Designator: Old Designator=DNP? New Designator=DNP6
Change Component Designator: Old Designator=DNP? New Designator=DNP7
Change Component Designator: Old Designator=J? New Designator=J7
Change Component Designator: Old Designator=R? New Designator=R11
Change Component Designator: Old Designator=R? New Designator=R38
Change Component Designator: Old Designator=R? New Designator=R39
Change Component Designator: Old Designator=R? New Designator=R40
Change Component Designator: Old Designator=R? New Designator=R41
Change Component Designator: Old Designator=R? New Designator=R42
Change Component Designator: Old Designator=R? New Designator=R43
Change Component Designator: Old Designator=R? New Designator=R44
Change Component Designator: Old Designator=R? New Designator=R45
Change Component Designator: Old Designator=R? New Designator=R46
Change Component Designator: Old Designator=R? New Designator=R47
Change Component Designator: Old Designator=SB? New Designator=SB1
Change Component Designator: Old Designator=SW? New Designator=SW1
Change Component Designator: Old Designator=SW? New Designator=SW2
Change Component Designator: Old Designator=SW? New Designator=SW3
Change Component Designator: Old Designator=SW? New Designator=SW4
Change Component Designator: Old Designator=U? New Designator=U9
Change Component Designator: Old Designator=U? New Designator=U9
Change Component Designator: Old Designator=U? New Designator=U18
Change Component Designator: Old Designator=Y? New Designator=Y2
Change Component Designator: Old Designator=Y? New Designator=Y3
