Removed Pin From Net: NetName=Local Oscillator Pin=C33-2
Added Pin To Net: NetName=3V3 Pin=C1C-1
Added Pin To Net: NetName=GND Pin=C1C-2
Added Pin To Net: NetName=GND Pin=C1R-2
Added Pin To Net: NetName=GND Pin=C2C-1
Added Pin To Net: NetName=GND Pin=C2R-2
Added Pin To Net: NetName=3V3 Pin=C3C-1
Added Pin To Net: NetName=GND Pin=C3C-2
Added Pin To Net: NetName=3V3 Pin=C3R-1
Added Pin To Net: NetName=GND Pin=C3R-2
Added Pin To Net: NetName=5V Pin=C4C-1
Added Pin To Net: NetName=GND Pin=C4C-2
Added Pin To Net: NetName=3V3 Pin=C4R-1
Added Pin To Net: NetName=GND Pin=C4R-2
Added Pin To Net: NetName=3V3 Pin=C5C-1
Added Pin To Net: NetName=GND Pin=C5C-2
Added Pin To Net: NetName=3V3 Pin=C5R-1
Added Pin To Net: NetName=GND Pin=C5R-2
Added Pin To Net: NetName=3V3 Pin=C6R-1
Added Pin To Net: NetName=GND Pin=C6R-2
Added Pin To Net: NetName=3V3 Pin=C7R-1
Added Pin To Net: NetName=GND Pin=C7R-2
Added Pin To Net: NetName=3V3 Pin=C8R-1
Added Pin To Net: NetName=GND Pin=C8R-2
Added Pin To Net: NetName=3V3 Pin=C9R-1
Added Pin To Net: NetName=GND Pin=C9R-2
Added Pin To Net: NetName=3V3 Pin=C10R-1
Added Pin To Net: NetName=GND Pin=C10R-2
Added Pin To Net: NetName=GND Pin=C11R-2
Added Pin To Net: NetName=GND Pin=C12R-2
Added Pin To Net: NetName=GND Pin=C13R-2
Added Pin To Net: NetName=3V3 Pin=D1C-4
Added Pin To Net: NetName=CANL_RP2CAN Pin=J1-2
Added Pin To Net: NetName=CANH_RP2CAN Pin=J1-4
Added Pin To Net: NetName=3V3 Pin=J1R-2
Added Pin To Net: NetName=GND Pin=J1R-6
Added Pin To Net: NetName=CANL_RP2CAN Pin=J2-2
Added Pin To Net: NetName=CANH_RP2CAN Pin=J2-4
Added Pin To Net: NetName=3V3 Pin=R1C-1
Added Pin To Net: NetName=USB_P Pin=R2R-1
Added Pin To Net: NetName=USB_N Pin=R3R-1
Added Pin To Net: NetName=3V3 Pin=R4C-1
Added Pin To Net: NetName=3V3 Pin=R4R-1
Added Pin To Net: NetName=3V3 Pin=R5R-1
Added Pin To Net: NetName=GND Pin=R6C-2
Added Pin To Net: NetName=GND Pin=SW1C-6
Added Pin To Net: NetName=GND Pin=SW1R-B1
Added Pin To Net: NetName=GND Pin=SW1R-B2
Added Pin To Net: NetName=GND Pin=SW2R-B1
Added Pin To Net: NetName=GND Pin=SW2R-B2
Added Pin To Net: NetName=GND Pin=U1C-7
Added Pin To Net: NetName=3V3 Pin=U1C-14
Added Pin To Net: NetName=3V3 Pin=U1R-1
Added Pin To Net: NetName=RP2040 L Pin=U1R-2
Added Pin To Net: NetName=RP2040 R Pin=U1R-3
Added Pin To Net: NetName=3V3 Pin=U1R-10
Added Pin To Net: NetName=LEDR_RP2CAN Pin=U1R-16
Added Pin To Net: NetName=LEDG_RP2CAN Pin=U1R-17
Added Pin To Net: NetName=LEDB_RP2CAN Pin=U1R-18
Added Pin To Net: NetName=GND Pin=U1R-19
Added Pin To Net: NetName=3V3 Pin=U1R-22
Added Pin To Net: NetName=nCS_RP2CAN Pin=U1R-28
Added Pin To Net: NetName=SCK_RP2CAN Pin=U1R-29
Added Pin To Net: NetName=MOSI_RP2CAN Pin=U1R-30
Added Pin To Net: NetName=MISO_RP2CAN Pin=U1R-31
Added Pin To Net: NetName=CANCLK_RP2CAN Pin=U1R-32
Added Pin To Net: NetName=3V3 Pin=U1R-33
Added Pin To Net: NetName=INT_RP2CAN Pin=U1R-34
Added Pin To Net: NetName=3V3 Pin=U1R-42
Added Pin To Net: NetName=3V3 Pin=U1R-43
Added Pin To Net: NetName=3V3 Pin=U1R-44
Added Pin To Net: NetName=3V3 Pin=U1R-48
Added Pin To Net: NetName=3V3 Pin=U1R-49
Added Pin To Net: NetName=GND Pin=U1R-57
Added Pin To Net: NetName=GND Pin=U2C-2
Added Pin To Net: NetName=5V Pin=U2C-3
Added Pin To Net: NetName=3V3 Pin=U2C-5
Added Pin To Net: NetName=GND Pin=U2R-4
Added Pin To Net: NetName=3V3 Pin=U2R-8
Added Pin To Net: NetName=GND Pin=Y1R-2
Added Pin To Net: NetName=GND Pin=Y1R-4
Change Net Name : Old Net Name=3V3 New Net Name=3V3_RP2CAN
Change Net Name : Old Net Name=GND New Net Name=GND_RP2CAN
Add Net: Net with name "Local Oscillator" already exists
Added Class: Name=Power Sheet
Added Class: Name=Sheet 1
Change Room Name: Old Name=Acoustics Board New Name=Sheet 1
Change Room Scope: Old Scope=InComponentClass('Acoustics Board') New Scope=InComponentClass('Sheet 1')
