Change Component Comment : Designator=C1 Old Comment=0.22uF Ceramic 16V New Comment=27pF Ceramic 50V
Change Component Comment : Designator=C2 Old Comment=0.22uF Ceramic 16V New Comment=27pF Ceramic 50V
Change Component Comment : Designator=C3 Old Comment=0.22uF Ceramic 16V New Comment=27pF Ceramic 50V
Change Component Comment : Designator=C4 Old Comment=0.22uF Ceramic 16V New Comment=27pF Ceramic 50V
Change Component Comment : Designator=R1 Old Comment=1.45k Ohm 0.1% 1/10W New Comment=1k Ohm 5% 1/8W
Change Component Comment : Designator=R2 Old Comment=1.45k Ohm 0.1% 1/10W New Comment=1k Ohm 5% 1/8W
Change Component Comment : Designator=R3 Old Comment=1.45k Ohm 0.1% 1/10W New Comment=1k Ohm 5% 1/8W
Change Component Comment : Designator=R4 Old Comment=1.45k Ohm 0.1% 1/10W New Comment=1k Ohm 5% 1/8W
Change Component Description : Designator=C1 Old Description=CAP CER 0.22uF 16V X7R 0603 New Description=Cap 27pF 50V +/-5%
Ceramic 0603
Change Component Description : Designator=C2 Old Description=CAP CER 0.22uF 16V X7R 0603 New Description=Cap 27pF 50V +/-5%
Ceramic 0603
Change Component Description : Designator=C3 Old Description=CAP CER 0.22uF 16V X7R 0603 New Description=Cap 27pF 50V +/-5%
Ceramic 0603
Change Component Description : Designator=C4 Old Description=CAP CER 0.22uF 16V X7R 0603 New Description=Cap 27pF 50V +/-5%
Ceramic 0603
Change Component Description : Designator=R1 Old Description=RES 1.45K OHM 0.1% 1/10W 0603 New Description=RES 1k OHM 5% 1/8W 0603
Change Component Description : Designator=R2 Old Description=RES 1.45K OHM 0.1% 1/10W 0603 New Description=RES 1k OHM 5% 1/8W 0603
Change Component Description : Designator=R3 Old Description=RES 1.45K OHM 0.1% 1/10W 0603 New Description=RES 1k OHM 5% 1/8W 0603
Change Component Description : Designator=R4 Old Description=RES 1.45K OHM 0.1% 1/10W 0603 New Description=RES 1k OHM 5% 1/8W 0603
Change component parameters: Designator = "C1" ("C1"); Footprint = "CAPACITOR_0603"; UniqueID = "\TPFWGMJC\CIFNVTEW" ("\TPFWGMJC\CIFNVTEW")
Change component parameters (AddParameter): Name = "ComponentLink1Description"; Value = "Datsheet"; VariantName = "[No Variations]"
Change component parameters (AddParameter): Name = "ComponentLink1URL"; Value = "https://www.mouser.com/datasheet/2/212/KEM_C1002_X7R_SMD-1102033.pdf"; VariantName = "[No Variations]"
Change component parameters (AddParameter): Name = "Made By"; Value = "Flip B"; VariantName = "[No Variations]"
Change component parameters (AddParameter): Name = "Supplier 1"; Value = "Digi-Key"; VariantName = "[No Variations]"
Change component parameters (AddParameter): Name = "Supplier Part Number 1"; Value = "311-1063-1-ND"; VariantName = "[No Variations]"
Change component parameters (AddParameter): Name = "Tolerance"; Value = "+/- 5%"; VariantName = "[No Variations]"
Change component parameters (AddParameter): Name = "Value"; Value = "27pF"; VariantName = "[No Variations]"
Change component parameters (AddParameter): Name = "Verified By"; Value = ""; VariantName = "[No Variations]"
Change component parameters (AddParameter): Name = "Voltage"; Value = "50V"; VariantName = "[No Variations]"
Change component parameters: Designator = "C2" ("C2"); Footprint = "CAPACITOR_0603"; UniqueID = "\TPFWGMJC\UFFDAHBM" ("\TPFWGMJC\UFFDAHBM")
Change component parameters (AddParameter): Name = "ComponentLink1Description"; Value = "Datsheet"; VariantName = "[No Variations]"
Change component parameters (AddParameter): Name = "ComponentLink1URL"; Value = "https://www.mouser.com/datasheet/2/212/KEM_C1002_X7R_SMD-1102033.pdf"; VariantName = "[No Variations]"
Change component parameters (AddParameter): Name = "Made By"; Value = "Flip B"; VariantName = "[No Variations]"
Change component parameters (AddParameter): Name = "Supplier 1"; Value = "Digi-Key"; VariantName = "[No Variations]"
Change component parameters (AddParameter): Name = "Supplier Part Number 1"; Value = "311-1063-1-ND"; VariantName = "[No Variations]"
Change component parameters (AddParameter): Name = "Tolerance"; Value = "+/- 5%"; VariantName = "[No Variations]"
Change component parameters (AddParameter): Name = "Value"; Value = "27pF"; VariantName = "[No Variations]"
Change component parameters (AddParameter): Name = "Verified By"; Value = ""; VariantName = "[No Variations]"
Change component parameters (AddParameter): Name = "Voltage"; Value = "50V"; VariantName = "[No Variations]"
Change component parameters: Designator = "C3" ("C3"); Footprint = "CAPACITOR_0603"; UniqueID = "\TPFWGMJC\OANDACKY" ("\TPFWGMJC\OANDACKY")
Change component parameters (AddParameter): Name = "ComponentLink1Description"; Value = "Datsheet"; VariantName = "[No Variations]"
Change component parameters (AddParameter): Name = "ComponentLink1URL"; Value = "https://www.mouser.com/datasheet/2/212/KEM_C1002_X7R_SMD-1102033.pdf"; VariantName = "[No Variations]"
Change component parameters (AddParameter): Name = "Made By"; Value = "Flip B"; VariantName = "[No Variations]"
Change component parameters (AddParameter): Name = "Supplier 1"; Value = "Digi-Key"; VariantName = "[No Variations]"
Change component parameters (AddParameter): Name = "Supplier Part Number 1"; Value = "311-1063-1-ND"; VariantName = "[No Variations]"
Change component parameters (AddParameter): Name = "Tolerance"; Value = "+/- 5%"; VariantName = "[No Variations]"
Change component parameters (AddParameter): Name = "Value"; Value = "27pF"; VariantName = "[No Variations]"
Change component parameters (AddParameter): Name = "Verified By"; Value = ""; VariantName = "[No Variations]"
Change component parameters (AddParameter): Name = "Voltage"; Value = "50V"; VariantName = "[No Variations]"
Change component parameters: Designator = "C4" ("C4"); Footprint = "CAPACITOR_0603"; UniqueID = "\TPFWGMJC\DJXHTDWG" ("\TPFWGMJC\DJXHTDWG")
Change component parameters (AddParameter): Name = "ComponentLink1Description"; Value = "Datsheet"; VariantName = "[No Variations]"
Change component parameters (AddParameter): Name = "ComponentLink1URL"; Value = "https://www.mouser.com/datasheet/2/212/KEM_C1002_X7R_SMD-1102033.pdf"; VariantName = "[No Variations]"
Change component parameters (AddParameter): Name = "Made By"; Value = "Flip B"; VariantName = "[No Variations]"
Change component parameters (AddParameter): Name = "Supplier 1"; Value = "Digi-Key"; VariantName = "[No Variations]"
Change component parameters (AddParameter): Name = "Supplier Part Number 1"; Value = "311-1063-1-ND"; VariantName = "[No Variations]"
Change component parameters (AddParameter): Name = "Tolerance"; Value = "+/- 5%"; VariantName = "[No Variations]"
Change component parameters (AddParameter): Name = "Value"; Value = "27pF"; VariantName = "[No Variations]"
Change component parameters (AddParameter): Name = "Verified By"; Value = ""; VariantName = "[No Variations]"
Change component parameters (AddParameter): Name = "Voltage"; Value = "50V"; VariantName = "[No Variations]"
Change component parameters: Designator = "L1" ("L1"); Footprint = "INDUCTOR_0603"; UniqueID = "\TPFWGMJC\BEOUPNJT" ("\TPFWGMJC\BEOUPNJT")
Change component parameters (AddParameter): Name = "Current Rating"; Value = "2.1A"; VariantName = "[No Variations]"
Change component parameters (AddParameter): Name = "DC Resistance"; Value = "36mOhm"; VariantName = "[No Variations]"
Change component parameters (AddParameter): Name = "Made By"; Value = "Robert Pafford"; VariantName = "[No Variations]"
Change component parameters (AddParameter): Name = "Supplier 1"; Value = "Arrow Electronics"; VariantName = "[No Variations]"
Change component parameters (AddParameter): Name = "Supplier Part Number 1"; Value = "MLF1608E120JTD25"; VariantName = "[No Variations]"
Change component parameters (AddParameter): Name = "Tolerance"; Value = "+/- 20%"; VariantName = "[No Variations]"
Change component parameters (AddParameter): Name = "Value"; Value = "12uH"; VariantName = "[No Variations]"
Change component parameters (AddParameter): Name = "Verified By"; Value = ""; VariantName = "[No Variations]"
Change component parameters: Designator = "L2" ("L2"); Footprint = "INDUCTOR_0603"; UniqueID = "\TPFWGMJC\ENBYYXKD" ("\TPFWGMJC\ENBYYXKD")
Change component parameters (AddParameter): Name = "Current Rating"; Value = "2.1A"; VariantName = "[No Variations]"
Change component parameters (AddParameter): Name = "DC Resistance"; Value = "36mOhm"; VariantName = "[No Variations]"
Change component parameters (AddParameter): Name = "Made By"; Value = "Robert Pafford"; VariantName = "[No Variations]"
Change component parameters (AddParameter): Name = "Supplier 1"; Value = "Arrow Electronics"; VariantName = "[No Variations]"
Change component parameters (AddParameter): Name = "Supplier Part Number 1"; Value = "MLF1608E120JTD25"; VariantName = "[No Variations]"
Change component parameters (AddParameter): Name = "Tolerance"; Value = "+/- 20%"; VariantName = "[No Variations]"
Change component parameters (AddParameter): Name = "Value"; Value = "12uH"; VariantName = "[No Variations]"
Change component parameters (AddParameter): Name = "Verified By"; Value = ""; VariantName = "[No Variations]"
Change component parameters: Designator = "L3" ("L3"); Footprint = "INDUCTOR_0603"; UniqueID = "\TPFWGMJC\HGIAEIXN" ("\TPFWGMJC\HGIAEIXN")
Change component parameters (AddParameter): Name = "Current Rating"; Value = "2.1A"; VariantName = "[No Variations]"
Change component parameters (AddParameter): Name = "DC Resistance"; Value = "36mOhm"; VariantName = "[No Variations]"
Change component parameters (AddParameter): Name = "Made By"; Value = "Robert Pafford"; VariantName = "[No Variations]"
Change component parameters (AddParameter): Name = "Supplier 1"; Value = "Arrow Electronics"; VariantName = "[No Variations]"
Change component parameters (AddParameter): Name = "Supplier Part Number 1"; Value = "MLF1608E120JTD25"; VariantName = "[No Variations]"
Change component parameters (AddParameter): Name = "Tolerance"; Value = "+/- 20%"; VariantName = "[No Variations]"
Change component parameters (AddParameter): Name = "Value"; Value = "12uH"; VariantName = "[No Variations]"
Change component parameters (AddParameter): Name = "Verified By"; Value = ""; VariantName = "[No Variations]"
Change component parameters: Designator = "L4" ("L4"); Footprint = "INDUCTOR_0603"; UniqueID = "\TPFWGMJC\RTFLFKEQ" ("\TPFWGMJC\RTFLFKEQ")
Change component parameters (AddParameter): Name = "Current Rating"; Value = "2.1A"; VariantName = "[No Variations]"
Change component parameters (AddParameter): Name = "DC Resistance"; Value = "36mOhm"; VariantName = "[No Variations]"
Change component parameters (AddParameter): Name = "Made By"; Value = "Robert Pafford"; VariantName = "[No Variations]"
Change component parameters (AddParameter): Name = "Supplier 1"; Value = "Arrow Electronics"; VariantName = "[No Variations]"
Change component parameters (AddParameter): Name = "Supplier Part Number 1"; Value = "MLF1608E120JTD25"; VariantName = "[No Variations]"
Change component parameters (AddParameter): Name = "Tolerance"; Value = "+/- 20%"; VariantName = "[No Variations]"
Change component parameters (AddParameter): Name = "Value"; Value = "12uH"; VariantName = "[No Variations]"
Change component parameters (AddParameter): Name = "Verified By"; Value = ""; VariantName = "[No Variations]"
Change component parameters: Designator = "R1" ("R1"); Footprint = "RESISTOR_0603"; UniqueID = "\TPFWGMJC\YVWUXDTZ" ("\TPFWGMJC\YVWUXDTZ")
Change component parameters (AddParameter): Name = "ComponentLink1Description"; Value = "Datasheet"; VariantName = "[No Variations]"
Change component parameters (AddParameter): Name = "ComponentLink1URL"; Value = "https://www.bourns.com/docs/product-datasheets/CRxxxxx.pdf"; VariantName = "[No Variations]"
Change component parameters (AddParameter): Name = "Digikey Part Numer"; Value = "CR0603-JW-104ELFTR-ND"; VariantName = "[No Variations]"
Change component parameters (AddParameter): Name = "Made By"; Value = "Robert Pafford"; VariantName = "[No Variations]"
Change component parameters (AddParameter): Name = "Supplier"; Value = "Digikey"; VariantName = "[No Variations]"
Change component parameters (AddParameter): Name = "Supplier 1"; Value = "Digi-Key"; VariantName = "[No Variations]"
Change component parameters (AddParameter): Name = "Supplier Part Number 1"; Value = "2019-RK73B1JTTD102JCT-ND"; VariantName = "[No Variations]"
Change component parameters (AddParameter): Name = "Tolerance"; Value = "+/- 5%"; VariantName = "[No Variations]"
Change component parameters (AddParameter): Name = "Value  (Ohms)"; Value = "1K"; VariantName = "[No Variations]"
Change component parameters (AddParameter): Name = "Verified By"; Value = ""; VariantName = "[No Variations]"
Change component parameters (AddParameter): Name = "Wattage"; Value = "1/8W"; VariantName = "[No Variations]"
Change component parameters: Designator = "R2" ("R2"); Footprint = "RESISTOR_0603"; UniqueID = "\TPFWGMJC\LMMTHEIV" ("\TPFWGMJC\LMMTHEIV")
Change component parameters (AddParameter): Name = "ComponentLink1Description"; Value = "Datasheet"; VariantName = "[No Variations]"
Change component parameters (AddParameter): Name = "ComponentLink1URL"; Value = "https://www.bourns.com/docs/product-datasheets/CRxxxxx.pdf"; VariantName = "[No Variations]"
Change component parameters (AddParameter): Name = "Digikey Part Numer"; Value = "CR0603-JW-104ELFTR-ND"; VariantName = "[No Variations]"
Change component parameters (AddParameter): Name = "Made By"; Value = "Robert Pafford"; VariantName = "[No Variations]"
Change component parameters (AddParameter): Name = "Supplier"; Value = "Digikey"; VariantName = "[No Variations]"
Change component parameters (AddParameter): Name = "Supplier 1"; Value = "Digi-Key"; VariantName = "[No Variations]"
Change component parameters (AddParameter): Name = "Supplier Part Number 1"; Value = "2019-RK73B1JTTD102JCT-ND"; VariantName = "[No Variations]"
Change component parameters (AddParameter): Name = "Tolerance"; Value = "+/- 5%"; VariantName = "[No Variations]"
Change component parameters (AddParameter): Name = "Value  (Ohms)"; Value = "1K"; VariantName = "[No Variations]"
Change component parameters (AddParameter): Name = "Verified By"; Value = ""; VariantName = "[No Variations]"
Change component parameters (AddParameter): Name = "Wattage"; Value = "1/8W"; VariantName = "[No Variations]"
Change component parameters: Designator = "R3" ("R3"); Footprint = "RESISTOR_0603"; UniqueID = "\TPFWGMJC\LQUBWSQZ" ("\TPFWGMJC\LQUBWSQZ")
Change component parameters (AddParameter): Name = "ComponentLink1Description"; Value = "Datasheet"; VariantName = "[No Variations]"
Change component parameters (AddParameter): Name = "ComponentLink1URL"; Value = "https://www.bourns.com/docs/product-datasheets/CRxxxxx.pdf"; VariantName = "[No Variations]"
Change component parameters (AddParameter): Name = "Digikey Part Numer"; Value = "CR0603-JW-104ELFTR-ND"; VariantName = "[No Variations]"
Change component parameters (AddParameter): Name = "Made By"; Value = "Robert Pafford"; VariantName = "[No Variations]"
Change component parameters (AddParameter): Name = "Supplier"; Value = "Digikey"; VariantName = "[No Variations]"
Change component parameters (AddParameter): Name = "Supplier 1"; Value = "Digi-Key"; VariantName = "[No Variations]"
Change component parameters (AddParameter): Name = "Supplier Part Number 1"; Value = "2019-RK73B1JTTD102JCT-ND"; VariantName = "[No Variations]"
Change component parameters (AddParameter): Name = "Tolerance"; Value = "+/- 5%"; VariantName = "[No Variations]"
Change component parameters (AddParameter): Name = "Value  (Ohms)"; Value = "1K"; VariantName = "[No Variations]"
Change component parameters (AddParameter): Name = "Verified By"; Value = ""; VariantName = "[No Variations]"
Change component parameters (AddParameter): Name = "Wattage"; Value = "1/8W"; VariantName = "[No Variations]"
Change component parameters: Designator = "R4" ("R4"); Footprint = "RESISTOR_0603"; UniqueID = "\TPFWGMJC\AHFWAVYC" ("\TPFWGMJC\AHFWAVYC")
Change component parameters (AddParameter): Name = "ComponentLink1Description"; Value = "Datasheet"; VariantName = "[No Variations]"
Change component parameters (AddParameter): Name = "ComponentLink1URL"; Value = "https://www.bourns.com/docs/product-datasheets/CRxxxxx.pdf"; VariantName = "[No Variations]"
Change component parameters (AddParameter): Name = "Digikey Part Numer"; Value = "CR0603-JW-104ELFTR-ND"; VariantName = "[No Variations]"
Change component parameters (AddParameter): Name = "Made By"; Value = "Robert Pafford"; VariantName = "[No Variations]"
Change component parameters (AddParameter): Name = "Supplier"; Value = "Digikey"; VariantName = "[No Variations]"
Change component parameters (AddParameter): Name = "Supplier 1"; Value = "Digi-Key"; VariantName = "[No Variations]"
Change component parameters (AddParameter): Name = "Supplier Part Number 1"; Value = "2019-RK73B1JTTD102JCT-ND"; VariantName = "[No Variations]"
Change component parameters (AddParameter): Name = "Tolerance"; Value = "+/- 5%"; VariantName = "[No Variations]"
Change component parameters (AddParameter): Name = "Value  (Ohms)"; Value = "1K"; VariantName = "[No Variations]"
Change component parameters (AddParameter): Name = "Verified By"; Value = ""; VariantName = "[No Variations]"
Change component parameters (AddParameter): Name = "Wattage"; Value = "1/8W"; VariantName = "[No Variations]"
Change component parameters: Designator = "R5" ("R5"); Footprint = "TRIM_TC33X-2-203E"; UniqueID = "\TPFWGMJC\RZPHEOFC" ("\TPFWGMJC\RZPHEOFC")
Change component parameters (AddParameter): Name = "Check_prices"; Value = "https://www.snapeda.com/parts/TC33X-2-203E/Bourns/view-part/312812/?ref=eda"; VariantName = "[No Variations]"
Change component parameters (AddParameter): Name = "Digi-Key_Part_Number"; Value = "TC33X-2-203ECT-ND"; VariantName = "[No Variations]"
Change component parameters (AddParameter): Name = "MF"; Value = "Bourns"; VariantName = "[No Variations]"
Change component parameters (AddParameter): Name = "MP"; Value = "TC33X-2-203E"; VariantName = "[No Variations]"
Change component parameters (AddParameter): Name = "Package"; Value = "1608 Bourns"; VariantName = "[No Variations]"
Change component parameters (AddParameter): Name = "Purchase-URL"; Value = "https://pricing.snapeda.com/search/part/TC33X-2-203E/?ref=eda"; VariantName = "[No Variations]"
Change component parameters (AddParameter): Name = "SnapEDA_Link"; Value = "https://www.snapeda.com/parts/TC33X-2-203E/Bourns/view-part/312812/?ref=snap"; VariantName = "[No Variations]"
Change component parameters (AddParameter): Name = "Supplier 1"; Value = "Mouser"; VariantName = "[No Variations]"
Change component parameters (AddParameter): Name = "Supplier Part Number 1"; Value = "652-TC33X-2-203E"; VariantName = "[No Variations]"
Change component parameters (AddParameter): Name = "Value"; Value = ""; VariantName = "[No Variations]"
Change component parameters: Designator = "R6" ("R6"); Footprint = "TRIM_TC33X-2-203E"; UniqueID = "\TPFWGMJC\EMKCNMIE" ("\TPFWGMJC\EMKCNMIE")
Change component parameters (AddParameter): Name = "Check_prices"; Value = "https://www.snapeda.com/parts/TC33X-2-203E/Bourns/view-part/312812/?ref=eda"; VariantName = "[No Variations]"
Change component parameters (AddParameter): Name = "Digi-Key_Part_Number"; Value = "TC33X-2-203ECT-ND"; VariantName = "[No Variations]"
Change component parameters (AddParameter): Name = "MF"; Value = "Bourns"; VariantName = "[No Variations]"
Change component parameters (AddParameter): Name = "MP"; Value = "TC33X-2-203E"; VariantName = "[No Variations]"
Change component parameters (AddParameter): Name = "Package"; Value = "1608 Bourns"; VariantName = "[No Variations]"
Change component parameters (AddParameter): Name = "Purchase-URL"; Value = "https://pricing.snapeda.com/search/part/TC33X-2-203E/?ref=eda"; VariantName = "[No Variations]"
Change component parameters (AddParameter): Name = "SnapEDA_Link"; Value = "https://www.snapeda.com/parts/TC33X-2-203E/Bourns/view-part/312812/?ref=snap"; VariantName = "[No Variations]"
Change component parameters (AddParameter): Name = "Supplier 1"; Value = "Mouser"; VariantName = "[No Variations]"
Change component parameters (AddParameter): Name = "Supplier Part Number 1"; Value = "652-TC33X-2-203E"; VariantName = "[No Variations]"
Change component parameters (AddParameter): Name = "Value"; Value = ""; VariantName = "[No Variations]"
Change component parameters: Designator = "R13" ("R13"); Footprint = "TRIM_TC33X-2-203E"; UniqueID = "\TPFWGMJC\KUKQHNLL" ("\TPFWGMJC\KUKQHNLL")
Change component parameters (AddParameter): Name = "Check_prices"; Value = "https://www.snapeda.com/parts/TC33X-2-203E/Bourns/view-part/312812/?ref=eda"; VariantName = "[No Variations]"
Change component parameters (AddParameter): Name = "Digi-Key_Part_Number"; Value = "TC33X-2-203ECT-ND"; VariantName = "[No Variations]"
Change component parameters (AddParameter): Name = "MF"; Value = "Bourns"; VariantName = "[No Variations]"
Change component parameters (AddParameter): Name = "MP"; Value = "TC33X-2-203E"; VariantName = "[No Variations]"
Change component parameters (AddParameter): Name = "Package"; Value = "1608 Bourns"; VariantName = "[No Variations]"
Change component parameters (AddParameter): Name = "Purchase-URL"; Value = "https://pricing.snapeda.com/search/part/TC33X-2-203E/?ref=eda"; VariantName = "[No Variations]"
Change component parameters (AddParameter): Name = "SnapEDA_Link"; Value = "https://www.snapeda.com/parts/TC33X-2-203E/Bourns/view-part/312812/?ref=snap"; VariantName = "[No Variations]"
Change component parameters (AddParameter): Name = "Supplier 1"; Value = "Mouser"; VariantName = "[No Variations]"
Change component parameters (AddParameter): Name = "Supplier Part Number 1"; Value = "652-TC33X-2-203E"; VariantName = "[No Variations]"
Change component parameters (AddParameter): Name = "Value"; Value = ""; VariantName = "[No Variations]"
Change component parameters: Designator = "R14" ("R14"); Footprint = "TRIM_TC33X-2-203E"; UniqueID = "\TPFWGMJC\VWFGHICA" ("\TPFWGMJC\VWFGHICA")
Change component parameters (AddParameter): Name = "Check_prices"; Value = "https://www.snapeda.com/parts/TC33X-2-203E/Bourns/view-part/312812/?ref=eda"; VariantName = "[No Variations]"
Change component parameters (AddParameter): Name = "Digi-Key_Part_Number"; Value = "TC33X-2-203ECT-ND"; VariantName = "[No Variations]"
Change component parameters (AddParameter): Name = "MF"; Value = "Bourns"; VariantName = "[No Variations]"
Change component parameters (AddParameter): Name = "MP"; Value = "TC33X-2-203E"; VariantName = "[No Variations]"
Change component parameters (AddParameter): Name = "Package"; Value = "1608 Bourns"; VariantName = "[No Variations]"
Change component parameters (AddParameter): Name = "Purchase-URL"; Value = "https://pricing.snapeda.com/search/part/TC33X-2-203E/?ref=eda"; VariantName = "[No Variations]"
Change component parameters (AddParameter): Name = "SnapEDA_Link"; Value = "https://www.snapeda.com/parts/TC33X-2-203E/Bourns/view-part/312812/?ref=snap"; VariantName = "[No Variations]"
Change component parameters (AddParameter): Name = "Supplier 1"; Value = "Mouser"; VariantName = "[No Variations]"
Change component parameters (AddParameter): Name = "Supplier Part Number 1"; Value = "652-TC33X-2-203E"; VariantName = "[No Variations]"
Change component parameters (AddParameter): Name = "Value"; Value = ""; VariantName = "[No Variations]"
Added Component: Designator=C7(CAPACITOR_0402)
Add component (AddParameter): Name = "Made By"; Value = "Robert Pafford"; VariantName = "[No Variations]"
Add component (AddParameter): Name = "Supplier 1"; Value = "Digi-Key"; VariantName = "[No Variations]"
Add component (AddParameter): Name = "Supplier Part Number 1"; Value = "478-0402YD105KAT4ADKR-ND"; VariantName = "[No Variations]"
Add component (AddParameter): Name = "Tolerance"; Value = "+/- 10%"; VariantName = "[No Variations]"
Add component (AddParameter): Name = "Value"; Value = "1uF"; VariantName = "[No Variations]"
Add component (AddParameter): Name = "Verified By"; Value = ""; VariantName = "[No Variations]"
Add component (AddParameter): Name = "Voltage"; Value = "16V"; VariantName = "[No Variations]"
Added Component: Designator=C8(CAPACITOR_0402)
Add component (AddParameter): Name = "Made By"; Value = "Robert Pafford"; VariantName = "[No Variations]"
Add component (AddParameter): Name = "Supplier 1"; Value = "Digi-Key"; VariantName = "[No Variations]"
Add component (AddParameter): Name = "Supplier Part Number 1"; Value = "478-0402YD105KAT4ADKR-ND"; VariantName = "[No Variations]"
Add component (AddParameter): Name = "Tolerance"; Value = "+/- 10%"; VariantName = "[No Variations]"
Add component (AddParameter): Name = "Value"; Value = "1uF"; VariantName = "[No Variations]"
Add component (AddParameter): Name = "Verified By"; Value = ""; VariantName = "[No Variations]"
Add component (AddParameter): Name = "Voltage"; Value = "16V"; VariantName = "[No Variations]"
Added Component: Designator=C9(CAPACITOR_0402)
Add component (AddParameter): Name = "Made By"; Value = "Robert Pafford"; VariantName = "[No Variations]"
Add component (AddParameter): Name = "Supplier 1"; Value = "Digi-Key"; VariantName = "[No Variations]"
Add component (AddParameter): Name = "Supplier Part Number 1"; Value = "478-0402YD105KAT4ADKR-ND"; VariantName = "[No Variations]"
Add component (AddParameter): Name = "Tolerance"; Value = "+/- 10%"; VariantName = "[No Variations]"
Add component (AddParameter): Name = "Value"; Value = "1uF"; VariantName = "[No Variations]"
Add component (AddParameter): Name = "Verified By"; Value = ""; VariantName = "[No Variations]"
Add component (AddParameter): Name = "Voltage"; Value = "16V"; VariantName = "[No Variations]"
Added Component: Designator=C10(CAPACITOR_0402)
Add component (AddParameter): Name = "Made By"; Value = "Robert Pafford"; VariantName = "[No Variations]"
Add component (AddParameter): Name = "Supplier 1"; Value = "Digi-Key"; VariantName = "[No Variations]"
Add component (AddParameter): Name = "Supplier Part Number 1"; Value = "478-0402YD105KAT4ADKR-ND"; VariantName = "[No Variations]"
Add component (AddParameter): Name = "Tolerance"; Value = "+/- 10%"; VariantName = "[No Variations]"
Add component (AddParameter): Name = "Value"; Value = "1uF"; VariantName = "[No Variations]"
Add component (AddParameter): Name = "Verified By"; Value = ""; VariantName = "[No Variations]"
Add component (AddParameter): Name = "Voltage"; Value = "16V"; VariantName = "[No Variations]"
Added Component: Designator=C11(CAPACITOR_0402)
Add component (AddParameter): Name = "Made By"; Value = "Robert Pafford"; VariantName = "[No Variations]"
Add component (AddParameter): Name = "Supplier 1"; Value = "Digi-Key"; VariantName = "[No Variations]"
Add component (AddParameter): Name = "Supplier Part Number 1"; Value = "478-0402YD105KAT4ADKR-ND"; VariantName = "[No Variations]"
Add component (AddParameter): Name = "Tolerance"; Value = "+/- 10%"; VariantName = "[No Variations]"
Add component (AddParameter): Name = "Value"; Value = "1uF"; VariantName = "[No Variations]"
Add component (AddParameter): Name = "Verified By"; Value = ""; VariantName = "[No Variations]"
Add component (AddParameter): Name = "Voltage"; Value = "16V"; VariantName = "[No Variations]"
Added Component: Designator=C12(CAPACITOR_0402)
Add component (AddParameter): Name = "Made By"; Value = "Robert Pafford"; VariantName = "[No Variations]"
Add component (AddParameter): Name = "Supplier 1"; Value = "Digi-Key"; VariantName = "[No Variations]"
Add component (AddParameter): Name = "Supplier Part Number 1"; Value = "478-0402YD105KAT4ADKR-ND"; VariantName = "[No Variations]"
Add component (AddParameter): Name = "Tolerance"; Value = "+/- 10%"; VariantName = "[No Variations]"
Add component (AddParameter): Name = "Value"; Value = "1uF"; VariantName = "[No Variations]"
Add component (AddParameter): Name = "Verified By"; Value = ""; VariantName = "[No Variations]"
Add component (AddParameter): Name = "Voltage"; Value = "16V"; VariantName = "[No Variations]"
Added Component: Designator=C13(CAPACITOR_0402)
Add component (AddParameter): Name = "Made By"; Value = "Robert Pafford"; VariantName = "[No Variations]"
Add component (AddParameter): Name = "Supplier 1"; Value = "Digi-Key"; VariantName = "[No Variations]"
Add component (AddParameter): Name = "Supplier Part Number 1"; Value = "478-0402YD105KAT4ADKR-ND"; VariantName = "[No Variations]"
Add component (AddParameter): Name = "Tolerance"; Value = "+/- 10%"; VariantName = "[No Variations]"
Add component (AddParameter): Name = "Value"; Value = "1uF"; VariantName = "[No Variations]"
Add component (AddParameter): Name = "Verified By"; Value = ""; VariantName = "[No Variations]"
Add component (AddParameter): Name = "Voltage"; Value = "16V"; VariantName = "[No Variations]"
Added Component: Designator=C14(CAPACITOR_0402)
Add component (AddParameter): Name = "Made By"; Value = "Robert Pafford"; VariantName = "[No Variations]"
Add component (AddParameter): Name = "Supplier 1"; Value = "Digi-Key"; VariantName = "[No Variations]"
Add component (AddParameter): Name = "Supplier Part Number 1"; Value = "478-0402YD105KAT4ADKR-ND"; VariantName = "[No Variations]"
Add component (AddParameter): Name = "Tolerance"; Value = "+/- 10%"; VariantName = "[No Variations]"
Add component (AddParameter): Name = "Value"; Value = "1uF"; VariantName = "[No Variations]"
Add component (AddParameter): Name = "Verified By"; Value = ""; VariantName = "[No Variations]"
Add component (AddParameter): Name = "Voltage"; Value = "16V"; VariantName = "[No Variations]"
Added Component: Designator=C15(CAPACITOR_0402)
Add component (AddParameter): Name = "Made By"; Value = "Robert Pafford"; VariantName = "[No Variations]"
Add component (AddParameter): Name = "Supplier 1"; Value = "Digi-Key"; VariantName = "[No Variations]"
Add component (AddParameter): Name = "Supplier Part Number 1"; Value = "478-0402YD105KAT4ADKR-ND"; VariantName = "[No Variations]"
Add component (AddParameter): Name = "Tolerance"; Value = "+/- 10%"; VariantName = "[No Variations]"
Add component (AddParameter): Name = "Value"; Value = "1uF"; VariantName = "[No Variations]"
Add component (AddParameter): Name = "Verified By"; Value = ""; VariantName = "[No Variations]"
Add component (AddParameter): Name = "Voltage"; Value = "16V"; VariantName = "[No Variations]"
Added Component: Designator=C16(CAPACITOR_0402)
Add component (AddParameter): Name = "Made By"; Value = "Robert Pafford"; VariantName = "[No Variations]"
Add component (AddParameter): Name = "Supplier 1"; Value = "Digi-Key"; VariantName = "[No Variations]"
Add component (AddParameter): Name = "Supplier Part Number 1"; Value = "478-0402YD105KAT4ADKR-ND"; VariantName = "[No Variations]"
Add component (AddParameter): Name = "Tolerance"; Value = "+/- 10%"; VariantName = "[No Variations]"
Add component (AddParameter): Name = "Value"; Value = "1uF"; VariantName = "[No Variations]"
Add component (AddParameter): Name = "Verified By"; Value = ""; VariantName = "[No Variations]"
Add component (AddParameter): Name = "Voltage"; Value = "16V"; VariantName = "[No Variations]"
Added Component: Designator=C17(CAPACITOR_0402)
Add component (AddParameter): Name = "Made By"; Value = "Robert Pafford"; VariantName = "[No Variations]"
Add component (AddParameter): Name = "Supplier 1"; Value = "Digi-Key"; VariantName = "[No Variations]"
Add component (AddParameter): Name = "Supplier Part Number 1"; Value = "478-0402YD105KAT4ADKR-ND"; VariantName = "[No Variations]"
Add component (AddParameter): Name = "Tolerance"; Value = "+/- 10%"; VariantName = "[No Variations]"
Add component (AddParameter): Name = "Value"; Value = "1uF"; VariantName = "[No Variations]"
Add component (AddParameter): Name = "Verified By"; Value = ""; VariantName = "[No Variations]"
Add component (AddParameter): Name = "Voltage"; Value = "16V"; VariantName = "[No Variations]"
Added Component: Designator=C18(CAPACITOR_0402)
Add component (AddParameter): Name = "Made By"; Value = "Robert Pafford"; VariantName = "[No Variations]"
Add component (AddParameter): Name = "Supplier 1"; Value = "Digi-Key"; VariantName = "[No Variations]"
Add component (AddParameter): Name = "Supplier Part Number 1"; Value = "478-0402YD105KAT4ADKR-ND"; VariantName = "[No Variations]"
Add component (AddParameter): Name = "Tolerance"; Value = "+/- 10%"; VariantName = "[No Variations]"
Add component (AddParameter): Name = "Value"; Value = "1uF"; VariantName = "[No Variations]"
Add component (AddParameter): Name = "Verified By"; Value = ""; VariantName = "[No Variations]"
Add component (AddParameter): Name = "Voltage"; Value = "16V"; VariantName = "[No Variations]"
Added Component: Designator=C19(CAPACITOR_0402)
Add component (AddParameter): Name = "Made By"; Value = "Robert Pafford"; VariantName = "[No Variations]"
Add component (AddParameter): Name = "Supplier 1"; Value = "Digi-Key"; VariantName = "[No Variations]"
Add component (AddParameter): Name = "Supplier Part Number 1"; Value = "478-0402YD105KAT4ADKR-ND"; VariantName = "[No Variations]"
Add component (AddParameter): Name = "Tolerance"; Value = "+/- 10%"; VariantName = "[No Variations]"
Add component (AddParameter): Name = "Value"; Value = "1uF"; VariantName = "[No Variations]"
Add component (AddParameter): Name = "Verified By"; Value = ""; VariantName = "[No Variations]"
Add component (AddParameter): Name = "Voltage"; Value = "16V"; VariantName = "[No Variations]"
Added Component: Designator=D3(DO-214AB)
Add component (AddParameter): Name = "ComponentLink1Description"; Value = "Datasheet"; VariantName = "[No Variations]"
Add component (AddParameter): Name = "ComponentLink1URL"; Value = "https://www.onsemi.com/pdf/datasheet/mbr0520lt1-d.pdf"; VariantName = "[No Variations]"
Add component (AddParameter): Name = "Forward Current"; Value = "3A"; VariantName = "[No Variations]"
Add component (AddParameter): Name = "Forward Voltage"; Value = "500mV"; VariantName = "[No Variations]"
Add component (AddParameter): Name = "Made By"; Value = "Tyson N."; VariantName = "[No Variations]"
Add component (AddParameter): Name = "Package"; Value = "DO-214AB"; VariantName = "[No Variations]"
Add component (AddParameter): Name = "Supplier 1"; Value = "RSComponents"; VariantName = "[No Variations]"
Add component (AddParameter): Name = "Supplier Part Number 1"; Value = "7513269"; VariantName = "[No Variations]"
Add component (AddParameter): Name = "Verified By"; Value = ""; VariantName = "[No Variations]"
Added Component: Designator=L5(INDUCTOR_0402)
Add component (AddParameter): Name = "Tolerance"; Value = "+/- 5%"; VariantName = "[No Variations]"
Add component (AddParameter): Name = "Value"; Value = "15nH"; VariantName = "[No Variations]"
Add component (AddParameter): Name = "Verified By"; Value = ""; VariantName = "[No Variations]"
Added Component: Designator=Q2(SOT-23-3)
Add component (AddParameter): Name = "Amp Rating"; Value = "7.3 A"; VariantName = "[No Variations]"
Add component (AddParameter): Name = "Created By"; Value = "Dylan T"; VariantName = "[No Variations]"
Add component (AddParameter): Name = "FET Type"; Value = "N-Channel"; VariantName = "[No Variations]"
Add component (AddParameter): Name = "Manufacturer _Part_Number"; Value = "PMV13XNEAR"; VariantName = "[No Variations]"
Add component (AddParameter): Name = "Package"; Value = "SOT23-3L"; VariantName = "[No Variations]"
Add component (AddParameter): Name = "Power Dissipation"; Value = "610mW (Ta), 8.3W (Tc)"; VariantName = "[No Variations]"
Add component (AddParameter): Name = "Rds (on)"; Value = "15mOhm @ 7.3A, 8V"; VariantName = "[No Variations]"
Add component (AddParameter): Name = "SourceLibrary"; Value = "ON_Semiconductor_2020-01-13"; VariantName = "[No Variations]"
Add component (AddParameter): Name = "Supplier 1"; Value = "Mouser"; VariantName = "[No Variations]"
Add component (AddParameter): Name = "Supplier Part Number 1"; Value = "771-PMV13XNEAR"; VariantName = "[No Variations]"
Add component (AddParameter): Name = "Vdss"; Value = "20 V"; VariantName = "[No Variations]"
Add component (AddParameter): Name = "Vendor"; Value = "Nexperia USA Inc."; VariantName = "[No Variations]"
Add component (AddParameter): Name = "Verified By"; Value = ""; VariantName = "[No Variations]"
Add component (AddParameter): Name = "Vgs (Max)"; Value = "+/- 12 V"; VariantName = "[No Variations]"
Add component (AddParameter): Name = "Vgs (th)"; Value = "1.3V @ 250uA"; VariantName = "[No Variations]"
Added Component: Designator=R15(RESISTOR_0402)
Add component (AddParameter): Name = "Digikey Part Numer"; Value = "CR0603-JW-104ELFTR-ND"; VariantName = "[No Variations]"
Add component (AddParameter): Name = "Made By"; Value = "Robert Pafford"; VariantName = "[No Variations]"
Add component (AddParameter): Name = "Supplier"; Value = "Digikey"; VariantName = "[No Variations]"
Add component (AddParameter): Name = "Supplier 1"; Value = "Digi-Key"; VariantName = "[No Variations]"
Add component (AddParameter): Name = "Supplier Part Number 1"; Value = "13-AC0402FR-131KLCT-ND"; VariantName = "[No Variations]"
Add component (AddParameter): Name = "Tolerance"; Value = "+/- 1%"; VariantName = "[No Variations]"
Add component (AddParameter): Name = "Value  (Ohms)"; Value = "1K"; VariantName = "[No Variations]"
Add component (AddParameter): Name = "Verified By"; Value = ""; VariantName = "[No Variations]"
Add component (AddParameter): Name = "Wattage"; Value = "1/16W"; VariantName = "[No Variations]"
Added Component: Designator=R16(RESISTOR_0402)
Add component (AddParameter): Name = "Digikey Part Numer"; Value = "CR0603-JW-104ELFTR-ND"; VariantName = "[No Variations]"
Add component (AddParameter): Name = "Made By"; Value = "Robert Pafford"; VariantName = "[No Variations]"
Add component (AddParameter): Name = "Supplier"; Value = "Digikey"; VariantName = "[No Variations]"
Add component (AddParameter): Name = "Supplier 1"; Value = "Digi-Key"; VariantName = "[No Variations]"
Add component (AddParameter): Name = "Supplier Part Number 1"; Value = "13-AC0402FR-131KLCT-ND"; VariantName = "[No Variations]"
Add component (AddParameter): Name = "Tolerance"; Value = "+/- 1%"; VariantName = "[No Variations]"
Add component (AddParameter): Name = "Value  (Ohms)"; Value = "1K"; VariantName = "[No Variations]"
Add component (AddParameter): Name = "Verified By"; Value = ""; VariantName = "[No Variations]"
Add component (AddParameter): Name = "Wattage"; Value = "1/16W"; VariantName = "[No Variations]"
Added Component: Designator=R17(RESISTOR_0402)
Add component (AddParameter): Name = "Digikey Part Numer"; Value = "CR0603-JW-104ELFTR-ND"; VariantName = "[No Variations]"
Add component (AddParameter): Name = "Made By"; Value = "Robert Pafford"; VariantName = "[No Variations]"
Add component (AddParameter): Name = "Supplier"; Value = "Digikey"; VariantName = "[No Variations]"
Add component (AddParameter): Name = "Supplier 1"; Value = "Digi-Key"; VariantName = "[No Variations]"
Add component (AddParameter): Name = "Supplier Part Number 1"; Value = "13-AC0402FR-131KLCT-ND"; VariantName = "[No Variations]"
Add component (AddParameter): Name = "Tolerance"; Value = "+/- 1%"; VariantName = "[No Variations]"
Add component (AddParameter): Name = "Value  (Ohms)"; Value = "1K"; VariantName = "[No Variations]"
Add component (AddParameter): Name = "Verified By"; Value = ""; VariantName = "[No Variations]"
Add component (AddParameter): Name = "Wattage"; Value = "1/16W"; VariantName = "[No Variations]"
Added Component: Designator=R18(RESISTOR_0402)
Add component (AddParameter): Name = "Digikey Part Numer"; Value = "CR0603-JW-104ELFTR-ND"; VariantName = "[No Variations]"
Add component (AddParameter): Name = "Made By"; Value = "Robert Pafford"; VariantName = "[No Variations]"
Add component (AddParameter): Name = "Supplier"; Value = "Digikey"; VariantName = "[No Variations]"
Add component (AddParameter): Name = "Supplier 1"; Value = "Digi-Key"; VariantName = "[No Variations]"
Add component (AddParameter): Name = "Supplier Part Number 1"; Value = "13-AC0402FR-131KLCT-ND"; VariantName = "[No Variations]"
Add component (AddParameter): Name = "Tolerance"; Value = "+/- 1%"; VariantName = "[No Variations]"
Add component (AddParameter): Name = "Value  (Ohms)"; Value = "1K"; VariantName = "[No Variations]"
Add component (AddParameter): Name = "Verified By"; Value = ""; VariantName = "[No Variations]"
Add component (AddParameter): Name = "Wattage"; Value = "1/16W"; VariantName = "[No Variations]"
Added Component: Designator=R19(RESISTOR_0402)
Add component (AddParameter): Name = "Digikey Part Numer"; Value = "CR0603-JW-104ELFTR-ND"; VariantName = "[No Variations]"
Add component (AddParameter): Name = "Made By"; Value = "Robert Pafford"; VariantName = "[No Variations]"
Add component (AddParameter): Name = "Supplier"; Value = "Digikey"; VariantName = "[No Variations]"
Add component (AddParameter): Name = "Supplier 1"; Value = "Digi-Key"; VariantName = "[No Variations]"
Add component (AddParameter): Name = "Supplier Part Number 1"; Value = "13-AC0402FR-131KLCT-ND"; VariantName = "[No Variations]"
Add component (AddParameter): Name = "Tolerance"; Value = "+/- 1%"; VariantName = "[No Variations]"
Add component (AddParameter): Name = "Value  (Ohms)"; Value = "1K"; VariantName = "[No Variations]"
Add component (AddParameter): Name = "Verified By"; Value = ""; VariantName = "[No Variations]"
Add component (AddParameter): Name = "Wattage"; Value = "1/16W"; VariantName = "[No Variations]"
Added Component: Designator=R20(RESISTOR_0402)
Add component (AddParameter): Name = "Digikey Part Numer"; Value = "CR0603-JW-104ELFTR-ND"; VariantName = "[No Variations]"
Add component (AddParameter): Name = "Made By"; Value = "Robert Pafford"; VariantName = "[No Variations]"
Add component (AddParameter): Name = "Supplier"; Value = "Digikey"; VariantName = "[No Variations]"
Add component (AddParameter): Name = "Supplier 1"; Value = "Digi-Key"; VariantName = "[No Variations]"
Add component (AddParameter): Name = "Supplier Part Number 1"; Value = "13-AC0402FR-131KLCT-ND"; VariantName = "[No Variations]"
Add component (AddParameter): Name = "Tolerance"; Value = "+/- 1%"; VariantName = "[No Variations]"
Add component (AddParameter): Name = "Value  (Ohms)"; Value = "1K"; VariantName = "[No Variations]"
Add component (AddParameter): Name = "Verified By"; Value = ""; VariantName = "[No Variations]"
Add component (AddParameter): Name = "Wattage"; Value = "1/16W"; VariantName = "[No Variations]"
Added Component: Designator=R21(RESISTOR_0402)
Add component (AddParameter): Name = "Digikey Part Numer"; Value = "CR0603-JW-104ELFTR-ND"; VariantName = "[No Variations]"
Add component (AddParameter): Name = "Made By"; Value = "Robert Pafford"; VariantName = "[No Variations]"
Add component (AddParameter): Name = "Supplier"; Value = "Digikey"; VariantName = "[No Variations]"
Add component (AddParameter): Name = "Supplier 1"; Value = "Digi-Key"; VariantName = "[No Variations]"
Add component (AddParameter): Name = "Supplier Part Number 1"; Value = "13-AC0402FR-131KLCT-ND"; VariantName = "[No Variations]"
Add component (AddParameter): Name = "Tolerance"; Value = "+/- 1%"; VariantName = "[No Variations]"
Add component (AddParameter): Name = "Value  (Ohms)"; Value = "1K"; VariantName = "[No Variations]"
Add component (AddParameter): Name = "Verified By"; Value = ""; VariantName = "[No Variations]"
Add component (AddParameter): Name = "Wattage"; Value = "1/16W"; VariantName = "[No Variations]"
Added Component: Designator=R22(RESISTOR_0402)
Add component (AddParameter): Name = "Digikey Part Numer"; Value = "CR0603-JW-104ELFTR-ND"; VariantName = "[No Variations]"
Add component (AddParameter): Name = "Made By"; Value = "Robert Pafford"; VariantName = "[No Variations]"
Add component (AddParameter): Name = "Supplier"; Value = "Digikey"; VariantName = "[No Variations]"
Add component (AddParameter): Name = "Supplier 1"; Value = "Digi-Key"; VariantName = "[No Variations]"
Add component (AddParameter): Name = "Supplier Part Number 1"; Value = "13-AC0402FR-131KLCT-ND"; VariantName = "[No Variations]"
Add component (AddParameter): Name = "Tolerance"; Value = "+/- 1%"; VariantName = "[No Variations]"
Add component (AddParameter): Name = "Value  (Ohms)"; Value = "1K"; VariantName = "[No Variations]"
Add component (AddParameter): Name = "Verified By"; Value = ""; VariantName = "[No Variations]"
Add component (AddParameter): Name = "Wattage"; Value = "1/16W"; VariantName = "[No Variations]"
Added Component: Designator=U6(PWP0016A_N)
Add component (AddParameter): Name = "Code_IPC"; Value = ""; VariantName = "[No Variations]"
Add component (AddParameter): Name = "Code_JEDEC"; Value = "MO-153-ABT"; VariantName = "[No Variations]"
Add component (AddParameter): Name = "Code_JEITA"; Value = ""; VariantName = "[No Variations]"
Add component (AddParameter): Name = "ComponentLink1Description"; Value = "Datasheet URL"; VariantName = "[No Variations]"
Add component (AddParameter): Name = "ComponentLink1URL"; Value = "http://www.ti.com/general/docs/lit/getliterature.tsp?genericPartNumber=LM25088&fileType=pdf"; VariantName = "[No Variations]"
Add component (AddParameter): Name = "CompType"; Value = "MiscPower"; VariantName = "[No Variations]"
Add component (AddParameter): Name = "High-Reliability"; Value = ""; VariantName = "[No Variations]"
Add component (AddParameter): Name = "Manufacturer"; Value = "Texas Instruments"; VariantName = "[No Variations]"
Add component (AddParameter): Name = "PackageDescription"; Value = "Molded TSSOP, Jedec, Exposed Pad, 5.0 x 4.4 x 0.9mm Body,16 Lead, 0.65mm Pitch"; VariantName = "[No Variations]"
Add component (AddParameter): Name = "PackageReference"; Value = "PWP0016A"; VariantName = "[No Variations]"
Add component (AddParameter): Name = "PackageTopMarking"; Value = "NSUZXYTT*L25088*MH-1"; VariantName = "[No Variations]"
Add component (AddParameter): Name = "PartNumber"; Value = ""; VariantName = "[No Variations]"
Add component (AddParameter): Name = "PinCount"; Value = "16"; VariantName = "[No Variations]"
Add component (AddParameter): Name = "PowerWise"; Value = "Y"; VariantName = "[No Variations]"
Add component (AddParameter): Name = "RoHS"; Value = "Y"; VariantName = "[No Variations]"
Added Pin To Net: NetName=GND Pin=C7-2
Added Pin To Net: NetName=GND Pin=C8-2
Added Pin To Net: NetName=GND Pin=C18-1
Added Pin To Net: NetName=GND Pin=C19-1
Added Pin To Net: NetName=GND Pin=L5-1
Added Pin To Net: NetName=GND Pin=R19-1
Added Pin To Net: NetName=GND Pin=U6-9
Added Pin To Net: NetName=GND Pin=U6-17
Added Pin To Net: NetName=+5 Pin=C7-1
Added Pin To Net: NetName=+5 Pin=C8-1
Added Pin To Net: NetName=+5 Pin=C9-1
Added Pin To Net: NetName=+5 Pin=C14-1
Added Pin To Net: NetName=+5 Pin=Q2-3
Added Pin To Net: NetName=+5 Pin=R15-1
Added Pin To Net: NetName=+5 Pin=R17-1
Added Pin To Net: NetName=+5 Pin=U6-1
Added Pin To Net: NetName=+5 Pin=U6-16
Added Net: Name=+5
Added Pin To Net: NetName=-5 Pin=C9-2
Added Pin To Net: NetName=-5 Pin=C12-2
Added Pin To Net: NetName=-5 Pin=C13-2
Added Pin To Net: NetName=-5 Pin=C14-2
Added Pin To Net: NetName=-5 Pin=C15-2
Added Pin To Net: NetName=-5 Pin=C16-2
Added Pin To Net: NetName=-5 Pin=C18-2
Added Pin To Net: NetName=-5 Pin=C19-2
Added Pin To Net: NetName=-5 Pin=R16-2
Added Pin To Net: NetName=-5 Pin=R18-2
Added Pin To Net: NetName=-5 Pin=R20-1
Added Pin To Net: NetName=-5 Pin=R22-2
Added Pin To Net: NetName=-5 Pin=U6-6
Added Pin To Net: NetName=-5 Pin=U6-11
Added Net: Name=-5
Added Pin To Net: NetName=NetC10_1 Pin=C10-1
Added Pin To Net: NetName=NetC10_1 Pin=D3-2
Added Pin To Net: NetName=NetC10_1 Pin=L5-2
Added Pin To Net: NetName=NetC10_1 Pin=Q2-2
Added Pin To Net: NetName=NetC10_1 Pin=U6-13
Added Net: Name=NetC10_1
Added Pin To Net: NetName=NetC10_2 Pin=C10-2
Added Pin To Net: NetName=NetC10_2 Pin=U6-15
Added Net: Name=NetC10_2
Added Pin To Net: NetName=NetC11_1 Pin=C11-1
Added Pin To Net: NetName=NetC11_1 Pin=C17-1
Added Pin To Net: NetName=NetC11_1 Pin=R19-2
Added Pin To Net: NetName=NetC11_1 Pin=R22-1
Added Pin To Net: NetName=NetC11_1 Pin=U6-8
Added Net: Name=NetC11_1
Added Pin To Net: NetName=NetC11_2 Pin=C11-2
Added Pin To Net: NetName=NetC11_2 Pin=R21-1
Added Net: Name=NetC11_2
Added Pin To Net: NetName=NetC12_1 Pin=C12-1
Added Pin To Net: NetName=NetC12_1 Pin=R15-2
Added Pin To Net: NetName=NetC12_1 Pin=R16-1
Added Pin To Net: NetName=NetC12_1 Pin=U6-2
Added Net: Name=NetC12_1
Added Pin To Net: NetName=NetC13_1 Pin=C13-1
Added Pin To Net: NetName=NetC13_1 Pin=U6-3
Added Net: Name=NetC13_1
Added Pin To Net: NetName=NetC15_1 Pin=C15-1
Added Pin To Net: NetName=NetC15_1 Pin=R17-2
Added Pin To Net: NetName=NetC15_1 Pin=U6-4
Added Net: Name=NetC15_1
Added Pin To Net: NetName=NetC16_1 Pin=C16-1
Added Pin To Net: NetName=NetC16_1 Pin=U6-10
Added Net: Name=NetC16_1
Added Pin To Net: NetName=NetC17_2 Pin=C17-2
Added Pin To Net: NetName=NetC17_2 Pin=R21-2
Added Pin To Net: NetName=NetC17_2 Pin=U6-7
Added Net: Name=NetC17_2
Added Pin To Net: NetName=NetD3_1 Pin=D3-1
Added Pin To Net: NetName=NetD3_1 Pin=R18-1
Added Pin To Net: NetName=NetD3_1 Pin=U6-12
Added Net: Name=NetD3_1
Added Pin To Net: NetName=NetQ2_1 Pin=Q2-1
Added Pin To Net: NetName=NetQ2_1 Pin=U6-14
Added Net: Name=NetQ2_1
Added Pin To Net: NetName=NetR20_2 Pin=R20-2
Added Pin To Net: NetName=NetR20_2 Pin=U6-5
Added Net: Name=NetR20_2
Added Member To Class: ClassName=Power Sheet Member=Component C7 1uF Ceramic 16V
Added Member To Class: ClassName=Power Sheet Member=Component C8 1uF Ceramic 16V
Added Member To Class: ClassName=Power Sheet Member=Component C9 1uF Ceramic 16V
Added Member To Class: ClassName=Power Sheet Member=Component C10 1uF Ceramic 16V
Added Member To Class: ClassName=Power Sheet Member=Component C11 1uF Ceramic 16V
Added Member To Class: ClassName=Power Sheet Member=Component C12 1uF Ceramic 16V
Added Member To Class: ClassName=Power Sheet Member=Component C13 1uF Ceramic 16V
Added Member To Class: ClassName=Power Sheet Member=Component C14 1uF Ceramic 16V
Added Member To Class: ClassName=Power Sheet Member=Component C15 1uF Ceramic 16V
Added Member To Class: ClassName=Power Sheet Member=Component C16 1uF Ceramic 16V
Added Member To Class: ClassName=Power Sheet Member=Component C17 1uF Ceramic 16V
Added Member To Class: ClassName=Power Sheet Member=Component C18 1uF Ceramic 16V
Added Member To Class: ClassName=Power Sheet Member=Component C19 1uF Ceramic 16V
Added Member To Class: ClassName=Power Sheet Member=Component D3 B330-13-F
Added Member To Class: ClassName=Power Sheet Member=Component L5 FIXED IND 15NH 250MA 600MOHM SMD
Added Member To Class: ClassName=Power Sheet Member=Component Q2 MOSFET N-Ch 20V 7.3A TO-236AB
Added Member To Class: ClassName=Power Sheet Member=Component R15 1k Ohm 1% 1/16W
Added Member To Class: ClassName=Power Sheet Member=Component R16 1k Ohm 1% 1/16W
Added Member To Class: ClassName=Power Sheet Member=Component R17 1k Ohm 1% 1/16W
Added Member To Class: ClassName=Power Sheet Member=Component R18 1k Ohm 1% 1/16W
Added Member To Class: ClassName=Power Sheet Member=Component R19 1k Ohm 1% 1/16W
Added Member To Class: ClassName=Power Sheet Member=Component R20 1k Ohm 1% 1/16W
Added Member To Class: ClassName=Power Sheet Member=Component R21 1k Ohm 1% 1/16W
Added Member To Class: ClassName=Power Sheet Member=Component R22 1k Ohm 1% 1/16W
Added Member To Class: ClassName=Power Sheet Member=Component U6 LM25088MH-1/NOPB
Added Room: Name=Process Sheet
Added Room: Name=U_RP2040_C
Added Room: Name=U_RP2040_with_CAN
