Removed Pin From Net: NetName=GND Pin=C5-2
Removed Pin From Net: NetName=GND Pin=C6-2
Removed Pin From Net: NetName=Comparator L Pin=C27-1
Removed Pin From Net: NetName=GND Pin=C27-2
Removed Pin From Net: NetName=Comparator R Pin=C28-1
Removed Pin From Net: NetName=GND Pin=C28-2
Removed Pin From Net: NetName=Envelope Detector L Pin=D1-1
Removed Pin From Net: NetName=Comparator L Pin=D1-2
Removed Pin From Net: NetName=Envelope Detector R Pin=D2-1
Removed Pin From Net: NetName=Comparator R Pin=D2-2
Removed Pin From Net: NetName=GND Pin=L5-2
Removed Pin From Net: NetName=GND Pin=L6-2
Removed Pin From Net: NetName=3V3 Pin=R15-2
Removed Pin From Net: NetName=3V3 Pin=R17-2
Removed Pin From Net: NetName=Comparator L Pin=R21-2
Removed Pin From Net: NetName=GND Pin=R21-3
Removed Pin From Net: NetName=Comparator R Pin=R22-2
Removed Pin From Net: NetName=GND Pin=R22-3
Removed Pin From Net: NetName=Hydrophone L Pin=R23-2
Removed Pin From Net: NetName=Hydrophone R Pin=R24-2
Removed Pin From Net: NetName=GND Pin=R25-2
Removed Pin From Net: NetName=GND Pin=R26-2
Removed Pin From Net: NetName=Comparator L Pin=TP9-TP
Removed Pin From Net: NetName=Comparator R Pin=TP11-TP
Removed Pin From Net: NetName=-5V Pin=U5-4
Remove Pin from Net: Failed to remove Pin
Removed Pin From Net: NetName=-5V Pin=U6-4
Remove Pin from Net: Failed to remove Pin
Removed Pin From Net: NetName=+5V Pin=U7-6
Removed Pin From Net: NetName=+5V Pin=U8-6
Removed Pin From Net: NetName=Comparator L Pin=U9-1
Removed Pin From Net: NetName=Comparator R Pin=U9-4
Removed Pin From Net: NetName=GND Pin=U9-6
Removed Pin From Net: NetName=RP2040 R Pin=U9-7
Removed Pin From Net: NetName=RP2040 L Pin=U9-8
Removed Pin From Net: NetName=3V3 Pin=U9-9
Removed Pin From Net: NetName=+5V Pin=U9-10
Removed Member From Class: ClassName=Sheet 1 Member=C5
Removed Member From Class: ClassName=Sheet 1 Member=C6
Removed Member From Class: ClassName=Acoustics Board Pg. 2 Member=C27
Removed Member From Class: ClassName=Acoustics Board Pg. 2 Member=C28
Removed Member From Class: ClassName=Acoustics Board Pg. 2 Member=D1
Removed Member From Class: ClassName=Acoustics Board Pg. 2 Member=D2
Removed Member From Class: ClassName=Sheet 1 Member=L5
Removed Member From Class: ClassName=Sheet 1 Member=L6
Removed Member From Class: ClassName=Acoustics Board Pg. 2 Member=R15
Removed Member From Class: ClassName=Acoustics Board Pg. 2 Member=R16
Removed Member From Class: ClassName=Acoustics Board Pg. 2 Member=R17
Removed Member From Class: ClassName=Acoustics Board Pg. 2 Member=R18
Removed Member From Class: ClassName=Acoustics Board Pg. 2 Member=R21
Removed Member From Class: ClassName=Acoustics Board Pg. 2 Member=R22
Removed Member From Class: ClassName=Sheet 1 Member=R23
Removed Member From Class: ClassName=Sheet 1 Member=R24
Removed Member From Class: ClassName=Sheet 1 Member=R25
Removed Member From Class: ClassName=Sheet 1 Member=R26
Removed Member From Class: ClassName=Sheet 1 Member=R27
Removed Member From Class: ClassName=Sheet 1 Member=R28
Removed Member From Class: ClassName=Sheet 1 Member=TP2
Removed Member From Class: ClassName=Sheet 1 Member=TP5
Removed Member From Class: ClassName=Acoustics Board Pg. 2 Member=TP9
Removed Member From Class: ClassName=Acoustics Board Pg. 2 Member=TP11
Removed Member From Class: ClassName=Sheet 1 Member=U5
Removed Member From Class: ClassName=Sheet 1 Member=U6
Removed Member From Class: ClassName=Acoustics Board Pg. 2 Member=U9
Added Component: Designator=C?(CAPACITOR_0603)
Add component (AddParameter): Name = "ComponentLink1Description"; Value = "Digikey"; VariantName = "[No Variations]"
Add component (AddParameter): Name = "ComponentLink1URL"; Value = "https://www.digikey.com/en/products/detail/samsung-electro-mechanics/CL10A106MQ8NNNC/3886777"; VariantName = "[No Variations]"
Add component (AddParameter): Name = "Made By"; Value = "Flip B"; VariantName = "[No Variations]"
Add component (AddParameter): Name = "Supplier 1"; Value = "Digi-Key"; VariantName = "[No Variations]"
Add component (AddParameter): Name = "Supplier Part Number 1"; Value = "1276-1119-1-ND"; VariantName = "[No Variations]"
Add component (AddParameter): Name = "Tolerance"; Value = "+/- 20%"; VariantName = "[No Variations]"
Add component (AddParameter): Name = "Value (uF)"; Value = "10 uF"; VariantName = "[No Variations]"
Add component (AddParameter): Name = "Verified By"; Value = ""; VariantName = "[No Variations]"
Add component (AddParameter): Name = "Voltage"; Value = "6.3V"; VariantName = "[No Variations]"
Added Component: Designator=C?(CAPACITOR_0603)
Add component (AddParameter): Name = "ComponentLink1Description"; Value = "Digikey"; VariantName = "[No Variations]"
Add component (AddParameter): Name = "ComponentLink1URL"; Value = "https://www.digikey.com/en/products/detail/samsung-electro-mechanics/CL10A106MQ8NNNC/3886777"; VariantName = "[No Variations]"
Add component (AddParameter): Name = "Made By"; Value = "Flip B"; VariantName = "[No Variations]"
Add component (AddParameter): Name = "Supplier 1"; Value = "Digi-Key"; VariantName = "[No Variations]"
Add component (AddParameter): Name = "Supplier Part Number 1"; Value = "1276-1119-1-ND"; VariantName = "[No Variations]"
Add component (AddParameter): Name = "Tolerance"; Value = "+/- 20%"; VariantName = "[No Variations]"
Add component (AddParameter): Name = "Value (uF)"; Value = "10 uF"; VariantName = "[No Variations]"
Add component (AddParameter): Name = "Verified By"; Value = ""; VariantName = "[No Variations]"
Add component (AddParameter): Name = "Voltage"; Value = "6.3V"; VariantName = "[No Variations]"
Added Component: Designator=D?(DIODE_0402)
Add component (AddParameter): Name = "Forward Current"; Value = "100mA"; VariantName = "[No Variations]"
Add component (AddParameter): Name = "Package"; Value = "0402"; VariantName = "[No Variations]"
Add component (AddParameter): Name = "Verified By"; Value = ""; VariantName = "[No Variations]"
Add component (AddParameter): Name = "Voltage - Peak Reverse"; Value = "80V"; VariantName = "[No Variations]"
Added Component: Designator=D?(DIODE_0402)
Add component (AddParameter): Name = "Forward Current"; Value = "100mA"; VariantName = "[No Variations]"
Add component (AddParameter): Name = "Package"; Value = "0402"; VariantName = "[No Variations]"
Add component (AddParameter): Name = "Verified By"; Value = ""; VariantName = "[No Variations]"
Add component (AddParameter): Name = "Voltage - Peak Reverse"; Value = "80V"; VariantName = "[No Variations]"
Added Component: Designator=R?(RESISTOR_0402)
Add component (AddParameter): Name = "Digikey Part Numer"; Value = "CR0603-JW-104ELFTR-ND"; VariantName = "[No Variations]"
Add component (AddParameter): Name = "Made By"; Value = "Robert Pafford"; VariantName = "[No Variations]"
Add component (AddParameter): Name = "Supplier"; Value = "Digikey"; VariantName = "[No Variations]"
Add component (AddParameter): Name = "Supplier 1"; Value = "Digi-Key"; VariantName = "[No Variations]"
Add component (AddParameter): Name = "Supplier Part Number 1"; Value = "13-AC0402FR-131KLCT-ND"; VariantName = "[No Variations]"
Add component (AddParameter): Name = "Tolerance"; Value = "+/- 1%"; VariantName = "[No Variations]"
Add component (AddParameter): Name = "Value  (Ohms)"; Value = "1K"; VariantName = "[No Variations]"
Add component (AddParameter): Name = "Verified By"; Value = ""; VariantName = "[No Variations]"
Add component (AddParameter): Name = "Wattage"; Value = "1/16W"; VariantName = "[No Variations]"
Added Component: Designator=R?(TRIM_TC33X-2-203E)
Add component (AddParameter): Name = "Check_prices"; Value = "https://www.snapeda.com/parts/TC33X-2-203E/Bourns/view-part/312812/?ref=eda"; VariantName = "[No Variations]"
Add component (AddParameter): Name = "Digi-Key_Part_Number"; Value = "TC33X-2-203ECT-ND"; VariantName = "[No Variations]"
Add component (AddParameter): Name = "MF"; Value = "Bourns"; VariantName = "[No Variations]"
Add component (AddParameter): Name = "MP"; Value = "TC33X-2-203E"; VariantName = "[No Variations]"
Add component (AddParameter): Name = "Package"; Value = "1608 Bourns"; VariantName = "[No Variations]"
Add component (AddParameter): Name = "Purchase-URL"; Value = "https://pricing.snapeda.com/search/part/TC33X-2-203E/?ref=eda"; VariantName = "[No Variations]"
Add component (AddParameter): Name = "SnapEDA_Link"; Value = "https://www.snapeda.com/parts/TC33X-2-203E/Bourns/view-part/312812/?ref=snap"; VariantName = "[No Variations]"
Add component (AddParameter): Name = "Value"; Value = ""; VariantName = "[No Variations]"
Added Component: Designator=R?(TRIM_TC33X-2-203E)
Add component (AddParameter): Name = "Check_prices"; Value = "https://www.snapeda.com/parts/TC33X-2-203E/Bourns/view-part/312812/?ref=eda"; VariantName = "[No Variations]"
Add component (AddParameter): Name = "Digi-Key_Part_Number"; Value = "TC33X-2-203ECT-ND"; VariantName = "[No Variations]"
Add component (AddParameter): Name = "MF"; Value = "Bourns"; VariantName = "[No Variations]"
Add component (AddParameter): Name = "MP"; Value = "TC33X-2-203E"; VariantName = "[No Variations]"
Add component (AddParameter): Name = "Package"; Value = "1608 Bourns"; VariantName = "[No Variations]"
Add component (AddParameter): Name = "Purchase-URL"; Value = "https://pricing.snapeda.com/search/part/TC33X-2-203E/?ref=eda"; VariantName = "[No Variations]"
Add component (AddParameter): Name = "SnapEDA_Link"; Value = "https://www.snapeda.com/parts/TC33X-2-203E/Bourns/view-part/312812/?ref=snap"; VariantName = "[No Variations]"
Add component (AddParameter): Name = "Supplier 1"; Value = "Mouser"; VariantName = "[No Variations]"
Add component (AddParameter): Name = "Supplier Part Number 1"; Value = "652-TC33X-2-203E"; VariantName = "[No Variations]"
Add component (AddParameter): Name = "Value"; Value = ""; VariantName = "[No Variations]"
Added Component: Designator=R?(RESISTOR_0402)
Add component (AddParameter): Name = "Digikey Part Numer"; Value = "CR0603-JW-104ELFTR-ND"; VariantName = "[No Variations]"
Add component (AddParameter): Name = "Made By"; Value = "Robert Pafford"; VariantName = "[No Variations]"
Add component (AddParameter): Name = "Supplier"; Value = "Digikey"; VariantName = "[No Variations]"
Add component (AddParameter): Name = "Supplier 1"; Value = "Digi-Key"; VariantName = "[No Variations]"
Add component (AddParameter): Name = "Supplier Part Number 1"; Value = "13-AC0402FR-131KLCT-ND"; VariantName = "[No Variations]"
Add component (AddParameter): Name = "Tolerance"; Value = "+/- 1%"; VariantName = "[No Variations]"
Add component (AddParameter): Name = "Value  (Ohms)"; Value = "1K"; VariantName = "[No Variations]"
Add component (AddParameter): Name = "Verified By"; Value = ""; VariantName = "[No Variations]"
Add component (AddParameter): Name = "Wattage"; Value = "1/16W"; VariantName = "[No Variations]"
Added Component: Designator=R?(TRIM_TC33X-2-203E)
Add component (AddParameter): Name = "Check_prices"; Value = "https://www.snapeda.com/parts/TC33X-2-203E/Bourns/view-part/312812/?ref=eda"; VariantName = "[No Variations]"
Add component (AddParameter): Name = "Digi-Key_Part_Number"; Value = "TC33X-2-203ECT-ND"; VariantName = "[No Variations]"
Add component (AddParameter): Name = "MF"; Value = "Bourns"; VariantName = "[No Variations]"
Add component (AddParameter): Name = "MP"; Value = "TC33X-2-203E"; VariantName = "[No Variations]"
Add component (AddParameter): Name = "Package"; Value = "1608 Bourns"; VariantName = "[No Variations]"
Add component (AddParameter): Name = "Purchase-URL"; Value = "https://pricing.snapeda.com/search/part/TC33X-2-203E/?ref=eda"; VariantName = "[No Variations]"
Add component (AddParameter): Name = "SnapEDA_Link"; Value = "https://www.snapeda.com/parts/TC33X-2-203E/Bourns/view-part/312812/?ref=snap"; VariantName = "[No Variations]"
Add component (AddParameter): Name = "Supplier 1"; Value = "Mouser"; VariantName = "[No Variations]"
Add component (AddParameter): Name = "Supplier Part Number 1"; Value = "652-TC33X-2-203E"; VariantName = "[No Variations]"
Add component (AddParameter): Name = "Value"; Value = ""; VariantName = "[No Variations]"
Added Component: Designator=R?(TRIM_TC33X-2-203E)
Add component (AddParameter): Name = "Check_prices"; Value = "https://www.snapeda.com/parts/TC33X-2-203E/Bourns/view-part/312812/?ref=eda"; VariantName = "[No Variations]"
Add component (AddParameter): Name = "Digi-Key_Part_Number"; Value = "TC33X-2-203ECT-ND"; VariantName = "[No Variations]"
Add component (AddParameter): Name = "MF"; Value = "Bourns"; VariantName = "[No Variations]"
Add component (AddParameter): Name = "MP"; Value = "TC33X-2-203E"; VariantName = "[No Variations]"
Add component (AddParameter): Name = "Package"; Value = "1608 Bourns"; VariantName = "[No Variations]"
Add component (AddParameter): Name = "Purchase-URL"; Value = "https://pricing.snapeda.com/search/part/TC33X-2-203E/?ref=eda"; VariantName = "[No Variations]"
Add component (AddParameter): Name = "SnapEDA_Link"; Value = "https://www.snapeda.com/parts/TC33X-2-203E/Bourns/view-part/312812/?ref=snap"; VariantName = "[No Variations]"
Add component (AddParameter): Name = "Value"; Value = ""; VariantName = "[No Variations]"
Added Component: Designator=TP?(TESTPOINT_1.2MM)
Add component (AddParameter): Name = "Made By"; Value = "Robert Pafford"; VariantName = "[No Variations]"
Added Component: Designator=TP?(TESTPOINT_1.2MM)
Add component (AddParameter): Name = "Made By"; Value = "Robert Pafford"; VariantName = "[No Variations]"
Added Component: Designator=U?(LT-MS10_N)
Add component (AddParameter): Name = "Channels (#)"; Value = "2"; VariantName = "[No Variations]"
Add component (AddParameter): Name = "ComponentLink1Description"; Value = "Manufacturer URL"; VariantName = "[No Variations]"
Add component (AddParameter): Name = "ComponentLink1URL"; Value = "http://www.linear.com/"; VariantName = "[No Variations]"
Add component (AddParameter): Name = "ComponentLink2Description"; Value = "Datasheet"; VariantName = "[No Variations]"
Add component (AddParameter): Name = "ComponentLink2URL"; Value = "http://cds.linear.com/docs/en/datasheet/1715fa.pdf"; VariantName = "[No Variations]"
Add component (AddParameter): Name = "ComponentLink3Description"; Value = "Package Specification"; VariantName = "[No Variations]"
Add component (AddParameter): Name = "ComponentLink3URL"; Value = "http://cds.linear.com/docs/en/packaging/MSOP_10_05-08-1661.pdf"; VariantName = "[No Variations]"
Add component (AddParameter): Name = "DatasheetVersion"; Value = "Rev A"; VariantName = "[No Variations]"
Add component (AddParameter): Name = "Features"; Value = "Comparator, Separate In/Out Power Supply"; VariantName = "[No Variations]"
Add component (AddParameter): Name = "Generic Part Number"; Value = "LT1715"; VariantName = "[No Variations]"
Add component (AddParameter): Name = "Manufacturer"; Value = "Linear Technology"; VariantName = "[No Variations]"
Add component (AddParameter): Name = "Mounting Technology"; Value = "Surface Mount"; VariantName = "[No Variations]"
Add component (AddParameter): Name = "PackageDescription"; Value = "10-Pin MSOP, Body 3 x 3 mm, Pitch 0.5 mm"; VariantName = "[No Variations]"
Add component (AddParameter): Name = "PackageReference"; Value = "MS10"; VariantName = "[No Variations]"
Add component (AddParameter): Name = "PartNumber"; Value = "LT1715CMS#PBF"; VariantName = "[No Variations]"
Add component (AddParameter): Name = "Prop Delay (us)"; Value = "0.004"; VariantName = "[No Variations]"
Add component (AddParameter): Name = "RoHS"; Value = "Y"; VariantName = "[No Variations]"
Add component (AddParameter): Name = "Supply Current (uA) Typical"; Value = "7500"; VariantName = "[No Variations]"
Add component (AddParameter): Name = "Supply Voltage Range"; Value = "2.7 to 12 V"; VariantName = "[No Variations]"
Add component (AddParameter): Name = "Vos (mV) Guaranteed"; Value = "2.5"; VariantName = "[No Variations]"
Add component (AddParameter): Name = "Vos (mV) Typical"; Value = "0.4"; VariantName = "[No Variations]"
Add component (AddParameter): Name = "Vs Max (V)"; Value = "12"; VariantName = "[No Variations]"
Add component (AddParameter): Name = "Vs Min (V)"; Value = "2.7"; VariantName = "[No Variations]"
Added Component: Designator=U?(LT-MS10_N)
Add component (AddParameter): Name = "Channels (#)"; Value = "2"; VariantName = "[No Variations]"
Add component (AddParameter): Name = "ComponentLink1Description"; Value = "Manufacturer URL"; VariantName = "[No Variations]"
Add component (AddParameter): Name = "ComponentLink1URL"; Value = "http://www.linear.com/"; VariantName = "[No Variations]"
Add component (AddParameter): Name = "ComponentLink2Description"; Value = "Datasheet"; VariantName = "[No Variations]"
Add component (AddParameter): Name = "ComponentLink2URL"; Value = "http://cds.linear.com/docs/en/datasheet/1715fa.pdf"; VariantName = "[No Variations]"
Add component (AddParameter): Name = "ComponentLink3Description"; Value = "Package Specification"; VariantName = "[No Variations]"
Add component (AddParameter): Name = "ComponentLink3URL"; Value = "http://cds.linear.com/docs/en/packaging/MSOP_10_05-08-1661.pdf"; VariantName = "[No Variations]"
Add component (AddParameter): Name = "DatasheetVersion"; Value = "Rev A"; VariantName = "[No Variations]"
Add component (AddParameter): Name = "Features"; Value = "Comparator, Separate In/Out Power Supply"; VariantName = "[No Variations]"
Add component (AddParameter): Name = "Generic Part Number"; Value = "LT1715"; VariantName = "[No Variations]"
Add component (AddParameter): Name = "Manufacturer"; Value = "Linear Technology"; VariantName = "[No Variations]"
Add component (AddParameter): Name = "Mounting Technology"; Value = "Surface Mount"; VariantName = "[No Variations]"
Add component (AddParameter): Name = "PackageDescription"; Value = "10-Pin MSOP, Body 3 x 3 mm, Pitch 0.5 mm"; VariantName = "[No Variations]"
Add component (AddParameter): Name = "PackageReference"; Value = "MS10"; VariantName = "[No Variations]"
Add component (AddParameter): Name = "PartNumber"; Value = "LT1715CMS#PBF"; VariantName = "[No Variations]"
Add component (AddParameter): Name = "Prop Delay (us)"; Value = "0.004"; VariantName = "[No Variations]"
Add component (AddParameter): Name = "RoHS"; Value = "Y"; VariantName = "[No Variations]"
Add component (AddParameter): Name = "Supply Current (uA) Typical"; Value = "7500"; VariantName = "[No Variations]"
Add component (AddParameter): Name = "Supply Voltage Range"; Value = "2.7 to 12 V"; VariantName = "[No Variations]"
Add component (AddParameter): Name = "Vos (mV) Guaranteed"; Value = "2.5"; VariantName = "[No Variations]"
Add component (AddParameter): Name = "Vos (mV) Typical"; Value = "0.4"; VariantName = "[No Variations]"
Add component (AddParameter): Name = "Vs Max (V)"; Value = "12"; VariantName = "[No Variations]"
Add component (AddParameter): Name = "Vs Min (V)"; Value = "2.7"; VariantName = "[No Variations]"
Added Component: Designator=U?(LT-MS10_N)
Add component (AddParameter): Name = "Channels (#)"; Value = "2"; VariantName = "[No Variations]"
Add component (AddParameter): Name = "ComponentLink1Description"; Value = "Manufacturer URL"; VariantName = "[No Variations]"
Add component (AddParameter): Name = "ComponentLink1URL"; Value = "http://www.linear.com/"; VariantName = "[No Variations]"
Add component (AddParameter): Name = "ComponentLink2Description"; Value = "Datasheet"; VariantName = "[No Variations]"
Add component (AddParameter): Name = "ComponentLink2URL"; Value = "http://cds.linear.com/docs/en/datasheet/1715fa.pdf"; VariantName = "[No Variations]"
Add component (AddParameter): Name = "ComponentLink3Description"; Value = "Package Specification"; VariantName = "[No Variations]"
Add component (AddParameter): Name = "ComponentLink3URL"; Value = "http://cds.linear.com/docs/en/packaging/MSOP_10_05-08-1661.pdf"; VariantName = "[No Variations]"
Add component (AddParameter): Name = "DatasheetVersion"; Value = "Rev A"; VariantName = "[No Variations]"
Add component (AddParameter): Name = "Features"; Value = "Comparator, Separate In/Out Power Supply"; VariantName = "[No Variations]"
Add component (AddParameter): Name = "Generic Part Number"; Value = "LT1715"; VariantName = "[No Variations]"
Add component (AddParameter): Name = "Manufacturer"; Value = "Linear Technology"; VariantName = "[No Variations]"
Add component (AddParameter): Name = "Mounting Technology"; Value = "Surface Mount"; VariantName = "[No Variations]"
Add component (AddParameter): Name = "PackageDescription"; Value = "10-Pin MSOP, Body 3 x 3 mm, Pitch 0.5 mm"; VariantName = "[No Variations]"
Add component (AddParameter): Name = "PackageReference"; Value = "MS10"; VariantName = "[No Variations]"
Add component (AddParameter): Name = "PartNumber"; Value = "LT1715CMS#PBF"; VariantName = "[No Variations]"
Add component (AddParameter): Name = "Prop Delay (us)"; Value = "0.004"; VariantName = "[No Variations]"
Add component (AddParameter): Name = "RoHS"; Value = "Y"; VariantName = "[No Variations]"
Add component (AddParameter): Name = "Supply Current (uA) Typical"; Value = "7500"; VariantName = "[No Variations]"
Add component (AddParameter): Name = "Supply Voltage Range"; Value = "2.7 to 12 V"; VariantName = "[No Variations]"
Add component (AddParameter): Name = "Vos (mV) Guaranteed"; Value = "2.5"; VariantName = "[No Variations]"
Add component (AddParameter): Name = "Vos (mV) Typical"; Value = "0.4"; VariantName = "[No Variations]"
Add component (AddParameter): Name = "Vs Max (V)"; Value = "12"; VariantName = "[No Variations]"
Add component (AddParameter): Name = "Vs Min (V)"; Value = "2.7"; VariantName = "[No Variations]"
Added Pin To Net: NetName=Comparator L Pin=C?-1
Added Pin To Net: NetName=Comparator R Pin=C?-1
Added Pin To Net: NetName=GND Pin=C?-2
Added Pin To Net: NetName=GND Pin=C?-2
Added Pin To Net: NetName=Envelope Detector L Pin=D?-1
Added Pin To Net: NetName=Envelope Detector R Pin=D?-1
Added Pin To Net: NetName=Comparator L Pin=D?-2
Added Pin To Net: NetName=Comparator R Pin=D?-2
Added Pin To Net: NetName=3V3 Pin=R?-2
Added Pin To Net: NetName=3V3 Pin=R?-2
Added Pin To Net: NetName=Comparator L Pin=R?-2
Added Pin To Net: NetName=Comparator R Pin=R?-2
Added Pin To Net: NetName=GND Pin=R?-3
Added Pin To Net: NetName=GND Pin=R?-3
Added Pin To Net: NetName=Comparator L Pin=TP?-TP
Added Pin To Net: NetName=Comparator R Pin=TP?-TP
Added Pin To Net: NetName=+5V Pin=U7-6
Added Pin To Net: NetName=Hydrophone L Pin=U7-7
Added Pin To Net: NetName=+5V Pin=U8-6
Added Pin To Net: NetName=Hydrophone R Pin=U8-7
Added Pin To Net: NetName=Comparator L Pin=U?-1
Added Pin To Net: NetName=Comparator R Pin=U?-4
Added Pin To Net: NetName=-5V Pin=U?-5
Added Pin To Net: NetName=GND Pin=U?-6
Added Pin To Net: NetName=RP2040 L Pin=U?-8
Added Pin To Net: NetName=3V3 Pin=U?-9
Added Pin To Net: NetName=+5V Pin=U?-10
Added Pin To Net: NetName=NetR?_1 Pin=R?-1
Added Pin To Net: NetName=NetR?_1 Pin=R?-3
Added Pin To Net: NetName=NetR?_1 Pin=U?-2
Added Net: Name=NetR?_1
Add Net: Net with name "NetR?_1" already exists
Added Pin To Net: NetName=NetU?_7 Pin=U?-7
Added Net: Name=NetU?_7
Added Member To Class: ClassName=Sheet 1 Member=Component C? 10uF Ceramic 6.3V
Added Member To Class: ClassName=Sheet 1 Member=Component C? 10uF Ceramic 6.3V
Added Member To Class: ClassName=Sheet 1 Member=Component D? BAR9002ELE6327XTMA1
Added Member To Class: ClassName=Sheet 1 Member=Component D? BAR9002ELE6327XTMA1
Added Member To Class: ClassName=Sheet 1 Member=Component R? 1k Ohm 1% 1/16W
Added Member To Class: ClassName=Sheet 1 Member=Component R? TC33X-2-203E
Added Member To Class: ClassName=Sheet 1 Member=Component R? TC33X-2-203E
Added Member To Class: ClassName=Sheet 1 Member=Component R? 1k Ohm 1% 1/16W
Added Member To Class: ClassName=Sheet 1 Member=Component R? TC33X-2-203E
Added Member To Class: ClassName=Sheet 1 Member=Component R? TC33X-2-203E
Added Member To Class: ClassName=Sheet 1 Member=Component TP? PCB Test Point
Added Member To Class: ClassName=Sheet 1 Member=Component TP? PCB Test Point
Added Member To Class: ClassName=Sheet 1 Member=Component U? LT1715CMS#PBF
Added Member To Class: ClassName=Sheet 1 Member=Component U? LT1715CMS#PBF
Added Member To Class: ClassName=Sheet 1 Member=Component U? LT1715CMS#PBF
