Replace Part R1 RESISTOR_10K_0603 in C:\Users\chinm\OneDrive - The Ohio State University\osu uwrt\electric_boogaloo\TempestBoards\PowerDistribution\MK_175\M1_75S.SchDoc with RESISTOR_10K_0603 from Resistors.SchLib
Replace Part R2 RESISTOR_10K_0603 in C:\Users\chinm\OneDrive - The Ohio State University\osu uwrt\electric_boogaloo\TempestBoards\PowerDistribution\MK_175\M1_75S.SchDoc with RESISTOR_10K_0603 from Resistors.SchLib
Replace Part R3 RESISTOR_10K_0603 in C:\Users\chinm\OneDrive - The Ohio State University\osu uwrt\electric_boogaloo\TempestBoards\PowerDistribution\MK_175\M1_75S.SchDoc with RESISTOR_10K_0603 from Resistors.SchLib
Replace Part R4 RESISTOR_10K_0603 in C:\Users\chinm\OneDrive - The Ohio State University\osu uwrt\electric_boogaloo\TempestBoards\PowerDistribution\MK_175\M1_75S.SchDoc with RESISTOR_10K_0603 from Resistors.SchLib
Replace Part R5 RESISTOR_10K_0603 in C:\Users\chinm\OneDrive - The Ohio State University\osu uwrt\electric_boogaloo\TempestBoards\PowerDistribution\MK_175\M1_75S.SchDoc with RESISTOR_10K_0603 from Resistors.SchLib
Replace Part R12 RESISTOR_10K_0603 in C:\Users\chinm\OneDrive - The Ohio State University\osu uwrt\electric_boogaloo\TempestBoards\PowerDistribution\MK_175\M1_75S.SchDoc with RESISTOR_10K_0603 from Resistors.SchLib
Replace Part R27 RESISTOR_27_0603 in C:\Users\chinm\OneDrive - The Ohio State University\osu uwrt\electric_boogaloo\TempestBoards\PowerDistribution\MK_175\M1_75S.SchDoc with RESISTOR_27_0603 from Resistors.SchLib
Replace Part R28 RESISTOR_27_0603 in C:\Users\chinm\OneDrive - The Ohio State University\osu uwrt\electric_boogaloo\TempestBoards\PowerDistribution\MK_175\M1_75S.SchDoc with RESISTOR_27_0603 from Resistors.SchLib
Replace Part R29 RESISTOR_27_0603 in C:\Users\chinm\OneDrive - The Ohio State University\osu uwrt\electric_boogaloo\TempestBoards\PowerDistribution\MK_175\M1_75S.SchDoc with RESISTOR_27_0603 from Resistors.SchLib
Replace Part R30 RESISTOR_27_0603 in C:\Users\chinm\OneDrive - The Ohio State University\osu uwrt\electric_boogaloo\TempestBoards\PowerDistribution\MK_175\M1_75S.SchDoc with RESISTOR_27_0603 from Resistors.SchLib
Replace Part U1 LTC4412ES6TRPBF in C:\Users\chinm\OneDrive - The Ohio State University\osu uwrt\electric_boogaloo\TempestBoards\PowerDistribution\MK_175\M1_75S.SchDoc with LTC4412ES6TRPBF from Integrated Circuits.SchLib
Replace Part U2 LTC4412ES6TRPBF in C:\Users\chinm\OneDrive - The Ohio State University\osu uwrt\electric_boogaloo\TempestBoards\PowerDistribution\MK_175\M1_75S.SchDoc with LTC4412ES6TRPBF from Integrated Circuits.SchLib
Replace Part U3 AO3404A in C:\Users\chinm\OneDrive - The Ohio State University\osu uwrt\electric_boogaloo\TempestBoards\PowerDistribution\MK_175\M1_75S.SchDoc with AO3404A from Transistors.SchLib
Replace Part U5 SIR167DP-T1-GE3 in C:\Users\chinm\OneDrive - The Ohio State University\osu uwrt\electric_boogaloo\TempestBoards\PowerDistribution\MK_175\M1_75S.SchDoc with SIR167DP-T1-GE3 from Transistors.SchLib
Replace Part U6 PMV13XNEAR in C:\Users\chinm\OneDrive - The Ohio State University\osu uwrt\electric_boogaloo\TempestBoards\PowerDistribution\MK_175\M1_75S.SchDoc with PMV13XNEAR from Transistors.SchLib
Replace Part U6 SIR167DP-T1-GE3 in C:\Users\chinm\OneDrive - The Ohio State University\osu uwrt\electric_boogaloo\TempestBoards\PowerDistribution\MK_175\M1_75S.SchDoc with SIR167DP-T1-GE3 from Transistors.SchLib
Replace Part U7 FDD4141 in C:\Users\chinm\OneDrive - The Ohio State University\osu uwrt\electric_boogaloo\TempestBoards\PowerDistribution\MK_175\M1_75S.SchDoc with FDD4141 from Transistors.SchLib
Replace Part U11 SIR167DP-T1-GE3 in C:\Users\chinm\OneDrive - The Ohio State University\osu uwrt\electric_boogaloo\TempestBoards\PowerDistribution\MK_175\M1_75S.SchDoc with SIR167DP-T1-GE3 from Transistors.SchLib
Replace Part U12 SIR167DP-T1-GE3 in C:\Users\chinm\OneDrive - The Ohio State University\osu uwrt\electric_boogaloo\TempestBoards\PowerDistribution\MK_175\M1_75S.SchDoc with SIR167DP-T1-GE3 from Transistors.SchLib
Replace Part U13 SIR167DP-T1-GE3 in C:\Users\chinm\OneDrive - The Ohio State University\osu uwrt\electric_boogaloo\TempestBoards\PowerDistribution\MK_175\M1_75S.SchDoc with SIR167DP-T1-GE3 from Transistors.SchLib
Replace Part U14 SIR167DP-T1-GE3 in C:\Users\chinm\OneDrive - The Ohio State University\osu uwrt\electric_boogaloo\TempestBoards\PowerDistribution\MK_175\M1_75S.SchDoc with SIR167DP-T1-GE3 from Transistors.SchLib
