Removed Pin From Net: NetName=3V3 Pin=J1-1
Removed Pin From Net: NetName=3V3 Pin=R2-1
Removed Pin From Net: NetName=3V3 Pin=R49-1
Removed Pin From Net: NetName=AUX_SWITCH Pin=R49-2
Removed Pin From Net: NetName=3V3 Pin=R50-1
Removed Pin From Net: NetName=Killswitch Pin=R50-2
Removed Member From Class: ClassName=M1_75S2 Member=R49
Removed Member From Class: ClassName=M1_75S2 Member=R50
Change Component Comment : Designator=Designator9 Old Comment=Comment New Comment=10k Ohm 5% 1/10W
Change Component Comment : Designator=Designator10 Old Comment=Comment New Comment=10k Ohm 5% 1/10W
Change Component Comment : Designator=Designator7 Old Comment=Comment New Comment=SIR167DP-T1-GE3
Change Component Comment : Designator=Designator8 Old Comment=Comment New Comment=SIR167DP-T1-GE3
Change Component Designator: OldDesignator=Designator7 NewDesignator=U5
Change Component Designator: OldDesignator=Designator8 NewDesignator=U6
Change Component Designator: OldDesignator=Designator9 NewDesignator=R2
Change Component Designator: OldDesignator=Designator10 NewDesignator=R12
Change component parameters: Designator = "Designator7" ("U5"); Footprint = "MOSFET_7DP-T1-GE3_VIS"; UniqueID = "\FMTLHREO" ("\FMTLHREO")
Change component parameters (AddParameter): Name = "Copyright"; Value = "Copyright (C) 2022 Ultra Librarian. All rights reserved."; VariantName = "[No Variations]"
Change component parameters (AddParameter): Name = "Manufacturer_Part_Number"; Value = "SIR167DP-T1-GE3"; VariantName = "[No Variations]"
Change component parameters (AddParameter): Name = "Mfr_Name"; Value = "Vishay"; VariantName = "[No Variations]"
Change component parameters (AddParameter): Name = "RefDes"; Value = "RefDes"; VariantName = "[No Variations]"
Change component parameters (AddParameter): Name = "Type"; Value = "DEV"; VariantName = "[No Variations]"
Change component parameters: Designator = "Designator8" ("U6"); Footprint = "MOSFET_7DP-T1-GE3_VIS"; UniqueID = "\HTSFTHZP" ("\HTSFTHZP")
Change component parameters (AddParameter): Name = "Copyright"; Value = "Copyright (C) 2022 Ultra Librarian. All rights reserved."; VariantName = "[No Variations]"
Change component parameters (AddParameter): Name = "Manufacturer_Part_Number"; Value = "SIR167DP-T1-GE3"; VariantName = "[No Variations]"
Change component parameters (AddParameter): Name = "Mfr_Name"; Value = "Vishay"; VariantName = "[No Variations]"
Change component parameters (AddParameter): Name = "RefDes"; Value = "RefDes"; VariantName = "[No Variations]"
Change component parameters (AddParameter): Name = "Type"; Value = "DEV"; VariantName = "[No Variations]"
Change component parameters: Designator = "Designator9" ("R2"); Footprint = "RESISTOR_0603"; UniqueID = "\YYIPOMYU" ("\YYIPOMYU")
Change component parameters (AddParameter): Name = "ComponentLink1Description"; Value = "Datasheet"; VariantName = "[No Variations]"
Change component parameters (AddParameter): Name = "ComponentLink1URL"; Value = "https://www.bourns.com/docs/product-datasheets/CRxxxxx.pdf"; VariantName = "[No Variations]"
Change component parameters (AddParameter): Name = "Digikey Part Numer"; Value = "CR0603-JW-104ELFTR-ND"; VariantName = "[No Variations]"
Change component parameters (AddParameter): Name = "Made By"; Value = "Robert Pafford"; VariantName = "[No Variations]"
Change component parameters (AddParameter): Name = "Supplier"; Value = "Digikey"; VariantName = "[No Variations]"
Change component parameters (AddParameter): Name = "Supplier 1"; Value = "Digi-Key"; VariantName = "[No Variations]"
Change component parameters (AddParameter): Name = "Supplier Part Number 1"; Value = "2019-RK73B1JTTD103JCT-ND"; VariantName = "[No Variations]"
Change component parameters (AddParameter): Name = "Tolerance"; Value = "+/- 5%"; VariantName = "[No Variations]"
Change component parameters (AddParameter): Name = "Value  (Ohms)"; Value = "10K"; VariantName = "[No Variations]"
Change component parameters (AddParameter): Name = "Verified By"; Value = ""; VariantName = "[No Variations]"
Change component parameters (AddParameter): Name = "Wattage"; Value = "1/8W"; VariantName = "[No Variations]"
Change component parameters: Designator = "Designator10" ("R12"); Footprint = "RESISTOR_0603"; UniqueID = "\IZQSOFCW" ("\IZQSOFCW")
Change component parameters (AddParameter): Name = "ComponentLink1Description"; Value = "Datasheet"; VariantName = "[No Variations]"
Change component parameters (AddParameter): Name = "ComponentLink1URL"; Value = "https://www.bourns.com/docs/product-datasheets/CRxxxxx.pdf"; VariantName = "[No Variations]"
Change component parameters (AddParameter): Name = "Digikey Part Numer"; Value = "CR0603-JW-104ELFTR-ND"; VariantName = "[No Variations]"
Change component parameters (AddParameter): Name = "Made By"; Value = "Robert Pafford"; VariantName = "[No Variations]"
Change component parameters (AddParameter): Name = "Supplier"; Value = "Digikey"; VariantName = "[No Variations]"
Change component parameters (AddParameter): Name = "Supplier 1"; Value = "Digi-Key"; VariantName = "[No Variations]"
Change component parameters (AddParameter): Name = "Supplier Part Number 1"; Value = "2019-RK73B1JTTD103JCT-ND"; VariantName = "[No Variations]"
Change component parameters (AddParameter): Name = "Tolerance"; Value = "+/- 5%"; VariantName = "[No Variations]"
Change component parameters (AddParameter): Name = "Value  (Ohms)"; Value = "10K"; VariantName = "[No Variations]"
Change component parameters (AddParameter): Name = "Verified By"; Value = ""; VariantName = "[No Variations]"
Change component parameters (AddParameter): Name = "Wattage"; Value = "1/8W"; VariantName = "[No Variations]"
Added Pin To Net: NetName=GND Pin=R2-1
Added Pin To Net: NetName=Killswitch Pin=R12-1
Added Pin To Net: NetName=3V3 Pin=R12-2
Added Pin To Net: NetName=V+ Pin=U5-1
Added Pin To Net: NetName=V+ Pin=U5-2
Added Pin To Net: NetName=V+ Pin=U5-3
Added Pin To Net: NetName=Motor_Power Pin=U5-5
Added Pin To Net: NetName=Motor_Power Pin=U5-6
Added Pin To Net: NetName=Motor_Power Pin=U5-7
Added Pin To Net: NetName=Motor_Power Pin=U5-8
Added Pin To Net: NetName=V+ Pin=U6-1
Added Pin To Net: NetName=V+ Pin=U6-2
Added Pin To Net: NetName=V+ Pin=U6-3
Added Pin To Net: NetName=Motor_Power Pin=U6-5
Added Pin To Net: NetName=Motor_Power Pin=U6-6
Added Pin To Net: NetName=Motor_Power Pin=U6-7
Added Pin To Net: NetName=Motor_Power Pin=U6-8
Added Pin To Net: NetName=Killswitch Enable Pin=BP1-34
Added Pin To Net: NetName=Killswitch Enable Pin=R2-2
Added Pin To Net: NetName=Killswitch Enable Pin=U3-1
Added Net: Name=Killswitch Enable
Added Pin To Net: NetName=NetR1_1 Pin=R1-1
Added Pin To Net: NetName=NetR1_1 Pin=R3-2
Added Pin To Net: NetName=NetR1_1 Pin=U5-4
Added Pin To Net: NetName=NetR1_1 Pin=U6-4
Added Net: Name=NetR1_1
Added Member To Class: ClassName=M1_75S Member=Component R12 10k Ohm 5% 1/10W
Added Member To Class: ClassName=M1_75S Member=Component U5 SIR167DP-T1-GE3
Added Member To Class: ClassName=M1_75S Member=Component U6 PMV13XNEAR
