Change Component Footprint: Designator=U7 Old Footprint=SOT-23-3 New Footprint=DPAK_ONS
Change Component Comment : Designator=SB7 Old Comment= New Comment=0 Ohm Jumper No Fit
Change component parameters: Designator = "U1" ("U1"); Footprint = "TSOT-23_S6"; UniqueID = "\RBIOBUXT" ("\RBIOBUXT")
Change component parameters (AddParameter): Name = "Arrow_Europe-Purchase-URL"; Value = "https://snapeda.com/shop?store=Arrow+Europe&id=4343773"; VariantName = "[No Variations]"
Change component parameters (AddParameter): Name = "Availability"; Value = "Good"; VariantName = "[No Variations]"
Change component parameters (AddParameter): Name = "Check_prices"; Value = "https://www.snapeda.com/parts/LTC4412ES6%23TRPBF/Analog%20Devices/view-part/4343773/?ref=eda"; VariantName = "[No Variations]"
Change component parameters (AddParameter): Name = "DigiKey-Purchase-URL"; Value = "https://snapeda.com/shop?store=DigiKey&id=4343773"; VariantName = "[No Variations]"
Change component parameters (AddParameter): Name = "MF"; Value = "Analog Devices"; VariantName = "[No Variations]"
Change component parameters (AddParameter): Name = "Mouser-Purchase-URL"; Value = "https://snapeda.com/shop?store=Mouser&id=4343773"; VariantName = "[No Variations]"
Change component parameters (AddParameter): Name = "MP"; Value = "LTC4412ES6#TRPBF"; VariantName = "[No Variations]"
Change component parameters (AddParameter): Name = "Package"; Value = "SOT-23-6 Analog Devices"; VariantName = "[No Variations]"
Change component parameters (AddParameter): Name = "Price"; Value = "None"; VariantName = "[No Variations]"
Change component parameters (AddParameter): Name = "SnapEDA_Link"; Value = "https://www.snapeda.com/parts/LTC4412ES6%23TRPBF/Analog%20Devices/view-part/4343773/?ref=snap"; VariantName = "[No Variations]"
Change component parameters (AddParameter): Name = "Value"; Value = ""; VariantName = "[No Variations]"
Change component parameters: Designator = "U2" ("U2"); Footprint = "TSOT-23_S6"; UniqueID = "\TBWPKBVU" ("\TBWPKBVU")
Change component parameters (AddParameter): Name = "Arrow_Europe-Purchase-URL"; Value = "https://snapeda.com/shop?store=Arrow+Europe&id=4343773"; VariantName = "[No Variations]"
Change component parameters (AddParameter): Name = "Availability"; Value = "Good"; VariantName = "[No Variations]"
Change component parameters (AddParameter): Name = "Check_prices"; Value = "https://www.snapeda.com/parts/LTC4412ES6%23TRPBF/Analog%20Devices/view-part/4343773/?ref=eda"; VariantName = "[No Variations]"
Change component parameters (AddParameter): Name = "DigiKey-Purchase-URL"; Value = "https://snapeda.com/shop?store=DigiKey&id=4343773"; VariantName = "[No Variations]"
Change component parameters (AddParameter): Name = "MF"; Value = "Analog Devices"; VariantName = "[No Variations]"
Change component parameters (AddParameter): Name = "Mouser-Purchase-URL"; Value = "https://snapeda.com/shop?store=Mouser&id=4343773"; VariantName = "[No Variations]"
Change component parameters (AddParameter): Name = "MP"; Value = "LTC4412ES6#TRPBF"; VariantName = "[No Variations]"
Change component parameters (AddParameter): Name = "Package"; Value = "SOT-23-6 Analog Devices"; VariantName = "[No Variations]"
Change component parameters (AddParameter): Name = "Price"; Value = "None"; VariantName = "[No Variations]"
Change component parameters (AddParameter): Name = "SnapEDA_Link"; Value = "https://www.snapeda.com/parts/LTC4412ES6%23TRPBF/Analog%20Devices/view-part/4343773/?ref=snap"; VariantName = "[No Variations]"
Change component parameters (AddParameter): Name = "Value"; Value = ""; VariantName = "[No Variations]"
