Removed Pin From Net: NetName=PLTACONN Pin=Q?-5
Removed Pin From Net: NetName=+5 Pin=SB12-1
Removed Pin From Net: NetName=V+ Pin=SB13-1
Removed Pin From Net: NetName=PLTA_OnOff Pin=U99-1
Removed Pin From Net: NetName=GND Pin=U99-3
Removed Member From Class: ClassName=M1_75S Member=Q?
Removed Member From Class: ClassName=M1_75S Member=R99
Removed Member From Class: ClassName=M1_75S Member=SB12
Removed Member From Class: ClassName=M1_75S Member=SB13
Removed Member From Class: ClassName=M1_75S Member=U99
Added Pin To Net: NetName=V+ Pin=U11-1
Added Pin To Net: NetName=V+ Pin=U11-2
Added Pin To Net: NetName=V+ Pin=U11-3
Added Pin To Net: NetName=PORT_BATT Pin=U11-5
Added Pin To Net: NetName=PORT_BATT Pin=U11-6
Added Pin To Net: NetName=PORT_BATT Pin=U11-7
Added Pin To Net: NetName=PORT_BATT Pin=U11-8
Added Pin To Net: NetName=V+ Pin=U12-1
Added Pin To Net: NetName=V+ Pin=U12-2
Added Pin To Net: NetName=V+ Pin=U12-3
Added Pin To Net: NetName=PORT_BATT Pin=U12-5
Added Pin To Net: NetName=PORT_BATT Pin=U12-6
Added Pin To Net: NetName=PORT_BATT Pin=U12-7
Added Pin To Net: NetName=PORT_BATT Pin=U12-8
Added Pin To Net: NetName=STBD_BATT Pin=U13-5
Added Pin To Net: NetName=STBD_BATT Pin=U13-6
Added Pin To Net: NetName=STBD_BATT Pin=U13-7
Added Pin To Net: NetName=STBD_BATT Pin=U13-8
Added Pin To Net: NetName=V+ Pin=U14-3
Added Pin To Net: NetName=STBD_BATT Pin=U14-5
Added Pin To Net: NetName=STBD_BATT Pin=U14-6
Added Pin To Net: NetName=STBD_BATT Pin=U14-7
Added Pin To Net: NetName=STBD_BATT Pin=U14-8
Added Pin To Net: NetName=NetR27_1 Pin=R27-1
Added Pin To Net: NetName=NetR27_1 Pin=U11-4
Added Net: Name=NetR27_1
Added Pin To Net: NetName=NetR28_1 Pin=R28-1
Added Pin To Net: NetName=NetR28_1 Pin=U12-4
Added Net: Name=NetR28_1
Added Pin To Net: NetName=NetR29_1 Pin=R29-1
Added Pin To Net: NetName=NetR29_1 Pin=U13-4
Added Net: Name=NetR29_1
Added Pin To Net: NetName=NetR30_1 Pin=R30-1
Added Pin To Net: NetName=NetR30_1 Pin=U14-4
Added Net: Name=NetR30_1
