Removed Pin From Net: NetName=3V3 Pin=R2-2
Removed Pin From Net: NetName=V+ Pin=SB4-1
Removed Pin From Net: NetName=V+ Pin=SB5-2
Removed Pin From Net: NetName=3V3 Pin=U3-1
Removed Pin From Net: NetName=V+ Pin=U50-3
Change component parameters: Designator = "U1" ("U1"); Footprint = "TSOT-23_S6"; UniqueID = "\RBIOBUXT" ("\RBIOBUXT")
Change component parameters (AddParameter): Name = "Arrow_Europe-Purchase-URL"; Value = "https://snapeda.com/shop?store=Arrow+Europe&id=4343773"; VariantName = "[No Variations]"
Change component parameters (AddParameter): Name = "Availability"; Value = "Good"; VariantName = "[No Variations]"
Change component parameters (AddParameter): Name = "DigiKey-Purchase-URL"; Value = "https://snapeda.com/shop?store=DigiKey&id=4343773"; VariantName = "[No Variations]"
Change component parameters (AddParameter): Name = "MF"; Value = "Analog Devices"; VariantName = "[No Variations]"
Change component parameters (AddParameter): Name = "Mouser-Purchase-URL"; Value = "https://snapeda.com/shop?store=Mouser&id=4343773"; VariantName = "[No Variations]"
Change component parameters (AddParameter): Name = "MP"; Value = "LTC4412ES6#TRPBF"; VariantName = "[No Variations]"
Change component parameters (AddParameter): Name = "Package"; Value = "SOT-23-6 Analog Devices"; VariantName = "[No Variations]"
Change component parameters (AddParameter): Name = "Price"; Value = "None"; VariantName = "[No Variations]"
Change component parameters (AddParameter): Name = "SnapEDA_Link"; Value = "https://www.snapeda.com/parts/LTC4412ES6%23TRPBF/Analog%20Devices/view-part/4343773/?ref=snap"; VariantName = "[No Variations]"
Change component parameters (AddParameter): Name = "Value"; Value = ""; VariantName = "[No Variations]"
Change component parameters: Designator = "U2" ("U2"); Footprint = "TSOT-23_S6"; UniqueID = "\TBWPKBVU" ("\TBWPKBVU")
Change component parameters (AddParameter): Name = "Arrow_Europe-Purchase-URL"; Value = "https://snapeda.com/shop?store=Arrow+Europe&id=4343773"; VariantName = "[No Variations]"
Change component parameters (AddParameter): Name = "Availability"; Value = "Good"; VariantName = "[No Variations]"
Change component parameters (AddParameter): Name = "DigiKey-Purchase-URL"; Value = "https://snapeda.com/shop?store=DigiKey&id=4343773"; VariantName = "[No Variations]"
Change component parameters (AddParameter): Name = "MF"; Value = "Analog Devices"; VariantName = "[No Variations]"
Change component parameters (AddParameter): Name = "Mouser-Purchase-URL"; Value = "https://snapeda.com/shop?store=Mouser&id=4343773"; VariantName = "[No Variations]"
Change component parameters (AddParameter): Name = "MP"; Value = "LTC4412ES6#TRPBF"; VariantName = "[No Variations]"
Change component parameters (AddParameter): Name = "Package"; Value = "SOT-23-6 Analog Devices"; VariantName = "[No Variations]"
Change component parameters (AddParameter): Name = "Price"; Value = "None"; VariantName = "[No Variations]"
Change component parameters (AddParameter): Name = "SnapEDA_Link"; Value = "https://www.snapeda.com/parts/LTC4412ES6%23TRPBF/Analog%20Devices/view-part/4343773/?ref=snap"; VariantName = "[No Variations]"
Change component parameters (AddParameter): Name = "Value"; Value = ""; VariantName = "[No Variations]"
Added Pin To Net: NetName=V+ Pin=PS1-1
Added Pin To Net: NetName=GND Pin=PS1-2
Added Pin To Net: NetName=GND Pin=PS1-3
Added Pin To Net: NetName=GND Pin=PS1-4
Added Pin To Net: NetName=NetPOT1_1 Pin=PS1-6
Added Pin To Net: NetName=+12 Pin=PS1-7
Added Pin To Net: NetName=+12 Pin=PS1-8
Added Pin To Net: NetName=V+ Pin=PS2-1
Added Pin To Net: NetName=GND Pin=PS2-2
Added Pin To Net: NetName=GND Pin=PS2-3
Added Pin To Net: NetName=NetC4_2 Pin=PS2-4
Added Pin To Net: NetName=NetPOT2_1 Pin=PS2-6
Added Pin To Net: NetName=+5 Pin=PS2-7
Added Pin To Net: NetName=+5 Pin=PS2-8
Added Pin To Net: NetName=NetR2_2 Pin=R2-2
Added Pin To Net: NetName=NetR2_2 Pin=U3-1
Added Net: Name=NetR2_2
Added Pin To Net: NetName=NetR27_2 Pin=R27-2
Added Pin To Net: NetName=NetR27_2 Pin=R28-2
Added Pin To Net: NetName=NetR27_2 Pin=U1-5
Added Net: Name=NetR27_2
Added Pin To Net: NetName=NetR29_2 Pin=R29-2
Added Pin To Net: NetName=NetR29_2 Pin=R30-2
Added Pin To Net: NetName=NetR29_2 Pin=U2-5
Added Net: Name=NetR29_2
Added Pin To Net: NetName=NetSB4_1 Pin=SB4-1
Added Pin To Net: NetName=NetSB4_1 Pin=SB5-2
Added Pin To Net: NetName=NetSB4_1 Pin=U50-3
Added Net: Name=NetSB4_1
Added Member To Class: ClassName=M1_75S Member=Component PS1 I6A4W020A033V-001-R
Added Member To Class: ClassName=M1_75S Member=Component PS2 I6A4W020A033V-001-R
Added Member To Class: ClassName=M1_75S Member=Component R4 10k Ohm 5% 1/10W
Added Member To Class: ClassName=M1_75S Member=Component R5 10k Ohm 5% 1/10W
Added Member To Class: ClassName=M1_75S Member=Component R27 27 Ohm 5% 1/8W
Added Member To Class: ClassName=M1_75S Member=Component R28 27 Ohm 5% 1/8W
Added Member To Class: ClassName=M1_75S Member=Component R29 27 Ohm 5% 1/8W
Added Member To Class: ClassName=M1_75S Member=Component R30 27 Ohm 5% 1/8W
Added Member To Class: ClassName=M1_75S2 Member=Component SB10 0 Ohm Jumper No Fit
Added Member To Class: ClassName=M1_75S2 Member=Component SB11 0 Ohm Jumper No Fit
Added Member To Class: ClassName=M1_75S Member=Component SB12 0 Ohm Jumper No Fit
Added Member To Class: ClassName=M1_75S Member=Component U11 SIR167DP-T1-GE3
Added Member To Class: ClassName=M1_75S Member=Component U12 SIR167DP-T1-GE3
Added Member To Class: ClassName=M1_75S Member=Component U13 SIR167DP-T1-GE3
Added Member To Class: ClassName=M1_75S Member=Component U14 SIR167DP-T1-GE3
