Removed Pin From Net: NetName=V+ Pin=C1-1
Removed Pin From Net: NetName=GND Pin=C1-2
Removed Pin From Net: NetName=V+ Pin=C2-1
Removed Pin From Net: NetName=GND Pin=C2-2
Removed Pin From Net: NetName=+12 Pin=C3-1
Removed Pin From Net: NetName=GND Pin=C3-2
Removed Pin From Net: NetName=+5 Pin=C4-1
Removed Pin From Net: NetName=+12 Pin=C5-1
Removed Pin From Net: NetName=GND Pin=C5-2
Removed Pin From Net: NetName=+5 Pin=C6-1
Removed Pin From Net: NetName=GND Pin=POT1-3
Removed Pin From Net: NetName=V+ Pin=PS1-1
Removed Pin From Net: NetName=GND Pin=PS1-2
Removed Pin From Net: NetName=GND Pin=PS1-3
Removed Pin From Net: NetName=GND Pin=PS1-4
Removed Pin From Net: NetName=+12 Pin=PS1-7
Removed Pin From Net: NetName=+12 Pin=PS1-8
Removed Pin From Net: NetName=V+ Pin=PS2-1
Removed Pin From Net: NetName=GND Pin=PS2-2
Removed Pin From Net: NetName=GND Pin=PS2-3
Removed Pin From Net: NetName=+5 Pin=PS2-7
Removed Pin From Net: NetName=+5 Pin=PS2-8
Removed Member From Class: ClassName=M1_75S Member=C1
Removed Member From Class: ClassName=M1_75S Member=C2
Removed Member From Class: ClassName=M1_75S Member=C3
Removed Member From Class: ClassName=M1_75S Member=C4
Removed Member From Class: ClassName=M1_75S Member=C5
Removed Member From Class: ClassName=M1_75S Member=C6
Removed Member From Class: ClassName=M1_75S Member=POT2
Added Pin To Net: NetName=NetU50_7 Pin=U50-7
Added Net: Name=NetU50_7
Added Pin To Net: NetName=NetU50_8 Pin=U50-8
Added Net: Name=NetU50_8
Added Room: Name=M1_75S2
Added Room: Name=M1_75S
