Removed Pin From Net: NetName=GND Pin=BP1-4
Removed Pin From Net: NetName=GND Pin=BP1-5
Removed Pin From Net: NetName=GND Pin=BP1-6
Removed Pin From Net: NetName=GND Pin=BP1-8
Removed Pin From Net: NetName=GND Pin=BP1-9
Removed Pin From Net: NetName=GND Pin=BP1-10
Removed Pin From Net: NetName=GND Pin=BP1-47
Removed Pin From Net: NetName=GND Pin=BP1-48
Removed Pin From Net: NetName=GND Pin=BP1-49
Removed Pin From Net: NetName=GND Pin=BP1-51
Removed Pin From Net: NetName=GND Pin=BP1-52
Removed Pin From Net: NetName=GND Pin=BP1-53
Removed Pin From Net: NetName=V+ Pin=C1-1
Removed Pin From Net: NetName=GND Pin=C1-2
Removed Pin From Net: NetName=V+ Pin=C2-1
Removed Pin From Net: NetName=GND Pin=C2-2
Removed Pin From Net: NetName=+12 Pin=C3-1
Removed Pin From Net: NetName=GND Pin=C3-2
Removed Pin From Net: NetName=+5 Pin=C4-1
Removed Pin From Net: NetName=+12 Pin=C5-1
Removed Pin From Net: NetName=GND Pin=C5-2
Removed Pin From Net: NetName=+5 Pin=C6-1
Removed Pin From Net: NetName=GND Pin=ESCCONN-1
Removed Pin From Net: NetName=GND Pin=ESCCONN-2
Removed Pin From Net: NetName=GND Pin=ESCCONN-3
Removed Pin From Net: NetName=GND Pin=ESCCONN-4
Removed Pin From Net: NetName=GND Pin=ESCCONN-5
Removed Pin From Net: NetName=GND Pin=ESCCONN-6
Removed Pin From Net: NetName=GND Pin=ESCCONN-7
Removed Pin From Net: NetName=GND Pin=POT1-3
Removed Pin From Net: NetName=V+ Pin=PS1-1
Removed Pin From Net: NetName=GND Pin=PS1-2
Removed Pin From Net: NetName=GND Pin=PS1-3
Removed Pin From Net: NetName=GND Pin=PS1-4
Removed Pin From Net: NetName=+12 Pin=PS1-7
Removed Pin From Net: NetName=+12 Pin=PS1-8
Removed Pin From Net: NetName=V+ Pin=PS2-1
Removed Pin From Net: NetName=GND Pin=PS2-2
Removed Pin From Net: NetName=GND Pin=PS2-3
Removed Pin From Net: NetName=+5 Pin=PS2-7
Removed Pin From Net: NetName=+5 Pin=PS2-8
Added Pin To Net: NetName=NetBP1_4*12 Pin=BP1-4
Added Pin To Net: NetName=NetBP1_4*12 Pin=BP1-5
Added Pin To Net: NetName=NetBP1_4*12 Pin=BP1-6
Added Pin To Net: NetName=NetBP1_4*12 Pin=BP1-8
Added Pin To Net: NetName=NetBP1_4*12 Pin=BP1-9
Added Pin To Net: NetName=NetBP1_4*12 Pin=BP1-10
Added Pin To Net: NetName=NetBP1_4*12 Pin=BP1-47
Added Pin To Net: NetName=NetBP1_4*12 Pin=BP1-48
Added Pin To Net: NetName=NetBP1_4*12 Pin=BP1-49
Added Pin To Net: NetName=NetBP1_4*12 Pin=BP1-51
Added Pin To Net: NetName=NetBP1_4*12 Pin=BP1-52
Added Pin To Net: NetName=NetBP1_4*12 Pin=BP1-53
Added Net: Name=NetBP1_4*12
Added Pin To Net: NetName=NetU50_7 Pin=U50-7
Added Net: Name=NetU50_7
Added Pin To Net: NetName=NetU50_8 Pin=U50-8
Added Net: Name=NetU50_8
Added Pin To Net: NetName=SYS GND Pin=ESCCONN-1
Added Pin To Net: NetName=SYS GND Pin=ESCCONN-2
Added Pin To Net: NetName=SYS GND Pin=ESCCONN-3
Added Pin To Net: NetName=SYS GND Pin=ESCCONN-4
Added Pin To Net: NetName=SYS GND Pin=ESCCONN-5
Added Pin To Net: NetName=SYS GND Pin=ESCCONN-6
Added Pin To Net: NetName=SYS GND Pin=ESCCONN-7
Added Net: Name=SYS GND
Added Room: Name=M1_75S2
Added Room: Name=M1_75S
