Removed Pin From Net: NetName=GND Pin=C4-2
Removed Pin From Net: NetName=GND Pin=C6-2
Removed Pin From Net: NetName=GND Pin=POT2-3
Removed Pin From Net: NetName=GND Pin=PS2-4
Removed Pin From Net: NetName=STBD_BATT Pin=Q1-1
Removed Pin From Net: NetName=STBD_BATT Pin=Q1-2
Removed Pin From Net: NetName=STBD_BATT Pin=Q1-3
Removed Pin From Net: NetName=V+ Pin=Q1-5
Removed Pin From Net: NetName=PORT_BATT Pin=Q2-1
Removed Pin From Net: NetName=PORT_BATT Pin=Q2-2
Removed Pin From Net: NetName=PORT_BATT Pin=Q2-3
Removed Pin From Net: NetName=V+ Pin=Q2-5
Removed Pin From Net: NetName=V+ Pin=R1-1
Removed Pin From Net: NetName=Killswitch Pin=R2-2
Removed Pin From Net: NetName=+5 Pin=SB0-2
Removed Pin From Net: NetName=+5 Pin=SB1-1
Removed Pin From Net: NetName=+5 Pin=SB2-2
Removed Pin From Net: NetName=GND Pin=SB3-2
Removed Pin From Net: NetName=+12 Pin=SB6-2
Removed Pin From Net: NetName=+12 Pin=SB7-1
Change Component Comment : Designator=SB8 Old Comment=Comment New Comment=0 Ohm Jumper No Fit
Change Component Comment : Designator=SB9 Old Comment=Comment New Comment=0 Ohm Jumper No Fit
Change Component Comment : Designator=SB10 Old Comment=Comment New Comment=0 Ohm Jumper No Fit
Change Component Comment : Designator=R2 Old Comment=Comment New Comment=10k Ohm 5% 1/10W
Change Component Comment : Designator=SB11 Old Comment=Comment New Comment=
Change Component Comment : Designator=U3 Old Comment=Comment New Comment=AO3404A
Change Component Designator: OldDesignator=R2 NewDesignator=R?
Change Component Designator: OldDesignator=R8 NewDesignator=R?
Change Component Designator: OldDesignator=R9 NewDesignator=R?
Change component parameters: Designator = "R2" ("R2"); Footprint = "RESISTOR_0603"; UniqueID = "\GZXWHLXM" ("\GZXWHLXM")
Change component parameters (AddParameter): Name = "ComponentLink1Description"; Value = "Datasheet"; VariantName = "[No Variations]"
Change component parameters (AddParameter): Name = "ComponentLink1URL"; Value = "https://www.bourns.com/docs/product-datasheets/CRxxxxx.pdf"; VariantName = "[No Variations]"
Change component parameters (AddParameter): Name = "Digikey Part Numer"; Value = "CR0603-JW-104ELFTR-ND"; VariantName = "[No Variations]"
Change component parameters (AddParameter): Name = "Made By"; Value = "Robert Pafford"; VariantName = "[No Variations]"
Change component parameters (AddParameter): Name = "Supplier"; Value = "Digikey"; VariantName = "[No Variations]"
Change component parameters (AddParameter): Name = "Supplier 1"; Value = "Digi-Key"; VariantName = "[No Variations]"
Change component parameters (AddParameter): Name = "Supplier Part Number 1"; Value = "2019-RK73B1JTTD103JCT-ND"; VariantName = "[No Variations]"
Change component parameters (AddParameter): Name = "Tolerance"; Value = "+/- 5%"; VariantName = "[No Variations]"
Change component parameters (AddParameter): Name = "Value  (Ohms)"; Value = "10K"; VariantName = "[No Variations]"
Change component parameters (AddParameter): Name = "Verified By"; Value = ""; VariantName = "[No Variations]"
Change component parameters (AddParameter): Name = "Wattage"; Value = "1/8W"; VariantName = "[No Variations]"
Change component parameters: Designator = "SB8" ("SB8"); Footprint = "RESISTOR_0603"; UniqueID = "\FLFAADOT" ("\FLFAADOT")
Change component parameters (AddParameter): Name = "ComponentLink1Description"; Value = "Digikey"; VariantName = "[No Variations]"
Change component parameters (AddParameter): Name = "ComponentLink1URL"; Value = "https://www.digikey.com/en/products/detail/koa-speer-electronics-inc/RK73B1JTTD101J/9844701"; VariantName = "[No Variations]"
Change component parameters (AddParameter): Name = "Made By"; Value = "Robert Pafford"; VariantName = "[No Variations]"
Change component parameters (AddParameter): Name = "Value  (Ohms)"; Value = "0"; VariantName = "[No Variations]"
Change component parameters (AddParameter): Name = "Verified By"; Value = ""; VariantName = "[No Variations]"
Change component parameters: Designator = "SB9" ("SB9"); Footprint = "RESISTOR_0603"; UniqueID = "\IACFOAKP" ("\IACFOAKP")
Change component parameters (AddParameter): Name = "ComponentLink1Description"; Value = "Digikey"; VariantName = "[No Variations]"
Change component parameters (AddParameter): Name = "ComponentLink1URL"; Value = "https://www.digikey.com/en/products/detail/koa-speer-electronics-inc/RK73B1JTTD101J/9844701"; VariantName = "[No Variations]"
Change component parameters (AddParameter): Name = "Made By"; Value = "Robert Pafford"; VariantName = "[No Variations]"
Change component parameters (AddParameter): Name = "Value  (Ohms)"; Value = "0"; VariantName = "[No Variations]"
Change component parameters (AddParameter): Name = "Verified By"; Value = ""; VariantName = "[No Variations]"
Change component parameters: Designator = "SB10" ("SB10"); Footprint = "RESISTOR_0603"; UniqueID = "\RGSQWORL" ("\RGSQWORL")
Change component parameters (AddParameter): Name = "ComponentLink1Description"; Value = "Digikey"; VariantName = "[No Variations]"
Change component parameters (AddParameter): Name = "ComponentLink1URL"; Value = "https://www.digikey.com/en/products/detail/koa-speer-electronics-inc/RK73B1JTTD101J/9844701"; VariantName = "[No Variations]"
Change component parameters (AddParameter): Name = "Made By"; Value = "Robert Pafford"; VariantName = "[No Variations]"
Change component parameters (AddParameter): Name = "Value  (Ohms)"; Value = "0"; VariantName = "[No Variations]"
Change component parameters (AddParameter): Name = "Verified By"; Value = ""; VariantName = "[No Variations]"
Change component parameters: Designator = "SB11" ("SB11"); Footprint = "RESISTOR_0603"; UniqueID = "\UCKRYLJR" ("\UCKRYLJR")
Change component parameters (AddParameter): Name = "ComponentLink1Description"; Value = "Digikey"; VariantName = "[No Variations]"
Change component parameters (AddParameter): Name = "ComponentLink1URL"; Value = "https://www.digikey.com/en/products/detail/koa-speer-electronics-inc/RK73B1JTTD101J/9844701"; VariantName = "[No Variations]"
Change component parameters (AddParameter): Name = "Made By"; Value = "Robert Pafford"; VariantName = "[No Variations]"
Change component parameters (AddParameter): Name = "Value  (Ohms)"; Value = "0"; VariantName = "[No Variations]"
Change component parameters (AddParameter): Name = "Verified By"; Value = ""; VariantName = "[No Variations]"
Change component parameters: Designator = "U3" ("U3"); Footprint = "SOT-23-3"; UniqueID = "\LSNEKTAB" ("\LSNEKTAB")
Change component parameters (AddParameter): Name = "Amp Rating"; Value = "5.8 A"; VariantName = "[No Variations]"
Change component parameters (AddParameter): Name = "Created By"; Value = "Dylan T"; VariantName = "[No Variations]"
Change component parameters (AddParameter): Name = "FET Type"; Value = "N-Channel"; VariantName = "[No Variations]"
Change component parameters (AddParameter): Name = "Manufacturer _Part_Number"; Value = "AO3404A"; VariantName = "[No Variations]"
Change component parameters (AddParameter): Name = "Package"; Value = "SOT23-3L"; VariantName = "[No Variations]"
Change component parameters (AddParameter): Name = "Power Dissipation"; Value = "1.4W (Ta)"; VariantName = "[No Variations]"
Change component parameters (AddParameter): Name = "Rds (on)"; Value = "28mOhm @ 5.8A, 10V"; VariantName = "[No Variations]"
Change component parameters (AddParameter): Name = "SourceLibrary"; Value = "ON_Semiconductor_2020-01-13"; VariantName = "[No Variations]"
Change component parameters (AddParameter): Name = "Supplier 1"; Value = "Digi-Key"; VariantName = "[No Variations]"
Change component parameters (AddParameter): Name = "Supplier Part Number 1"; Value = "785-1004-1-ND"; VariantName = "[No Variations]"
Change component parameters (AddParameter): Name = "Vdss"; Value = "30V"; VariantName = "[No Variations]"
Change component parameters (AddParameter): Name = "Vendor"; Value = "Alpha & Omega Semiconductor Inc."; VariantName = "[No Variations]"
Change component parameters (AddParameter): Name = "Verified By"; Value = ""; VariantName = "[No Variations]"
Change component parameters (AddParameter): Name = "Vgs (Max)"; Value = "3V @ 5.8A, 10V"; VariantName = "[No Variations]"
Change component parameters (AddParameter): Name = "Vgs (th)"; Value = "3V @ 250µA"; VariantName = "[No Variations]"
Added Pin To Net: NetName=V+ Pin=Q1-1
Added Pin To Net: NetName=V+ Pin=Q1-2
Added Pin To Net: NetName=V+ Pin=Q1-3
Added Pin To Net: NetName=STBD_BATT Pin=Q1-5
Added Pin To Net: NetName=V+ Pin=Q2-1
Added Pin To Net: NetName=V+ Pin=Q2-2
Added Pin To Net: NetName=V+ Pin=Q2-3
Added Pin To Net: NetName=PORT_BATT Pin=Q2-5
Added Pin To Net: NetName=3V3 Pin=R2-1
Added Pin To Net: NetName=3V3 Pin=R2-2
Added Pin To Net: NetName=V+ Pin=R?-1
Added Pin To Net: NetName=+5 Pin=SB0-1
Added Pin To Net: NetName=GND Pin=SB2-2
Added Pin To Net: NetName=NetSB2_1 Pin=SB3-2
Added Pin To Net: NetName=V+ Pin=SB5-1
Added Pin To Net: NetName=PORT_BATT Pin=SB6-1
Added Pin To Net: NetName=STBD_BATT Pin=SB8-1
Added Pin To Net: NetName=GND Pin=SB9-2
Added Pin To Net: NetName=+12 Pin=SB10-1
Added Pin To Net: NetName=GND Pin=SB11-2
Added Pin To Net: NetName=3V3 Pin=U3-1
Added Pin To Net: NetName=Killswitch Pin=U3-2
Added Pin To Net: NetName=V+ Pin=U50-3
Change Net Name : Old Net Name=NetR8_2 New Net Name=NetR?_1
Change Net Name : Old Net Name=NetR9_2 New Net Name=NetR?_2
Added Pin To Net: NetName=NetC4_2 Pin=C4-2
Added Pin To Net: NetName=NetC4_2 Pin=C6-2
Added Pin To Net: NetName=NetC4_2 Pin=POT2-3
Added Pin To Net: NetName=NetC4_2 Pin=PS2-4
Added Net: Name=NetC4_2
Added Pin To Net: NetName=NetQ5_4 Pin=Q5-4
Added Pin To Net: NetName=NetQ5_4 Pin=Q6-4
Added Pin To Net: NetName=NetQ5_4 Pin=R1-1
Added Pin To Net: NetName=NetQ5_4 Pin=R?-2
Added Net: Name=NetQ5_4
Added Pin To Net: NetName=NetR1_2 Pin=R1-2
Added Pin To Net: NetName=NetR1_2 Pin=U3-3
Added Net: Name=NetR1_2
Added Pin To Net: NetName=NetSB0_2 Pin=SB0-2
Added Pin To Net: NetName=NetSB0_2 Pin=SB1-1
Added Pin To Net: NetName=NetSB0_2 Pin=U50-9
Added Net: Name=NetSB0_2
Added Pin To Net: NetName=NetSB6_2 Pin=SB6-2
Added Pin To Net: NetName=NetSB6_2 Pin=SB7-1
Added Pin To Net: NetName=NetSB6_2 Pin=U50-13
Added Net: Name=NetSB6_2
Added Pin To Net: NetName=NetSB8_2 Pin=SB8-2
Added Pin To Net: NetName=NetSB8_2 Pin=SB9-1
Added Pin To Net: NetName=NetSB8_2 Pin=U50-11
Added Net: Name=NetSB8_2
Added Pin To Net: NetName=NetSB10_2 Pin=SB10-2
Added Pin To Net: NetName=NetSB10_2 Pin=SB11-1
Added Pin To Net: NetName=NetSB10_2 Pin=U50-1
Added Net: Name=NetSB10_2
Change Class Name : Old Net Name=PD1_5 New Net Name=M1_75S
Change Class Name : Old Net Name=PD1_5 _S2 New Net Name=M1_75S2
Added Member To Class: ClassName=M1_75S2 Member=Component SB8 0 Ohm Jumper No Fit
Added Member To Class: ClassName=M1_75S2 Member=Component SB9 0 Ohm Jumper No Fit
Added Member To Class: ClassName=M1_75S2 Member=Component SB10 0 Ohm Jumper No Fit
Added Member To Class: ClassName=M1_75S2 Member=Component SB11
Added Member To Class: ClassName=M1_75S Member=Component SB? 0 Ohm Jumper No Fit
Added Member To Class: ClassName=M1_75S Member=Component U3 AO3404A
Added Room: Name=M1_75S2
Added Room: Name=M1_75S
