Removed Pin From Net: NetName=VBUS Pin=C21-1
Removed Pin From Net: NetName=GND Pin=C21-2
Removed Pin From Net: NetName=GND Pin=C23-2
Removed Pin From Net: NetName=PPHV Pin=C65-1
Removed Pin From Net: NetName=NetC25_1 Pin=F1-2
Removed Pin From Net: NetName=VBAT Pin=F1-3
Removed Pin From Net: NetName=VBAT Pin=F1-4
Removed Pin From Net: NetName=VBUSIN Pin=J1-A4-B9
Removed Pin From Net: NetName=VBUSIN Pin=J1-B4-A9
Removed Pin From Net: NetName=Drain_Out Pin=J6-3
Removed Pin From Net: NetName=VBAT Pin=J6-4
Removed Pin From Net: NetName=VBUS Pin=Q1-2
Removed Pin From Net: NetName=PPHV Pin=Q1-3
Removed Pin From Net: NetName=GND Pin=R1-2
Removed Pin From Net: NetName=GND Pin=R12-2
Removed Pin From Net: NetName=PIN Pin=R19-2
Removed Pin From Net: NetName=VBUS Pin=R20-1
Removed Pin From Net: NetName=CMPOUT Pin=U1-15
Removed Pin From Net: NetName=AUDIOIN Pin=U1R-5
Removed Pin From Net: NetName=BCLK Pin=U1R-38
Removed Pin From Net: NetName=LRCLK Pin=U1R-39
Removed Pin From Net: NetName=GND Pin=U5-2
Removed Pin From Net: NetName=GND Pin=U5-3
Removed Pin From Net: NetName=VBUS Pin=U5-6
Removed Pin From Net: NetName=VSYS Pin=U7-1
Removed Pin From Net: NetName=VSYS Pin=U7-2
Removed Pin From Net: NetName=VSYS Pin=U7-3
Removed Pin From Net: NetName=SW2 Pin=U7-5
Removed Pin From Net: NetName=SW2 Pin=U7-6
Removed Pin From Net: NetName=SW2 Pin=U7-7
Removed Pin From Net: NetName=SW2 Pin=U7-8
Removed Pin From Net: NetName=SW2 Pin=U7-9
Removed Pin From Net: NetName=SW2 Pin=U8-1
Removed Pin From Net: NetName=SW2 Pin=U8-2
Removed Pin From Net: NetName=SW2 Pin=U8-3
Removed Pin From Net: NetName=GND Pin=U8-5
Removed Pin From Net: NetName=GND Pin=U8-6
Removed Pin From Net: NetName=GND Pin=U8-7
Removed Pin From Net: NetName=GND Pin=U8-8
Removed Pin From Net: NetName=GND Pin=U8-9
Removed Member From Class: ClassName=SBH_Charger_Connectors Member=R1
Change Component Footprint: Designator=F1 Old Footprint=3568_KEY New Footprint=2-SMD Fuse 0603
Change Component Footprint: Designator=C23 Old Footprint=CAPACITOR_0402 New Footprint=CAPACITOR_0603
Change Component Footprint: Designator=J6 Old Footprint=CONN_MOLEX_MINIFIT JR_4 POS_VERT New Footprint=CONN_JST_XH254_2POS_VERT
Change Component Footprint: Designator=C21 Old Footprint=FP-0603-L_1_6_0_15-W_0_8-IPC_C New Footprint=CAPACITOR_0603
Change Component Comment : Designator=C23 Old Comment=2.2uF Ceramic 35V New Comment=CL10B103KB8NNNC
Change Component Comment : Designator=R8 Old Comment=100k Ohm 5% 1/8W New Comment=10k Ohm 5% 1/10W
Change Component Comment : Designator=F1 Old Comment=3568 New Comment=Fuse 5A 32V 0603
Change Component Comment : Designator=J6 Old Comment=Mini-Fit Jr VERT New Comment=XH2.54 VERT
Change Component Comment : Designator=C21 Old Comment=UMK107AB7105KA-T New Comment=CL10B103KB8NNNC
Change Managed Component Library Link : Designator=C21 Old VaultGUID=B7D15EC3-160A-466F-A46C-7801FE6295A7 New VaultGUID= Old ItemGUID=B72D0F32-6BBD-4128-B7EB-EF9E5E3F942E New ItemGUID= Old RevisionGUID=603A2B81-4C09-4DC9-B932-FB6A7FD6AA0A New RevisionGUID=
Change component parameters: Designator = "C21" ("C21"); Footprint = "FP-0603-L_1_6_0_15-W_0_8-IPC_C"; UniqueID = "\MBCLJDVO" ("\MBCLJDVO")
Change component parameters (AddParameter): Name = "ComponentLink1Description"; Value = "Datsheet"; VariantName = "[No Variations]"
Change component parameters (AddParameter): Name = "ComponentLink1URL"; Value = "https://www.mouser.com/datasheet/2/212/KEM_C1002_X7R_SMD-1102033.pdf"; VariantName = "[No Variations]"
Change component parameters (AddParameter): Name = "Made By"; Value = "Flip B"; VariantName = "[No Variations]"
Change component parameters (AddParameter): Name = "Supplier 1"; Value = "Arrow Electronics"; VariantName = "[No Variations]"
Change component parameters (AddParameter): Name = "Supplier Part Number 1"; Value = "CL10B103KB8NNNC"; VariantName = "[No Variations]"
Change component parameters (AddParameter): Name = "Tolerance"; Value = "+/- 10%"; VariantName = "[No Variations]"
Change component parameters (AddParameter): Name = "Value"; Value = "0.01uF"; VariantName = "[No Variations]"
Change component parameters (AddParameter): Name = "Verified By"; Value = ""; VariantName = "[No Variations]"
Change component parameters (AddParameter): Name = "Voltage"; Value = "6.3V"; VariantName = "[No Variations]"
Change component parameters: Designator = "C23" ("C23"); Footprint = "CAPACITOR_0402"; UniqueID = "\SKHALHQA" ("\SKHALHQA")
Change component parameters (AddParameter): Name = "ComponentLink1Description"; Value = "Datsheet"; VariantName = "[No Variations]"
Change component parameters (AddParameter): Name = "ComponentLink1URL"; Value = "https://www.mouser.com/datasheet/2/212/KEM_C1002_X7R_SMD-1102033.pdf"; VariantName = "[No Variations]"
Change component parameters (AddParameter): Name = "Made By"; Value = "Flip B"; VariantName = "[No Variations]"
Change component parameters (AddParameter): Name = "Supplier 1"; Value = "Arrow Electronics"; VariantName = "[No Variations]"
Change component parameters (AddParameter): Name = "Supplier Part Number 1"; Value = "CL10B103KB8NNNC"; VariantName = "[No Variations]"
Change component parameters (AddParameter): Name = "Tolerance"; Value = "+/- 10%"; VariantName = "[No Variations]"
Change component parameters (AddParameter): Name = "Value"; Value = "0.01uF"; VariantName = "[No Variations]"
Change component parameters (AddParameter): Name = "Verified By"; Value = ""; VariantName = "[No Variations]"
Change component parameters (AddParameter): Name = "Voltage"; Value = "6.3V"; VariantName = "[No Variations]"
Change component parameters: Designator = "F1" ("F1"); Footprint = "3568_KEY"; UniqueID = "\NVWSRVPE\BCAXRLPZ" ("\NVWSRVPE\BCAXRLPZ")
Change component parameters (AddParameter): Name = "Breaking Capacity"; Value = "150A"; VariantName = "[No Variations]"
Change component parameters (AddParameter): Name = "Created By"; Value = "Robert Pafford"; VariantName = "[No Variations]"
Change component parameters (AddParameter): Name = "Current Rating"; Value = "5A"; VariantName = "[No Variations]"
Change component parameters (AddParameter): Name = "Manufacturer_Part_Number"; Value = "ERB-RE5R00V"; VariantName = "[No Variations]"
Change component parameters (AddParameter): Name = "Mfr_Name"; Value = "Panasonic"; VariantName = "[No Variations]"
Change component parameters (AddParameter): Name = "Package"; Value = "1206"; VariantName = "[No Variations]"
Change component parameters (AddParameter): Name = "Response Time"; Value = "Fast Blow"; VariantName = "[No Variations]"
Change component parameters (AddParameter): Name = "Supplier 1"; Value = "Digi-Key"; VariantName = "[No Variations]"
Change component parameters (AddParameter): Name = "Supplier Part Number 1"; Value = "P15125CT-ND"; VariantName = "[No Variations]"
Change component parameters (AddParameter): Name = "Voltage Rating"; Value = "32V"; VariantName = "[No Variations]"
Change component parameters: Designator = "J6" ("J6"); Footprint = "CONN_MOLEX_MINIFIT JR_4 POS_VERT"; UniqueID = "\XWLGAMBO" ("\XWLGAMBO")
Change component parameters (AddParameter): Name = "Color"; Value = "White"; VariantName = "[No Variations]"
Change component parameters (AddParameter): Name = "ComponentLink1Description"; Value = "Purchase Link"; VariantName = "[No Variations]"
Change component parameters (AddParameter): Name = "ComponentLink1URL"; Value = "https://www.amazon.com/460PCS-XH2-54-Connector-Terminal-Connectors/dp/B09DBGVX5C"; VariantName = "[No Variations]"
Change component parameters (AddParameter): Name = "Configuration"; Value = "Vertical"; VariantName = "[No Variations]"
Change component parameters (AddParameter): Name = "Created By"; Value = "Robert P"; VariantName = "[No Variations]"
Change component parameters (AddParameter): Name = "Current Per Pin"; Value = "4A"; VariantName = "[No Variations]"
Change component parameters (AddParameter): Name = "Manufacturer"; Value = "JST"; VariantName = "[No Variations]"
Change component parameters (AddParameter): Name = "NOTE"; Value = "Do not use JST 2.5mm parts with this footprint. JST does not make 2.54mm pitch pins, rather only clones make this connector!"; VariantName = "[No Variations]"
Change component parameters (AddParameter): Name = "Number of Positions"; Value = "2"; VariantName = "[No Variations]"
Change component parameters (AddParameter): Name = "Pitch"; Value = "2.54mm"; VariantName = "[No Variations]"
Change component parameters (AddParameter): Name = "Series"; Value = "XH 2.54"; VariantName = "[No Variations]"
Change component parameters (AddParameter): Name = "Verified By"; Value = ""; VariantName = "[No Variations]"
Change component parameters: Designator = "R8" ("R8"); Footprint = "RESISTOR_0603"; UniqueID = "\NVWSRVPE\NDLVUEAE" ("\NVWSRVPE\NDLVUEAE")
Change component parameters (AddParameter): Name = "ComponentLink1Description"; Value = "Datasheet"; VariantName = "[No Variations]"
Change component parameters (AddParameter): Name = "ComponentLink1URL"; Value = "https://www.bourns.com/docs/product-datasheets/CRxxxxx.pdf"; VariantName = "[No Variations]"
Change component parameters (AddParameter): Name = "Digikey Part Numer"; Value = "CR0603-JW-104ELFTR-ND"; VariantName = "[No Variations]"
Change component parameters (AddParameter): Name = "Made By"; Value = "Robert Pafford"; VariantName = "[No Variations]"
Change component parameters (AddParameter): Name = "Supplier"; Value = "Digikey"; VariantName = "[No Variations]"
Change component parameters (AddParameter): Name = "Supplier 1"; Value = "Digi-Key"; VariantName = "[No Variations]"
Change component parameters (AddParameter): Name = "Supplier Part Number 1"; Value = "2019-RK73B1JTTD103JCT-ND"; VariantName = "[No Variations]"
Change component parameters (AddParameter): Name = "Tolerance"; Value = "+/- 5%"; VariantName = "[No Variations]"
Change component parameters (AddParameter): Name = "Value  (Ohms)"; Value = "10K"; VariantName = "[No Variations]"
Change component parameters (AddParameter): Name = "Verified By"; Value = ""; VariantName = "[No Variations]"
Change component parameters (AddParameter): Name = "Wattage"; Value = "1/8W"; VariantName = "[No Variations]"
Added Component: Designator=C67(CAPACITOR_0603)
Add component (AddParameter): Name = "ComponentLink1Description"; Value = "Datsheet"; VariantName = "[No Variations]"
Add component (AddParameter): Name = "ComponentLink1URL"; Value = "https://www.mouser.com/datasheet/2/212/KEM_C1002_X7R_SMD-1102033.pdf"; VariantName = "[No Variations]"
Add component (AddParameter): Name = "Made By"; Value = "Flip B"; VariantName = "[No Variations]"
Add component (AddParameter): Name = "Supplier 1"; Value = "Arrow Electronics"; VariantName = "[No Variations]"
Add component (AddParameter): Name = "Supplier Part Number 1"; Value = "CL10B103KB8NNNC"; VariantName = "[No Variations]"
Add component (AddParameter): Name = "Tolerance"; Value = "+/- 10%"; VariantName = "[No Variations]"
Add component (AddParameter): Name = "Value"; Value = "0.01uF"; VariantName = "[No Variations]"
Add component (AddParameter): Name = "Verified By"; Value = ""; VariantName = "[No Variations]"
Add component (AddParameter): Name = "Voltage"; Value = "6.3V"; VariantName = "[No Variations]"
Added Component: Designator=C68(CAPACITOR_0603)
Add component (AddParameter): Name = "ComponentLink1Description"; Value = "Datsheet"; VariantName = "[No Variations]"
Add component (AddParameter): Name = "ComponentLink1URL"; Value = "https://www.mouser.com/datasheet/2/212/KEM_C1002_X7R_SMD-1102033.pdf"; VariantName = "[No Variations]"
Add component (AddParameter): Name = "Made By"; Value = "Flip B"; VariantName = "[No Variations]"
Add component (AddParameter): Name = "Supplier 1"; Value = "Arrow Electronics"; VariantName = "[No Variations]"
Add component (AddParameter): Name = "Supplier Part Number 1"; Value = "CL10B103KB8NNNC"; VariantName = "[No Variations]"
Add component (AddParameter): Name = "Tolerance"; Value = "+/- 10%"; VariantName = "[No Variations]"
Add component (AddParameter): Name = "Value"; Value = "0.01uF"; VariantName = "[No Variations]"
Add component (AddParameter): Name = "Verified By"; Value = ""; VariantName = "[No Variations]"
Add component (AddParameter): Name = "Voltage"; Value = "6.3V"; VariantName = "[No Variations]"
Added Component: Designator=CR2(DO-214AC)
Add component (AddParameter): Name = "Copyright"; Value = "Copyright (C) 2023 Ultra Librarian. All rights reserved."; VariantName = "[No Variations]"
Add component (AddParameter): Name = "Manufacturer_Part_Number"; Value = "SMAJP4KE18A-TP"; VariantName = "[No Variations]"
Add component (AddParameter): Name = "Mfr_Name"; Value = "MCC"; VariantName = "[No Variations]"
Add component (AddParameter): Name = "RefDes"; Value = "RefDes"; VariantName = "[No Variations]"
Add component (AddParameter): Name = "Supplier 1"; Value = "Arrow Electronics"; VariantName = "[No Variations]"
Add component (AddParameter): Name = "Supplier Part Number 1"; Value = "SMAJP4KE18A-TP"; VariantName = "[No Variations]"
Add component (AddParameter): Name = "Type"; Value = "DEV"; VariantName = "[No Variations]"
Added Component: Designator=Q2(SOT-23-3)
Add component (AddParameter): Name = "Created By"; Value = "John Ulm"; VariantName = "[No Variations]"
Add component (AddParameter): Name = "Id"; Value = "-4.3A"; VariantName = "[No Variations]"
Add component (AddParameter): Name = "Reviewed By"; Value = "---"; VariantName = "[No Variations]"
Add component (AddParameter): Name = "Supplier 1"; Value = "Digi-Key"; VariantName = "[No Variations]"
Add component (AddParameter): Name = "Supplier Part Number 1"; Value = "DMP3056L-7DICT-ND"; VariantName = "[No Variations]"
Add component (AddParameter): Name = "VDSS (Max)"; Value = "-30V"; VariantName = "[No Variations]"
Add component (AddParameter): Name = "Vgss (Max)"; Value = "+-25V"; VariantName = "[No Variations]"
Added Pin To Net: NetName=GND Pin=C21-1
Added Pin To Net: NetName=GND Pin=C23-1
Added Pin To Net: NetName=GND Pin=C67-2
Added Pin To Net: NetName=GND Pin=C68-2
Added Pin To Net: NetName=VBUS Pin=CR1-1
Added Pin To Net: NetName=VBUSIN Pin=CR2-1
Added Pin To Net: NetName=VBAT Pin=F1-2
Added Pin To Net: NetName=GND Pin=J6-2
Added Pin To Net: NetName=VBAT Pin=Q2-2
Added Pin To Net: NetName=Drain_Out Pin=Q2-3
Added Pin To Net: NetName=3V3 Pin=R1-1
Added Pin To Net: NetName=GND Pin=U1-14
Added Pin To Net: NetName=BCLK Pin=U1R-35
Added Pin To Net: NetName=LRCLK Pin=U1R-36
Added Pin To Net: NetName=AUDIOIN Pin=U1R-37
Added Pin To Net: NetName=SW2 Pin=U7-1
Added Pin To Net: NetName=SW2 Pin=U7-2
Added Pin To Net: NetName=SW2 Pin=U7-3
Added Pin To Net: NetName=VSYS Pin=U7-5
Added Pin To Net: NetName=VSYS Pin=U7-6
Added Pin To Net: NetName=VSYS Pin=U7-7
Added Pin To Net: NetName=VSYS Pin=U7-8
Added Pin To Net: NetName=VSYS Pin=U7-9
Added Pin To Net: NetName=GND Pin=U8-1
Added Pin To Net: NetName=GND Pin=U8-2
Added Pin To Net: NetName=GND Pin=U8-3
Added Pin To Net: NetName=SW2 Pin=U8-5
Added Pin To Net: NetName=SW2 Pin=U8-6
Added Pin To Net: NetName=SW2 Pin=U8-7
Added Pin To Net: NetName=SW2 Pin=U8-8
Added Pin To Net: NetName=SW2 Pin=U8-9
Change Net Name : Old Net Name=Drain_Out New Net Name=DrainLED
Change Net Name : Old Net Name=VBUSIN New Net Name=NetC48_1
Added Pin To Net: NetName=DSWITCH Pin=Q2-1
Added Pin To Net: NetName=DSWITCH Pin=U1R-5
Added Pin To Net: NetName=DSWITCH Pin=U1R-15
Added Net: Name=DSWITCH
Added Pin To Net: NetName=SCL1 Pin=R8-2
Added Pin To Net: NetName=SCL1 Pin=U1R-39
Added Net: Name=SCL1
Added Pin To Net: NetName=SDA1 Pin=R1-2
Added Pin To Net: NetName=SDA1 Pin=U1R-38
Added Net: Name=SDA1
Added Pin To Net: NetName=VBUSIN Pin=C21-2
Added Pin To Net: NetName=VBUSIN Pin=C23-2
Added Pin To Net: NetName=VBUSIN Pin=C67-1
Added Pin To Net: NetName=VBUSIN Pin=C68-1
Added Pin To Net: NetName=VBUSIN Pin=CR2-2
Added Pin To Net: NetName=VBUSIN Pin=J1-A4-B9
Added Pin To Net: NetName=VBUSIN Pin=J1-B4-A9
Added Net: Name=VBUSIN
Add Class: Class already exists: Designator
Added Member To Class: ClassName=SBH_Charger_Connectors Member=Component C21 CL10B103KB8NNNC
Added Member To Class: ClassName=SBH_Charger_Connectors Member=Component C23 CL10B103KB8NNNC
Added Member To Class: ClassName=SBH_Charger_Connectors Member=Component C67 CL10B103KB8NNNC
Added Member To Class: ClassName=SBH_Charger_Connectors Member=Component C68 CL10B103KB8NNNC
Added Member To Class: ClassName=Designator Member=Component CR2 SMAJP4KE18A-TP
