Remove Pin=C3R-2 From Net=GND_RP2040
Remove Pin=J1R-1 From Net=SWDIO_RP2040
Remove Pin=J1R-2 From Net=3V3_RP2040
Remove Pin=J1R-3 From Net=SWCLK_RP2040
Remove Pin=J1R-4 From Net=RUN_RP2040
Remove Pin=J1R-5 From Net=DBG_TX_RP2040
Remove Pin=J1R-6 From Net=GND_RP2040
Remove Pin=R1R-1 From Net=XOUT_RP2040
Remove Pin=R4R-1 From Net=3V3_RP2040
Remove Pin=R6R-2 From Net=RUN_RP2040
Remove Pin=R7R-2 From Net=QSPI_SS_RP2040
Remove Pin=U1R-20 From Net=XIN_RP2040
Remove Pin=U1R-21 From Net=XOUT_RP2040
Remove Pin=U1R-24 From Net=SWCLK_RP2040
Remove Pin=U1R-25 From Net=SWDIO_RP2040
Remove Pin=U1R-27 From Net=DBG_TX_RP2040
Remove Pin=U1R-51 From Net=QSPI_SD3_RP2040
Remove Pin=U1R-52 From Net=QSPI_SCLK_RP2040
Remove Pin=U1R-53 From Net=QSPI_SD0_RP2040
Remove Pin=U1R-54 From Net=QSPI_SD2_RP2040
Remove Pin=U1R-55 From Net=QSPI_SD1_RP2040
Remove Pin=U1R-56 From Net=QSPI_SS_RP2040
Remove Pin=U2R-2 From Net=QSPI_SD1_RP2040
Remove Pin=U2R-3 From Net=QSPI_SD2_RP2040
Remove Pin=U2R-4 From Net=GND_RP2040
Remove Pin=U2R-5 From Net=QSPI_SD0_RP2040
Remove Pin=U2R-6 From Net=QSPI_SCLK_RP2040
Remove Pin=U2R-7 From Net=QSPI_SD3_RP2040
