Replace Part C? CAP ALUM 22UF 20% 35V SMD in C:\Users\Andrew\Documents\GitHub\electric_boogaloo\TempestBoards\MK2\SBH_Charger\SBH_Charger_USB_PD.SchDoc with CAP ALUM 22UF 20% 35V SMD from Capacitors.SchLib
Replace Part C? CAPACITOR_0.00033uF_0603 in C:\Users\Andrew\Documents\GitHub\electric_boogaloo\TempestBoards\MK2\SBH_Charger\SBH_Charger_USB_PD.SchDoc with CAPACITOR_0.00033uF_0603 from Capacitors.SchLib
Replace Part C? CAP ALUM 10UF 20% 63V SMD in C:\Users\Andrew\Documents\GitHub\electric_boogaloo\TempestBoards\MK2\SBH_Charger\SBH_Charger_USB_PD.SchDoc with CAP ALUM 10UF 20% 63V SMD from Capacitors.SchLib
Replace Part C? CAP ALUM 22UF 20% 35V SMD in C:\Users\Andrew\Documents\GitHub\electric_boogaloo\TempestBoards\MK2\SBH_Charger\SBH_Charger_USB_PD.SchDoc with CAP ALUM 22UF 20% 35V SMD from Capacitors.SchLib
Replace Part C? CAPACITOR_10uF_0603 in C:\Users\Andrew\Documents\GitHub\electric_boogaloo\TempestBoards\MK2\SBH_Charger\SBH_Charger_USB_PD.SchDoc with CAPACITOR_10uF_0603 from Capacitors.SchLib
Replace Part C? CAPACITOR_10uF_0603 in C:\Users\Andrew\Documents\GitHub\electric_boogaloo\TempestBoards\MK2\SBH_Charger\SBH_Charger_USB_PD.SchDoc with CAPACITOR_10uF_0603 from Capacitors.SchLib
Replace Part C? CAPACITOR_0.00033uF_0603 in C:\Users\Andrew\Documents\GitHub\electric_boogaloo\TempestBoards\MK2\SBH_Charger\SBH_Charger_USB_PD.SchDoc with CAPACITOR_0.00033uF_0603 from Capacitors.SchLib
Replace Part C? CAPACITOR_10uF_0603 in C:\Users\Andrew\Documents\GitHub\electric_boogaloo\TempestBoards\MK2\SBH_Charger\SBH_Charger_USB_PD.SchDoc with CAPACITOR_10uF_0603 from Capacitors.SchLib
Replace Part C? CAPACITOR_10uF_0603 in C:\Users\Andrew\Documents\GitHub\electric_boogaloo\TempestBoards\MK2\SBH_Charger\SBH_Charger_USB_PD.SchDoc with CAPACITOR_10uF_0603 from Capacitors.SchLib
Replace Part C? CAPACITOR_0.01uF_0603 in C:\Users\Andrew\Documents\GitHub\electric_boogaloo\TempestBoards\MK2\SBH_Charger\SBH_Charger_USB_PD.SchDoc with CAPACITOR_0.01uF_0603 from Capacitors.SchLib
Replace Part C? CAPACITOR_0.01uF_0603 in C:\Users\Andrew\Documents\GitHub\electric_boogaloo\TempestBoards\MK2\SBH_Charger\SBH_Charger_USB_PD.SchDoc with CAPACITOR_0.01uF_0603 from Capacitors.SchLib
Replace Part C? CAPACITOR_0.01uF_0603 in C:\Users\Andrew\Documents\GitHub\electric_boogaloo\TempestBoards\MK2\SBH_Charger\SBH_Charger_USB_PD.SchDoc with CAPACITOR_0.01uF_0603 from Capacitors.SchLib
Replace Part C? CAPACITOR_100uF_0603 in C:\Users\Andrew\Documents\GitHub\electric_boogaloo\TempestBoards\MK2\SBH_Charger\SBH_Charger_USB_PD.SchDoc with CAPACITOR_100uF_0603 from Capacitors.SchLib
Replace Part C? CAPACITOR_100uF_0603 in C:\Users\Andrew\Documents\GitHub\electric_boogaloo\TempestBoards\MK2\SBH_Charger\SBH_Charger_USB_PD.SchDoc with CAPACITOR_100uF_0603 from Capacitors.SchLib
Replace Part C? CAPACITOR_4.7uF_0603 in C:\Users\Andrew\Documents\GitHub\electric_boogaloo\TempestBoards\MK2\SBH_Charger\SBH_Charger_USB_PD.SchDoc with CAPACITOR_4.7uF_0603 from Capacitors.SchLib
Replace Part C? CAPACITOR_100uF_0603 in C:\Users\Andrew\Documents\GitHub\electric_boogaloo\TempestBoards\MK2\SBH_Charger\SBH_Charger_USB_PD.SchDoc with CAPACITOR_100uF_0603 from Capacitors.SchLib
Replace Part C? CAPACITOR_0.01uF_0603 in C:\Users\Andrew\Documents\GitHub\electric_boogaloo\TempestBoards\MK2\SBH_Charger\SBH_Charger_USB_PD.SchDoc with CAPACITOR_0.01uF_0603 from Capacitors.SchLib
Replace Part R? RESISTOR_2.2K_0402_1 in C:\Users\Andrew\Documents\GitHub\electric_boogaloo\TempestBoards\MK2\SBH_Charger\SBH_Charger_USB_PD.SchDoc with RESISTOR_2.2K_0402_1 from Resistors.SchLib
Replace Part R? RESISTOR_10K_0402 in C:\Users\Andrew\Documents\GitHub\electric_boogaloo\TempestBoards\MK2\SBH_Charger\SBH_Charger_USB_PD.SchDoc with RESISTOR_10K_0402 from Resistors.SchLib
Replace Part R? RESISTOR_2.2K_0402_1 in C:\Users\Andrew\Documents\GitHub\electric_boogaloo\TempestBoards\MK2\SBH_Charger\SBH_Charger_USB_PD.SchDoc with RESISTOR_2.2K_0402_1 from Resistors.SchLib
Replace Part U? TPS25750DRJKR in C:\Users\Andrew\Documents\GitHub\electric_boogaloo\TempestBoards\MK2\SBH_Charger\SBH_Charger_USB_PD.SchDoc with TPS25750DRJKR from Integrated Circuits.SchLib
