Change Component Comment : Designator=R15 Old Comment=20k Ohm 1% 1/16W New Comment=15k Ohm 1% 1/16W
Change Component Comment : Designator=R14 Old Comment=90.9k Ohm 1% 1/16W New Comment=113k Ohm 1% 1/16W
Change Component Comment : Designator=R17 Old Comment=100k Ohm 1% 1/16W New Comment=56k Ohm 1% 1/16W
Change component parameters: Designator = "R14" ("R14"); Footprint = "RESISTOR_0402"; UniqueID = "\JKTCNKAH" ("\JKTCNKAH")
Change component parameters (AddParameter): Name = "Made By"; Value = "Robert Pafford"; VariantName = "[No Variations]"
Change component parameters (AddParameter): Name = "Supplier 1"; Value = "Digikey"; VariantName = "[No Variations]"
Change component parameters (AddParameter): Name = "Supplier Part Number 1"; Value = "YAG2368CT-ND"; VariantName = "[No Variations]"
Change component parameters (AddParameter): Name = "Tolerance"; Value = "+/- 1%"; VariantName = "[No Variations]"
Change component parameters (AddParameter): Name = "Value  (Ohms)"; Value = "113K"; VariantName = "[No Variations]"
Change component parameters (AddParameter): Name = "Verified By"; Value = ""; VariantName = "[No Variations]"
Change component parameters (AddParameter): Name = "Wattage"; Value = "1/16W"; VariantName = "[No Variations]"
Change component parameters: Designator = "R15" ("R15"); Footprint = "RESISTOR_0402"; UniqueID = "\NIUEUGKE" ("\NIUEUGKE")
Change component parameters (AddParameter): Name = "Made By"; Value = "Robert Pafford"; VariantName = "[No Variations]"
Change component parameters (AddParameter): Name = "Supplier 1"; Value = "Digikey"; VariantName = "[No Variations]"
Change component parameters (AddParameter): Name = "Supplier Part Number 1"; Value = "311-15.0KLRCT-ND"; VariantName = "[No Variations]"
Change component parameters (AddParameter): Name = "Tolerance"; Value = "+/- 1%"; VariantName = "[No Variations]"
Change component parameters (AddParameter): Name = "Value  (Ohms)"; Value = "15K"; VariantName = "[No Variations]"
Change component parameters (AddParameter): Name = "Verified By"; Value = ""; VariantName = "[No Variations]"
Change component parameters (AddParameter): Name = "Wattage"; Value = "1/16W"; VariantName = "[No Variations]"
Change component parameters: Designator = "R17" ("R17"); Footprint = "RESISTOR_0402"; UniqueID = "\UVMQJYGW" ("\UVMQJYGW")
Change component parameters (AddParameter): Name = "Made By"; Value = "Robert Pafford"; VariantName = "[No Variations]"
Change component parameters (AddParameter): Name = "Supplier 1"; Value = "Digi-Key"; VariantName = "[No Variations]"
Change component parameters (AddParameter): Name = "Supplier Part Number 1"; Value = "YAG3501CT-ND"; VariantName = "[No Variations]"
Change component parameters (AddParameter): Name = "Tolerance"; Value = "+/- 1%"; VariantName = "[No Variations]"
Change component parameters (AddParameter): Name = "Value  (Ohms)"; Value = "56K"; VariantName = "[No Variations]"
Change component parameters (AddParameter): Name = "Verified By"; Value = ""; VariantName = "[No Variations]"
Change component parameters (AddParameter): Name = "Wattage"; Value = "1/16W"; VariantName = "[No Variations]"
Added Component: Designator=C12(FP-GRM31C-0_2-e0_3_0_8-MFG)
Add component (AddParameter): Name = "Capacitance"; Value = "47uF"; VariantName = "[No Variations]"
Add component (AddParameter): Name = "Case Code (Imperial)"; Value = "1206"; VariantName = "[No Variations]"
Add component (AddParameter): Name = "Case Code (Metric)"; Value = "3216"; VariantName = "[No Variations]"
Add component (AddParameter): Name = "Case/Package"; Value = "1206"; VariantName = "[No Variations]"
Add component (AddParameter): Name = "Depth"; Value = "1.6mm"; VariantName = "[No Variations]"
Add component (AddParameter): Name = "Dielectric"; Value = "X5R"; VariantName = "[No Variations]"
Add component (AddParameter): Name = "Height"; Value = "1.6mm"; VariantName = "[No Variations]"
Add component (AddParameter): Name = "Lead Free"; Value = "Lead Free"; VariantName = "[No Variations]"
Add component (AddParameter): Name = "Length"; Value = "3.2mm"; VariantName = "[No Variations]"
Add component (AddParameter): Name = "Material"; Value = "Ceramic"; VariantName = "[No Variations]"
Add component (AddParameter): Name = "Max Operating Temperature"; Value = "85°C"; VariantName = "[No Variations]"
Add component (AddParameter): Name = "Min Operating Temperature"; Value = "-55°C"; VariantName = "[No Variations]"
Add component (AddParameter): Name = "Mount"; Value = "Surface Mount"; VariantName = "[No Variations]"
Add component (AddParameter): Name = "Package Quantity"; Value = "2000"; VariantName = "[No Variations]"
Add component (AddParameter): Name = "Packaging"; Value = "Tape and Reel"; VariantName = "[No Variations]"
Add component (AddParameter): Name = "REACH SVHC"; Value = "No SVHC"; VariantName = "[No Variations]"
Add component (AddParameter): Name = "Termination"; Value = "SMD/SMT"; VariantName = "[No Variations]"
Add component (AddParameter): Name = "Thickness"; Value = "0.071inch"; VariantName = "[No Variations]"
Add component (AddParameter): Name = "Tolerance"; Value = "10%"; VariantName = "[No Variations]"
Add component (AddParameter): Name = "Voltage"; Value = "10V"; VariantName = "[No Variations]"
Add component (AddParameter): Name = "Voltage Rating"; Value = "10V"; VariantName = "[No Variations]"
Add component (AddParameter): Name = "Voltage Rating (DC)"; Value = "10V"; VariantName = "[No Variations]"
Add component (AddParameter): Name = "Width"; Value = "1.6mm"; VariantName = "[No Variations]"
Added Pin To Net: NetName=NetC10_2 Pin=C10-2
Added Pin To Net: NetName=5V Pin=C11-1
Added Pin To Net: NetName=NetC11_2 Pin=C11-2
Added Pin To Net: NetName=5V Pin=C12-1
Added Pin To Net: NetName=GND Pin=C12-2
Added Pin To Net: NetName=15V Pin=C13-1
Added Pin To Net: NetName=15V Pin=C14-1
Added Pin To Net: NetName=NetC16_1 Pin=C16-1
Added Pin To Net: NetName=GND Pin=C16-2
Added Pin To Net: NetName=5V Pin=L1-1
Added Pin To Net: NetName=NetR11_2 Pin=R11-2
Added Pin To Net: NetName=NetR12_2 Pin=R12-2
Added Pin To Net: NetName=5V Pin=R14-1
Added Pin To Net: NetName=NetC11_2 Pin=R14-2
Added Pin To Net: NetName=NetC11_2 Pin=R15-1
Added Pin To Net: NetName=GND Pin=R15-2
Added Pin To Net: NetName=NetR12_2 Pin=R16-1
Added Pin To Net: NetName=GND Pin=R16-2
Added Pin To Net: NetName=5V_EN Pin=R17-1
Added Pin To Net: NetName=GND Pin=R17-2
Added Pin To Net: NetName=GND Pin=R46-1
Added Pin To Net: NetName=GND Pin=R46-2
Added Pin To Net: NetName=5V Pin=TP1-TP
Added Pin To Net: NetName=NetC10_2 Pin=U1-1
Added Pin To Net: NetName=15V Pin=U1-2
Added Pin To Net: NetName=15V Pin=U1-3
Added Pin To Net: NetName=15V Pin=U1-4
Added Pin To Net: NetName=15V Pin=U1-5
Added Pin To Net: NetName=GND Pin=U1-7
Added Pin To Net: NetName=GND Pin=U1-8
Added Pin To Net: NetName=NetR11_2 Pin=U1-9
Added Pin To Net: NetName=GND Pin=U1-10
Added Pin To Net: NetName=NetC16_1 Pin=U1-11
Added Pin To Net: NetName=5V_EN Pin=U1-12
Added Pin To Net: NetName=GND Pin=U1-13
Added Pin To Net: NetName=NetC11_2 Pin=U1-14
Added Pin To Net: NetName=NetR12_2 Pin=U1-15
Added Pin To Net: NetName=GND Pin=U1-16
Added Pin To Net: NetName=GND Pin=U1-18
Added Pin To Net: NetName=GND Pin=U1-21
Change Net Name : Old Net Name=GND New Net Name=5VREG_AGND
Added Pin To Net: NetName=5VREG_SW Pin=C10-1
Added Pin To Net: NetName=5VREG_SW Pin=L1-2
Added Pin To Net: NetName=5VREG_SW Pin=U1-6
Added Pin To Net: NetName=5VREG_SW Pin=U1-19
Added Pin To Net: NetName=5VREG_SW Pin=U1-20
Added Net: Name=5VREG_SW
Added Pin To Net: NetName=5VREG_VCC Pin=C15-1
Added Pin To Net: NetName=5VREG_VCC Pin=R11-1
Added Pin To Net: NetName=5VREG_VCC Pin=R12-1
Added Pin To Net: NetName=5VREG_VCC Pin=U1-17
Added Net: Name=5VREG_VCC
Added Pin To Net: NetName=NetC13_2 Pin=C13-2
Added Pin To Net: NetName=NetC13_2 Pin=C14-2
Added Pin To Net: NetName=NetC13_2 Pin=C15-2
Added Net: Name=NetC13_2
Added Member To Class: ClassName=External_Camera_HAT_Regulators Member=Component C10 100nF Ceramic 25V
Added Member To Class: ClassName=External_Camera_HAT_Regulators Member=Component C11 100pF Ceramic 25V
Added Member To Class: ClassName=External_Camera_HAT_Regulators Member=Component C12 GRM31CR61A476KE15L
Added Member To Class: ClassName=External_Camera_HAT_Regulators Member=Component C13 C2012X5R1V226M125AC
Added Member To Class: ClassName=External_Camera_HAT_Regulators Member=Component C14 100nF Ceramic 25V
Added Member To Class: ClassName=External_Camera_HAT_Regulators Member=Component C15 1uF Ceramic 16V
Added Member To Class: ClassName=External_Camera_HAT_Regulators Member=Component C16 100nF Ceramic 25V
Added Member To Class: ClassName=External_Camera_HAT_Regulators Member=Component C22 100pF Ceramic 25V
Added Member To Class: ClassName=External_Camera_HAT_Connectors Member=Component J4 43045-0406
Added Member To Class: ClassName=External_Camera_HAT_Connectors Member=Component J5 505567-0281
Added Member To Class: ClassName=External_Camera_HAT_Regulators Member=Component L1 1.5uH Shielded
Added Member To Class: ClassName=External_Camera_HAT_Regulators Member=Component R11 100k Ohm 1% 1/16W
Added Member To Class: ClassName=External_Camera_HAT_Regulators Member=Component R12 160k Ohm 1% 1/16W
Added Member To Class: ClassName=External_Camera_HAT_Regulators Member=Component R14 113k Ohm 1% 1/16W
Added Member To Class: ClassName=External_Camera_HAT_Regulators Member=Component R15 15k Ohm 1% 1/16W
Added Member To Class: ClassName=External_Camera_HAT_Regulators Member=Component R16 56k Ohm 1% 1/16W
Added Member To Class: ClassName=External_Camera_HAT_Regulators Member=Component R17 56k Ohm 1% 1/16W
Added Member To Class: ClassName=External_Camera_HAT_Regulators Member=Component R46 0 Ohm 1% 1/16W
Added Member To Class: ClassName=External_Camera_HAT_Regulators Member=Component TP1 PCB Test Point
Added Member To Class: ClassName=External_Camera_HAT_Regulators Member=Component U2 TPS26630RGET
