Removed Pin From Net: NetName=Detect Pin=J1-1
Removed Pin From Net: NetName=CANL Pin=J1-2
Removed Pin From Net: NetName=Kill_SWITCH Pin=J1-3
Removed Pin From Net: NetName=AUX_SWITCH Pin=J1-4
Removed Pin From Net: NetName=5V Pin=J1-5
Removed Pin From Net: NetName=V+ Pin=J1-6
Removed Pin From Net: NetName=Side_Detection Pin=J1-7
Removed Pin From Net: NetName=CANH Pin=J1-8
Removed Pin From Net: NetName=GND_RP2CAN Pin=J1-9
Removed Pin From Net: NetName=GND_RP2CAN Pin=J1-10
Removed Pin From Net: NetName=GND_RP2CAN Pin=J1-11
Removed Pin From Net: NetName=GND_RP2CAN Pin=J1-12
Removed Pin From Net: NetName=NetJ7_1 Pin=J8-1
Removed Pin From Net: NetName=GND_RP2CAN Pin=J8-2
Removed Pin From Net: NetName=GND_RP2CAN Pin=J8-S1
Removed Pin From Net: NetName=GND_RP2CAN Pin=J8-S2
Removed Member From Class: ClassName=BMS Member=J8
Change Component Description : Designator=F1 Old Description=LittelFuse New Description=LittelFuse  | 45A | 5S | SMD | Self-Control Protector
Change Component Description : Designator=F2 Old Description=Pansonic New Description=Pansonic | 32V | 1A | 0603 | Fast Blow
Change Component Description : Designator=D1 Old Description=Zener Diode New Description=Zener Diode | 16 V | 500 mW | SOD-123
Change Component Description : Designator=D2 Old Description=Zener Diode New Description=Zener Diode | 16 V | 500 mW | SOD-123
Added Pin To Net: NetName=CANH Pin=J1-1
Added Pin To Net: NetName=GND_RP2CAN Pin=J1-2
Added Pin To Net: NetName=GND_RP2CAN Pin=J1-3
Added Pin To Net: NetName=GND_RP2CAN Pin=J1-4
Added Pin To Net: NetName=GND_RP2CAN Pin=J1-5
Added Pin To Net: NetName=Detect Pin=J1-6
Added Pin To Net: NetName=CANL Pin=J1-7
Added Pin To Net: NetName=AUX_SWITCH Pin=J1-8
Added Pin To Net: NetName=Kill_SWITCH Pin=J1-9
Added Pin To Net: NetName=5V Pin=J1-10
Added Pin To Net: NetName=V+ Pin=J1-11
Added Pin To Net: NetName=Side_Detection Pin=J1-12
