Removed Pin From Net: NetName=MOTOR_PWR Pin=J5-1
Removed Pin From Net: NetName=MOTOR_PWR Pin=J5-1
Removed Pin From Net: NetName=MOTOR_PWR Pin=J5-1
Removed Pin From Net: NetName=MOTOR_PWR Pin=J5-1
Removed Pin From Net: NetName=MOTOR_PWR Pin=J5-1
Removed Pin From Net: NetName=MOTOR_PWR Pin=J5-1
Removed Pin From Net: NetName=MOTOR_PWR Pin=J5-1
Removed Pin From Net: NetName=MOTOR_PWR Pin=J5-1
Removed Pin From Net: NetName=GND_RP2CAN Pin=J13-1
Removed Pin From Net: NetName=GND_RP2CAN Pin=J13-1
Removed Pin From Net: NetName=GND_RP2CAN Pin=J13-1
Removed Pin From Net: NetName=GND_RP2CAN Pin=J13-1
Removed Pin From Net: NetName=GND_RP2CAN Pin=J13-1
Removed Pin From Net: NetName=GND_RP2CAN Pin=J13-1
Removed Pin From Net: NetName=GND_RP2CAN Pin=J13-1
Removed Pin From Net: NetName=GND_RP2CAN Pin=J13-1
Removed Member From Class: ClassName=Poactuator_Connectors Member=J5
Removed Member From Class: ClassName=Poactuator_Connectors Member=J13
Added Pin To Net: NetName=GND_RP2CAN Pin=C17-2
Added Pin To Net: NetName=GND_RP2CAN Pin=R20-2
Added Pin To Net: NetName=GND_RP2CAN Pin=U2-6
