Added Component: Designator=DEBUG_CONN1(HEADER_2x10PIN_2.54MM)
Add component (AddParameter): Name = "Made By"; Value = "Tyson Nguyen"; VariantName = "[No Variations]"
Add component (AddParameter): Name = "Supplier 1"; Value = "Digi-Key"; VariantName = "[No Variations]"
Add component (AddParameter): Name = "Supplier Part Number 1"; Value = "Z8747-ND"; VariantName = "[No Variations]"
Added Pin To Net: NetName=GND Pin=C1-2
Added Pin To Net: NetName=GND Pin=C1C-2
Added Pin To Net: NetName=GND Pin=C1R-2
Added Pin To Net: NetName=GND Pin=C2C-1
Added Pin To Net: NetName=GND Pin=C2R-2
Added Pin To Net: NetName=GND Pin=C3C-2
Added Pin To Net: NetName=GND Pin=C3R-2
Added Pin To Net: NetName=GND Pin=C4C-2
Added Pin To Net: NetName=GND Pin=C4R-2
Added Pin To Net: NetName=GND Pin=C5C-2
Added Pin To Net: NetName=GND Pin=C5R-2
Added Pin To Net: NetName=GND Pin=C6R-2
Added Pin To Net: NetName=GND Pin=C7R-2
Added Pin To Net: NetName=GND Pin=C8R-2
Added Pin To Net: NetName=GND Pin=C9R-2
Added Pin To Net: NetName=GND Pin=C10R-2
Added Pin To Net: NetName=GND Pin=C11R-2
Added Pin To Net: NetName=GND Pin=C12R-2
Added Pin To Net: NetName=GND Pin=C13R-2
Added Pin To Net: NetName=GND Pin=C17-2
Added Pin To Net: NetName=5V Pin=DEBUG_CONN1-1
Added Pin To Net: NetName=3V3_RP2CAN Pin=DEBUG_CONN1-2
Added Pin To Net: NetName=ACT_PWM_3.3V Pin=DEBUG_CONN1-11
Added Pin To Net: NetName=GND Pin=DEBUG_CONN1-19
Added Pin To Net: NetName=GND Pin=DEBUG_CONN1-20
Added Pin To Net: NetName=GND Pin=J1R-6
Added Pin To Net: NetName=GND Pin=R6C-2
Added Pin To Net: NetName=GND Pin=R24-2
Added Pin To Net: NetName=GND Pin=R25-2
Added Pin To Net: NetName=GND Pin=R26-2
Added Pin To Net: NetName=GND Pin=R27-2
Added Pin To Net: NetName=GND Pin=R35-2
Added Pin To Net: NetName=GND Pin=R36-2
Added Pin To Net: NetName=GND Pin=SW1C-6
Added Pin To Net: NetName=GND Pin=SW1R-B1
Added Pin To Net: NetName=GND Pin=SW1R-B2
Added Pin To Net: NetName=GND Pin=SW2R-B1
Added Pin To Net: NetName=GND Pin=SW2R-B2
Added Pin To Net: NetName=GND Pin=U1-4
Added Pin To Net: NetName=GND Pin=U1C-7
Added Pin To Net: NetName=GND Pin=U1R-19
Added Pin To Net: NetName=GND Pin=U1R-57
Added Pin To Net: NetName=GND Pin=U2C-2
Added Pin To Net: NetName=GND Pin=U2R-4
Added Pin To Net: NetName=GND Pin=U7-2
Added Pin To Net: NetName=GND Pin=U7-4
Added Pin To Net: NetName=GND Pin=U7-5
Added Pin To Net: NetName=GND Pin=U7-9
Added Pin To Net: NetName=GND Pin=U7-10
Added Pin To Net: NetName=GND Pin=U7-12
Added Pin To Net: NetName=GND Pin=U7-14
Added Pin To Net: NetName=GND Pin=Y1R-2
Added Pin To Net: NetName=GND Pin=Y1R-4
Added Pin To Net: NetName=dGND Pin=Q1-2
Added Pin To Net: NetName=dGND Pin=R3-1
Added Net: Name=dGND
Added Member To Class: ClassName=Poactuator_Connectors Member=Component DEBUG_CONN1 HEADER DUAL VERT 2.54MM
