Removed Pin From Net: NetName=3V3 Pin=C2-1
Removed Pin From Net: NetName=GND Pin=C2-2
Removed Pin From Net: NetName=Vreg Pin=C3-1
Removed Pin From Net: NetName=GND Pin=C3-2
Removed Pin From Net: NetName=15V Pin=C4-1
Removed Pin From Net: NetName=GND Pin=C4-2
Removed Pin From Net: NetName=15V Pin=C5-1
Removed Pin From Net: NetName=GND Pin=C5-2
Removed Pin From Net: NetName=V++ Pin=C6-1
Removed Pin From Net: NetName=GND Pin=C6-2
Removed Pin From Net: NetName=GND Pin=C7-2
Removed Pin From Net: NetName=5V Pin=C8-1
Removed Pin From Net: NetName=GND Pin=C8-2
Removed Pin From Net: NetName=5V Pin=C9-1
Removed Pin From Net: NetName=GND Pin=C9-2
Removed Pin From Net: NetName=V++ Pin=C10-1
Removed Pin From Net: NetName=GND Pin=C10-2
Removed Pin From Net: NetName=5V Pin=C11-1
Removed Pin From Net: NetName=GND Pin=C11-2
Removed Pin From Net: NetName=3V3 Pin=C12-1
Removed Pin From Net: NetName=GND Pin=C12-2
Removed Pin From Net: NetName=3V3 Pin=C13-1
Removed Pin From Net: NetName=GND Pin=C13-2
Removed Pin From Net: NetName=3V3 Pin=C14-1
Removed Pin From Net: NetName=GND Pin=C14-2
Removed Pin From Net: NetName=GND Pin=D1-2
Removed Pin From Net: NetName=GND Pin=D2-2
Removed Pin From Net: NetName=GND Pin=D3-2
Removed Pin From Net: NetName=GND Pin=D4-2
Removed Pin From Net: NetName=GND Pin=D5-2
Removed Pin From Net: NetName=GND Pin=D6-2
Removed Pin From Net: NetName=GND Pin=D7-2
Removed Pin From Net: NetName=CANL Pin=J1-1
Removed Pin From Net: NetName=GND Pin=J1-2
Removed Pin From Net: NetName=GND Pin=J1-3
Removed Pin From Net: NetName=GND Pin=J1-4
Removed Pin From Net: NetName=CANH Pin=J1-5
Removed Pin From Net: NetName=5V Pin=J1-6
Removed Pin From Net: NetName=15V Pin=J1-7
Removed Pin From Net: NetName=15V Pin=J1-8
Removed Pin From Net: NetName=GND Pin=J2-3
Removed Pin From Net: NetName=GND Pin=J2-4
Removed Pin From Net: NetName=GND Pin=J3-3
Removed Pin From Net: NetName=GND Pin=J3-4
Removed Pin From Net: NetName=FAN_TACH Pin=J4-1
Removed Pin From Net: NetName=FAN_PWR Pin=J4-2
Removed Pin From Net: NetName=GND Pin=J4-3
Removed Pin From Net: NetName=GND Pin=J5-2
Removed Pin From Net: NetName=GND Pin=J6-1
Removed Pin From Net: NetName=GND Pin=J6-2
Removed Pin From Net: NetName=KILL_SWITCH Pin=J6-3
Removed Pin From Net: NetName=AUX_SWITCH Pin=J6-4
Removed Pin From Net: NetName=GND Pin=J9-1
Removed Pin From Net: NetName=GND Pin=J9-1
Removed Pin From Net: NetName=GND Pin=J9-1
Removed Pin From Net: NetName=GND Pin=J9-1
Removed Pin From Net: NetName=GND Pin=J9-1
Removed Pin From Net: NetName=GND Pin=J9-1
Removed Pin From Net: NetName=GND Pin=J9-1
Removed Pin From Net: NetName=GND Pin=J9-1
Removed Pin From Net: NetName=GND Pin=J10-1
Removed Pin From Net: NetName=GND Pin=J10-1
Removed Pin From Net: NetName=GND Pin=J10-1
Removed Pin From Net: NetName=GND Pin=J10-1
Removed Pin From Net: NetName=GND Pin=J10-1
Removed Pin From Net: NetName=GND Pin=J10-1
Removed Pin From Net: NetName=GND Pin=J10-1
Removed Pin From Net: NetName=GND Pin=J10-1
Removed Pin From Net: NetName=USB_N Pin=J11-2
Removed Pin From Net: NetName=USB_P Pin=J11-3
Removed Pin From Net: NetName=GND Pin=J11-5
Removed Pin From Net: NetName=GND Pin=J11-6
Removed Pin From Net: NetName=GND Pin=J11-7
Removed Pin From Net: NetName=GND Pin=J11-8
Removed Pin From Net: NetName=GND Pin=J11-9
Removed Pin From Net: NetName=GND Pin=POT1-2
Removed Pin From Net: NetName=GND Pin=POT2-2
Removed Pin From Net: NetName=GND Pin=PS1-2
Removed Pin From Net: NetName=GND Pin=PS1-3
Removed Pin From Net: NetName=GND Pin=PS1-4
Removed Pin From Net: NetName=GND Pin=PS2-2
Removed Pin From Net: NetName=GND Pin=PS2-3
Removed Pin From Net: NetName=GND Pin=PS2-4
Removed Pin From Net: NetName=KILL_SWITCH Pin=Q1-2
Removed Pin From Net: NetName=MOTOR_EN Pin=Q1-3
Removed Pin From Net: NetName=5V Pin=Q4-2
Removed Pin From Net: NetName=FAN_PWR Pin=Q4-3
Removed Pin From Net: NetName=FAN_SWITCH Pin=Q5-1
Removed Pin From Net: NetName=GND Pin=Q5-2
Removed Pin From Net: NetName=V++ Pin=Q6-1
Removed Pin From Net: NetName=V++ Pin=Q6-2
Removed Pin From Net: NetName=V++ Pin=Q6-3
Removed Pin From Net: NetName=KILL_SWITCH Pin=Q8-1
Removed Pin From Net: NetName=GND Pin=Q8-2
Removed Pin From Net: NetName=VSTBD Pin=Q9-D
Removed Pin From Net: NetName=VSTBD Pin=Q9-D
Removed Pin From Net: NetName=VSTBD Pin=Q9-D
Removed Pin From Net: NetName=VSTBD Pin=Q9-D
Removed Pin From Net: NetName=VSTBD Pin=Q9-D
Removed Pin From Net: NetName=VSTBD Pin=Q10-D
Removed Pin From Net: NetName=VSTBD Pin=Q10-D
Removed Pin From Net: NetName=VSTBD Pin=Q10-D
Removed Pin From Net: NetName=VSTBD Pin=Q10-D
Removed Pin From Net: NetName=VSTBD Pin=Q10-D
Removed Pin From Net: NetName=3V3 Pin=R1-1
Removed Pin From Net: NetName=NetD1_1 Pin=R1-2
Removed Pin From Net: NetName=15V Pin=R2-1
Removed Pin From Net: NetName=NetD3_1 Pin=R2-2
Removed Pin From Net: NetName=5V Pin=R3-1
Removed Pin From Net: NetName=NetD2_1 Pin=R3-2
Removed Pin From Net: NetName=NetD4_1 Pin=R4-2
Removed Pin From Net: NetName=VSTBD Pin=R5-1
Removed Pin From Net: NetName=NetD5_1 Pin=R5-2
Removed Pin From Net: NetName=NetD6_1 Pin=R6-2
Removed Pin From Net: NetName=MOTOR_PWR Pin=R7-1
Removed Pin From Net: NetName=NetD7_1 Pin=R7-2
Removed Pin From Net: NetName=GND Pin=R8-1
Removed Pin From Net: NetName=3V3 Pin=R9-1
Removed Pin From Net: NetName=MOTOR_EN Pin=R10-2
Removed Pin From Net: NetName=MOTOR_EN Pin=R11-1
Removed Pin From Net: NetName=NetQ2_4 Pin=R11-2
Removed Pin From Net: NetName=MOTOR_EN Pin=R12-1
Removed Pin From Net: NetName=NetQ3_4 Pin=R12-2
Removed Pin From Net: NetName=3V3 Pin=R13-1
Removed Pin From Net: NetName=SDA Pin=R13-2
Removed Pin From Net: NetName=3V3 Pin=R14-1
Removed Pin From Net: NetName=SCL Pin=R14-2
Removed Pin From Net: NetName=3V3 Pin=R15-1
Removed Pin From Net: NetName=AUX_SWITCH Pin=R15-2
Removed Pin From Net: NetName=15V Pin=R17-1
Removed Pin From Net: NetName=15V_MEAS Pin=R17-2
Removed Pin From Net: NetName=5V Pin=R18-1
Removed Pin From Net: NetName=5V_MEAS Pin=R18-2
Removed Pin From Net: NetName=3V3 Pin=R19-1
Removed Pin From Net: NetName=3V3_MEAS Pin=R19-2
Removed Pin From Net: NetName=GND Pin=R20-2
Removed Pin From Net: NetName=15V_MEAS Pin=R21-1
Removed Pin From Net: NetName=GND Pin=R21-2
Removed Pin From Net: NetName=5V_MEAS Pin=R22-1
Removed Pin From Net: NetName=GND Pin=R22-2
Removed Pin From Net: NetName=3V3_MEAS Pin=R23-1
Removed Pin From Net: NetName=GND Pin=R23-2
Removed Pin From Net: NetName=5V Pin=R24-1
Removed Pin From Net: NetName=PORT_MEAS Pin=R25-2
Removed Pin From Net: NetName=VSTBD Pin=R26-1
Removed Pin From Net: NetName=STBD_MEAS Pin=R26-2
Removed Pin From Net: NetName=PORT_MEAS Pin=R27-1
Removed Pin From Net: NetName=STBD_MEAS Pin=R28-1
Removed Pin From Net: NetName=GND Pin=R28-2
Removed Pin From Net: NetName=FAN_SWITCH Pin=R29-1
Removed Pin From Net: NetName=GND Pin=R29-2
Removed Pin From Net: NetName=FAN_TACH Pin=R30-2
Removed Pin From Net: NetName=NetQ7_4 Pin=R32-1
Removed Pin From Net: NetName=NetQ9_4 Pin=R33-1
Removed Pin From Net: NetName=NetQ10_4 Pin=R34-1
Removed Pin From Net: NetName=3V3 Pin=R35-1
Removed Pin From Net: NetName=STBD_STAT Pin=R35-2
Removed Pin From Net: NetName=3V3 Pin=R36-1
Removed Pin From Net: NetName=PORT_STAT Pin=R36-2
Removed Pin From Net: NetName=KILL_SWITCH Pin=R37-2
Removed Pin From Net: NetName=3V3_MEAS Pin=U1-1
Removed Pin From Net: NetName=GND Pin=U1-2
Removed Pin From Net: NetName=GND Pin=U1-5
Removed Pin From Net: NetName=3V3 Pin=U1-6
Removed Pin From Net: NetName=SDA Pin=U1-7
Removed Pin From Net: NetName=SCL Pin=U1-8
Removed Pin From Net: NetName=GND Pin=U1-9
Removed Pin From Net: NetName=GND Pin=U1-10
Removed Pin From Net: NetName=15V_MEAS Pin=U1-11
Removed Pin From Net: NetName=GND Pin=U1-12
Removed Pin From Net: NetName=5V_MEAS Pin=U1-13
Removed Pin From Net: NetName=GND Pin=U1-14
Removed Pin From Net: NetName=SDA Pin=U2-1
Removed Pin From Net: NetName=SCL Pin=U2-2
Removed Pin From Net: NetName=3V3 Pin=U2-3
Removed Pin From Net: NetName=GND Pin=U2-4
Removed Pin From Net: NetName=GND Pin=U3-2
Removed Pin From Net: NetName=GND Pin=U3-3
Removed Pin From Net: NetName=PORT_STAT Pin=U3-4
Removed Pin From Net: NetName=V++ Pin=U3-6
Removed Pin From Net: NetName=GND Pin=U4-2
Removed Pin From Net: NetName=GND Pin=U4-3
Removed Pin From Net: NetName=STBD_STAT Pin=U4-4
Removed Pin From Net: NetName=GND Pin=U5-1
Removed Pin From Net: NetName=3V3 Pin=U5-2
Removed Pin From Net: NetName=5V Pin=U5-3
Removed Pin From Net: NetName=3V3 Pin=U5-4
Removed Pin From Net: NetName=Vreg Pin=U?-2
Change Component Footprint: Designator=C2 Old Footprint=CAPACITOR_0603 New Footprint=CAPACITOR_1206
Change Component Footprint: Designator=C13 Old Footprint=CAPACITOR_0603 New Footprint=CAPACITOR_1206
Change Component Footprint: Designator=C14 Old Footprint=CAPACITOR_0603 New Footprint=CAPACITOR_1206
Change Component Footprint: Designator=C12 Old Footprint=CAPACITOR_0603 New Footprint=PCAP_8x5.4-ELECT_NCA
Change Component Footprint: Designator=C6 Old Footprint=CAPACITOR_1206 New Footprint=CAPACITOR_1206 - POLAR
Change Component Footprint: Designator=C10 Old Footprint=CAPACITOR_1206 New Footprint=PCAP_8x5.4-ELECT_NCA
Change Component Footprint: Designator=J2 Old Footprint=CONN_ANDERSON_PP45_4 POS_R/A New Footprint=CONN_MINIUSB
Change Component Footprint: Designator=J4 Old Footprint=CONN_JST_XH254_3POS_VERT New Footprint=CONN_ANDERSON_PP45_4 POS_R/A
Change Component Footprint: Designator=J11 Old Footprint=CONN_MINIUSB New Footprint=CONN_JST_XH254_3POS_VERT
Change Component Footprint: Designator=J6 Old Footprint=CONN_MOLEX_MINIFIT JR_4 POS_R/A New Footprint=CONN_MOLEX_MINIFIT JR_8 POS_R/A
Change Component Footprint: Designator=J1 Old Footprint=CONN_MOLEX_MINIFIT JR_8 POS_R/A New Footprint=CONN_MOLEX_MINIFIT JR_4 POS_R/A
Change Component Footprint: Designator=Q4 Old Footprint=DPAK_ONS New Footprint=MOSFET_7DP-T1-GE3_VIS
Change Component Footprint: Designator=Q6 Old Footprint=MOSFET_7DP-T1-GE3_VIS New Footprint=SOT-23-3
Change Component Footprint: Designator=C3 Old Footprint=PCAP_8x5.4-ELECT_NCA New Footprint=CAPACITOR_0603
Change Component Footprint: Designator=C5 Old Footprint=PCAP_8x5.4-ELECT_NCA New Footprint=U2-D_NCH
Change Component Footprint: Designator=R5 Old Footprint=RESISTOR_0603 New Footprint=RESISTOR_0402
Change Component Footprint: Designator=R13 Old Footprint=RESISTOR_0603 New Footprint=RESISTOR_0402
Change Component Footprint: Designator=R11 Old Footprint=RESISTOR_0603 New Footprint=RESISTOR_0805
Change Component Footprint: Designator=U1 Old Footprint=SOIC127P600X175-14N New Footprint=XDCR_SHT41-AD1B-R2
Change Component Footprint: Designator=Q5 Old Footprint=SOT-23-3 New Footprint=DPAK_ONS
Change Component Footprint: Designator=Q8 Old Footprint=SOT-23-3 New Footprint=MOSFET_7DP-T1-GE3_VIS
Change Component Footprint: Designator=U5 Old Footprint=SOT-223-4 New Footprint=D2PAK_VIS
Change Component Footprint: Designator=U3 Old Footprint=TSOT-23_S6 New Footprint=SOT-223-4
Change Component Footprint: Designator=C4 Old Footprint=U2-D_NCH New Footprint=CAPACITOR_0603
Change Component Footprint: Designator=U2 Old Footprint=XDCR_SHT41-AD1B-R2 New Footprint=TO-263-3_MCH
Change Component Comment : Designator=C4 Old Comment=0.1uF electrolytic 35 V New Comment=10uF Ceramic 6.3V
Change Component Comment : Designator=R24 Old Comment=1k Ohm 5% 1/8W New Comment=1k Ohm 5% 1/10W
Change Component Comment : Designator=R29 Old Comment=1k Ohm 5% 1/8W New Comment=10k Ohm 0.5% 1/10W
Change Component Comment : Designator=R3 Old Comment=1k Ohm 5% 1/8W New Comment=10k Ohm 5% 1/10W
Change Component Comment : Designator=R15 Old Comment=1k Ohm 5% 1/8W New Comment=27 Ohm 5% 1/8W
Change Component Comment : Designator=R20 Old Comment=1k Ohm 5% 1/10W New Comment=10k Ohm 0.5% 1/10W
Change Component Comment : Designator=R21 Old Comment=1k Ohm 5% 1/10W New Comment=10k Ohm 0.5% 1/10W
Change Component Comment : Designator=R22 Old Comment=1k Ohm 5% 1/10W New Comment=10k Ohm 0.5% 1/10W
Change Component Comment : Designator=R27 Old Comment=1k Ohm 5% 1/10W New Comment=10k Ohm 0.5% 1/10W
Change Component Comment : Designator=R28 Old Comment=1k Ohm 5% 1/10W New Comment=10k Ohm 0.5% 1/10W
Change Component Comment : Designator=R5 Old Comment=3.9k Ohm 5% 1/10W New Comment=1k Ohm 1% 1/16W
Change Component Comment : Designator=R7 Old Comment=3.9k Ohm 5% 1/10W New Comment=1k Ohm 5% 1/8W
Change Component Comment : Designator=R6 Old Comment=3.9k Ohm 5% 1/10W New Comment=100k Ohm 0.5% 1/10W
Change Component Comment : Designator=R2 Old Comment=4.7k Ohm 5% 1/10W New Comment=100k Ohm 0.5% 1/10W
Change Component Comment : Designator=R13 Old Comment=4.7k Ohm 5% 1/10W New Comment=RES 8.56K OHM 1% 1/16W 0402
Change Component Comment : Designator=R1 Old Comment=5.1K New Comment=47K
Change Component Comment : Designator=R25 Old Comment=10k Ohm 0.5% 1/10W New Comment=1k Ohm 5% 1/10W
Change Component Comment : Designator=R26 Old Comment=10k Ohm 0.5% 1/10W New Comment=1k Ohm 5% 1/10W
Change Component Comment : Designator=R16 Old Comment=10k Ohm 0.5% 1/10W New Comment=27 Ohm 5% 1/8W
Change Component Comment : Designator=R18 Old Comment=10k Ohm 0.5% 1/10W New Comment=27 Ohm 5% 1/8W
Change Component Comment : Designator=R19 Old Comment=10k Ohm 0.5% 1/10W New Comment=27 Ohm 5% 1/8W
Change Component Comment : Designator=R8 Old Comment=10k Ohm 5% 1/10W New Comment=1k Ohm 5% 1/8W
Change Component Comment : Designator=R30 Old Comment=10k Ohm 5% 1/10W New Comment=470k Ohm 5% 1/10W
Change Component Comment : Designator=C13 Old Comment=10uF Ceramic 6.3V New Comment=10uF Ceramic 25V
Change Component Comment : Designator=C14 Old Comment=10uF Ceramic 6.3V New Comment=10uF Ceramic 25V
Change Component Comment : Designator=C12 Old Comment=10uF Ceramic 6.3V New Comment=22uF electrolytic 35 V
Change Component Comment : Designator=C6 Old Comment=10uF Ceramic 25V New Comment=10uF Tantalum 16V
Change Component Comment : Designator=C10 Old Comment=10uF Ceramic 25V New Comment=100uF electrolytic 35 V
Change Component Comment : Designator=C5 Old Comment=22uF electrolytic 35 V New Comment=0.1uF electrolytic 35 V
Change Component Comment : Designator=R11 Old Comment=27 Ohm 5% 1/8W New Comment=1.2k Ohm 5% 1/2W
Change Component Comment : Designator=R34 Old Comment=27 Ohm 5% 1/8W New Comment=1k Ohm 5% 1/8W
Change Component Comment : Designator=R32 Old Comment=27 Ohm 5% 1/8W New Comment=4.7k Ohm 5% 1/10W
Change Component Comment : Designator=R33 Old Comment=27 Ohm 5% 1/8W New Comment=4.7k Ohm 5% 1/10W
Change Component Comment : Designator=R31 Old Comment=27 Ohm 5% 1/8W New Comment=470k Ohm 5% 1/10W
Change Component Comment : Designator=R12 Old Comment=27 Ohm 5% 1/8W New Comment=RES 1.24K OHM 1% 1/10W 0603
Change Component Comment : Designator=R9 Old Comment=100k Ohm 0.5% 1/10W New Comment=1k Ohm 5% 1/8W
Change Component Comment : Designator=R10 Old Comment=100k Ohm 0.5% 1/10W New Comment=10k Ohm 5% 1/10W
Change Component Comment : Designator=R37 Old Comment=100k Ohm 0.5% 1/10W New Comment=10k Ohm 5% 1/10W
Change Component Comment : Designator=C2 Old Comment=100nF Ceramic 6.3V New Comment=10uF Ceramic 25V
Change Component Comment : Designator=C3 Old Comment=100uF electrolytic 35 V New Comment=10uF Ceramic 6.3V
Change Component Comment : Designator=R35 Old Comment=470k Ohm 5% 1/10W New Comment=1k Ohm 5% 1/10W
Change Component Comment : Designator=R36 Old Comment=470k Ohm 5% 1/10W New Comment=1k Ohm 5% 1/10W
Change Component Comment : Designator=Q1 Old Comment=AO3404A New Comment=MOSFET N-CH 30V 5.8A SOT-23-3
Change Component Comment : Designator=Q4 Old Comment=FDD4141 New Comment=SIR167DP-T1-GE3
Change Component Comment : Designator=U5 Old Comment=LM1117IMPX-3.3/NOPB New Comment=MBRB2545CT
Change Component Comment : Designator=U3 Old Comment=LTC4412ES6TRPBF New Comment=LM1117IMPX-3.3/NOPB
Change Component Comment : Designator=U1 Old Comment=MCP3428-E/SL New Comment=SHT14 SENSOR HUMID/TEMP
Change Component Comment : Designator=Q8 Old Comment=MOSFET N-CH 30V 5.8A SOT-23-3 New Comment=SIR167DP-T1-GE3
Change Component Comment : Designator=Q5 Old Comment=PMV13XNEAR New Comment=FDD4141
Change Component Comment : Designator=J2 Old Comment=PP45 R/A New Comment=USB_MICRO R/A
Change Component Comment : Designator=U2 Old Comment=SHT14 SENSOR HUMID/TEMP New Comment=MIC29300-12WU-TR
Change Component Comment : Designator=Q6 Old Comment=SIR167DP-T1-GE3 New Comment=PMV13XNEAR
Change Component Comment : Designator=J11 Old Comment=USB_MICRO R/A New Comment=XH2.54 VERT
Change Component Comment : Designator=J4 Old Comment=XH2.54 VERT New Comment=PP45 R/A
Added Component: Designator=C17(CAPACITOR_0603)
Add component (AddParameter): Name = "ComponentLink1Description"; Value = "Datsheet"; VariantName = "[No Variations]"
Add component (AddParameter): Name = "ComponentLink1URL"; Value = "https://www.mouser.com/datasheet/2/212/KEM_C1002_X7R_SMD-1102033.pdf"; VariantName = "[No Variations]"
Add component (AddParameter): Name = "Made By"; Value = "Flip B"; VariantName = "[No Variations]"
Add component (AddParameter): Name = "Supplier 1"; Value = "Digi-Key"; VariantName = "[No Variations]"
Add component (AddParameter): Name = "Supplier Part Number 1"; Value = "399-15351-1-ND"; VariantName = "[No Variations]"
Add component (AddParameter): Name = "Tolerance"; Value = "+/- 10%"; VariantName = "[No Variations]"
Add component (AddParameter): Name = "Value"; Value = "0.1uF"; VariantName = "[No Variations]"
Add component (AddParameter): Name = "Verified By"; Value = ""; VariantName = "[No Variations]"
Add component (AddParameter): Name = "Voltage"; Value = "6.3V"; VariantName = "[No Variations]"
Added Component: Designator=C18(CAPACITOR_0603)
Add component (AddParameter): Name = "ComponentLink1Description"; Value = "Datsheet"; VariantName = "[No Variations]"
Add component (AddParameter): Name = "ComponentLink1URL"; Value = "https://www.mouser.com/datasheet/2/212/KEM_C1002_X7R_SMD-1102033.pdf"; VariantName = "[No Variations]"
Add component (AddParameter): Name = "Made By"; Value = "Flip B"; VariantName = "[No Variations]"
Add component (AddParameter): Name = "Supplier 1"; Value = "Digi-Key"; VariantName = "[No Variations]"
Add component (AddParameter): Name = "Supplier Part Number 1"; Value = "399-15351-1-ND"; VariantName = "[No Variations]"
Add component (AddParameter): Name = "Tolerance"; Value = "+/- 10%"; VariantName = "[No Variations]"
Add component (AddParameter): Name = "Value"; Value = "0.1uF"; VariantName = "[No Variations]"
Add component (AddParameter): Name = "Verified By"; Value = ""; VariantName = "[No Variations]"
Add component (AddParameter): Name = "Voltage"; Value = "6.3V"; VariantName = "[No Variations]"
Added Component: Designator=C19(CAPACITOR_0603)
Add component (AddParameter): Name = "ComponentLink1Description"; Value = "Datsheet"; VariantName = "[No Variations]"
Add component (AddParameter): Name = "ComponentLink1URL"; Value = "https://www.mouser.com/datasheet/2/212/KEM_C1002_X7R_SMD-1102033.pdf"; VariantName = "[No Variations]"
Add component (AddParameter): Name = "Made By"; Value = "Flip B"; VariantName = "[No Variations]"
Add component (AddParameter): Name = "Supplier 1"; Value = "Digi-Key"; VariantName = "[No Variations]"
Add component (AddParameter): Name = "Supplier Part Number 1"; Value = "399-15351-1-ND"; VariantName = "[No Variations]"
Add component (AddParameter): Name = "Tolerance"; Value = "+/- 10%"; VariantName = "[No Variations]"
Add component (AddParameter): Name = "Value"; Value = "0.1uF"; VariantName = "[No Variations]"
Add component (AddParameter): Name = "Verified By"; Value = ""; VariantName = "[No Variations]"
Add component (AddParameter): Name = "Voltage"; Value = "6.3V"; VariantName = "[No Variations]"
Added Component: Designator=C20(CAPACITOR_0603)
Add component (AddParameter): Name = "ComponentLink1Description"; Value = "Digikey"; VariantName = "[No Variations]"
Add component (AddParameter): Name = "ComponentLink1URL"; Value = "https://www.digikey.com/en/products/detail/samsung-electro-mechanics/CL10A106MQ8NNNC/3886777"; VariantName = "[No Variations]"
Add component (AddParameter): Name = "Made By"; Value = "Flip B"; VariantName = "[No Variations]"
Add component (AddParameter): Name = "Supplier 1"; Value = "Digi-Key"; VariantName = "[No Variations]"
Add component (AddParameter): Name = "Supplier Part Number 1"; Value = "1276-1119-1-ND"; VariantName = "[No Variations]"
Add component (AddParameter): Name = "Tolerance"; Value = "+/- 20%"; VariantName = "[No Variations]"
Add component (AddParameter): Name = "Value (uF)"; Value = "10 uF"; VariantName = "[No Variations]"
Add component (AddParameter): Name = "Verified By"; Value = ""; VariantName = "[No Variations]"
Add component (AddParameter): Name = "Voltage"; Value = "6.3V"; VariantName = "[No Variations]"
Added Component: Designator=C80(CL05A104KA5NNNC)
Add component (AddParameter): Name = "Capacitance"; Value = "0.1uF"; VariantName = "[No Variations]"
Add component (AddParameter): Name = "ComponentLink1Description"; Value = "Data Sheet"; VariantName = "[No Variations]"
Add component (AddParameter): Name = "ComponentLink1URL"; Value = "https://mm.digikey.com/Volume0/opasdata/d220001/medias/docus/503/CL05A104KA5NNNC.pdf"; VariantName = "[No Variations]"
Add component (AddParameter): Name = "Name"; Value = "Zach Ramsey"; VariantName = "[No Variations]"
Add component (AddParameter): Name = "Rated Voltage"; Value = "25V"; VariantName = "[No Variations]"
Add component (AddParameter): Name = "Tolerance"; Value = "+/- 10%"; VariantName = "[No Variations]"
Added Component: Designator=C81(CL05A104KA5NNNC)
Add component (AddParameter): Name = "Capacitance"; Value = "0.1uF"; VariantName = "[No Variations]"
Add component (AddParameter): Name = "ComponentLink1Description"; Value = "Data Sheet"; VariantName = "[No Variations]"
Add component (AddParameter): Name = "ComponentLink1URL"; Value = "https://mm.digikey.com/Volume0/opasdata/d220001/medias/docus/503/CL05A104KA5NNNC.pdf"; VariantName = "[No Variations]"
Add component (AddParameter): Name = "Name"; Value = "Zach Ramsey"; VariantName = "[No Variations]"
Add component (AddParameter): Name = "Rated Voltage"; Value = "25V"; VariantName = "[No Variations]"
Add component (AddParameter): Name = "Tolerance"; Value = "+/- 10%"; VariantName = "[No Variations]"
Added Component: Designator=D8(LED_0603)
Add component (AddParameter): Name = "Color"; Value = "Green"; VariantName = "[No Variations]"
Add component (AddParameter): Name = "ComponentLink1Description"; Value = "Datasheet"; VariantName = "[No Variations]"
Add component (AddParameter): Name = "ComponentLink1URL"; Value = "https://www.we-online.de/katalog/datasheet/150060GS75000.pdf"; VariantName = "[No Variations]"
Add component (AddParameter): Name = "Forward Current"; Value = "5mA"; VariantName = "[No Variations]"
Add component (AddParameter): Name = "Forward Voltage"; Value = "3V"; VariantName = "[No Variations]"
Add component (AddParameter): Name = "Made By"; Value = "Robert Pafford"; VariantName = "[No Variations]"
Add component (AddParameter): Name = "Package"; Value = "0603"; VariantName = "[No Variations]"
Add component (AddParameter): Name = "Supplier 1"; Value = "Digi-Key"; VariantName = "[No Variations]"
Add component (AddParameter): Name = "Supplier Part Number 1"; Value = "1830-1062-1-ND"; VariantName = "[No Variations]"
Add component (AddParameter): Name = "Verified By"; Value = ""; VariantName = "[No Variations]"
Added Component: Designator=DEBUG_CONN1(HEADER_2x10PIN_2.54MM)
Add component (AddParameter): Name = "Made By"; Value = "Tyson Nguyen"; VariantName = "[No Variations]"
Add component (AddParameter): Name = "Supplier 1"; Value = "Digi-Key"; VariantName = "[No Variations]"
Add component (AddParameter): Name = "Supplier Part Number 1"; Value = "Z8747-ND"; VariantName = "[No Variations]"
Added Component: Designator=LED_CONN1(CONN_JST_XH254_3POS_VERT)
Add component (AddParameter): Name = "Color"; Value = "White"; VariantName = "[No Variations]"
Add component (AddParameter): Name = "ComponentLink1Description"; Value = "Purchase Link"; VariantName = "[No Variations]"
Add component (AddParameter): Name = "ComponentLink1URL"; Value = "https://www.amazon.com/460PCS-XH2-54-Connector-Terminal-Connectors/dp/B09DBGVX5C"; VariantName = "[No Variations]"
Add component (AddParameter): Name = "Configuration"; Value = "Vertical"; VariantName = "[No Variations]"
Add component (AddParameter): Name = "Created By"; Value = "Robert P"; VariantName = "[No Variations]"
Add component (AddParameter): Name = "Current Per Pin"; Value = "4A"; VariantName = "[No Variations]"
Add component (AddParameter): Name = "Manufacturer"; Value = "JST"; VariantName = "[No Variations]"
Add component (AddParameter): Name = "NOTE"; Value = "Do not use JST 2.5mm parts with this footprint. JST does not make 2.54mm pitch pins, rather only clones make this connector!"; VariantName = "[No Variations]"
Add component (AddParameter): Name = "Number of Positions"; Value = "3"; VariantName = "[No Variations]"
Add component (AddParameter): Name = "Pitch"; Value = "2.54mm"; VariantName = "[No Variations]"
Add component (AddParameter): Name = "Series"; Value = "XH 2.54"; VariantName = "[No Variations]"
Add component (AddParameter): Name = "Verified By"; Value = ""; VariantName = "[No Variations]"
Added Component: Designator=LID_CONN1(CONN HEADER R/A 4POS 4.2MM)
Add component (AddParameter): Name = "Color"; Value = "Natural"; VariantName = "[No Variations]"
Add component (AddParameter): Name = "ComponentLink2Description"; Value = "Datasheet"; VariantName = "[No Variations]"
Add component (AddParameter): Name = "ComponentLink2URL"; Value = "https://tools.molex.com/pdm_docs/ps/PS-5556-001.pdf"; VariantName = "[No Variations]"
Add component (AddParameter): Name = "Configuration"; Value = "Right Angle"; VariantName = "[No Variations]"
Add component (AddParameter): Name = "Created By"; Value = "Zach Ramsey"; VariantName = "[No Variations]"
Add component (AddParameter): Name = "Manufacturer"; Value = "Molex"; VariantName = "[No Variations]"
Add component (AddParameter): Name = "Max. Current Per Pin"; Value = "100mA"; VariantName = "[No Variations]"
Add component (AddParameter): Name = "Number of Positions"; Value = "4"; VariantName = "[No Variations]"
Add component (AddParameter): Name = "Pitch"; Value = "4.2mm"; VariantName = "[No Variations]"
Add component (AddParameter): Name = "Series"; Value = "Minifit Jr 5569"; VariantName = "[No Variations]"
Add component (AddParameter): Name = "Supplier 1"; Value = "Digi-Key"; VariantName = "[No Variations]"
Add component (AddParameter): Name = "Supplier Part Number 1"; Value = "WM23323-ND"; VariantName = "[No Variations]"
Add component (AddParameter): Name = "Verified By"; Value = ""; VariantName = "[No Variations]"
Added Component: Designator=R38(RESISTOR_0603)
Add component (AddParameter): Name = "Made By"; Value = "Robert Pafford"; VariantName = "[No Variations]"
Add component (AddParameter): Name = "Supplier 1"; Value = "Digi-Key"; VariantName = "[No Variations]"
Add component (AddParameter): Name = "Supplier Part Number 1"; Value = "P330HCT-ND"; VariantName = "[No Variations]"
Add component (AddParameter): Name = "Tolerance"; Value = "+/- 1%"; VariantName = "[No Variations]"
Add component (AddParameter): Name = "Value  (Ohms)"; Value = "330"; VariantName = "[No Variations]"
Add component (AddParameter): Name = "Verified By"; Value = ""; VariantName = "[No Variations]"
Add component (AddParameter): Name = "Wattage"; Value = "1/10W"; VariantName = "[No Variations]"
Added Component: Designator=R39(RC0603N_PAN)
Add component (AddParameter): Name = "Copyright"; Value = "Copyright (C) 2023 Ultra Librarian. All rights reserved."; VariantName = "[No Variations]"
Add component (AddParameter): Name = "Manufacturer_Part_Number"; Value = "ERA-3AEB512V_2"; VariantName = "[No Variations]"
Add component (AddParameter): Name = "Mfr_Name"; Value = "Panasonic"; VariantName = "[No Variations]"
Add component (AddParameter): Name = "RefDes"; Value = "RefDes"; VariantName = "[No Variations]"
Add component (AddParameter): Name = "Type"; Value = "DEV"; VariantName = "[No Variations]"
Added Component: Designator=R40(RESISTOR_0603)
Add component (AddParameter): Name = "Made By"; Value = "Robert Pafford"; VariantName = "[No Variations]"
Add component (AddParameter): Name = "Supplier 1"; Value = "Digi-Key"; VariantName = "[No Variations]"
Add component (AddParameter): Name = "Supplier Part Number 1"; Value = "P3.90KHCT-ND"; VariantName = "[No Variations]"
Add component (AddParameter): Name = "Tolerance"; Value = "+/- 1%"; VariantName = "[No Variations]"
Add component (AddParameter): Name = "Value  (Ohms)"; Value = "3.9K"; VariantName = "[No Variations]"
Add component (AddParameter): Name = "Verified By"; Value = ""; VariantName = "[No Variations]"
Add component (AddParameter): Name = "Wattage"; Value = "1/10W"; VariantName = "[No Variations]"
Added Component: Designator=R41(RESISTOR_0603)
Add component (AddParameter): Name = "Digikey Part Numer"; Value = "CR0603-JW-104ELFTR-ND"; VariantName = "[No Variations]"
Add component (AddParameter): Name = "Made By"; Value = "Robert Pafford"; VariantName = "[No Variations]"
Add component (AddParameter): Name = "Supplier"; Value = "Digikey"; VariantName = "[No Variations]"
Add component (AddParameter): Name = "Supplier 1"; Value = "Digi-Key"; VariantName = "[No Variations]"
Add component (AddParameter): Name = "Supplier Part Number 1"; Value = "RMCF0603JT4K70CT-ND"; VariantName = "[No Variations]"
Add component (AddParameter): Name = "Tolerance"; Value = "+/- 5%"; VariantName = "[No Variations]"
Add component (AddParameter): Name = "Value  (Ohms)"; Value = "4.7K"; VariantName = "[No Variations]"
Add component (AddParameter): Name = "Verified By"; Value = ""; VariantName = "[No Variations]"
Add component (AddParameter): Name = "Wattage"; Value = "1/10W"; VariantName = "[No Variations]"
Added Component: Designator=R42(RESISTOR_0603)
Add component (AddParameter): Name = "ComponentLink1Description"; Value = "Datasheet"; VariantName = "[No Variations]"
Add component (AddParameter): Name = "ComponentLink1URL"; Value = "https://www.bourns.com/docs/product-datasheets/CRxxxxx.pdf"; VariantName = "[No Variations]"
Add component (AddParameter): Name = "Digikey Part Numer"; Value = "CR0603-JW-104ELFTR-ND"; VariantName = "[No Variations]"
Add component (AddParameter): Name = "Made By"; Value = "Robert Pafford"; VariantName = "[No Variations]"
Add component (AddParameter): Name = "Supplier"; Value = "Digikey"; VariantName = "[No Variations]"
Add component (AddParameter): Name = "Supplier 1"; Value = "Digi-Key"; VariantName = "[No Variations]"
Add component (AddParameter): Name = "Supplier Part Number 1"; Value = "2019-RK73B1JTTD102JCT-ND"; VariantName = "[No Variations]"
Add component (AddParameter): Name = "Tolerance"; Value = "+/- 5%"; VariantName = "[No Variations]"
Add component (AddParameter): Name = "Value  (Ohms)"; Value = "1K"; VariantName = "[No Variations]"
Add component (AddParameter): Name = "Verified By"; Value = ""; VariantName = "[No Variations]"
Add component (AddParameter): Name = "Wattage"; Value = "1/8W"; VariantName = "[No Variations]"
Added Component: Designator=R43(RESISTOR_0603)
Add component (AddParameter): Name = "Made By"; Value = "Robert Pafford"; VariantName = "[No Variations]"
Add component (AddParameter): Name = "Supplier 1"; Value = "Digi-Key"; VariantName = "[No Variations]"
Add component (AddParameter): Name = "Supplier Part Number 1"; Value = "P3.90KHCT-ND"; VariantName = "[No Variations]"
Add component (AddParameter): Name = "Tolerance"; Value = "+/- 1%"; VariantName = "[No Variations]"
Add component (AddParameter): Name = "Value  (Ohms)"; Value = "3.9K"; VariantName = "[No Variations]"
Add component (AddParameter): Name = "Verified By"; Value = ""; VariantName = "[No Variations]"
Add component (AddParameter): Name = "Wattage"; Value = "1/10W"; VariantName = "[No Variations]"
Added Component: Designator=R44(RESISTOR_0603)
Add component (AddParameter): Name = "Made By"; Value = "Robert Pafford"; VariantName = "[No Variations]"
Add component (AddParameter): Name = "Supplier 1"; Value = "Digi-Key"; VariantName = "[No Variations]"
Add component (AddParameter): Name = "Supplier Part Number 1"; Value = "P3.90KHCT-ND"; VariantName = "[No Variations]"
Add component (AddParameter): Name = "Tolerance"; Value = "+/- 1%"; VariantName = "[No Variations]"
Add component (AddParameter): Name = "Value  (Ohms)"; Value = "3.9K"; VariantName = "[No Variations]"
Add component (AddParameter): Name = "Verified By"; Value = ""; VariantName = "[No Variations]"
Add component (AddParameter): Name = "Wattage"; Value = "1/10W"; VariantName = "[No Variations]"
Added Component: Designator=R45(RESISTOR_0603)
Add component (AddParameter): Name = "Made By"; Value = "Robert Pafford"; VariantName = "[No Variations]"
Add component (AddParameter): Name = "Supplier 1"; Value = "Digi-Key"; VariantName = "[No Variations]"
Add component (AddParameter): Name = "Supplier Part Number 1"; Value = "P3.90KHCT-ND"; VariantName = "[No Variations]"
Add component (AddParameter): Name = "Tolerance"; Value = "+/- 1%"; VariantName = "[No Variations]"
Add component (AddParameter): Name = "Value  (Ohms)"; Value = "3.9K"; VariantName = "[No Variations]"
Add component (AddParameter): Name = "Verified By"; Value = ""; VariantName = "[No Variations]"
Add component (AddParameter): Name = "Wattage"; Value = "1/10W"; VariantName = "[No Variations]"
Added Component: Designator=R46(RESISTOR_0603)
Add component (AddParameter): Name = "Made By"; Value = "Robert Pafford"; VariantName = "[No Variations]"
Add component (AddParameter): Name = "Supplier 1"; Value = "Digi-Key"; VariantName = "[No Variations]"
Add component (AddParameter): Name = "Supplier Part Number 1"; Value = "P3.90KHCT-ND"; VariantName = "[No Variations]"
Add component (AddParameter): Name = "Tolerance"; Value = "+/- 1%"; VariantName = "[No Variations]"
Add component (AddParameter): Name = "Value  (Ohms)"; Value = "3.9K"; VariantName = "[No Variations]"
Add component (AddParameter): Name = "Verified By"; Value = ""; VariantName = "[No Variations]"
Add component (AddParameter): Name = "Wattage"; Value = "1/10W"; VariantName = "[No Variations]"
Added Component: Designator=R47(RESISTOR_0603)
Add component (AddParameter): Name = "Made By"; Value = "Robert Pafford"; VariantName = "[No Variations]"
Add component (AddParameter): Name = "Supplier 1"; Value = "Digi-Key"; VariantName = "[No Variations]"
Add component (AddParameter): Name = "Supplier Part Number 1"; Value = "P330HCT-ND"; VariantName = "[No Variations]"
Add component (AddParameter): Name = "Tolerance"; Value = "+/- 1%"; VariantName = "[No Variations]"
Add component (AddParameter): Name = "Value  (Ohms)"; Value = "330"; VariantName = "[No Variations]"
Add component (AddParameter): Name = "Verified By"; Value = ""; VariantName = "[No Variations]"
Add component (AddParameter): Name = "Wattage"; Value = "1/10W"; VariantName = "[No Variations]"
Added Component: Designator=U6(TSOT-23_S6)
Add component (AddParameter): Name = "Arrow_Europe-Purchase-URL"; Value = "https://snapeda.com/shop?store=Arrow+Europe&id=4343773"; VariantName = "[No Variations]"
Add component (AddParameter): Name = "Availability"; Value = "Good"; VariantName = "[No Variations]"
Add component (AddParameter): Name = "Check_prices"; Value = "https://www.snapeda.com/parts/LTC4412ES6%23TRPBF/Analog%20Devices/view-part/4343773/?ref=eda"; VariantName = "[No Variations]"
Add component (AddParameter): Name = "DigiKey-Purchase-URL"; Value = "https://snapeda.com/shop?store=DigiKey&id=4343773"; VariantName = "[No Variations]"
Add component (AddParameter): Name = "MF"; Value = "Analog Devices"; VariantName = "[No Variations]"
Add component (AddParameter): Name = "Mouser-Purchase-URL"; Value = "https://snapeda.com/shop?store=Mouser&id=4343773"; VariantName = "[No Variations]"
Add component (AddParameter): Name = "MP"; Value = "LTC4412ES6#TRPBF"; VariantName = "[No Variations]"
Add component (AddParameter): Name = "Package"; Value = "SOT-23-6 Analog Devices"; VariantName = "[No Variations]"
Add component (AddParameter): Name = "Price"; Value = "None"; VariantName = "[No Variations]"
Add component (AddParameter): Name = "SnapEDA_Link"; Value = "https://www.snapeda.com/parts/LTC4412ES6%23TRPBF/Analog%20Devices/view-part/4343773/?ref=snap"; VariantName = "[No Variations]"
Add component (AddParameter): Name = "Value"; Value = ""; VariantName = "[No Variations]"
Added Component: Designator=U7(SOIC127P600X175-14N)
Add component (AddParameter): Name = "Availability"; Value = "Unavailable"; VariantName = "[No Variations]"
Add component (AddParameter): Name = "MF"; Value = "Microchip"; VariantName = "[No Variations]"
Add component (AddParameter): Name = "MP"; Value = "MCP3428-E/SL"; VariantName = "[No Variations]"
Add component (AddParameter): Name = "Package"; Value = "SOIC-14 Microchip"; VariantName = "[No Variations]"
Add component (AddParameter): Name = "Price"; Value = "None"; VariantName = "[No Variations]"
Add component (AddParameter): Name = "SnapEDA_Link"; Value = "https://www.snapeda.com/parts/MCP3428-E/SL/Microchip/view-part/13249/?ref=snap"; VariantName = "[No Variations]"
Add component (AddParameter): Name = "Value"; Value = ""; VariantName = "[No Variations]"
Added Component: Designator=U8(TXB0102DCUR)
Add component (AddParameter): Name = "Channel Type"; Value = "Bidirectional"; VariantName = "[No Variations]"
Add component (AddParameter): Name = "Channels"; Value = "2"; VariantName = "[No Variations]"
Add component (AddParameter): Name = "Made By"; Value = "Zach Ramsey"; VariantName = "[No Variations]"
Add component (AddParameter): Name = "Max Rate"; Value = "100 Mbps"; VariantName = "[No Variations]"
Add component (AddParameter): Name = "Supplier 1"; Value = "Digi-Key"; VariantName = "[No Variations]"
Add component (AddParameter): Name = "Supplier Part Number 1"; Value = "TXB0102DCUR"; VariantName = "[No Variations]"
Add component (AddParameter): Name = "Voltage Range (VCCA)"; Value = "1.2 V ~ 3.6 V"; VariantName = "[No Variations]"
Add component (AddParameter): Name = "Voltage Range (VCCB)"; Value = "1.65 V ~ 5.5 V"; VariantName = "[No Variations]"
Added Component: Designator=U13(TSOP6_DG_VIS-M)
Add component (AddParameter): Name = "Copyright"; Value = "Copyright (C) 2024 Ultra Librarian. All rights reserved."; VariantName = "[No Variations]"
Add component (AddParameter): Name = "Manufacturer_Part_Number"; Value = "DG448DV-T1-E3"; VariantName = "[No Variations]"
Add component (AddParameter): Name = "Mfr_Name"; Value = "Vishay"; VariantName = "[No Variations]"
Add component (AddParameter): Name = "RefDes"; Value = "RefDes"; VariantName = "[No Variations]"
Add component (AddParameter): Name = "Type"; Value = "DEV"; VariantName = "[No Variations]"
Added Pin To Net: NetName=5V Pin=C3-1
Added Pin To Net: NetName=3V3 Pin=C4-1
Added Pin To Net: NetName=15V Pin=C9-1
Added Pin To Net: NetName=Vreg Pin=C10-1
Added Pin To Net: NetName=5V Pin=C12-1
Added Pin To Net: NetName=V++ Pin=C13-1
Added Pin To Net: NetName=V++ Pin=C14-1
Added Pin To Net: NetName=3V3 Pin=C17-1
Added Pin To Net: NetName=GND Pin=C17-2
Added Pin To Net: NetName=3V3 Pin=C18-1
Added Pin To Net: NetName=5V Pin=C19-1
Added Pin To Net: NetName=5V Pin=C80-1
Added Pin To Net: NetName=15V Pin=C81-1
Added Pin To Net: NetName=3V3 Pin=DEBUG_CONN1-2
Added Pin To Net: NetName=KILL_SWITCH Pin=J1-3
Added Pin To Net: NetName=AUX_SWITCH Pin=J1-4
Added Pin To Net: NetName=USB_N Pin=J2-2
Added Pin To Net: NetName=USB_P Pin=J2-3
Added Pin To Net: NetName=V++ Pin=J5-3
Added Pin To Net: NetName=CANL Pin=J6-1
Added Pin To Net: NetName=CANH Pin=J6-5
Added Pin To Net: NetName=5V Pin=J6-6
Added Pin To Net: NetName=15V Pin=J6-7
Added Pin To Net: NetName=15V Pin=J6-8
Added Pin To Net: NetName=FAN_TACH Pin=J11-1
Added Pin To Net: NetName=FAN_PWR Pin=J11-2
Added Pin To Net: NetName=GND Pin=Q1-2
Added Pin To Net: NetName=V++ Pin=Q2-1
Added Pin To Net: NetName=V++ Pin=Q2-2
Added Pin To Net: NetName=V++ Pin=Q2-3
Added Pin To Net: NetName=V++ Pin=Q3-1
Added Pin To Net: NetName=V++ Pin=Q3-2
Added Pin To Net: NetName=V++ Pin=Q3-3
Added Pin To Net: NetName=V++ Pin=Q4-1
Added Pin To Net: NetName=V++ Pin=Q4-2
Added Pin To Net: NetName=V++ Pin=Q4-3
Added Pin To Net: NetName=MOTOR_PWR Pin=Q4-D
Added Pin To Net: NetName=MOTOR_PWR Pin=Q4-D
Added Pin To Net: NetName=MOTOR_PWR Pin=Q4-D
Added Pin To Net: NetName=MOTOR_PWR Pin=Q4-D
Added Pin To Net: NetName=MOTOR_PWR Pin=Q4-D
Added Pin To Net: NetName=5V Pin=Q5-2
Added Pin To Net: NetName=FAN_PWR Pin=Q5-3
Added Pin To Net: NetName=FAN_SWITCH Pin=Q6-1
Added Pin To Net: NetName=VSTBD Pin=Q7-D
Added Pin To Net: NetName=VSTBD Pin=Q7-D
Added Pin To Net: NetName=VSTBD Pin=Q7-D
Added Pin To Net: NetName=VSTBD Pin=Q7-D
Added Pin To Net: NetName=VSTBD Pin=Q7-D
Added Pin To Net: NetName=V++ Pin=Q8-1
Added Pin To Net: NetName=V++ Pin=Q8-2
Added Pin To Net: NetName=V++ Pin=Q8-3
Added Pin To Net: NetName=VSTBD Pin=Q8-D
Added Pin To Net: NetName=VSTBD Pin=Q8-D
Added Pin To Net: NetName=VSTBD Pin=Q8-D
Added Pin To Net: NetName=VSTBD Pin=Q8-D
Added Pin To Net: NetName=VSTBD Pin=Q8-D
Added Pin To Net: NetName=MOTOR_EN Pin=R1-1
Added Pin To Net: NetName=V++ Pin=R1-2
Added Pin To Net: NetName=3V3 Pin=R2-1
Added Pin To Net: NetName=GND Pin=R3-1
Added Pin To Net: NetName=MOTOR_EN Pin=R5-2
Added Pin To Net: NetName=V++ Pin=R6-1
Added Pin To Net: NetName=5V Pin=R7-1
Added Pin To Net: NetName=KILL_SWITCH Pin=R8-2
Added Pin To Net: NetName=FAN_SWITCH Pin=R9-1
Added Pin To Net: NetName=3V3 Pin=R10-1
Added Pin To Net: NetName=FAN_TACH Pin=R10-2
Added Pin To Net: NetName=NetQ7_4 Pin=R15-1
Added Pin To Net: NetName=NetQ9_4 Pin=R18-1
Added Pin To Net: NetName=NetQ10_4 Pin=R19-1
Added Pin To Net: NetName=Vreg Pin=R20-1
Added Pin To Net: NetName=15V Pin=R21-1
Added Pin To Net: NetName=15V_MEAS Pin=R21-2
Added Pin To Net: NetName=5V Pin=R22-1
Added Pin To Net: NetName=5V_MEAS Pin=R22-2
Added Pin To Net: NetName=3V3 Pin=R23-1
Added Pin To Net: NetName=3V3_MEAS Pin=R23-2
Added Pin To Net: NetName=GND Pin=R24-2
Added Pin To Net: NetName=15V_MEAS Pin=R25-1
Added Pin To Net: NetName=GND Pin=R25-2
Added Pin To Net: NetName=5V_MEAS Pin=R26-1
Added Pin To Net: NetName=GND Pin=R26-2
Added Pin To Net: NetName=3V3_MEAS Pin=R27-1
Added Pin To Net: NetName=PORT_MEAS Pin=R28-2
Added Pin To Net: NetName=STBD_MEAS Pin=R29-2
Added Pin To Net: NetName=STBD_STAT Pin=R30-2
Added Pin To Net: NetName=3V3 Pin=R31-1
Added Pin To Net: NetName=PORT_STAT Pin=R31-2
Added Pin To Net: NetName=3V3 Pin=R32-1
Added Pin To Net: NetName=SDA Pin=R32-2
Added Pin To Net: NetName=3V3 Pin=R33-1
Added Pin To Net: NetName=SCL Pin=R33-2
Added Pin To Net: NetName=3V3 Pin=R34-1
Added Pin To Net: NetName=AUX_SWITCH Pin=R34-2
Added Pin To Net: NetName=PORT_MEAS Pin=R35-1
Added Pin To Net: NetName=GND Pin=R35-2
Added Pin To Net: NetName=STBD_MEAS Pin=R36-1
Added Pin To Net: NetName=GND Pin=R36-2
Added Pin To Net: NetName=3V3 Pin=R39-1
Added Pin To Net: NetName=NetD2_1 Pin=R39-2
Added Pin To Net: NetName=Vreg Pin=R40-1
Added Pin To Net: NetName=NetD1_1 Pin=R40-2
Added Pin To Net: NetName=15V Pin=R41-1
Added Pin To Net: NetName=NetD4_1 Pin=R41-2
Added Pin To Net: NetName=5V Pin=R42-1
Added Pin To Net: NetName=NetD3_1 Pin=R42-2
Added Pin To Net: NetName=NetD6_1 Pin=R43-2
Added Pin To Net: NetName=V++ Pin=R44-1
Added Pin To Net: NetName=NetD5_1 Pin=R44-2
Added Pin To Net: NetName=VSTBD Pin=R45-1
Added Pin To Net: NetName=NetD7_1 Pin=R45-2
Added Pin To Net: NetName=MOTOR_PWR Pin=R46-1
Added Pin To Net: NetName=SDA Pin=U1-1
Added Pin To Net: NetName=SCL Pin=U1-2
Added Pin To Net: NetName=3V3 Pin=U1-3
Added Pin To Net: NetName=3V3 Pin=U3-2
Added Pin To Net: NetName=5V Pin=U3-3
Added Pin To Net: NetName=3V3 Pin=U3-4
Added Pin To Net: NetName=PORT_STAT Pin=U4-4
Added Pin To Net: NetName=V++ Pin=U5-1
Added Pin To Net: NetName=Vreg Pin=U5-2
Added Pin To Net: NetName=V++ Pin=U5-3
Added Pin To Net: NetName=STBD_STAT Pin=U6-4
Added Pin To Net: NetName=V++ Pin=U6-6
Added Pin To Net: NetName=3V3_MEAS Pin=U7-1
Added Pin To Net: NetName=GND Pin=U7-2
Added Pin To Net: NetName=GND Pin=U7-4
Added Pin To Net: NetName=GND Pin=U7-5
Added Pin To Net: NetName=3V3 Pin=U7-6
Added Pin To Net: NetName=SDA Pin=U7-7
Added Pin To Net: NetName=SCL Pin=U7-8
Added Pin To Net: NetName=GND Pin=U7-9
Added Pin To Net: NetName=GND Pin=U7-10
Added Pin To Net: NetName=15V_MEAS Pin=U7-11
Added Pin To Net: NetName=GND Pin=U7-12
Added Pin To Net: NetName=5V_MEAS Pin=U7-13
Added Pin To Net: NetName=GND Pin=U7-14
Added Pin To Net: NetName=3V3 Pin=U8-1
Added Pin To Net: NetName=5V Pin=U8-8
Added Pin To Net: NetName=V++ Pin=U13-5
Added Pin To Net: NetName=MOTOR_EN Pin=U13-6
Change Net Name : Old Net Name=3V3 New Net Name=3V3_RP2CAN
Change Net Name : Old Net Name=GND New Net Name=GND_RP2CAN
Change Net Name : Old Net Name=V++ New Net Name=V+
Change Net Name : Old Net Name=VSTBD New Net Name=VPORT
Added Pin To Net: NetName=+5V Pin=C20-1
Added Pin To Net: NetName=+5V Pin=DEBUG_CONN1-1
Added Pin To Net: NetName=+5V Pin=LED_CONN1-1
Added Net: Name=+5V
Added Pin To Net: NetName=+12V Pin=C6-1
Added Pin To Net: NetName=+12V Pin=LID_CONN1-1
Added Pin To Net: NetName=+12V Pin=LID_CONN1-2
Added Pin To Net: NetName=+12V Pin=R11-1
Added Pin To Net: NetName=+12V Pin=U2-3
Added Net: Name=+12V
Added Pin To Net: NetName=+15V Pin=C5-1
Added Pin To Net: NetName=+15V Pin=U2-1
Added Net: Name=+15V
Added Pin To Net: NetName=ACT_CHECK_3.3V Pin=U1R-11
Added Pin To Net: NetName=ACT_CHECK_3.3V Pin=U8-3
Added Net: Name=ACT_CHECK_3.3V
Added Pin To Net: NetName=ACT_CHECK_5V Pin=LID_CONN1-4
Added Pin To Net: NetName=ACT_CHECK_5V Pin=R47-1
Added Net: Name=ACT_CHECK_5V
Added Pin To Net: NetName=ACT_PWM_3.3V Pin=DEBUG_CONN1-11
Added Pin To Net: NetName=ACT_PWM_3.3V Pin=U1R-9
Added Pin To Net: NetName=ACT_PWM_3.3V Pin=U8-2
Added Net: Name=ACT_PWM_3.3V
Added Pin To Net: NetName=ACT_PWM_5V Pin=LID_CONN1-3
Added Pin To Net: NetName=ACT_PWM_5V Pin=R38-1
Added Net: Name=ACT_PWM_5V
Added Pin To Net: NetName=GND Pin=C2-2
Added Pin To Net: NetName=GND Pin=C3-2
Added Pin To Net: NetName=GND Pin=C4-2
Added Pin To Net: NetName=GND Pin=C5-2
Added Pin To Net: NetName=GND Pin=C6-2
Added Pin To Net: NetName=GND Pin=C7-2
Added Pin To Net: NetName=GND Pin=C9-2
Added Pin To Net: NetName=GND Pin=C10-2
Added Pin To Net: NetName=GND Pin=C12-2
Added Pin To Net: NetName=GND Pin=C13-2
Added Pin To Net: NetName=GND Pin=C14-2
Added Pin To Net: NetName=GND Pin=C18-2
Added Pin To Net: NetName=GND Pin=C19-2
Added Pin To Net: NetName=GND Pin=C20-2
Added Pin To Net: NetName=GND Pin=C80-2
Added Pin To Net: NetName=GND Pin=C81-2
Added Pin To Net: NetName=GND Pin=D1-2
Added Pin To Net: NetName=GND Pin=D2-2
Added Pin To Net: NetName=GND Pin=D3-2
Added Pin To Net: NetName=GND Pin=D4-2
Added Pin To Net: NetName=GND Pin=D5-2
Added Pin To Net: NetName=GND Pin=D6-2
Added Pin To Net: NetName=GND Pin=D7-2
Added Pin To Net: NetName=GND Pin=D8-2
Added Pin To Net: NetName=GND Pin=DEBUG_CONN1-19
Added Pin To Net: NetName=GND Pin=DEBUG_CONN1-20
Added Pin To Net: NetName=GND Pin=J1-1
Added Pin To Net: NetName=GND Pin=J1-2
Added Pin To Net: NetName=GND Pin=J2-5
Added Pin To Net: NetName=GND Pin=J2-6
Added Pin To Net: NetName=GND Pin=J2-7
Added Pin To Net: NetName=GND Pin=J2-8
Added Pin To Net: NetName=GND Pin=J2-9
Added Pin To Net: NetName=GND Pin=J3-3
Added Pin To Net: NetName=GND Pin=J3-4
Added Pin To Net: NetName=GND Pin=J4-3
Added Pin To Net: NetName=GND Pin=J4-4
Added Pin To Net: NetName=GND Pin=J5-2
Added Pin To Net: NetName=GND Pin=J6-2
Added Pin To Net: NetName=GND Pin=J6-3
Added Pin To Net: NetName=GND Pin=J6-4
Added Pin To Net: NetName=GND Pin=J9-1
Added Pin To Net: NetName=GND Pin=J9-1
Added Pin To Net: NetName=GND Pin=J9-1
Added Pin To Net: NetName=GND Pin=J9-1
Added Pin To Net: NetName=GND Pin=J9-1
Added Pin To Net: NetName=GND Pin=J9-1
Added Pin To Net: NetName=GND Pin=J9-1
Added Pin To Net: NetName=GND Pin=J9-1
Added Pin To Net: NetName=GND Pin=J10-1
Added Pin To Net: NetName=GND Pin=J10-1
Added Pin To Net: NetName=GND Pin=J10-1
Added Pin To Net: NetName=GND Pin=J10-1
Added Pin To Net: NetName=GND Pin=J10-1
Added Pin To Net: NetName=GND Pin=J10-1
Added Pin To Net: NetName=GND Pin=J10-1
Added Pin To Net: NetName=GND Pin=J10-1
Added Pin To Net: NetName=GND Pin=J11-3
Added Pin To Net: NetName=GND Pin=LED_CONN1-3
Added Pin To Net: NetName=GND Pin=PS1-2
Added Pin To Net: NetName=GND Pin=PS1-3
Added Pin To Net: NetName=GND Pin=PS1-4
Added Pin To Net: NetName=GND Pin=PS2-2
Added Pin To Net: NetName=GND Pin=PS2-3
Added Pin To Net: NetName=GND Pin=PS2-4
Added Pin To Net: NetName=GND Pin=Q6-2
Added Pin To Net: NetName=GND Pin=R9-2
Added Pin To Net: NetName=GND Pin=R11-2
Added Pin To Net: NetName=GND Pin=R12-2
Added Pin To Net: NetName=GND Pin=R13-2
Added Pin To Net: NetName=GND Pin=R37-2
Added Pin To Net: NetName=GND Pin=U2-2
Added Pin To Net: NetName=GND Pin=U2-4
Added Pin To Net: NetName=GND Pin=U3-1
Added Pin To Net: NetName=GND Pin=U4-2
Added Pin To Net: NetName=GND Pin=U4-3
Added Pin To Net: NetName=GND Pin=U6-2
Added Pin To Net: NetName=GND Pin=U6-3
Added Pin To Net: NetName=GND Pin=U8-5
Added Pin To Net: NetName=GND Pin=U13-2
Added Pin To Net: NetName=GND Pin=U13-4
Added Net: Name=GND
Added Pin To Net: NetName=LVL_SHIFT_EN Pin=R37-1
Added Pin To Net: NetName=LVL_SHIFT_EN Pin=U1R-8
Added Pin To Net: NetName=LVL_SHIFT_EN Pin=U8-4
Added Net: Name=LVL_SHIFT_EN
Added Pin To Net: NetName=NetC2_1 Pin=C2-1
Added Pin To Net: NetName=NetC2_1 Pin=Q1-1
Added Pin To Net: NetName=NetC2_1 Pin=R6-2
Added Pin To Net: NetName=NetC2_1 Pin=R8-1
Added Pin To Net: NetName=NetC2_1 Pin=U13-1
Added Net: Name=NetC2_1
Added Pin To Net: NetName=NetD8_1 Pin=D8-1
Added Pin To Net: NetName=NetD8_1 Pin=R46-2
Added Net: Name=NetD8_1
Added Pin To Net: NetName=NetPS1_6 Pin=PS1-6
Added Pin To Net: NetName=NetPS1_6 Pin=R12-1
Added Net: Name=NetPS1_6
Added Pin To Net: NetName=NetPS2_6 Pin=PS2-6
Added Pin To Net: NetName=NetPS2_6 Pin=R13-1
Added Net: Name=NetPS2_6
Added Pin To Net: NetName=NetQ4_4 Pin=Q4-4
Added Net: Name=NetQ4_4
Added Pin To Net: NetName=NetQ5_1 Pin=Q5-1
Added Pin To Net: NetName=NetQ5_1 Pin=Q6-3
Added Pin To Net: NetName=NetQ5_1 Pin=R7-2
Added Net: Name=NetQ5_1
Added Pin To Net: NetName=NetQ8_4 Pin=Q8-4
Added Pin To Net: NetName=NetQ8_4 Pin=R16-1
Added Net: Name=NetQ8_4
Added Pin To Net: NetName=NetR5_1 Pin=R5-1
Added Net: Name=NetR5_1
Added Pin To Net: NetName=NetR15_2 Pin=R15-2
Added Pin To Net: NetName=NetR15_2 Pin=R16-2
Added Pin To Net: NetName=NetR15_2 Pin=U4-5
Added Net: Name=NetR15_2
Added Pin To Net: NetName=NetR18_2 Pin=R18-2
Added Pin To Net: NetName=NetR18_2 Pin=R19-2
Added Pin To Net: NetName=NetR18_2 Pin=U6-5
Added Net: Name=NetR18_2
Added Pin To Net: NetName=NetR38_2 Pin=R38-2
Added Pin To Net: NetName=NetR38_2 Pin=U8-7
Added Net: Name=NetR38_2
Added Pin To Net: NetName=NetR47_2 Pin=R47-2
Added Pin To Net: NetName=NetR47_2 Pin=U8-6
Added Net: Name=NetR47_2
Added Pin To Net: NetName=PHYS_KILL Pin=Q1-3
Added Pin To Net: NetName=PHYS_KILL Pin=R2-2
Added Pin To Net: NetName=PHYS_KILL Pin=U1R-3
Added Net: Name=PHYS_KILL
Added Pin To Net: NetName=PORT_BATT Pin=R28-1
Added Net: Name=PORT_BATT
Added Pin To Net: NetName=RGB_DATA Pin=LED_CONN1-2
Added Net: Name=RGB_DATA
Added Pin To Net: NetName=SOFTWARE_KILL Pin=R3-2
Added Pin To Net: NetName=SOFTWARE_KILL Pin=U1R-4
Added Pin To Net: NetName=SOFTWARE_KILL Pin=U13-3
Added Net: Name=SOFTWARE_KILL
Added Pin To Net: NetName=STBD_BATT Pin=R29-1
Added Net: Name=STBD_BATT
Added Pin To Net: NetName=Vreg_MEAS Pin=R20-2
Added Pin To Net: NetName=Vreg_MEAS Pin=R24-1
Added Pin To Net: NetName=Vreg_MEAS Pin=U7-3
Added Net: Name=Vreg_MEAS
Added Pin To Net: NetName=VSTBD Pin=J4-1
Added Pin To Net: NetName=VSTBD Pin=J4-2
Added Pin To Net: NetName=VSTBD Pin=Q9-D
Added Pin To Net: NetName=VSTBD Pin=Q9-D
Added Pin To Net: NetName=VSTBD Pin=Q9-D
Added Pin To Net: NetName=VSTBD Pin=Q9-D
Added Pin To Net: NetName=VSTBD Pin=Q9-D
Added Pin To Net: NetName=VSTBD Pin=Q10-D
Added Pin To Net: NetName=VSTBD Pin=Q10-D
Added Pin To Net: NetName=VSTBD Pin=Q10-D
Added Pin To Net: NetName=VSTBD Pin=Q10-D
Added Pin To Net: NetName=VSTBD Pin=Q10-D
Added Pin To Net: NetName=VSTBD Pin=R43-1
Added Pin To Net: NetName=VSTBD Pin=U6-1
Added Net: Name=VSTBD
Added Member To Class: ClassName=U_PD_MK2_Circuits Member=Component C17 100nF Ceramic 6.3V
Added Member To Class: ClassName=U_PD_MK2_Circuits Member=Component C18 100nF Ceramic 6.3V
Added Member To Class: ClassName=U_PD_MK2_Circuits Member=Component C19 100nF Ceramic 6.3V
Added Member To Class: ClassName=Poactuator_Connectors Member=Component C20 10uF Ceramic 6.3V
Added Member To Class: ClassName=U_PD_MK2_Power Member=Component C80 CL05A104KA5NNNC
Added Member To Class: ClassName=U_PD_MK2_Power Member=Component C81 CL05A104KA5NNNC
Added Member To Class: ClassName=Poactuator_Connectors Member=Component D8 IN-S63AT5G
Added Member To Class: ClassName=Poactuator_Connectors Member=Component DEBUG_CONN1 HEADER DUAL VERT 2.54MM
Added Member To Class: ClassName=Poactuator_Connectors Member=Component LED_CONN1 XH2.54 VERT
Added Member To Class: ClassName=Poactuator_Connectors Member=Component LID_CONN1 Mini-Fit Jr R/A
Added Member To Class: ClassName=U_PD_MK2_Circuits Member=Component R38 330 Ohm 1% 1/10W
Added Member To Class: ClassName=Poactuator_Connectors Member=Component R39 5.1K
Added Member To Class: ClassName=Poactuator_Connectors Member=Component R40 3.9k Ohm 5% 1/10W
Added Member To Class: ClassName=Poactuator_Connectors Member=Component R41 4.7k Ohm 5% 1/10W
Added Member To Class: ClassName=Poactuator_Connectors Member=Component R42 1k Ohm 5% 1/8W
Added Member To Class: ClassName=Poactuator_Connectors Member=Component R43 3.9k Ohm 5% 1/10W
Added Member To Class: ClassName=Poactuator_Connectors Member=Component R44 3.9k Ohm 5% 1/10W
Added Member To Class: ClassName=Poactuator_Connectors Member=Component R45 3.9k Ohm 5% 1/10W
Added Member To Class: ClassName=Poactuator_Connectors Member=Component R46 3.9k Ohm 5% 1/10W
Added Member To Class: ClassName=U_PD_MK2_Circuits Member=Component R47 330 Ohm 1% 1/10W
Added Member To Class: ClassName=U_PD_MK2_Power Member=Component U6 LTC4412ES6TRPBF
Added Member To Class: ClassName=U_PD_MK2_Circuits Member=Component U7 MCP3428-E/SL
Added Member To Class: ClassName=U_PD_MK2_Circuits Member=Component U8 IC TRANSLTR BIDIRECTIONAL 8VSSOP
Added Member To Class: ClassName=U_PD_MK2_Killswitch Member=Component U13 DG448DV-T1-E3
Added Room: Name=U_PD_MK2_Killswitch
Added Room: Name=U_PD_MK2_Power
