Replace Part C1 CAPACITOR_4.7uF_0603 in C:\Users\Main\Documents\GitHub\electric_boogaloo\TempestBoards\MK2\SBH_Charger\SBH_Charger_USB_PD.SchDoc with CAPACITOR_4.7uF_0603 from Capacitors.SchLib
Replace Part C2 CAPACITOR_0.01uF_0603 in C:\Users\Main\Documents\GitHub\electric_boogaloo\TempestBoards\MK2\SBH_Charger\SBH_Charger_USB_PD.SchDoc with CAPACITOR_0.01uF_0603 from Capacitors.SchLib
Replace Part C3 CAPACITOR_0.01uF_0603 in C:\Users\Main\Documents\GitHub\electric_boogaloo\TempestBoards\MK2\SBH_Charger\SBH_Charger_USB_PD.SchDoc with CAPACITOR_0.01uF_0603 from Capacitors.SchLib
Replace Part C4 CAPACITOR_0.01uF_0603 in C:\Users\Main\Documents\GitHub\electric_boogaloo\TempestBoards\MK2\SBH_Charger\SBH_Charger_USB_PD.SchDoc with CAPACITOR_0.01uF_0603 from Capacitors.SchLib
Replace Part C5 CAPACITOR_0.01uF_0603 in C:\Users\Main\Documents\GitHub\electric_boogaloo\TempestBoards\MK2\SBH_Charger\SBH_Charger_USB_PD.SchDoc with CAPACITOR_0.01uF_0603 from Capacitors.SchLib
Replace Part C6 CAPACITOR_100uF_0603 in C:\Users\Main\Documents\GitHub\electric_boogaloo\TempestBoards\MK2\SBH_Charger\SBH_Charger_USB_PD.SchDoc with CAPACITOR_100uF_0603 from Capacitors.SchLib
Replace Part C7 CAPACITOR_100uF_0603 in C:\Users\Main\Documents\GitHub\electric_boogaloo\TempestBoards\MK2\SBH_Charger\SBH_Charger_USB_PD.SchDoc with CAPACITOR_100uF_0603 from Capacitors.SchLib
Replace Part C8 CAPACITOR_100uF_0603 in C:\Users\Main\Documents\GitHub\electric_boogaloo\TempestBoards\MK2\SBH_Charger\SBH_Charger_USB_PD.SchDoc with CAPACITOR_100uF_0603 from Capacitors.SchLib
Replace Part C9 CAPACITOR_10uF_0603 in C:\Users\Main\Documents\GitHub\electric_boogaloo\TempestBoards\MK2\SBH_Charger\SBH_Charger_USB_PD.SchDoc with CAPACITOR_10uF_0603 from Capacitors.SchLib
Replace Part C10 CAPACITOR_0.00033uF_0603 in C:\Users\Main\Documents\GitHub\electric_boogaloo\TempestBoards\MK2\SBH_Charger\SBH_Charger_USB_PD.SchDoc with CAPACITOR_0.00033uF_0603 from Capacitors.SchLib
Replace Part C11 CAPACITOR_0.00033uF_0603 in C:\Users\Main\Documents\GitHub\electric_boogaloo\TempestBoards\MK2\SBH_Charger\SBH_Charger_USB_PD.SchDoc with CAPACITOR_0.00033uF_0603 from Capacitors.SchLib
Replace Part C12 CAP ALUM 10UF 20% 63V SMD in C:\Users\Main\Documents\GitHub\electric_boogaloo\TempestBoards\MK2\SBH_Charger\SBH_Charger_USB_PD.SchDoc with CAP ALUM 10UF 20% 63V SMD from Capacitors.SchLib
Replace Part C13 CAP ALUM 22UF 20% 35V SMD in C:\Users\Main\Documents\GitHub\electric_boogaloo\TempestBoards\MK2\SBH_Charger\SBH_Charger_USB_PD.SchDoc with CAP ALUM 22UF 20% 35V SMD from Capacitors.SchLib
Replace Part C14 CAP ALUM 22UF 20% 35V SMD in C:\Users\Main\Documents\GitHub\electric_boogaloo\TempestBoards\MK2\SBH_Charger\SBH_Charger_USB_PD.SchDoc with CAP ALUM 22UF 20% 35V SMD from Capacitors.SchLib
Replace Part C15 CAPACITOR_10uF_0603 in C:\Users\Main\Documents\GitHub\electric_boogaloo\TempestBoards\MK2\SBH_Charger\SBH_Charger_USB_PD.SchDoc with CAPACITOR_10uF_0603 from Capacitors.SchLib
Replace Part C16 CAPACITOR_10uF_0603 in C:\Users\Main\Documents\GitHub\electric_boogaloo\TempestBoards\MK2\SBH_Charger\SBH_Charger_USB_PD.SchDoc with CAPACITOR_10uF_0603 from Capacitors.SchLib
Replace Part C17 CAPACITOR_10uF_0603 in C:\Users\Main\Documents\GitHub\electric_boogaloo\TempestBoards\MK2\SBH_Charger\SBH_Charger_USB_PD.SchDoc with CAPACITOR_10uF_0603 from Capacitors.SchLib
Replace Part R4 RESISTOR_2.2K_0402_1 in C:\Users\Main\Documents\GitHub\electric_boogaloo\TempestBoards\MK2\SBH_Charger\SBH_Charger_USB_PD.SchDoc with RESISTOR_2.2K_0402_1 from Resistors.SchLib
Replace Part R5 RESISTOR_2.2K_0402_1 in C:\Users\Main\Documents\GitHub\electric_boogaloo\TempestBoards\MK2\SBH_Charger\SBH_Charger_USB_PD.SchDoc with RESISTOR_2.2K_0402_1 from Resistors.SchLib
Replace Part R6 RESISTOR_10K_0402 in C:\Users\Main\Documents\GitHub\electric_boogaloo\TempestBoards\MK2\SBH_Charger\SBH_Charger_USB_PD.SchDoc with RESISTOR_10K_0402 from Resistors.SchLib
Replace Part U8 TPS25750DRJKR in C:\Users\Main\Documents\GitHub\electric_boogaloo\TempestBoards\MK2\SBH_Charger\SBH_Charger_USB_PD.SchDoc with TPS25750DRJKR from Integrated Circuits.SchLib
