Added Component: Designator=U10(38-WQFN (4x6))
Add component (AddParameter): Name = "Copyright"; Value = "Copyright (C) 2023 Ultra Librarian. All rights reserved."; VariantName = "[No Variations]"
Add component (AddParameter): Name = "Made By"; Value = "Andrew Lin"; VariantName = "[No Variations]"
Add component (AddParameter): Name = "Manufacturer_Part_Number"; Value = "TPS25750DRJKR"; VariantName = "[No Variations]"
Add component (AddParameter): Name = "Mfr_Name"; Value = "Texas Instruments"; VariantName = "[No Variations]"
Add component (AddParameter): Name = "RefDes"; Value = "RefDes"; VariantName = "[No Variations]"
Add component (AddParameter): Name = "Type"; Value = "DEV"; VariantName = "[No Variations]"
Added Pin To Net: NetName=LDO_3V3 Pin=U10-1
Added Pin To Net: NetName=LDO_3V3 Pin=U10-2
Added Pin To Net: NetName=LDO_3V3 Pin=U10-3
Added Pin To Net: NetName=LDO_1V5 Pin=U10-4
Added Pin To Net: NetName=GND Pin=U10-5
Added Pin To Net: NetName=GND Pin=U10-6
Added Pin To Net: NetName=GND Pin=U10-7
Added Pin To Net: NetName=SDA Pin=U10-8
Added Pin To Net: NetName=SCL Pin=U10-9
Added Pin To Net: NetName=NetR30_1 Pin=U10-10
Added Pin To Net: NetName=GND Pin=U10-11
Added Pin To Net: NetName=GND Pin=U10-12
Added Pin To Net: NetName=GND Pin=U10-13
Added Pin To Net: NetName=GND Pin=U10-14
Added Pin To Net: NetName=GND Pin=U10-16
Added Pin To Net: NetName=GND Pin=U10-17
Added Pin To Net: NetName=GND Pin=U10-18
Added Pin To Net: NetName=GND Pin=U10-19
Added Pin To Net: NetName=PPHV Pin=U10-20
Added Pin To Net: NetName=PPHV Pin=U10-21
Added Pin To Net: NetName=PPHV Pin=U10-22
Added Pin To Net: NetName=VBUSIN Pin=U10-23
Added Pin To Net: NetName=VBUSIN Pin=U10-24
Added Pin To Net: NetName=VBUSIN Pin=U10-25
Added Pin To Net: NetName=D_P Pin=U10-26
Added Pin To Net: NetName=D_N Pin=U10-27
Added Pin To Net: NetName=CC1 Pin=U10-28
Added Pin To Net: NetName=CC2 Pin=U10-29
Added Pin To Net: NetName=GND Pin=U10-31
Added Pin To Net: NetName=VBUSIN Pin=U10-32
Added Pin To Net: NetName=VBUSIN Pin=U10-33
Added Pin To Net: NetName=5V Pin=U10-34
Added Pin To Net: NetName=5V Pin=U10-35
Added Pin To Net: NetName=GND Pin=U10-36
Added Pin To Net: NetName=GND Pin=U10-37
Added Pin To Net: NetName=3V3 Pin=U10-38
Added Pin To Net: NetName=GND Pin=U10-39
Add Class: Class already exists: Designator
Added Member To Class: ClassName=Designator Member=Component U10 TPS25750DRJKR
Added Room: Name=SBH_Charger_Connectors
