Update Managed Component C? From CMP-2000-06048-2[10uF] To CMP-2000-06048-2[C3216X7R1V106M160AC] in SBH_Charger_Main.SchDoc
Update Managed Component C? From CMP-2000-06048-2[10uF] To CMP-2000-06048-2[C3216X7R1V106M160AC] in SBH_Charger_Main.SchDoc
Replace Part C? CAPACITOR_0.022uF_0402 in C:\Users\Andrew\Documents\GitHub\electric_boogaloo\TempestBoards\MK2\SBH_Charger\SBH_Charger_Main.SchDoc with CAPACITOR_0.022uF_0402 from Capacitors.SchLib
Update Managed Component C? From CMP-2000-06048-2[10uF] To CMP-2000-06048-2[C3216X7R1V106M160AC] in SBH_Charger_Main.SchDoc
Update Managed Component C? From CMP-2000-06048-2[10uF] To CMP-2000-06048-2[C3216X7R1V106M160AC] in SBH_Charger_Main.SchDoc
Update Managed Component C? From CMP-2000-07531-4[1uF] To CMP-2000-07531-4[UMK107AB7105KA-T] in SBH_Charger_Main.SchDoc
Update Managed Component C? From CMP-2000-06048-2[10uF] To CMP-2000-06048-2[C3216X7R1V106M160AC] in SBH_Charger_Main.SchDoc
Update Managed Component C? From CMP-2000-06048-2[10uF] To CMP-2000-06048-2[C3216X7R1V106M160AC] in SBH_Charger_Main.SchDoc
Replace Part C? CAPACITOR_0.022uF_0402 in C:\Users\Andrew\Documents\GitHub\electric_boogaloo\TempestBoards\MK2\SBH_Charger\SBH_Charger_Main.SchDoc with CAPACITOR_0.022uF_0402 from Capacitors.SchLib
Update Managed Component C? From CMP-2000-06048-2[10uF] To CMP-2000-06048-2[C3216X7R1V106M160AC] in SBH_Charger_Main.SchDoc
Update Managed Component C? From CMP-2000-06048-2[10uF] To CMP-2000-06048-2[C3216X7R1V106M160AC] in SBH_Charger_Main.SchDoc
Update Managed Component C? From CMP-2000-06048-2[10uF] To CMP-2000-06048-2[C3216X7R1V106M160AC] in SBH_Charger_Main.SchDoc
Update Managed Component C? From CMP-2000-06048-2[10uF] To CMP-2000-06048-2[C3216X7R1V106M160AC] in SBH_Charger_Main.SchDoc
Update Managed Component C? From CMP-2000-06048-2[10uF] To CMP-2000-06048-2[C3216X7R1V106M160AC] in SBH_Charger_Main.SchDoc
Update Managed Component C? From CMP-2000-06048-2[10uF] To CMP-2000-06048-2[C3216X7R1V106M160AC] in SBH_Charger_Main.SchDoc
Update Managed Component C? From CMP-2000-06048-2[10uF] To CMP-2000-06048-2[C3216X7R1V106M160AC] in SBH_Charger_Main.SchDoc
Update Managed Component C? From CMP-2000-06048-2[10uF] To CMP-2000-06048-2[C3216X7R1V106M160AC] in SBH_Charger_Main.SchDoc
Update Managed Component C? From CMP-2000-07531-4[1uF] To CMP-2000-07531-4[UMK107AB7105KA-T] in SBH_Charger_Main.SchDoc
Replace Part C? CAPACITOR_2.2uF_0402 in C:\Users\Andrew\Documents\GitHub\electric_boogaloo\TempestBoards\MK2\SBH_Charger\SBH_Charger_Main.SchDoc with CAPACITOR_2.2uF_0402 from Capacitors.SchLib
Update Managed Component C? From CMP-2000-06048-2[10uF] To CMP-2000-06048-2[C3216X7R1V106M160AC] in SBH_Charger_Main.SchDoc
Replace Part C? CAP ALUM 10UF 20% 63V SMD in C:\Users\Andrew\Documents\GitHub\electric_boogaloo\TempestBoards\MK2\SBH_Charger\SBH_Charger_Main.SchDoc with CAP ALUM 10UF 20% 63V SMD from Capacitors.SchLib
Replace Part C? CAP ALUM 22UF 20% 35V SMD in C:\Users\Andrew\Documents\GitHub\electric_boogaloo\TempestBoards\MK2\SBH_Charger\SBH_Charger_Main.SchDoc with CAP ALUM 22UF 20% 35V SMD from Capacitors.SchLib
Replace Part C? CAPACITOR_0.1uF_0603 in C:\Users\Andrew\Documents\GitHub\electric_boogaloo\TempestBoards\MK2\SBH_Charger\SBH_Charger_Main.SchDoc with CAPACITOR_0.1uF_0603 from Capacitors.SchLib
Replace Part C? CAPACITOR_0.0001uF_0603 in C:\Users\Andrew\Documents\GitHub\electric_boogaloo\TempestBoards\MK2\SBH_Charger\SBH_Charger_Main.SchDoc with CAPACITOR_0.0001uF_0603 from Capacitors.SchLib
Replace Part C? CAPACITOR_0.0012uF_0402 in C:\Users\Andrew\Documents\GitHub\electric_boogaloo\TempestBoards\MK2\SBH_Charger\SBH_Charger_Main.SchDoc with CAPACITOR_0.0012uF_0402 from Capacitors.SchLib
Replace Part C? CAPACITOR_0.000015uF_0402 in C:\Users\Andrew\Documents\GitHub\electric_boogaloo\TempestBoards\MK2\SBH_Charger\SBH_Charger_Main.SchDoc with CAPACITOR_0.000015uF_0402 from Capacitors.SchLib
Replace Part C? CAPACITOR_0.0001uF_0603 in C:\Users\Andrew\Documents\GitHub\electric_boogaloo\TempestBoards\MK2\SBH_Charger\SBH_Charger_Main.SchDoc with CAPACITOR_0.0001uF_0603 from Capacitors.SchLib
Replace Part C? CAPACITOR_10uF_1206 in C:\Users\Andrew\Documents\GitHub\electric_boogaloo\TempestBoards\MK2\SBH_Charger\SBH_Charger_Main.SchDoc with CAPACITOR_10uF_1206 from Capacitors.SchLib
Replace Part C? CAPACITOR_0.022uF_0402 in C:\Users\Andrew\Documents\GitHub\electric_boogaloo\TempestBoards\MK2\SBH_Charger\SBH_Charger_Main.SchDoc with CAPACITOR_0.022uF_0402 from Capacitors.SchLib
Replace Part C? CAPACITOR_22uF_0805 in C:\Users\Andrew\Documents\GitHub\electric_boogaloo\TempestBoards\MK2\SBH_Charger\SBH_Charger_Main.SchDoc with CAPACITOR_22uF_0805 from Capacitors.SchLib
Replace Part C? CAPACITOR_22uF_0805 in C:\Users\Andrew\Documents\GitHub\electric_boogaloo\TempestBoards\MK2\SBH_Charger\SBH_Charger_Main.SchDoc with CAPACITOR_22uF_0805 from Capacitors.SchLib
Replace Part C? CAPACITOR_2.2uF_0402 in C:\Users\Andrew\Documents\GitHub\electric_boogaloo\TempestBoards\MK2\SBH_Charger\SBH_Charger_Main.SchDoc with CAPACITOR_2.2uF_0402 from Capacitors.SchLib
Replace Part C? CAPACITOR_1uF_0603 in C:\Users\Andrew\Documents\GitHub\electric_boogaloo\TempestBoards\MK2\SBH_Charger\SBH_Charger_Main.SchDoc with CAPACITOR_1uF_0603 from Capacitors.SchLib
Update Managed Component C? From CMP-2006-02927-1[47nF] To CMP-2006-02927-1[GRM188R71H473KA61D] in SBH_Charger_Main.SchDoc
Update Managed Component C? From CMP-2006-02927-1[47nF] To CMP-2006-02927-1[GRM188R71H473KA61D] in SBH_Charger_Main.SchDoc
Replace Part C? CAPACITOR_1uF_0603 in C:\Users\Andrew\Documents\GitHub\electric_boogaloo\TempestBoards\MK2\SBH_Charger\SBH_Charger_Main.SchDoc with CAPACITOR_1uF_0603 from Capacitors.SchLib
Replace Part C? CAPACITOR_0.1uF_0603_1 in C:\Users\Andrew\Documents\GitHub\electric_boogaloo\TempestBoards\MK2\SBH_Charger\SBH_Charger_Main.SchDoc with CAPACITOR_0.1uF_0603_1 from Capacitors.SchLib
Replace Part C? CAPACITOR_10uF_1206 in C:\Users\Andrew\Documents\GitHub\electric_boogaloo\TempestBoards\MK2\SBH_Charger\SBH_Charger_Main.SchDoc with CAPACITOR_10uF_1206 from Capacitors.SchLib
Replace Part C? CAPACITOR_10uF_1206 in C:\Users\Andrew\Documents\GitHub\electric_boogaloo\TempestBoards\MK2\SBH_Charger\SBH_Charger_Main.SchDoc with CAPACITOR_10uF_1206 from Capacitors.SchLib
Update Managed Component C? From CMP-04424-000506-1[22uF] To CMP-04424-000506-1[TAJD226K035RNJ] in SBH_Charger_Main.SchDoc
Update Managed Component C? From CMP-04424-000506-1[22uF] To CMP-04424-000506-1[TAJD226K035RNJ] in SBH_Charger_Main.SchDoc
Replace Part C? CAPACITOR_0.000033uF_0402 in C:\Users\Andrew\Documents\GitHub\electric_boogaloo\TempestBoards\MK2\SBH_Charger\SBH_Charger_Main.SchDoc with CAPACITOR_0.000033uF_0402 from Capacitors.SchLib
Replace Part C? CAPACITOR_0.0033uF_0402 in C:\Users\Andrew\Documents\GitHub\electric_boogaloo\TempestBoards\MK2\SBH_Charger\SBH_Charger_Main.SchDoc with CAPACITOR_0.0033uF_0402 from Capacitors.SchLib
Update Managed Component C? From CMP-2100-03592-2[10nF] To CMP-2100-03592-2[CC0402KRX7R9BB103] in SBH_Charger_Main.SchDoc
Update Managed Component C? From CMP-2008-03295-2[1nF] To CMP-2008-03295-2[C0402C102J5GACTU] in SBH_Charger_Main.SchDoc
Replace Part CR? TVS_Diode_25.5V_16.1A in C:\Users\Andrew\Documents\GitHub\electric_boogaloo\TempestBoards\MK2\SBH_Charger\SBH_Charger_Main.SchDoc with TVS_Diode_25.5V_16.1A from Diodes.SchLib
Replace Part D? Zener_Diode_36V_500mW in C:\Users\Andrew\Documents\GitHub\electric_boogaloo\TempestBoards\MK2\SBH_Charger\SBH_Charger_Main.SchDoc with Zener_Diode_36V_500mW from Diodes.SchLib
Replace Part L? SPEAKER_SP_1609S in C:\Users\Andrew\Documents\GitHub\electric_boogaloo\TempestBoards\MK2\SBH_Charger\SBH_Charger_Main.SchDoc with SPEAKER_SP_1609S from Inductors.SchLib
Replace Part L? INDUCTOR_3.3uH_SRP1770TA_3R3M in C:\Users\Andrew\Documents\GitHub\electric_boogaloo\TempestBoards\MK2\SBH_Charger\SBH_Charger_Main.SchDoc with INDUCTOR_3.3uH_SRP1770TA_3R3M from Inductors.SchLib
Replace Part L? INDUCTOR_4.7uH_SLF7045T in C:\Users\Andrew\Documents\GitHub\electric_boogaloo\TempestBoards\MK2\SBH_Charger\SBH_Charger_Main.SchDoc with INDUCTOR_4.7uH_SLF7045T from Inductors.SchLib
Replace Part Q? DMP3056L-7 in C:\Users\Andrew\Documents\GitHub\electric_boogaloo\TempestBoards\MK2\SBH_Charger\SBH_Charger_Main.SchDoc with DMP3056L-7 from Transistors.SchLib
Replace Part R? RESISTOR_16.9K_0402 in C:\Users\Andrew\Documents\GitHub\electric_boogaloo\TempestBoards\MK2\SBH_Charger\SBH_Charger_Main.SchDoc with RESISTOR_16.9K_0402 from Resistors.SchLib
Replace Part R? RESISTOR_169K_1%_0603 in C:\Users\Andrew\Documents\GitHub\electric_boogaloo\TempestBoards\MK2\SBH_Charger\SBH_Charger_Main.SchDoc with RESISTOR_169K_1%_0603 from Resistors.SchLib
Replace Part R? RESISTOR_15K_0603 in C:\Users\Andrew\Documents\GitHub\electric_boogaloo\TempestBoards\MK2\SBH_Charger\SBH_Charger_Main.SchDoc with RESISTOR_15K_0603 from Resistors.SchLib
Replace Part R? RESISTOR_10K_0603 in C:\Users\Andrew\Documents\GitHub\electric_boogaloo\TempestBoards\MK2\SBH_Charger\SBH_Charger_Main.SchDoc with RESISTOR_10K_0603 from Resistors.SchLib
Replace Part R? RESISTOR_1K_0603 in C:\Users\Andrew\Documents\GitHub\electric_boogaloo\TempestBoards\MK2\SBH_Charger\SBH_Charger_Main.SchDoc with RESISTOR_1K_0603 from Resistors.SchLib
Replace Part R? RESISTOR_100K_0603 in C:\Users\Andrew\Documents\GitHub\electric_boogaloo\TempestBoards\MK2\SBH_Charger\SBH_Charger_Main.SchDoc with RESISTOR_100K_0603 from Resistors.SchLib
Replace Part R? PWR163S-25-10R0JE in C:\Users\Andrew\Documents\GitHub\electric_boogaloo\TempestBoards\MK2\SBH_Charger\SBH_Charger_Main.SchDoc with PWR163S-25-10R0JE from Resistors.SchLib
Replace Part R? PWR163S-25-10R0JE in C:\Users\Andrew\Documents\GitHub\electric_boogaloo\TempestBoards\MK2\SBH_Charger\SBH_Charger_Main.SchDoc with PWR163S-25-10R0JE from Resistors.SchLib
Replace Part R? RESISTOR_10K_0603 in C:\Users\Andrew\Documents\GitHub\electric_boogaloo\TempestBoards\MK2\SBH_Charger\SBH_Charger_Main.SchDoc with RESISTOR_10K_0603 from Resistors.SchLib
Replace Part R? RESISTOR_10K_0603 in C:\Users\Andrew\Documents\GitHub\electric_boogaloo\TempestBoards\MK2\SBH_Charger\SBH_Charger_Main.SchDoc with RESISTOR_10K_0603 from Resistors.SchLib
Replace Part R? RESISTOR_100K_0603 in C:\Users\Andrew\Documents\GitHub\electric_boogaloo\TempestBoards\MK2\SBH_Charger\SBH_Charger_Main.SchDoc with RESISTOR_100K_0603 from Resistors.SchLib
Replace Part R? RESISTOR_10K_0603 in C:\Users\Andrew\Documents\GitHub\electric_boogaloo\TempestBoards\MK2\SBH_Charger\SBH_Charger_Main.SchDoc with RESISTOR_10K_0603 from Resistors.SchLib
Replace Part R? RESISTOR_100K_0603 in C:\Users\Andrew\Documents\GitHub\electric_boogaloo\TempestBoards\MK2\SBH_Charger\SBH_Charger_Main.SchDoc with RESISTOR_100K_0603 from Resistors.SchLib
Replace Part R? RESISTOR_33K_0805 in C:\Users\Andrew\Documents\GitHub\electric_boogaloo\TempestBoards\MK2\SBH_Charger\SBH_Charger_Main.SchDoc with RESISTOR_33K_0805 from Resistors.SchLib
Replace Part R? RESISTOR_27_0603 in C:\Users\Andrew\Documents\GitHub\electric_boogaloo\TempestBoards\MK2\SBH_Charger\SBH_Charger_Main.SchDoc with RESISTOR_27_0603 from Resistors.SchLib
Replace Part R? RESISTOR_470K_0603 in C:\Users\Andrew\Documents\GitHub\electric_boogaloo\TempestBoards\MK2\SBH_Charger\SBH_Charger_Main.SchDoc with RESISTOR_470K_0603 from Resistors.SchLib
Replace Part R? RESISTOR_270K_1%_0603 in C:\Users\Andrew\Documents\GitHub\electric_boogaloo\TempestBoards\MK2\SBH_Charger\SBH_Charger_Main.SchDoc with RESISTOR_270K_1%_0603 from Resistors.SchLib
Update Managed Component R? From CMP-2002-03046-1[10 Ohm] To CMP-2002-03046-1[CRCW040210R0FKEDHP] in SBH_Charger_Main.SchDoc
Replace Part R? RESISTOR_5m_1%_1206 in C:\Users\Andrew\Documents\GitHub\electric_boogaloo\TempestBoards\MK2\SBH_Charger\SBH_Charger_Main.SchDoc with RESISTOR_5m_1%_1206 from Resistors.SchLib
Replace Part R? RESISTOR_5m_1%_1206 in C:\Users\Andrew\Documents\GitHub\electric_boogaloo\TempestBoards\MK2\SBH_Charger\SBH_Charger_Main.SchDoc with RESISTOR_5m_1%_1206 from Resistors.SchLib
Replace Part R? RESISTOR_27_0603 in C:\Users\Andrew\Documents\GitHub\electric_boogaloo\TempestBoards\MK2\SBH_Charger\SBH_Charger_Main.SchDoc with RESISTOR_27_0603 from Resistors.SchLib
Update Managed Component R? From CMP-2002-08486-1[2Ω] To CMP-2002-08486-1[CRCW04022R00FKED] in SBH_Charger_Main.SchDoc
Update Managed Component R? From CMP-2002-08342-1[1Ω] To CMP-2002-08342-1[CRCW04021R00FKED] in SBH_Charger_Main.SchDoc
Replace Part R? RESISTOR_4.7_0603 in C:\Users\Andrew\Documents\GitHub\electric_boogaloo\TempestBoards\MK2\SBH_Charger\SBH_Charger_Main.SchDoc with RESISTOR_4.7_0603 from Resistors.SchLib
Replace Part R? RESISTOR_4.7_0603 in C:\Users\Andrew\Documents\GitHub\electric_boogaloo\TempestBoards\MK2\SBH_Charger\SBH_Charger_Main.SchDoc with RESISTOR_4.7_0603 from Resistors.SchLib
Update Managed Component R? From CMP-2000-03206-1[2.2Ω] To CMP-2000-03206-1[CRCW06032R20FKEA] in SBH_Charger_Main.SchDoc
Replace Part U? MAX98357AETE+T in C:\Users\Andrew\Documents\GitHub\electric_boogaloo\TempestBoards\MK2\SBH_Charger\SBH_Charger_Main.SchDoc with MAX98357AETE+T from Integrated Circuits.SchLib
Replace Part U? CMP-1109-00085-1 in C:\Users\Andrew\Documents\GitHub\electric_boogaloo\TempestBoards\MK2\SBH_Charger\SBH_Charger_Main.SchDoc with CMP-1109-00085-1 from Integrated Circuits.SchLib
Replace Part U? TS30041-M050QFNR in C:\Users\Andrew\Documents\GitHub\electric_boogaloo\TempestBoards\MK2\SBH_Charger\SBH_Charger_Main.SchDoc with TS30041-M050QFNR from Integrated Circuits.SchLib
Replace Part U? LTC4412ES6TRPBF in C:\Users\Andrew\Documents\GitHub\electric_boogaloo\TempestBoards\MK2\SBH_Charger\SBH_Charger_Main.SchDoc with LTC4412ES6TRPBF from Integrated Circuits.SchLib
Replace Part U? G30N03D3 in C:\Users\Andrew\Documents\GitHub\electric_boogaloo\TempestBoards\MK2\SBH_Charger\SBH_Charger_Main.SchDoc with G30N03D3 from Transistors.SchLib
Replace Part U? G30N03D3 in C:\Users\Andrew\Documents\GitHub\electric_boogaloo\TempestBoards\MK2\SBH_Charger\SBH_Charger_Main.SchDoc with G30N03D3 from Transistors.SchLib
Replace Part U? BQ25731RSNR in C:\Users\Andrew\Documents\GitHub\electric_boogaloo\TempestBoards\MK2\SBH_Charger\SBH_Charger_Main.SchDoc with BQ25731RSNR from Integrated Circuits.SchLib
Replace Part U? G30N03D3 in C:\Users\Andrew\Documents\GitHub\electric_boogaloo\TempestBoards\MK2\SBH_Charger\SBH_Charger_Main.SchDoc with G30N03D3 from Transistors.SchLib
Replace Part U? G30N03D3 in C:\Users\Andrew\Documents\GitHub\electric_boogaloo\TempestBoards\MK2\SBH_Charger\SBH_Charger_Main.SchDoc with G30N03D3 from Transistors.SchLib
