Removed Pin From Net: NetName=PIN Pin=J4-1
Removed Pin From Net: NetName=GND Pin=J4-2
Removed Pin From Net: NetName=GND Pin=J4-3
Removed Pin From Net: NetName=PIN Pin=J4-S_1_H1
Removed Pin From Net: NetName=PIN Pin=J4-S_1_H2
Removed Pin From Net: NetName=GND Pin=J4-S_2_H1
Removed Pin From Net: NetName=GND Pin=J4-S_2_H2
Removed Pin From Net: NetName=GND Pin=J4-S_3_H1
Removed Pin From Net: NetName=GND Pin=J4-S_3_H2
Removed Pin From Net: NetName=GND Pin=U10-41
Removed Pin From Net: NetName=GND Pin=U10-42
Removed Pin From Net: NetName=GND Pin=U10-43
Removed Pin From Net: NetName=GND Pin=U10-46
Removed Pin From Net: NetName=GND Pin=U10-47
Removed Pin From Net: NetName=GND Pin=U10-48
Removed Pin From Net: NetName=GND Pin=U10-49
Removed Pin From Net: NetName=GND Pin=U10-51
Removed Pin From Net: NetName=GND Pin=U10-52
Removed Pin From Net: NetName=GND Pin=U10-53
Removed Pin From Net: NetName=GND Pin=U10-54
Removed Pin From Net: NetName=GND Pin=U10-55
Removed Pin From Net: NetName=GND Pin=U10-56
Removed Pin From Net: NetName=GND Pin=U10-	
Change Component Footprint: Designator=J4 Old Footprint=CONN3_54-00166_TEN New Footprint=TENSILITY_54-00166
Change component parameters: Designator = "J4" ("J4"); Footprint = "CONN3_54-00166_TEN"; UniqueID = "\AWVMWZHO" ("\AWVMWZHO")
Change component parameters (AddParameter): Name = "Availability"; Value = "In Stock"; VariantName = "[No Variations]"
Change component parameters (AddParameter): Name = "Check_prices"; Value = "https://www.snapeda.com/parts/54-00166/Tensility+International+Corp/view-part/?ref=eda"; VariantName = "[No Variations]"
Change component parameters (AddParameter): Name = "MF"; Value = "Tensility International Corp"; VariantName = "[No Variations]"
Change component parameters (AddParameter): Name = "MP"; Value = "54-00166"; VariantName = "[No Variations]"
Change component parameters (AddParameter): Name = "Package"; Value = "None"; VariantName = "[No Variations]"
Change component parameters (AddParameter): Name = "Price"; Value = "None"; VariantName = "[No Variations]"
Change component parameters (AddParameter): Name = "Purchase-URL"; Value = "https://pricing.snapeda.com/search?q=54-00166&ref=eda"; VariantName = "[No Variations]"
Change component parameters (AddParameter): Name = "SnapEDA_Link"; Value = "https://www.snapeda.com/parts/54-00166/Tensility+International+Corp/view-part/?ref=snap"; VariantName = "[No Variations]"
Change component parameters (AddParameter): Name = "Supplier 1"; Value = "Digi-Key"; VariantName = "[No Variations]"
Change component parameters (AddParameter): Name = "Supplier Part Number 1"; Value = "839-54-00166-ND"; VariantName = "[No Variations]"
Change component parameters (AddParameter): Name = "Value"; Value = ""; VariantName = "[No Variations]"
Added Pin To Net: NetName=PIN Pin=J4-A
Added Pin To Net: NetName=GND Pin=J4-B
Added Pin To Net: NetName=GND Pin=J4-C
Add Class: Class already exists: Designator
Added Room: Name=SBH_Charger_Connectors
