Update Managed Component C1 From CMP-2100-03592-2[10nF] To CMP-2100-03592-2[CC0402KRX7R9BB103] in SBH_Charger_Main.SchDoc
Update Managed Component C2 From CMP-04424-000506-1[22uF] To CMP-04424-000506-1[TAJD226K035RNJ] in SBH_Charger_Main.SchDoc
Update Managed Component C3 From CMP-04424-000506-1[22uF] To CMP-04424-000506-1[TAJD226K035RNJ] in SBH_Charger_Main.SchDoc
Update Managed Component C4 From CMP-2000-07531-4[1uF] To CMP-2000-07531-4[UMK107AB7105KA-T] in SBH_Charger_Main.SchDoc
Update Managed Component C5 From CMP-2008-03295-2[1nF] To CMP-2008-03295-2[C0402C102J5GACTU] in SBH_Charger_Main.SchDoc
Replace Part C6 CAPACITOR_2.2uF_0402 in C:\Users\Main\Documents\GitHub\electric_boogaloo\TempestBoards\MK2\SBH_Charger\SBH_Charger_Main.SchDoc with CAPACITOR_2.2uF_0402 from Capacitors.SchLib
Update Managed Component C7 From CMP-2000-06048-2[10uF] To CMP-2000-06048-2[C3216X7R1V106M160AC] in SBH_Charger_Main.SchDoc
Replace Part C8 CAPACITOR_10uF_1206 in C:\Users\Main\Documents\GitHub\electric_boogaloo\TempestBoards\MK2\SBH_Charger\SBH_Charger_Main.SchDoc with CAPACITOR_10uF_1206 from Capacitors.SchLib
Replace Part C9 CAPACITOR_10uF_1206 in C:\Users\Main\Documents\GitHub\electric_boogaloo\TempestBoards\MK2\SBH_Charger\SBH_Charger_Main.SchDoc with CAPACITOR_10uF_1206 from Capacitors.SchLib
Update Managed Component C10 From CMP-2006-02927-1[47nF] To CMP-2006-02927-1[GRM188R71H473KA61D] in SBH_Charger_Main.SchDoc
Update Managed Component C11 From CMP-2006-02927-1[47nF] To CMP-2006-02927-1[GRM188R71H473KA61D] in SBH_Charger_Main.SchDoc
Update Managed Component C12 From CMP-2000-06048-2[10uF] To CMP-2000-06048-2[C3216X7R1V106M160AC] in SBH_Charger_Main.SchDoc
Update Managed Component C13 From CMP-2000-06048-2[10uF] To CMP-2000-06048-2[C3216X7R1V106M160AC] in SBH_Charger_Main.SchDoc
Update Managed Component C14 From CMP-2000-06048-2[10uF] To CMP-2000-06048-2[C3216X7R1V106M160AC] in SBH_Charger_Main.SchDoc
Update Managed Component C15 From CMP-2000-06048-2[10uF] To CMP-2000-06048-2[C3216X7R1V106M160AC] in SBH_Charger_Main.SchDoc
Update Managed Component C16 From CMP-2000-06048-2[10uF] To CMP-2000-06048-2[C3216X7R1V106M160AC] in SBH_Charger_Main.SchDoc
Update Managed Component C17 From CMP-2000-06048-2[10uF] To CMP-2000-06048-2[C3216X7R1V106M160AC] in SBH_Charger_Main.SchDoc
Update Managed Component C18 From CMP-2000-06048-2[10uF] To CMP-2000-06048-2[C3216X7R1V106M160AC] in SBH_Charger_Main.SchDoc
Update Managed Component C19 From CMP-2000-06048-2[10uF] To CMP-2000-06048-2[C3216X7R1V106M160AC] in SBH_Charger_Main.SchDoc
Update Managed Component C20 From CMP-2000-06048-2[10uF] To CMP-2000-06048-2[C3216X7R1V106M160AC] in SBH_Charger_Main.SchDoc
Update Managed Component C21 From CMP-2000-06048-2[10uF] To CMP-2000-06048-2[C3216X7R1V106M160AC] in SBH_Charger_Main.SchDoc
Update Managed Component C22 From CMP-2000-06048-2[10uF] To CMP-2000-06048-2[C3216X7R1V106M160AC] in SBH_Charger_Main.SchDoc
Update Managed Component C23 From CMP-2000-06048-2[10uF] To CMP-2000-06048-2[C3216X7R1V106M160AC] in SBH_Charger_Main.SchDoc
Update Managed Component C24 From CMP-2000-06048-2[10uF] To CMP-2000-06048-2[C3216X7R1V106M160AC] in SBH_Charger_Main.SchDoc
Update Managed Component C25 From CMP-2000-06048-2[10uF] To CMP-2000-06048-2[C3216X7R1V106M160AC] in SBH_Charger_Main.SchDoc
Replace Part C26 CAPACITOR_0.1uF_0603_1 in C:\Users\Main\Documents\GitHub\electric_boogaloo\TempestBoards\MK2\SBH_Charger\SBH_Charger_Main.SchDoc with CAPACITOR_0.1uF_0603_1 from Capacitors.SchLib
Update Managed Component C27 From CMP-2000-07531-4[1uF] To CMP-2000-07531-4[UMK107AB7105KA-T] in SBH_Charger_Main.SchDoc
Replace Part C28 CAPACITOR_0.022uF_0402 in C:\Users\Main\Documents\GitHub\electric_boogaloo\TempestBoards\MK2\SBH_Charger\SBH_Charger_Main.SchDoc with CAPACITOR_0.022uF_0402 from Capacitors.SchLib
Replace Part C29 CAPACITOR_0.022uF_0402 in C:\Users\Main\Documents\GitHub\electric_boogaloo\TempestBoards\MK2\SBH_Charger\SBH_Charger_Main.SchDoc with CAPACITOR_0.022uF_0402 from Capacitors.SchLib
Replace Part C30 CAPACITOR_1uF_0603 in C:\Users\Main\Documents\GitHub\electric_boogaloo\TempestBoards\MK2\SBH_Charger\SBH_Charger_Main.SchDoc with CAPACITOR_1uF_0603 from Capacitors.SchLib
Replace Part C31 CAPACITOR_1uF_0603 in C:\Users\Main\Documents\GitHub\electric_boogaloo\TempestBoards\MK2\SBH_Charger\SBH_Charger_Main.SchDoc with CAPACITOR_1uF_0603 from Capacitors.SchLib
Replace Part C32 CAPACITOR_0.1uF_0603 in C:\Users\Main\Documents\GitHub\electric_boogaloo\TempestBoards\MK2\SBH_Charger\SBH_Charger_Main.SchDoc with CAPACITOR_0.1uF_0603 from Capacitors.SchLib
Replace Part C33 CAP ALUM 22UF 20% 35V SMD in C:\Users\Main\Documents\GitHub\electric_boogaloo\TempestBoards\MK2\SBH_Charger\SBH_Charger_Main.SchDoc with CAP ALUM 22UF 20% 35V SMD from Capacitors.SchLib
Replace Part C34 CAPACITOR_0.000015uF_0402 in C:\Users\Main\Documents\GitHub\electric_boogaloo\TempestBoards\MK2\SBH_Charger\SBH_Charger_Main.SchDoc with CAPACITOR_0.000015uF_0402 from Capacitors.SchLib
Replace Part C35 CAP ALUM 10UF 20% 63V SMD in C:\Users\Main\Documents\GitHub\electric_boogaloo\TempestBoards\MK2\SBH_Charger\SBH_Charger_Main.SchDoc with CAP ALUM 10UF 20% 63V SMD from Capacitors.SchLib
Replace Part C36 CAPACITOR_0.0012uF_0402 in C:\Users\Main\Documents\GitHub\electric_boogaloo\TempestBoards\MK2\SBH_Charger\SBH_Charger_Main.SchDoc with CAPACITOR_0.0012uF_0402 from Capacitors.SchLib
Replace Part C37 CAPACITOR_0.0033uF_0402 in C:\Users\Main\Documents\GitHub\electric_boogaloo\TempestBoards\MK2\SBH_Charger\SBH_Charger_Main.SchDoc with CAPACITOR_0.0033uF_0402 from Capacitors.SchLib
Replace Part C38 CAPACITOR_0.000033uF_0402 in C:\Users\Main\Documents\GitHub\electric_boogaloo\TempestBoards\MK2\SBH_Charger\SBH_Charger_Main.SchDoc with CAPACITOR_0.000033uF_0402 from Capacitors.SchLib
Replace Part C39 CAPACITOR_2.2uF_0402 in C:\Users\Main\Documents\GitHub\electric_boogaloo\TempestBoards\MK2\SBH_Charger\SBH_Charger_Main.SchDoc with CAPACITOR_2.2uF_0402 from Capacitors.SchLib
Replace Part C40 CAPACITOR_0.0001uF_0603 in C:\Users\Main\Documents\GitHub\electric_boogaloo\TempestBoards\MK2\SBH_Charger\SBH_Charger_Main.SchDoc with CAPACITOR_0.0001uF_0603 from Capacitors.SchLib
Replace Part C41 CAPACITOR_0.0001uF_0603 in C:\Users\Main\Documents\GitHub\electric_boogaloo\TempestBoards\MK2\SBH_Charger\SBH_Charger_Main.SchDoc with CAPACITOR_0.0001uF_0603 from Capacitors.SchLib
Replace Part CR1 TVS_Diode_25.5V_16.1A in C:\Users\Main\Documents\GitHub\electric_boogaloo\TempestBoards\MK2\SBH_Charger\SBH_Charger_Main.SchDoc with TVS_Diode_25.5V_16.1A from Diodes.SchLib
Replace Part D1 Zener_Diode_36V_500mW in C:\Users\Main\Documents\GitHub\electric_boogaloo\TempestBoards\MK2\SBH_Charger\SBH_Charger_Main.SchDoc with Zener_Diode_36V_500mW from Diodes.SchLib
Replace Part L1 INDUCTOR_3.3uH_SRP1770TA_3R3M in C:\Users\Main\Documents\GitHub\electric_boogaloo\TempestBoards\MK2\SBH_Charger\SBH_Charger_Main.SchDoc with INDUCTOR_3.3uH_SRP1770TA_3R3M from Inductors.SchLib
Replace Part L2 SPEAKER_SP_1609S in C:\Users\Main\Documents\GitHub\electric_boogaloo\TempestBoards\MK2\SBH_Charger\SBH_Charger_Main.SchDoc with SPEAKER_SP_1609S from Inductors.SchLib
Update Managed Component R1 From CMP-2002-08486-1[2O] To CMP-2002-08486-1[CRCW04022R00FKED] in SBH_Charger_Main.SchDoc
Update Managed Component R2 From CMP-2002-08342-1[1O] To CMP-2002-08342-1[CRCW04021R00FKED] in SBH_Charger_Main.SchDoc
Replace Part R3 RESISTOR_5m_1%_1206 in C:\Users\Main\Documents\GitHub\electric_boogaloo\TempestBoards\MK2\SBH_Charger\SBH_Charger_Main.SchDoc with RESISTOR_5m_1%_1206 from Resistors.SchLib
Replace Part R4 RESISTOR_5m_1%_1206 in C:\Users\Main\Documents\GitHub\electric_boogaloo\TempestBoards\MK2\SBH_Charger\SBH_Charger_Main.SchDoc with RESISTOR_5m_1%_1206 from Resistors.SchLib
Update Managed Component R5 From CMP-2000-03206-1[2.2O] To CMP-2000-03206-1[CRCW06032R20FKEA] in SBH_Charger_Main.SchDoc
Replace Part R6 RESISTOR_4.7_0603 in C:\Users\Main\Documents\GitHub\electric_boogaloo\TempestBoards\MK2\SBH_Charger\SBH_Charger_Main.SchDoc with RESISTOR_4.7_0603 from Resistors.SchLib
Replace Part R7 RESISTOR_4.7_0603 in C:\Users\Main\Documents\GitHub\electric_boogaloo\TempestBoards\MK2\SBH_Charger\SBH_Charger_Main.SchDoc with RESISTOR_4.7_0603 from Resistors.SchLib
Replace Part R8 RESISTOR_27_0603 in C:\Users\Main\Documents\GitHub\electric_boogaloo\TempestBoards\MK2\SBH_Charger\SBH_Charger_Main.SchDoc with RESISTOR_27_0603 from Resistors.SchLib
Replace Part R9 RESISTOR_27_0603 in C:\Users\Main\Documents\GitHub\electric_boogaloo\TempestBoards\MK2\SBH_Charger\SBH_Charger_Main.SchDoc with RESISTOR_27_0603 from Resistors.SchLib
Update Managed Component R10 From CMP-2002-03046-1[10 Ohm] To CMP-2002-03046-1[CRCW040210R0FKEDHP] in SBH_Charger_Main.SchDoc
Replace Part R11 RESISTOR_470K_0603 in C:\Users\Main\Documents\GitHub\electric_boogaloo\TempestBoards\MK2\SBH_Charger\SBH_Charger_Main.SchDoc with RESISTOR_470K_0603 from Resistors.SchLib
Replace Part R12 RESISTOR_270K_1%_0603 in C:\Users\Main\Documents\GitHub\electric_boogaloo\TempestBoards\MK2\SBH_Charger\SBH_Charger_Main.SchDoc with RESISTOR_270K_1%_0603 from Resistors.SchLib
Replace Part R13 RESISTOR_100K_0603 in C:\Users\Main\Documents\GitHub\electric_boogaloo\TempestBoards\MK2\SBH_Charger\SBH_Charger_Main.SchDoc with RESISTOR_100K_0603 from Resistors.SchLib
Replace Part R14 RESISTOR_15K_0603 in C:\Users\Main\Documents\GitHub\electric_boogaloo\TempestBoards\MK2\SBH_Charger\SBH_Charger_Main.SchDoc with RESISTOR_15K_0603 from Resistors.SchLib
Replace Part R15 RESISTOR_1K_0603 in C:\Users\Main\Documents\GitHub\electric_boogaloo\TempestBoards\MK2\SBH_Charger\SBH_Charger_Main.SchDoc with RESISTOR_1K_0603 from Resistors.SchLib
Replace Part R16 RESISTOR_16.9K_0402 in C:\Users\Main\Documents\GitHub\electric_boogaloo\TempestBoards\MK2\SBH_Charger\SBH_Charger_Main.SchDoc with RESISTOR_16.9K_0402 from Resistors.SchLib
Replace Part R17 RESISTOR_33K_0805 in C:\Users\Main\Documents\GitHub\electric_boogaloo\TempestBoards\MK2\SBH_Charger\SBH_Charger_Main.SchDoc with RESISTOR_33K_0805 from Resistors.SchLib
Replace Part R19 RESISTOR_169K_1%_0603 in C:\Users\Main\Documents\GitHub\electric_boogaloo\TempestBoards\MK2\SBH_Charger\SBH_Charger_Main.SchDoc with RESISTOR_169K_1%_0603 from Resistors.SchLib
Replace Part R23 RESISTOR_100K_0603 in C:\Users\Main\Documents\GitHub\electric_boogaloo\TempestBoards\MK2\SBH_Charger\SBH_Charger_Main.SchDoc with RESISTOR_100K_0603 from Resistors.SchLib
Replace Part R24 RESISTOR_100K_0603 in C:\Users\Main\Documents\GitHub\electric_boogaloo\TempestBoards\MK2\SBH_Charger\SBH_Charger_Main.SchDoc with RESISTOR_100K_0603 from Resistors.SchLib
Replace Part R25 RESISTOR_10K_0603 in C:\Users\Main\Documents\GitHub\electric_boogaloo\TempestBoards\MK2\SBH_Charger\SBH_Charger_Main.SchDoc with RESISTOR_10K_0603 from Resistors.SchLib
Replace Part R26 RESISTOR_10K_0603 in C:\Users\Main\Documents\GitHub\electric_boogaloo\TempestBoards\MK2\SBH_Charger\SBH_Charger_Main.SchDoc with RESISTOR_10K_0603 from Resistors.SchLib
Replace Part R27 RESISTOR_10K_0603 in C:\Users\Main\Documents\GitHub\electric_boogaloo\TempestBoards\MK2\SBH_Charger\SBH_Charger_Main.SchDoc with RESISTOR_10K_0603 from Resistors.SchLib
Replace Part R28 RESISTOR_10K_0603 in C:\Users\Main\Documents\GitHub\electric_boogaloo\TempestBoards\MK2\SBH_Charger\SBH_Charger_Main.SchDoc with RESISTOR_10K_0603 from Resistors.SchLib
Replace Part U1 G30N03D3 in C:\Users\Main\Documents\GitHub\electric_boogaloo\TempestBoards\MK2\SBH_Charger\SBH_Charger_Main.SchDoc with G30N03D3 from Transistors.SchLib
Replace Part U2 G30N03D3 in C:\Users\Main\Documents\GitHub\electric_boogaloo\TempestBoards\MK2\SBH_Charger\SBH_Charger_Main.SchDoc with G30N03D3 from Transistors.SchLib
Replace Part U3 G30N03D3 in C:\Users\Main\Documents\GitHub\electric_boogaloo\TempestBoards\MK2\SBH_Charger\SBH_Charger_Main.SchDoc with G30N03D3 from Transistors.SchLib
Replace Part U4 G30N03D3 in C:\Users\Main\Documents\GitHub\electric_boogaloo\TempestBoards\MK2\SBH_Charger\SBH_Charger_Main.SchDoc with G30N03D3 from Transistors.SchLib
Replace Part U5 BQ25731RSNR in C:\Users\Main\Documents\GitHub\electric_boogaloo\TempestBoards\MK2\SBH_Charger\SBH_Charger_Main.SchDoc with BQ25731RSNR from Integrated Circuits.SchLib
Replace Part U6 CMP-1109-00085-1 in C:\Users\Main\Documents\GitHub\electric_boogaloo\TempestBoards\MK2\SBH_Charger\SBH_Charger_Main.SchDoc with CMP-1109-00085-1 from Integrated Circuits.SchLib
Replace Part U7 MAX98357AETE+T in C:\Users\Main\Documents\GitHub\electric_boogaloo\TempestBoards\MK2\SBH_Charger\SBH_Charger_Main.SchDoc with MAX98357AETE+T from Integrated Circuits.SchLib
