Replace Part C1 CAP CER 0.01 UF 0402 in C:\Users\Main\Documents\GitHub\electric_boogaloo\TempestBoards\MK2\SBH_Charger\SBH_Charger_Main.SchDoc with CAP CER 0.01 UF 0402 from Capacitors.SchLib
Replace Part C3 CAPACITOR_0.000015uF_0402 in C:\Users\Main\Documents\GitHub\electric_boogaloo\TempestBoards\MK2\SBH_Charger\SBH_Charger_Main.SchDoc with CAPACITOR_0.000015uF_0402 from Capacitors.SchLib
Replace Part C4 CAPACITOR_0.0012uF_0402 in C:\Users\Main\Documents\GitHub\electric_boogaloo\TempestBoards\MK2\SBH_Charger\SBH_Charger_Main.SchDoc with CAPACITOR_0.0012uF_0402 from Capacitors.SchLib
Replace Part C5 CAPACITOR_0.0033uF_0402 in C:\Users\Main\Documents\GitHub\electric_boogaloo\TempestBoards\MK2\SBH_Charger\SBH_Charger_Main.SchDoc with CAPACITOR_0.0033uF_0402 from Capacitors.SchLib
Replace Part C6 CAPACITOR_0.000033uF_0402 in C:\Users\Main\Documents\GitHub\electric_boogaloo\TempestBoards\MK2\SBH_Charger\SBH_Charger_Main.SchDoc with CAPACITOR_0.000033uF_0402 from Capacitors.SchLib
Replace Part C7 CAPACITOR_2.2uF_0402 in C:\Users\Main\Documents\GitHub\electric_boogaloo\TempestBoards\MK2\SBH_Charger\SBH_Charger_Main.SchDoc with CAPACITOR_2.2uF_0402 from Capacitors.SchLib
Replace Part C8 CAPACITOR_0.0001uF_0603 in C:\Users\Main\Documents\GitHub\electric_boogaloo\TempestBoards\MK2\SBH_Charger\SBH_Charger_Main.SchDoc with CAPACITOR_0.0001uF_0603 from Capacitors.SchLib
Replace Part C9 CAPACITOR_1uF_0603 in C:\Users\Main\Documents\GitHub\electric_boogaloo\TempestBoards\MK2\SBH_Charger\SBH_Charger_Main.SchDoc with CAPACITOR_1uF_0603 from Capacitors.SchLib
Replace Part C10 CAPACITOR_0.0001uF_0603 in C:\Users\Main\Documents\GitHub\electric_boogaloo\TempestBoards\MK2\SBH_Charger\SBH_Charger_Main.SchDoc with CAPACITOR_0.0001uF_0603 from Capacitors.SchLib
Replace Part C11 CAPACITOR_0.022uF_0402 in C:\Users\Main\Documents\GitHub\electric_boogaloo\TempestBoards\MK2\SBH_Charger\SBH_Charger_Main.SchDoc with CAPACITOR_0.022uF_0402 from Capacitors.SchLib
Replace Part C12 CAPACITOR_0.1uF_0603_25V in C:\Users\Main\Documents\GitHub\electric_boogaloo\TempestBoards\MK2\SBH_Charger\SBH_Charger_Main.SchDoc with CAPACITOR_0.1uF_0603_25V from Capacitors.SchLib
Replace Part C13 CAP ALUM 22UF 20% 35V SMD in C:\Users\Main\Documents\GitHub\electric_boogaloo\TempestBoards\MK2\SBH_Charger\SBH_Charger_Main.SchDoc with CAP ALUM 22UF 20% 35V SMD from Capacitors.SchLib
Replace Part C14 CAP ALUM 10UF 20% 63V SMD in C:\Users\Main\Documents\GitHub\electric_boogaloo\TempestBoards\MK2\SBH_Charger\SBH_Charger_Main.SchDoc with CAP ALUM 10UF 20% 63V SMD from Capacitors.SchLib
Replace Part C15 CAPACITOR_10uF_1206 in C:\Users\Main\Documents\GitHub\electric_boogaloo\TempestBoards\MK2\SBH_Charger\SBH_Charger_Main.SchDoc with CAPACITOR_10uF_1206 from Capacitors.SchLib
Replace Part C16 CAPACITOR_22uF_0805 in C:\Users\Main\Documents\GitHub\electric_boogaloo\TempestBoards\MK2\SBH_Charger\SBH_Charger_Main.SchDoc with CAPACITOR_22uF_0805 from Capacitors.SchLib
Replace Part C17 CAPACITOR_22uF_0805 in C:\Users\Main\Documents\GitHub\electric_boogaloo\TempestBoards\MK2\SBH_Charger\SBH_Charger_Main.SchDoc with CAPACITOR_22uF_0805 from Capacitors.SchLib
Update Managed Component C18 From CMP-2100-03592-2[CC0402KRX7R9BB103] To CMP-2100-03592-2[CC0402KRX7R9BB103] in SBH_Charger_Main.SchDoc
Update Managed Component C19 From CMP-04424-000506-1[TAJD226K035RNJ] To CMP-04424-000506-1[TAJD226K035RNJ] in SBH_Charger_Main.SchDoc
Update Managed Component C20 From CMP-04424-000506-1[TAJD226K035RNJ] To CMP-04424-000506-1[TAJD226K035RNJ] in SBH_Charger_Main.SchDoc
Update Managed Component C22 From CMP-2008-03295-2[C0402C102J5GACTU] To CMP-2008-03295-2[C0402C102J5GACTU] in SBH_Charger_Main.SchDoc
Update Managed Component C24 From CMP-2000-06048-2[C3216X7R1V106M160AC] To CMP-2000-06048-2[C3216X7R1V106M160AC] in SBH_Charger_Main.SchDoc
Replace Part C25 CAPACITOR_10uF_1206 in C:\Users\Main\Documents\GitHub\electric_boogaloo\TempestBoards\MK2\SBH_Charger\SBH_Charger_Main.SchDoc with CAPACITOR_10uF_1206 from Capacitors.SchLib
Replace Part C26 CAPACITOR_10uF_1206 in C:\Users\Main\Documents\GitHub\electric_boogaloo\TempestBoards\MK2\SBH_Charger\SBH_Charger_Main.SchDoc with CAPACITOR_10uF_1206 from Capacitors.SchLib
Update Managed Component C27 From CMP-2006-02927-1[GRM188R71H473KA61D] To CMP-2006-02927-1[GRM188R71H473KA61D] in SBH_Charger_Main.SchDoc
Update Managed Component C28 From CMP-2006-02927-1[GRM188R71H473KA61D] To CMP-2006-02927-1[GRM188R71H473KA61D] in SBH_Charger_Main.SchDoc
Update Managed Component C29 From CMP-2000-06048-2[C3216X7R1V106M160AC] To CMP-2000-06048-2[C3216X7R1V106M160AC] in SBH_Charger_Main.SchDoc
Update Managed Component C30 From CMP-2000-06048-2[C3216X7R1V106M160AC] To CMP-2000-06048-2[C3216X7R1V106M160AC] in SBH_Charger_Main.SchDoc
Update Managed Component C31 From CMP-2000-06048-2[C3216X7R1V106M160AC] To CMP-2000-06048-2[C3216X7R1V106M160AC] in SBH_Charger_Main.SchDoc
Update Managed Component C32 From CMP-2000-06048-2[C3216X7R1V106M160AC] To CMP-2000-06048-2[C3216X7R1V106M160AC] in SBH_Charger_Main.SchDoc
Update Managed Component C33 From CMP-2000-06048-2[C3216X7R1V106M160AC] To CMP-2000-06048-2[C3216X7R1V106M160AC] in SBH_Charger_Main.SchDoc
Update Managed Component C34 From CMP-2000-06048-2[C3216X7R1V106M160AC] To CMP-2000-06048-2[C3216X7R1V106M160AC] in SBH_Charger_Main.SchDoc
Update Managed Component C35 From CMP-2000-06048-2[C3216X7R1V106M160AC] To CMP-2000-06048-2[C3216X7R1V106M160AC] in SBH_Charger_Main.SchDoc
Update Managed Component C36 From CMP-2000-06048-2[C3216X7R1V106M160AC] To CMP-2000-06048-2[C3216X7R1V106M160AC] in SBH_Charger_Main.SchDoc
Update Managed Component C37 From CMP-2000-06048-2[C3216X7R1V106M160AC] To CMP-2000-06048-2[C3216X7R1V106M160AC] in SBH_Charger_Main.SchDoc
Update Managed Component C38 From CMP-2000-06048-2[C3216X7R1V106M160AC] To CMP-2000-06048-2[C3216X7R1V106M160AC] in SBH_Charger_Main.SchDoc
Update Managed Component C39 From CMP-2000-06048-2[C3216X7R1V106M160AC] To CMP-2000-06048-2[C3216X7R1V106M160AC] in SBH_Charger_Main.SchDoc
Update Managed Component C40 From CMP-2000-06048-2[C3216X7R1V106M160AC] To CMP-2000-06048-2[C3216X7R1V106M160AC] in SBH_Charger_Main.SchDoc
Update Managed Component C41 From CMP-2000-06048-2[C3216X7R1V106M160AC] To CMP-2000-06048-2[C3216X7R1V106M160AC] in SBH_Charger_Main.SchDoc
Update Managed Component C42 From CMP-2000-06048-2[C3216X7R1V106M160AC] To CMP-2000-06048-2[C3216X7R1V106M160AC] in SBH_Charger_Main.SchDoc
Replace Part C43 CAPACITOR_0.1uF_0603_1 in C:\Users\Main\Documents\GitHub\electric_boogaloo\TempestBoards\MK2\SBH_Charger\SBH_Charger_Main.SchDoc with CAPACITOR_0.1uF_0603_1 from Capacitors.SchLib
Update Managed Component C44 From CMP-2000-07531-4[UMK107AB7105KA-T] To CMP-2000-07531-4[UMK107AB7105KA-T] in SBH_Charger_Main.SchDoc
Replace Part C45 CAPACITOR_0.022uF_0402 in C:\Users\Main\Documents\GitHub\electric_boogaloo\TempestBoards\MK2\SBH_Charger\SBH_Charger_Main.SchDoc with CAPACITOR_0.022uF_0402 from Capacitors.SchLib
Replace Part C46 CAPACITOR_0.022uF_0402 in C:\Users\Main\Documents\GitHub\electric_boogaloo\TempestBoards\MK2\SBH_Charger\SBH_Charger_Main.SchDoc with CAPACITOR_0.022uF_0402 from Capacitors.SchLib
Replace Part C47 CAPACITOR_1uF_0603 in C:\Users\Main\Documents\GitHub\electric_boogaloo\TempestBoards\MK2\SBH_Charger\SBH_Charger_Main.SchDoc with CAPACITOR_1uF_0603 from Capacitors.SchLib
Replace Part CR1 TVS_SMAJ26CA in C:\Users\Main\Documents\GitHub\electric_boogaloo\TempestBoards\MK2\SBH_Charger\SBH_Charger_Main.SchDoc with TVS_SMAJ26CA from Diodes.SchLib
Replace Part F1 ERB-RE5R00V in C:\Users\Main\Documents\GitHub\electric_boogaloo\TempestBoards\MK2\SBH_Charger\SBH_Charger_Main.SchDoc with ERB-RE5R00V from Fuses.SchLib
Replace Part J5 HEADER_2PIN_2.54MM in C:\Users\Main\Documents\GitHub\electric_boogaloo\TempestBoards\MK2\SBH_Charger\SBH_Charger_Main.SchDoc with HEADER_2PIN_2.54MM from Connectors.SchLib
Replace Part L1 SPEAKER_SP_1609S in C:\Users\Main\Documents\GitHub\electric_boogaloo\TempestBoards\MK2\SBH_Charger\SBH_Charger_Main.SchDoc with SPEAKER_SP_1609S from Inductors.SchLib
Replace Part L2 INDUCTOR_4.7uH_SLF7045T in C:\Users\Main\Documents\GitHub\electric_boogaloo\TempestBoards\MK2\SBH_Charger\SBH_Charger_Main.SchDoc with INDUCTOR_4.7uH_SLF7045T from Inductors.SchLib
Replace Part L3 INDUCTOR_3.3uH_SRP1770TA_3R3M in C:\Users\Main\Documents\GitHub\electric_boogaloo\TempestBoards\MK2\SBH_Charger\SBH_Charger_Main.SchDoc with INDUCTOR_3.3uH_SRP1770TA_3R3M from Inductors.SchLib
Replace Part Q1 DMP3056L-7 in C:\Users\Main\Documents\GitHub\electric_boogaloo\TempestBoards\MK2\SBH_Charger\SBH_Charger_Main.SchDoc with DMP3056L-7 from Transistors.SchLib
Replace Part Q2 DMP3056L-7 in C:\Users\Main\Documents\GitHub\electric_boogaloo\TempestBoards\MK2\SBH_Charger\SBH_Charger_Main.SchDoc with DMP3056L-7 from Transistors.SchLib
Replace Part Q3 AON6407 in C:\Users\Main\Documents\GitHub\electric_boogaloo\TempestBoards\MK2\SBH_Charger\SBH_Charger_Main.SchDoc with AON6407 from Transistors.SchLib
Replace Part Q4 AO3404A in C:\Users\Main\Documents\GitHub\electric_boogaloo\TempestBoards\MK2\SBH_Charger\SBH_Charger_Main.SchDoc with AO3404A from Transistors.SchLib
Replace Part R2 RESISTOR_1K_0603 in C:\Users\Main\Documents\GitHub\electric_boogaloo\TempestBoards\MK2\SBH_Charger\SBH_Charger_Main.SchDoc with RESISTOR_1K_0603 from Resistors.SchLib
Replace Part R3 RESISTOR_100K_0603 in C:\Users\Main\Documents\GitHub\electric_boogaloo\TempestBoards\MK2\SBH_Charger\SBH_Charger_Main.SchDoc with RESISTOR_100K_0603 from Resistors.SchLib
Replace Part R4 RESISTOR_10K_0603 in C:\Users\Main\Documents\GitHub\electric_boogaloo\TempestBoards\MK2\SBH_Charger\SBH_Charger_Main.SchDoc with RESISTOR_10K_0603 from Resistors.SchLib
Replace Part R6 RESISTOR_15K_0603 in C:\Users\Main\Documents\GitHub\electric_boogaloo\TempestBoards\MK2\SBH_Charger\SBH_Charger_Main.SchDoc with RESISTOR_15K_0603 from Resistors.SchLib
Replace Part R7 RESISTOR_16.9K_0402 in C:\Users\Main\Documents\GitHub\electric_boogaloo\TempestBoards\MK2\SBH_Charger\SBH_Charger_Main.SchDoc with RESISTOR_16.9K_0402 from Resistors.SchLib
Update Managed Component R9 From CMP-2002-03046-1[CRCW040210R0FKEDHP] To CMP-2002-03046-1[CRCW040210R0FKEDHP] in SBH_Charger_Main.SchDoc
Replace Part R13 RESISTOR_470K_0603 in C:\Users\Main\Documents\GitHub\electric_boogaloo\TempestBoards\MK2\SBH_Charger\SBH_Charger_Main.SchDoc with RESISTOR_470K_0603 from Resistors.SchLib
Replace Part R14 RESISTOR_33K_0805 in C:\Users\Main\Documents\GitHub\electric_boogaloo\TempestBoards\MK2\SBH_Charger\SBH_Charger_Main.SchDoc with RESISTOR_33K_0805 from Resistors.SchLib
Replace Part R15 RESISTOR_169K_1%_0603 in C:\Users\Main\Documents\GitHub\electric_boogaloo\TempestBoards\MK2\SBH_Charger\SBH_Charger_Main.SchDoc with RESISTOR_169K_1%_0603 from Resistors.SchLib
Replace Part R16 RESISTOR_270K_1%_0603 in C:\Users\Main\Documents\GitHub\electric_boogaloo\TempestBoards\MK2\SBH_Charger\SBH_Charger_Main.SchDoc with RESISTOR_270K_1%_0603 from Resistors.SchLib
Replace Part R17 PWR163S-25-10R0JE in C:\Users\Main\Documents\GitHub\electric_boogaloo\TempestBoards\MK2\SBH_Charger\SBH_Charger_Main.SchDoc with PWR163S-25-10R0JE from Resistors.SchLib
Replace Part R18 PWR163S-25-10R0JE in C:\Users\Main\Documents\GitHub\electric_boogaloo\TempestBoards\MK2\SBH_Charger\SBH_Charger_Main.SchDoc with PWR163S-25-10R0JE from Resistors.SchLib
Update Managed Component R21 From CMP-33361-000001-1[10 mOhms] To CMP-33361-000001-1[PCS2512DR0100ET] in SBH_Charger_Main.SchDoc
Update Managed Component R22 From CMP-33361-000001-1[10 mOhms] To CMP-33361-000001-1[PCS2512DR0100ET] in SBH_Charger_Main.SchDoc
Update Managed Component R23 From CMP-2000-03206-1[CRCW06032R20FKEA] To CMP-2000-03206-1[CRCW06032R20FKEA] in SBH_Charger_Main.SchDoc
Replace Part R24 RESISTOR_4.7_0603 in C:\Users\Main\Documents\GitHub\electric_boogaloo\TempestBoards\MK2\SBH_Charger\SBH_Charger_Main.SchDoc with RESISTOR_4.7_0603 from Resistors.SchLib
Replace Part R25 RESISTOR_4.7_0603 in C:\Users\Main\Documents\GitHub\electric_boogaloo\TempestBoards\MK2\SBH_Charger\SBH_Charger_Main.SchDoc with RESISTOR_4.7_0603 from Resistors.SchLib
Replace Part R26 RESISTOR_27_0603 in C:\Users\Main\Documents\GitHub\electric_boogaloo\TempestBoards\MK2\SBH_Charger\SBH_Charger_Main.SchDoc with RESISTOR_27_0603 from Resistors.SchLib
Replace Part R27 RESISTOR_27_0603 in C:\Users\Main\Documents\GitHub\electric_boogaloo\TempestBoards\MK2\SBH_Charger\SBH_Charger_Main.SchDoc with RESISTOR_27_0603 from Resistors.SchLib
Replace Part U1 BQ25730RSNR in C:\Users\Main\Documents\GitHub\electric_boogaloo\TempestBoards\MK2\SBH_Charger\SBH_Charger_Main.SchDoc with BQ25730RSNR from Integrated Circuits.SchLib
Replace Part U2 MAX98357AETE+T in C:\Users\Main\Documents\GitHub\electric_boogaloo\TempestBoards\MK2\SBH_Charger\SBH_Charger_Main.SchDoc with MAX98357AETE+T from Integrated Circuits.SchLib
Replace Part U3 TS30041-M050QFNR in C:\Users\Main\Documents\GitHub\electric_boogaloo\TempestBoards\MK2\SBH_Charger\SBH_Charger_Main.SchDoc with TS30041-M050QFNR from Integrated Circuits.SchLib
Replace Part U4 CMP-1109-00085-1 in C:\Users\Main\Documents\GitHub\electric_boogaloo\TempestBoards\MK2\SBH_Charger\SBH_Charger_Main.SchDoc with CMP-1109-00085-1 from Integrated Circuits.SchLib
Replace Part U5 LTC4412ES6TRPBF in C:\Users\Main\Documents\GitHub\electric_boogaloo\TempestBoards\MK2\SBH_Charger\SBH_Charger_Main.SchDoc with LTC4412ES6TRPBF from Integrated Circuits.SchLib
Replace Part U6 G30N03D3 in C:\Users\Main\Documents\GitHub\electric_boogaloo\TempestBoards\MK2\SBH_Charger\SBH_Charger_Main.SchDoc with G30N03D3 from Transistors.SchLib
Replace Part U7 G30N03D3 in C:\Users\Main\Documents\GitHub\electric_boogaloo\TempestBoards\MK2\SBH_Charger\SBH_Charger_Main.SchDoc with G30N03D3 from Transistors.SchLib
Replace Part U8 G30N03D3 in C:\Users\Main\Documents\GitHub\electric_boogaloo\TempestBoards\MK2\SBH_Charger\SBH_Charger_Main.SchDoc with G30N03D3 from Transistors.SchLib
Replace Part U9 G30N03D3 in C:\Users\Main\Documents\GitHub\electric_boogaloo\TempestBoards\MK2\SBH_Charger\SBH_Charger_Main.SchDoc with G30N03D3 from Transistors.SchLib
