Change Component Footprint: Designator=U1 Old Footprint=SOIC-8 New Footprint=D0008A_M
Change Component Comment : Designator=U1 Old Comment=LM356MX/NOPB New Comment=OPA228U
Change Managed Component Library Link : Designator=U1 Old VaultGUID= New VaultGUID=B7D15EC3-160A-466F-A46C-7801FE6295A7 Old ItemGUID= New ItemGUID=E0176994-6E86-402F-9728-3E805C201DE4 Old RevisionGUID= New RevisionGUID=EC52C81A-CBC3-4A62-99C8-D14A5A79B27E
Change component parameters: Designator = "U1" ("U1"); Footprint = "SOIC-8"; UniqueID = "\ZZNXTEAB" ("\ZZNXTEAB")
Change component parameters (AddParameter): Name = "Channel"; Value = ""; VariantName = "[No Variations]"
Change component parameters (AddParameter): Name = "CMRR(Min)(dB)"; Value = "120"; VariantName = "[No Variations]"
Change component parameters (AddParameter): Name = "Code_JEDEC"; Value = "MS-012"; VariantName = "[No Variations]"
Change component parameters (AddParameter): Name = "ComponentLink1Description"; Value = "Manufacturer URL"; VariantName = "[No Variations]"
Change component parameters (AddParameter): Name = "ComponentLink1URL"; Value = "http://www.ti.com/"; VariantName = "[No Variations]"
Change component parameters (AddParameter): Name = "ComponentLink2Description"; Value = "Datasheet"; VariantName = "[No Variations]"
Change component parameters (AddParameter): Name = "ComponentLink2URL"; Value = "http://www.ti.com/lit/ds/symlink/opa228.pdf"; VariantName = "[No Variations]"
Change component parameters (AddParameter): Name = "ComponentLink3Description"; Value = "Package Specification"; VariantName = "[No Variations]"
Change component parameters (AddParameter): Name = "ComponentLink3URL"; Value = "http://www.ti.com/litv/pdf/msoi002j"; VariantName = "[No Variations]"
Change component parameters (AddParameter): Name = "DatasheetVersion"; Value = "SBOS110A"; VariantName = "[No Variations]"
Change component parameters (AddParameter): Name = "Eco-Plan"; Value = "Green (RoHS & no Sb/Br)"; VariantName = "[No Variations]"
Change component parameters (AddParameter): Name = "Gain Bandwidth"; Value = ""; VariantName = "[No Variations]"
Change component parameters (AddParameter): Name = "GBW(Typ)(MHz)"; Value = "33"; VariantName = "[No Variations]"
Change component parameters (AddParameter): Name = "IIB(Max)(pA)"; Value = "10000"; VariantName = "[No Variations]"
Change component parameters (AddParameter): Name = "Iq per channel(Max)(mA)"; Value = "3.8"; VariantName = "[No Variations]"
Change component parameters (AddParameter): Name = "Manufacturer"; Value = "Texas Instruments"; VariantName = "[No Variations]"
Change component parameters (AddParameter): Name = "Mounting Technology"; Value = "Surface Mount"; VariantName = "[No Variations]"
Change component parameters (AddParameter): Name = "Number of Channels"; Value = "1"; VariantName = "[No Variations]"
Change component parameters (AddParameter): Name = "Offset Drift(Typ)(uV/C)"; Value = "0.1"; VariantName = "[No Variations]"
Change component parameters (AddParameter): Name = "PackageDescription"; Value = "8-Pin Plastic Small Outline, Body 4.9 x 3.9 mm, Pitch 1.27 mm"; VariantName = "[No Variations]"
Change component parameters (AddParameter): Name = "PackageReference"; Value = "D0008A"; VariantName = "[No Variations]"
Change component parameters (AddParameter): Name = "PackageVersion"; Value = "4040047-3/M, 06/2011"; VariantName = "[No Variations]"
Change component parameters (AddParameter): Name = "Packing"; Value = "TUBE"; VariantName = "[No Variations]"
Change component parameters (AddParameter): Name = "PartNumber"; Value = "OPA228U"; VariantName = "[No Variations]"
Change component parameters (AddParameter): Name = "Rating"; Value = "Catalog"; VariantName = "[No Variations]"
Change component parameters (AddParameter): Name = "RevisionNote"; Value = ""; VariantName = "[No Variations]"
Change component parameters (AddParameter): Name = "RoHS"; Value = ""; VariantName = "[No Variations]"
Change component parameters (AddParameter): Name = "Slew Rate"; Value = ""; VariantName = "[No Variations]"
Change component parameters (AddParameter): Name = "Slew Rate(Typ)(V/us)"; Value = "11"; VariantName = "[No Variations]"
Change component parameters (AddParameter): Name = "Sub Family"; Value = "High Supply Voltage Amplifier (>=30V), Low Noise Amp (<=10nV/rtHz), Low Offset Voltage Amplifier (<=500uV), Precision Amplifier"; VariantName = "[No Variations]"
Change component parameters (AddParameter): Name = "SubFamily"; Value = ""; VariantName = "[No Variations]"
Change component parameters (AddParameter): Name = "Supply Voltage Max"; Value = ""; VariantName = "[No Variations]"
Change component parameters (AddParameter): Name = "Supply Voltage Min"; Value = ""; VariantName = "[No Variations]"
Change component parameters (AddParameter): Name = "Temperature Max"; Value = ""; VariantName = "[No Variations]"
Change component parameters (AddParameter): Name = "Temperature Min"; Value = ""; VariantName = "[No Variations]"
Change component parameters (AddParameter): Name = "Total Supply Voltage(Max)(+5V is 5, +/-5V is 10)"; Value = "36"; VariantName = "[No Variations]"
Change component parameters (AddParameter): Name = "Total Supply Voltage(Min)(+5V is 5, +/-5V is 10)"; Value = "5"; VariantName = "[No Variations]"
Change component parameters (AddParameter): Name = "Vio (25C)(Max)(mV)"; Value = "0.075"; VariantName = "[No Variations]"
Change component parameters (AddParameter): Name = "Vmax(V)"; Value = ""; VariantName = "[No Variations]"
Change component parameters (AddParameter): Name = "Vmin(V)"; Value = ""; VariantName = "[No Variations]"
Change component parameters (AddParameter): Name = "Vn at 1kHz(Typ)(nV/rtHz)"; Value = ""; VariantName = "[No Variations]"
Added Component: Designator=R1(RESISTOR_0603)
Add component (AddParameter): Name = "ComponentLink1Description"; Value = "Datasheet"; VariantName = "[No Variations]"
Add component (AddParameter): Name = "ComponentLink1URL"; Value = "https://www.bourns.com/docs/product-datasheets/CRxxxxx.pdf"; VariantName = "[No Variations]"
Add component (AddParameter): Name = "Digikey Part Numer"; Value = "CR0603-JW-104ELFTR-ND"; VariantName = "[No Variations]"
Add component (AddParameter): Name = "Made By"; Value = "Robert Pafford"; VariantName = "[No Variations]"
Add component (AddParameter): Name = "Supplier"; Value = "Digikey"; VariantName = "[No Variations]"
Add component (AddParameter): Name = "Supplier 1"; Value = "Digi-Key"; VariantName = "[No Variations]"
Add component (AddParameter): Name = "Supplier Part Number 1"; Value = "2019-RK73B1JTTD270JCT-ND"; VariantName = "[No Variations]"
Add component (AddParameter): Name = "Tolerance"; Value = "+/- 5%"; VariantName = "[No Variations]"
Add component (AddParameter): Name = "Value  (Ohms)"; Value = "27"; VariantName = "[No Variations]"
Add component (AddParameter): Name = "Verified By"; Value = ""; VariantName = "[No Variations]"
Add component (AddParameter): Name = "Wattage"; Value = "1/8W"; VariantName = "[No Variations]"
Added Pin To Net: NetName=AMP_OUT Pin=POT-2
Added Pin To Net: NetName=AMP_OUT Pin=R1-1
Added Pin To Net: NetName=GND Pin=R1-2
Added Pin To Net: NetName=AMP_OUT Pin=U1-6
Added Member To Class: ClassName=Acoustics_Preamp Member=Component R1 27 Ohm 5% 1/8W
