Removed Pin From Net: NetName=GND Pin=J1-1
Removed Pin From Net: NetName=B Pin=J1-2
Removed Pin From Net: NetName=A Pin=J1-3
Removed Pin From Net: NetName=Z Pin=J1-4
Removed Pin From Net: NetName=Y Pin=J1-5
Removed Pin From Net: NetName=5V Pin=J1-6
Change Component Footprint: Designator=D1 Old Footprint=FP-498-MFG New Footprint=FP-MBR1020VL_R1_00001-MFG
Change Component Footprint: Designator=C11 Old Footprint=FP-CL21-IPC_C New Footprint=CAPACITOR_1206
Change Component Footprint: Designator=L1 Old Footprint=FP-LBM2016-1_6-0_2-IPC_B New Footprint=BOUR-SDR0403-2_V
Change Component Comment : Designator=C11 Old Comment=10uF New Comment=10uF Ceramic 25V
Change Component Comment : Designator=D1 Old Comment=MBR120LSFT3G New Comment=MBR1020VL_R1_00001
Change Managed Component Library Link : Designator=D1 Old VaultGUID=B7D15EC3-160A-466F-A46C-7801FE6295A7 New VaultGUID=B7D15EC3-160A-466F-A46C-7801FE6295A7 Old ItemGUID=004FB36F-DD81-4638-8C00-B7F39455BD5D New ItemGUID=0E841A96-B66D-4CC7-870F-7B91FE38B75B Old RevisionGUID=5B737C96-6459-4663-A9D7-1251FACF402F New RevisionGUID=0D73D724-85BF-4C10-AC56-7C575EB3D182
Change Managed Component Library Link : Designator=L1 Old VaultGUID=B7D15EC3-160A-466F-A46C-7801FE6295A7 New VaultGUID=B7D15EC3-160A-466F-A46C-7801FE6295A7 Old ItemGUID=C8C2E869-FA17-4855-BA85-A860685D640B New ItemGUID=193A217B-2BAF-47CF-968D-40F7A1375F11 Old RevisionGUID=20AB117F-910A-4981-97E0-3832E118877E New RevisionGUID=20C3A3F7-B917-41D3-A2B1-260C58C7C302
Change Managed Component Library Link : Designator=C11 Old VaultGUID=B7D15EC3-160A-466F-A46C-7801FE6295A7 New VaultGUID= Old ItemGUID=FC0919F3-42F7-42CC-810C-A9E62E376069 New ItemGUID= Old RevisionGUID=764570ED-590A-47FB-828C-BAB96A68D346 New RevisionGUID=
Change component parameters: Designator = "C11" ("C11"); Footprint = "FP-CL21-IPC_C"; UniqueID = "\NUQBKVJK" ("\NUQBKVJK")
Change component parameters (AddParameter): Name = "Made By"; Value = "Robert Pafford"; VariantName = "[No Variations]"
Change component parameters (AddParameter): Name = "Supplier 1"; Value = "Digi-Key"; VariantName = "[No Variations]"
Change component parameters (AddParameter): Name = "Supplier Part Number 1"; Value = "1276-1804-6-ND"; VariantName = "[No Variations]"
Change component parameters (AddParameter): Name = "Tolerance"; Value = "+/- 10%"; VariantName = "[No Variations]"
Change component parameters (AddParameter): Name = "Value (uF)"; Value = "10 uF"; VariantName = "[No Variations]"
Change component parameters (AddParameter): Name = "Verified By"; Value = ""; VariantName = "[No Variations]"
Change component parameters (AddParameter): Name = "Voltage"; Value = "25V"; VariantName = "[No Variations]"
Change component parameters: Designator = "D1" ("D1"); Footprint = "FP-498-MFG"; UniqueID = "\LBMAVVWP" ("\LBMAVVWP")
Change component parameters (AddParameter): Name = "RoHS Compliant"; Value = "Yes"; VariantName = "[No Variations]"
Change component parameters: Designator = "L1" ("L1"); Footprint = "FP-LBM2016-1_6-0_2-IPC_B"; UniqueID = "\FJCGOWUL" ("\FJCGOWUL")
Change component parameters (AddParameter): Name = "ComponentLink1Description"; Value = "Manufacturer URL"; VariantName = "[No Variations]"
Change component parameters (AddParameter): Name = "ComponentLink1URL"; Value = "http://www.bourns.com/"; VariantName = "[No Variations]"
Change component parameters (AddParameter): Name = "ComponentLink2Description"; Value = "Datasheet"; VariantName = "[No Variations]"
Change component parameters (AddParameter): Name = "ComponentLink2URL"; Value = "http://www.bourns.com/data/global/pdfs/sdr0403.pdf"; VariantName = "[No Variations]"
Change component parameters (AddParameter): Name = "DatasheetVersion"; Value = "Feb-12"; VariantName = "[No Variations]"
Change component parameters (AddParameter): Name = "I rms (A)"; Value = "1.05 Max."; VariantName = "[No Variations]"
Change component parameters (AddParameter): Name = "I sat (A)"; Value = "1.6 Typ."; VariantName = "[No Variations]"
Change component parameters (AddParameter): Name = "Inductance (uH)"; Value = "12"; VariantName = "[No Variations]"
Change component parameters (AddParameter): Name = "Manufacturer"; Value = "Bourns"; VariantName = "[No Variations]"
Change component parameters (AddParameter): Name = "Mounting Technology"; Value = "Surface Mount"; VariantName = "[No Variations]"
Change component parameters (AddParameter): Name = "PackageDescription"; Value = "3-Pin SMD, Dia 4.5 mm, Height 3.5 mm"; VariantName = "[No Variations]"
Change component parameters (AddParameter): Name = "PackageReference"; Value = "SDR0403-2"; VariantName = "[No Variations]"
Change component parameters (AddParameter): Name = "Packing"; Value = "Tape and Reel"; VariantName = "[No Variations]"
Change component parameters (AddParameter): Name = "PartNumber"; Value = "SDR0403-120ML"; VariantName = "[No Variations]"
Change component parameters (AddParameter): Name = "Q"; Value = "28"; VariantName = "[No Variations]"
Change component parameters (AddParameter): Name = "RDC (Ohm)"; Value = "0.21 Max."; VariantName = "[No Variations]"
Change component parameters (AddParameter): Name = "RoHS"; Value = "TRUE"; VariantName = "[No Variations]"
Change component parameters (AddParameter): Name = "SRF (MHz)"; Value = "30 Min."; VariantName = "[No Variations]"
Change component parameters (AddParameter): Name = "Temperature Range"; Value = "-40 to 125 degC"; VariantName = "[No Variations]"
Change component parameters (AddParameter): Name = "Test Frequency (MHz)"; Value = "2.52"; VariantName = "[No Variations]"
Change component parameters (AddParameter): Name = "Tolerance (%)"; Value = "+/- 20"; VariantName = "[No Variations]"
Added Component: Designator=TP1(TESTPOINT_1.2MM)
Add component (AddParameter): Name = "Made By"; Value = "Robert Pafford"; VariantName = "[No Variations]"
Added Component: Designator=TP2(TESTPOINT_1.2MM)
Add component (AddParameter): Name = "Made By"; Value = "Robert Pafford"; VariantName = "[No Variations]"
Added Pin To Net: NetName=5V Pin=J1-1
Added Pin To Net: NetName=GND Pin=J1-2
Added Pin To Net: NetName=B Pin=J1-3
Added Pin To Net: NetName=A Pin=J1-4
Added Pin To Net: NetName=Z Pin=J1-5
Added Pin To Net: NetName=Y Pin=J1-6
Added Pin To Net: NetName=8V Pin=TP1-TP
Added Pin To Net: NetName=5V Pin=TP2-TP
Added Member To Class: ClassName=jetson_agx_m.2 Member=Component TP1 PCB Test Point
Added Member To Class: ClassName=jetson_agx_m.2 Member=Component TP2 PCB Test Point
