Removed Pin From Net: NetName=3V3 Pin=R1-2
Removed Pin From Net: NetName=NetR1_1 Pin=R2-1
Removed Pin From Net: NetName=GND Pin=R2-2
Removed Pin From Net: NetName=GND Pin=U2-1
Removed Pin From Net: NetName=GND Pin=U2-5
Removed Pin From Net: NetName=GND Pin=U2-8
Removed Pin From Net: NetName=GND Pin=U2-9
Removed Pin From Net: NetName=3V3 Pin=U2-10
Removed Pin From Net: NetName=3V3 Pin=U2-11
Removed Pin From Net: NetName=GND Pin=U2-16
Removed Pin From Net: NetName=3V3 Pin=U2-21
Removed Pin From Net: NetName=GND Pin=U2-23
Removed Pin From Net: NetName=GND Pin=U2-24
Added Pin To Net: NetName=1.8V Pin=R1-2
Added Pin To Net: NetName=1.8V Pin=R2-2
Added Pin To Net: NetName=1.8V Pin=U2-10
Added Pin To Net: NetName=1.8V Pin=U2-11
Added Pin To Net: NetName=1.8V Pin=U2-21
Change Net Name : Old Net Name=1.8V New Net Name=1V8
Added Pin To Net: NetName=NetR2_1 Pin=R2-1
Added Pin To Net: NetName=NetR2_1 Pin=U2-12
Added Pin To Net: NetName=NetR2_1 Pin=U2-13
Added Net: Name=NetR2_1
