Replace Part 1 3550120RJT in C:\Users\rjp5t\Documents\UWRT\electric_boogaloo\TempestBoards\Actuator\ActuatorMKII\ActuatorMKII_Circuits.SchDoc with 3550120RJT from Resistors.SchLib
Replace Part C3 CAPACITOR_0.001uF_0603 in C:\Users\rjp5t\Documents\UWRT\electric_boogaloo\TempestBoards\Actuator\ActuatorMKII\ActuatorMKII_Circuits.SchDoc with CAPACITOR_0.001uF_0603 from Capacitors.SchLib
Replace Part C4 CAP ALUM 100UF 20% 35V SMD in C:\Users\rjp5t\Documents\UWRT\electric_boogaloo\TempestBoards\Actuator\ActuatorMKII\ActuatorMKII_Circuits.SchDoc with CAP ALUM 100UF 20% 35V SMD from Capacitors.SchLib
Replace Part C5 CAP ALUM 0.1UF 20% 35V SMD in C:\Users\rjp5t\Documents\UWRT\electric_boogaloo\TempestBoards\Actuator\ActuatorMKII\ActuatorMKII_Circuits.SchDoc with CAP ALUM 0.1UF 20% 35V SMD from Capacitors.SchLib
Replace Part C7 CAP_ALUM_47uF in C:\Users\rjp5t\Documents\UWRT\electric_boogaloo\TempestBoards\Actuator\ActuatorMKII\ActuatorMKII_Circuits.SchDoc with CAP_ALUM_47uF from Capacitors.SchLib
Replace Part C8 CAP ALUM 0.1UF 20% 35V SMD in C:\Users\rjp5t\Documents\UWRT\electric_boogaloo\TempestBoards\Actuator\ActuatorMKII\ActuatorMKII_Circuits.SchDoc with CAP ALUM 0.1UF 20% 35V SMD from Capacitors.SchLib
Replace Part C9 CAPACITOR_10uF_1206_Tantalum_1 in C:\Users\rjp5t\Documents\UWRT\electric_boogaloo\TempestBoards\Actuator\ActuatorMKII\ActuatorMKII_Circuits.SchDoc with CAPACITOR_10uF_1206_Tantalum_1 from Capacitors.SchLib
Replace Part D1 Zener_Diode_10V_410mW in C:\Users\rjp5t\Documents\UWRT\electric_boogaloo\TempestBoards\Actuator\ActuatorMKII\ActuatorMKII_Circuits.SchDoc with Zener_Diode_10V_410mW from Diodes.SchLib
Replace Part D2 LED_Blue_0603 in C:\Users\rjp5t\Documents\UWRT\electric_boogaloo\TempestBoards\Actuator\ActuatorMKII\ActuatorMKII_Circuits.SchDoc with LED_Blue_0603 from Diodes.SchLib
Replace Part D3 LED_Green_0603_3V in C:\Users\rjp5t\Documents\UWRT\electric_boogaloo\TempestBoards\Actuator\ActuatorMKII\ActuatorMKII_Circuits.SchDoc with LED_Green_0603_3V from Diodes.SchLib
Replace Part D4 LED_Green_0603_3V in C:\Users\rjp5t\Documents\UWRT\electric_boogaloo\TempestBoards\Actuator\ActuatorMKII\ActuatorMKII_Circuits.SchDoc with LED_Green_0603_3V from Diodes.SchLib
Replace Part J1 Slide DPDT Switch in C:\Users\rjp5t\Documents\UWRT\electric_boogaloo\TempestBoards\Actuator\ActuatorMKII\ActuatorMKII_Circuits.SchDoc with Slide DPDT Switch from Switches.SchLib
Replace Part Q1 DMP3056L-7 in C:\Users\rjp5t\Documents\UWRT\electric_boogaloo\TempestBoards\Actuator\ActuatorMKII\ActuatorMKII_Circuits.SchDoc with DMP3056L-7 from Transistors.SchLib
Replace Part Q2 AO3404A in C:\Users\rjp5t\Documents\UWRT\electric_boogaloo\TempestBoards\Actuator\ActuatorMKII\ActuatorMKII_Circuits.SchDoc with AO3404A from Transistors.SchLib
Replace Part R2 RESISTOR_5.1K_0805 in C:\Users\rjp5t\Documents\UWRT\electric_boogaloo\TempestBoards\Actuator\ActuatorMKII\ActuatorMKII_Circuits.SchDoc with RESISTOR_5.1K_0805 from Resistors.SchLib
Replace Part R3 RESISTOR_33K_0805 in C:\Users\rjp5t\Documents\UWRT\electric_boogaloo\TempestBoards\Actuator\ActuatorMKII\ActuatorMKII_Circuits.SchDoc with RESISTOR_33K_0805 from Resistors.SchLib
Replace Part R4 RESISTOR_7.5K_0603 in C:\Users\rjp5t\Documents\UWRT\electric_boogaloo\TempestBoards\Actuator\ActuatorMKII\ActuatorMKII_Circuits.SchDoc with RESISTOR_7.5K_0603 from Resistors.SchLib
Replace Part R5 RESISTOR_5.1K_0805 in C:\Users\rjp5t\Documents\UWRT\electric_boogaloo\TempestBoards\Actuator\ActuatorMKII\ActuatorMKII_Circuits.SchDoc with RESISTOR_5.1K_0805 from Resistors.SchLib
Replace Part R6 RESISTOR_0.2_1%_2512 in C:\Users\rjp5t\Documents\UWRT\electric_boogaloo\TempestBoards\Actuator\ActuatorMKII\ActuatorMKII_Circuits.SchDoc with RESISTOR_0.2_1%_2512 from Resistors.SchLib
Replace Part R7 RESISTOR_1.2K_0805 in C:\Users\rjp5t\Documents\UWRT\electric_boogaloo\TempestBoards\Actuator\ActuatorMKII\ActuatorMKII_Circuits.SchDoc with RESISTOR_1.2K_0805 from Resistors.SchLib
Replace Part R8 RESISTOR_62_0603 in C:\Users\rjp5t\Documents\UWRT\electric_boogaloo\TempestBoards\Actuator\ActuatorMKII\ActuatorMKII_Circuits.SchDoc with RESISTOR_62_0603 from Resistors.SchLib
Replace Part R9 RESISTOR_62_0603 in C:\Users\rjp5t\Documents\UWRT\electric_boogaloo\TempestBoards\Actuator\ActuatorMKII\ActuatorMKII_Circuits.SchDoc with RESISTOR_62_0603 from Resistors.SchLib
Replace Part R10 RESISTOR_4.7K_0603 in C:\Users\rjp5t\Documents\UWRT\electric_boogaloo\TempestBoards\Actuator\ActuatorMKII\ActuatorMKII_Circuits.SchDoc with RESISTOR_4.7K_0603 from Resistors.SchLib
Replace Part U1 DRV8801PWPR in C:\Users\rjp5t\Documents\UWRT\electric_boogaloo\TempestBoards\Actuator\ActuatorMKII\ActuatorMKII_Circuits.SchDoc with DRV8801PWPR from Integrated Circuits.SchLib
Replace Part U2 TMR 6-2415 in C:\Users\rjp5t\Documents\UWRT\electric_boogaloo\TempestBoards\Actuator\ActuatorMKII\ActuatorMKII_Circuits.SchDoc with TMR 6-2415 from Converter.SchLib
Replace Part U3 MIC29300-12WU-TR in C:\Users\rjp5t\Documents\UWRT\electric_boogaloo\TempestBoards\Actuator\ActuatorMKII\ActuatorMKII_Circuits.SchDoc with MIC29300-12WU-TR from Converter.SchLib
Replace Part U4 AO3404A in C:\Users\rjp5t\Documents\UWRT\electric_boogaloo\TempestBoards\Actuator\ActuatorMKII\ActuatorMKII_Circuits.SchDoc with AO3404A from Transistors.SchLib
Replace Part U5 AO3404A in C:\Users\rjp5t\Documents\UWRT\electric_boogaloo\TempestBoards\Actuator\ActuatorMKII\ActuatorMKII_Circuits.SchDoc with AO3404A from Transistors.SchLib
