Removed Pin From Net: NetName=+24V Pin=C9-1
Removed Pin From Net: NetName=GND Pin=C9-2
Removed Pin From Net: NetName=+24V Pin=C10-1
Removed Pin From Net: NetName=GND Pin=C10-2
Added Component: Designator=C9(UVK1E223MRD_RA)
Add component (AddParameter): Name = "Made By"; Value = "Cole Davis"; VariantName = "[No Variations]"
Add component (AddParameter): Name = "Supplier 1"; Value = "Digi-Key"; VariantName = "[No Variations]"
Add component (AddParameter): Name = "Supplier Part Number 1"; Value = "493-12405-ND"; VariantName = "[No Variations]"
Add component (AddParameter): Name = "Value"; Value = "22000uF"; VariantName = "[No Variations]"
Add component (AddParameter): Name = "Verified By"; Value = "Name"; VariantName = "[No Variations]"
Add component (AddParameter): Name = "Voltage Range"; Value = "6.3-450V"; VariantName = "[No Variations]"
Added Component: Designator=C10(UVK1E223MRD_RA)
Add component (AddParameter): Name = "Made By"; Value = "Cole Davis"; VariantName = "[No Variations]"
Add component (AddParameter): Name = "Supplier 1"; Value = "Digi-Key"; VariantName = "[No Variations]"
Add component (AddParameter): Name = "Supplier Part Number 1"; Value = "493-12405-ND"; VariantName = "[No Variations]"
Add component (AddParameter): Name = "Value"; Value = "22000uF"; VariantName = "[No Variations]"
Add component (AddParameter): Name = "Verified By"; Value = "Name"; VariantName = "[No Variations]"
Add component (AddParameter): Name = "Voltage Range"; Value = "6.3-450V"; VariantName = "[No Variations]"
Added Pin To Net: NetName=+24V Pin=C9-1
Added Pin To Net: NetName=GND Pin=C9-2
Added Pin To Net: NetName=+24V Pin=C10-1
Added Pin To Net: NetName=GND Pin=C10-2
Change Net Name : Old Net Name=3V3 New Net Name=3V3_RP2CAN
Change Net Name : Old Net Name=GND New Net Name=GND_RP2CAN
Added Room: Name=ActuatorMKII_Connectors
Added Room: Name=U_ActuatorMKII_Circuits
Added Room: Name=U_ActuatorMKII_Microcontroller
Added Room: Name=U_ActuatorMKII_Torpedoes
Added Room: Name=U_RP2040_C
Added Room: Name=U_RP2040_with_CAN
