Removed Pin From Net: NetName=GND_RP2CAN Pin=U1-V
Removed Pin From Net: NetName=GND_RP2CAN Pin=U1-V
Removed Pin From Net: NetName=GND_RP2CAN Pin=U1-V
Removed Pin From Net: NetName=GND_RP2CAN Pin=U1-V
Change Component Designator: OldDesignator=C1 NewDesignator=C2
Change Component Designator: OldDesignator=C2 NewDesignator=C3
Change Component Designator: OldDesignator=C3 NewDesignator=C4
Change Component Designator: OldDesignator=C4 NewDesignator=C5
Change Component Designator: OldDesignator=C5 NewDesignator=C6
Change Component Designator: OldDesignator=C6 NewDesignator=C7
Change Component Designator: OldDesignator=C7 NewDesignator=C8
Change Component Designator: OldDesignator=C8 NewDesignator=C9
Change Component Designator: OldDesignator=C9 NewDesignator=C10
Change Component Designator: OldDesignator=C10 NewDesignator=C11
Change Component Designator: OldDesignator=C11 NewDesignator=C12
Change Component Designator: OldDesignator=C12 NewDesignator=C13
Change Component Designator: OldDesignator=C13 NewDesignator=C14
Change Component Designator: OldDesignator=C14 NewDesignator=C15
Change Component Description : Designator=D9 Old Description=Zener Diode New Description=Zener Diode | 3.3 V | 250 mW | SOT-23
Change Component Description : Designator=D1 Old Description=Zener Diode New Description=Zener Diode | 10 V | 410 mW | SOD 123
Added Component: Designator=C1(CAPACITOR_0603)
Add component (AddParameter): Name = "ComponentLink1Description"; Value = "Digikey"; VariantName = "[No Variations]"
Add component (AddParameter): Name = "ComponentLink1URL"; Value = "https://www.digikey.com/en/products/detail/samsung-electro-mechanics/CL10A106MQ8NNNC/3886777"; VariantName = "[No Variations]"
Add component (AddParameter): Name = "Made By"; Value = "Flip B"; VariantName = "[No Variations]"
Add component (AddParameter): Name = "Supplier 1"; Value = "Digi-Key"; VariantName = "[No Variations]"
Add component (AddParameter): Name = "Supplier Part Number 1"; Value = "1276-1119-1-ND"; VariantName = "[No Variations]"
Add component (AddParameter): Name = "Tolerance"; Value = "+/- 20%"; VariantName = "[No Variations]"
Add component (AddParameter): Name = "Value (uF)"; Value = "10 uF"; VariantName = "[No Variations]"
Add component (AddParameter): Name = "Verified By"; Value = ""; VariantName = "[No Variations]"
Add component (AddParameter): Name = "Voltage"; Value = "6.3V"; VariantName = "[No Variations]"
Added Pin To Net: NetName=+5V Pin=C1-1
Added Pin To Net: NetName=GND_RP2CAN Pin=C1-2
Change Net Name : Old Net Name=NetC1_1 New Net Name=NetC2_1
Change Net Name : Old Net Name=NetC5_1 New Net Name=NetC6_1
Change Net Name : Old Net Name=NetC5_2 New Net Name=NetC6_2
Added Member To Class: ClassName=ActuatorMKII_Connectors Member=Component C1 10uF Ceramic 6.3V
Added Room: Name=ActuatorMKII_Connectors
Added Room: Name=U_ActuatorMKII_Circuits
Added Room: Name=U_ActuatorMKII_Microcontroller
Added Room: Name=U_ActuatorMKII_Torpedoes
Added Room: Name=U_RP2040_C
Added Room: Name=U_RP2040_with_CAN
