Replace Part C10 CAPACITOR_22000uF_Radial in C:\Users\rjp5t\Documents\UWRT\electric_boogaloo\TempestBoards\Actuator\ActuatorMKII\ActuatorMKII_Torpedoes.SchDoc with CAPACITOR_22000uF_Radial from Capacitors.SchLib
Replace Part C11 CAPACITOR_22000uF_Radial in C:\Users\rjp5t\Documents\UWRT\electric_boogaloo\TempestBoards\Actuator\ActuatorMKII\ActuatorMKII_Torpedoes.SchDoc with CAPACITOR_22000uF_Radial from Capacitors.SchLib
Replace Part D5 SCHOTTKY_30V_3A in C:\Users\rjp5t\Documents\UWRT\electric_boogaloo\TempestBoards\Actuator\ActuatorMKII\ActuatorMKII_Torpedoes.SchDoc with SCHOTTKY_30V_3A from Diodes.SchLib
Replace Part D6 SCHOTTKY_30V_3A in C:\Users\rjp5t\Documents\UWRT\electric_boogaloo\TempestBoards\Actuator\ActuatorMKII\ActuatorMKII_Torpedoes.SchDoc with SCHOTTKY_30V_3A from Diodes.SchLib
Replace Part D7 SCHOTTKY_30V_3A in C:\Users\rjp5t\Documents\UWRT\electric_boogaloo\TempestBoards\Actuator\ActuatorMKII\ActuatorMKII_Torpedoes.SchDoc with SCHOTTKY_30V_3A from Diodes.SchLib
Replace Part D8 LED_Red_0603 in C:\Users\rjp5t\Documents\UWRT\electric_boogaloo\TempestBoards\Actuator\ActuatorMKII\ActuatorMKII_Torpedoes.SchDoc with LED_Red_0603 from Diodes.SchLib
Replace Part D9 Zener_Diode_3.3V_250mW_1 in C:\Users\rjp5t\Documents\UWRT\electric_boogaloo\TempestBoards\Actuator\ActuatorMKII\ActuatorMKII_Torpedoes.SchDoc with Zener_Diode_3.3V_250mW_1 from Diodes.SchLib
Replace Part D10 LED_Red_0603 in C:\Users\rjp5t\Documents\UWRT\electric_boogaloo\TempestBoards\Actuator\ActuatorMKII\ActuatorMKII_Torpedoes.SchDoc with LED_Red_0603 from Diodes.SchLib
Replace Part R11 RESISTOR_10K_0603 in C:\Users\rjp5t\Documents\UWRT\electric_boogaloo\TempestBoards\Actuator\ActuatorMKII\ActuatorMKII_Torpedoes.SchDoc with RESISTOR_10K_0603 from Resistors.SchLib
Replace Part R12 RESISTOR_10K_0603 in C:\Users\rjp5t\Documents\UWRT\electric_boogaloo\TempestBoards\Actuator\ActuatorMKII\ActuatorMKII_Torpedoes.SchDoc with RESISTOR_10K_0603 from Resistors.SchLib
Replace Part R13 RESISTOR_10K_0603 in C:\Users\rjp5t\Documents\UWRT\electric_boogaloo\TempestBoards\Actuator\ActuatorMKII\ActuatorMKII_Torpedoes.SchDoc with RESISTOR_10K_0603 from Resistors.SchLib
Replace Part R14 RESISTOR_10K_0603 in C:\Users\rjp5t\Documents\UWRT\electric_boogaloo\TempestBoards\Actuator\ActuatorMKII\ActuatorMKII_Torpedoes.SchDoc with RESISTOR_10K_0603 from Resistors.SchLib
Replace Part R15 RESISTOR_10K_0603 in C:\Users\rjp5t\Documents\UWRT\electric_boogaloo\TempestBoards\Actuator\ActuatorMKII\ActuatorMKII_Torpedoes.SchDoc with RESISTOR_10K_0603 from Resistors.SchLib
Replace Part R16 RESISTOR_10K_0603 in C:\Users\rjp5t\Documents\UWRT\electric_boogaloo\TempestBoards\Actuator\ActuatorMKII\ActuatorMKII_Torpedoes.SchDoc with RESISTOR_10K_0603 from Resistors.SchLib
Replace Part R17 RESISTOR_10K_0603 in C:\Users\rjp5t\Documents\UWRT\electric_boogaloo\TempestBoards\Actuator\ActuatorMKII\ActuatorMKII_Torpedoes.SchDoc with RESISTOR_10K_0603 from Resistors.SchLib
Replace Part R18 RESISTOR_4.7K_0603 in C:\Users\rjp5t\Documents\UWRT\electric_boogaloo\TempestBoards\Actuator\ActuatorMKII\ActuatorMKII_Torpedoes.SchDoc with RESISTOR_4.7K_0603 from Resistors.SchLib
Replace Part R19 RESISTOR_10K_0603 in C:\Users\rjp5t\Documents\UWRT\electric_boogaloo\TempestBoards\Actuator\ActuatorMKII\ActuatorMKII_Torpedoes.SchDoc with RESISTOR_10K_0603 from Resistors.SchLib
Replace Part R20 RESISTOR_100K_0.5%_0603 in C:\Users\rjp5t\Documents\UWRT\electric_boogaloo\TempestBoards\Actuator\ActuatorMKII\ActuatorMKII_Torpedoes.SchDoc with RESISTOR_100K_0.5%_0603 from Resistors.SchLib
Replace Part R21 3560100RJT in C:\Users\rjp5t\Documents\UWRT\electric_boogaloo\TempestBoards\Actuator\ActuatorMKII\ActuatorMKII_Torpedoes.SchDoc with 3560100RJT from Resistors.SchLib
Replace Part R22 RESISTOR_12K_0.5%_0603 in C:\Users\rjp5t\Documents\UWRT\electric_boogaloo\TempestBoards\Actuator\ActuatorMKII\ActuatorMKII_Torpedoes.SchDoc with RESISTOR_12K_0.5%_0603 from Resistors.SchLib
Replace Part R24 RESISTOR_10K_0603 in C:\Users\rjp5t\Documents\UWRT\electric_boogaloo\TempestBoards\Actuator\ActuatorMKII\ActuatorMKII_Torpedoes.SchDoc with RESISTOR_10K_0603 from Resistors.SchLib
Replace Part U6 FDD4141 in C:\Users\rjp5t\Documents\UWRT\electric_boogaloo\TempestBoards\Actuator\ActuatorMKII\ActuatorMKII_Torpedoes.SchDoc with FDD4141 from Transistors.SchLib
Replace Part U7 FDD4141 in C:\Users\rjp5t\Documents\UWRT\electric_boogaloo\TempestBoards\Actuator\ActuatorMKII\ActuatorMKII_Torpedoes.SchDoc with FDD4141 from Transistors.SchLib
Replace Part U8 IPD78CN10NGATMA1 in C:\Users\rjp5t\Documents\UWRT\electric_boogaloo\TempestBoards\Actuator\ActuatorMKII\ActuatorMKII_Torpedoes.SchDoc with IPD78CN10NGATMA1 from Transistors.SchLib
Replace Part U9 IPD78CN10NGATMA1 in C:\Users\rjp5t\Documents\UWRT\electric_boogaloo\TempestBoards\Actuator\ActuatorMKII\ActuatorMKII_Torpedoes.SchDoc with IPD78CN10NGATMA1 from Transistors.SchLib
Replace Part U10 IPD78CN10NGATMA1 in C:\Users\rjp5t\Documents\UWRT\electric_boogaloo\TempestBoards\Actuator\ActuatorMKII\ActuatorMKII_Torpedoes.SchDoc with IPD78CN10NGATMA1 from Transistors.SchLib
Replace Part U11 AO3404A in C:\Users\rjp5t\Documents\UWRT\electric_boogaloo\TempestBoards\Actuator\ActuatorMKII\ActuatorMKII_Torpedoes.SchDoc with AO3404A from Transistors.SchLib
Replace Part U12 AO3404A in C:\Users\rjp5t\Documents\UWRT\electric_boogaloo\TempestBoards\Actuator\ActuatorMKII\ActuatorMKII_Torpedoes.SchDoc with AO3404A from Transistors.SchLib
Replace Part U13 AO3404A in C:\Users\rjp5t\Documents\UWRT\electric_boogaloo\TempestBoards\Actuator\ActuatorMKII\ActuatorMKII_Torpedoes.SchDoc with AO3404A from Transistors.SchLib
Replace Part U14 AO3404A in C:\Users\rjp5t\Documents\UWRT\electric_boogaloo\TempestBoards\Actuator\ActuatorMKII\ActuatorMKII_Torpedoes.SchDoc with AO3404A from Transistors.SchLib
Replace Part U15 AO3404A in C:\Users\rjp5t\Documents\UWRT\electric_boogaloo\TempestBoards\Actuator\ActuatorMKII\ActuatorMKII_Torpedoes.SchDoc with AO3404A from Transistors.SchLib
Replace Part U16 IPD78CN10NGATMA1 in C:\Users\rjp5t\Documents\UWRT\electric_boogaloo\TempestBoards\Actuator\ActuatorMKII\ActuatorMKII_Torpedoes.SchDoc with IPD78CN10NGATMA1 from Transistors.SchLib
Replace Part U17 FDD4141 in C:\Users\rjp5t\Documents\UWRT\electric_boogaloo\TempestBoards\Actuator\ActuatorMKII\ActuatorMKII_Torpedoes.SchDoc with FDD4141 from Transistors.SchLib
Replace Part U18 AO3404A in C:\Users\rjp5t\Documents\UWRT\electric_boogaloo\TempestBoards\Actuator\ActuatorMKII\ActuatorMKII_Torpedoes.SchDoc with AO3404A from Transistors.SchLib
