Removed Pin From Net: NetName=V+ Pin=Q1-3
Removed Pin From Net: NetName=TORPEDO_1 Pin=U6-2
Removed Pin From Net: NetName=+24V Pin=U6-3
Removed Pin From Net: NetName=TORPEDO_2 Pin=U7-2
Removed Pin From Net: NetName=+24V Pin=U7-3
Removed Pin From Net: NetName=COIL_1 Pin=U8-2
Removed Pin From Net: NetName=GND Pin=U8-3
Removed Pin From Net: NetName=COIL_3 Pin=U9-2
Removed Pin From Net: NetName=GND Pin=U9-3
Removed Pin From Net: NetName=COIL_2 Pin=U10-2
Removed Pin From Net: NetName=GND Pin=U10-3
Removed Pin From Net: NetName=+24V Pin=U16-2
Removed Pin From Net: NetName=NetR21_1 Pin=U16-3
Removed Pin From Net: NetName=NetR21_1 Pin=U17-2
Removed Pin From Net: NetName=+24V Pin=U17-3
Change Component Footprint: Designator=U8 Old Footprint=IPD78CN10NGATMA1 New Footprint=DPAK_ONS
Change Component Footprint: Designator=U9 Old Footprint=IPD78CN10NGATMA1 New Footprint=DPAK_ONS
Change Component Footprint: Designator=U10 Old Footprint=IPD78CN10NGATMA1 New Footprint=DPAK_ONS
Change Component Footprint: Designator=U16 Old Footprint=IPD78CN10NGATMA1 New Footprint=DPAK_ONS
Change Component Description : Designator=D9 Old Description=Zener Diode New Description=Zener Diode | 3.3 V | 250 mW | SOT-23
Change Component Description : Designator=D1 Old Description=Zener Diode New Description=Zener Diode | 10 V | 410 mW | SOD 123
Added Pin To Net: NetName=V+ Pin=Q1-2
Added Pin To Net: NetName=+24V Pin=U6-2
Added Pin To Net: NetName=TORPEDO_1 Pin=U6-3
Added Pin To Net: NetName=+24V Pin=U7-2
Added Pin To Net: NetName=TORPEDO_2 Pin=U7-3
Added Pin To Net: NetName=GND Pin=U8-2
Added Pin To Net: NetName=COIL_1 Pin=U8-3
Added Pin To Net: NetName=GND Pin=U9-2
Added Pin To Net: NetName=COIL_3 Pin=U9-3
Added Pin To Net: NetName=GND Pin=U10-2
Added Pin To Net: NetName=COIL_2 Pin=U10-3
Added Pin To Net: NetName=NetR21_1 Pin=U16-2
Added Pin To Net: NetName=+24V Pin=U16-3
Added Pin To Net: NetName=+24V Pin=U17-2
Added Pin To Net: NetName=NetR21_1 Pin=U17-3
Added Pin To Net: NetName=NetQ1_3 Pin=Q1-3
Added Pin To Net: NetName=NetQ1_3 Pin=R4-1
Added Net: Name=NetQ1_3
