Removed Pin From Net: NetName=MOTOR_PHASE Pin=U1R-2
Removed Pin From Net: NetName=MOTOR_EN Pin=U1R-3
Removed Pin From Net: NetName=MOTOR_SLEEP Pin=U1R-4
Removed Pin From Net: NetName=TORP_SEL1 Pin=U1R-5
Removed Pin From Net: NetName=TORP_SEL2 Pin=U1R-6
Removed Pin From Net: NetName=TORP_COIL1 Pin=U1R-7
Removed Pin From Net: NetName=TORP_COIL2 Pin=U1R-8
Removed Pin From Net: NetName=TORP_COIL3 Pin=U1R-9
Removed Pin From Net: NetName=ACT_PWM_3.3V Pin=U1R-11
Removed Pin From Net: NetName=TORP_ARM Pin=U1R-12
Removed Pin From Net: NetName=RGB_DATA Pin=U1R-13
Removed Pin From Net: NetName=DRAIN Pin=U1R-14
Removed Pin From Net: NetName=ACT_CHECK_3.3V Pin=U1R-15
Removed Pin From Net: NetName=MARKER_1 Pin=U1R-35
Removed Pin From Net: NetName=MARKER_2 Pin=U1R-36
Removed Pin From Net: NetName=MOTOR_FAULT Pin=U1R-37
Removed Pin From Net: NetName=MOTOR_MODE1 Pin=U1R-38
Removed Pin From Net: NetName=MOTOR_MODE2 Pin=U1R-39
Change Component Description : Designator=D9 Old Description=Zener Diode New Description=Zener Diode | 3.3 V | 250 mW | SOT-23
Change Component Description : Designator=D1 Old Description=Zener Diode New Description=Zener Diode | 10 V | 410 mW | SOD 123
Added Pin To Net: NetName=MOTOR_EN Pin=U1R-2
Added Pin To Net: NetName=MOTOR_SLEEP Pin=U1R-3
Added Pin To Net: NetName=MOTOR_PHASE Pin=U1R-4
Added Pin To Net: NetName=MOTOR_MODE1 Pin=U1R-5
Added Pin To Net: NetName=MOTOR_FAULT Pin=U1R-6
Added Pin To Net: NetName=MOTOR_MODE2 Pin=U1R-7
Added Pin To Net: NetName=TORP_SEL2 Pin=U1R-8
Added Pin To Net: NetName=TORP_SEL1 Pin=U1R-9
Added Pin To Net: NetName=DRAIN Pin=U1R-11
Added Pin To Net: NetName=ACT_PWM_3.3V Pin=U1R-12
Added Pin To Net: NetName=ACT_CHECK_3.3V Pin=U1R-13
Added Pin To Net: NetName=TORP_ARM Pin=U1R-14
Added Pin To Net: NetName=RGB_DATA Pin=U1R-15
Added Pin To Net: NetName=MARKER_2 Pin=U1R-35
Added Pin To Net: NetName=MARKER_1 Pin=U1R-36
Added Pin To Net: NetName=TORP_COIL3 Pin=U1R-37
Added Pin To Net: NetName=TORP_COIL2 Pin=U1R-38
Added Pin To Net: NetName=TORP_COIL1 Pin=U1R-39
Added Room: Name=U_ActuatorMKII_Circuits
Added Room: Name=U_ActuatorMKII_Connectors
Added Room: Name=U_ActuatorMKII_Microcontroller
Added Room: Name=U_ActuatorMKII_Torpedoes
Added Room: Name=U_RP2040_C
Added Room: Name=U_RP2040_with_CAN
