Change Component Comment : Designator=C9 Old Comment=Comment New Comment=Cap 22000uF 22V +/-20% Aluminum
Change Component Comment : Designator=C10 Old Comment=Comment New Comment=Cap 22000uF 22V +/-20% Aluminum
Change component parameters: Designator = "C9" ("C9"); Footprint = "UVK1E223MRD_RA"; UniqueID = "\OPTMEVDA\SCHBBIBJ" ("\OPTMEVDA\SCHBBIBJ")
Change component parameters (AddParameter): Name = "Made By"; Value = "Cole Davis"; VariantName = "[No Variations]"
Change component parameters (AddParameter): Name = "Supplier 1"; Value = "Digi-Key"; VariantName = "[No Variations]"
Change component parameters (AddParameter): Name = "Supplier Part Number 1"; Value = "493-12405-ND"; VariantName = "[No Variations]"
Change component parameters (AddParameter): Name = "Value"; Value = "22000uF"; VariantName = "[No Variations]"
Change component parameters (AddParameter): Name = "Verified By"; Value = "Name"; VariantName = "[No Variations]"
Change component parameters (AddParameter): Name = "Voltage Range"; Value = "6.3-450V"; VariantName = "[No Variations]"
Change component parameters: Designator = "C10" ("C10"); Footprint = "UVK1E223MRD_RA"; UniqueID = "\OPTMEVDA\GPQYJMWH" ("\OPTMEVDA\GPQYJMWH")
Change component parameters (AddParameter): Name = "Made By"; Value = "Cole Davis"; VariantName = "[No Variations]"
Change component parameters (AddParameter): Name = "Supplier 1"; Value = "Digi-Key"; VariantName = "[No Variations]"
Change component parameters (AddParameter): Name = "Supplier Part Number 1"; Value = "493-12405-ND"; VariantName = "[No Variations]"
Change component parameters (AddParameter): Name = "Value"; Value = "22000uF"; VariantName = "[No Variations]"
Change component parameters (AddParameter): Name = "Verified By"; Value = "Name"; VariantName = "[No Variations]"
Change component parameters (AddParameter): Name = "Voltage Range"; Value = "6.3-450V"; VariantName = "[No Variations]"
Added Pin To Net: NetName=+24V Pin=C9-1
Added Pin To Net: NetName=GND Pin=C9-2
Added Pin To Net: NetName=+24V Pin=C10-1
Added Pin To Net: NetName=GND Pin=C10-2
Change Net Name : Old Net Name=3V3 New Net Name=3V3_RP2CAN
Change Net Name : Old Net Name=GND New Net Name=GND_RP2CAN
Added Member To Class: ClassName=U_ActuatorMKII_Torpedoes Member=Component C9 Cap 22000uF 22V +/-20% Aluminum
Added Member To Class: ClassName=U_ActuatorMKII_Torpedoes Member=Component C10 Cap 22000uF 22V +/-20% Aluminum
Added Room: Name=ActuatorMKII_Connectors
Added Room: Name=U_ActuatorMKII_Circuits
Added Room: Name=U_ActuatorMKII_Microcontroller
Added Room: Name=U_ActuatorMKII_Torpedoes
Added Room: Name=U_RP2040_C
Added Room: Name=U_RP2040_with_CAN
