Replace Part C12 CAPACITOR_10uF_0603 in C:\Users\rjp5t\Documents\UWRT\electric_boogaloo\TempestBoards\Actuator\ActuatorMKII\ActuatorMKII_Microcontroller.SchDoc with CAPACITOR_10uF_0603 from Capacitors.SchLib
Replace Part C13 CAPACITOR_10uF_0603 in C:\Users\rjp5t\Documents\UWRT\electric_boogaloo\TempestBoards\Actuator\ActuatorMKII\ActuatorMKII_Microcontroller.SchDoc with CAPACITOR_10uF_0603 from Capacitors.SchLib
Replace Part C14 CAPACITOR_0.1uF_0603 in C:\Users\rjp5t\Documents\UWRT\electric_boogaloo\TempestBoards\Actuator\ActuatorMKII\ActuatorMKII_Microcontroller.SchDoc with CAPACITOR_0.1uF_0603 from Capacitors.SchLib
Replace Part C15 CAPACITOR_0.1uF_0603 in C:\Users\rjp5t\Documents\UWRT\electric_boogaloo\TempestBoards\Actuator\ActuatorMKII\ActuatorMKII_Microcontroller.SchDoc with CAPACITOR_0.1uF_0603 from Capacitors.SchLib
Replace Part D11 RCLAMP0504S.TCT in C:\Users\rjp5t\Documents\UWRT\electric_boogaloo\TempestBoards\Actuator\ActuatorMKII\ActuatorMKII_Microcontroller.SchDoc with RCLAMP0504S.TCT from Diodes.SchLib
Replace Part J2 CONN_MICROUSB in C:\Users\rjp5t\Documents\UWRT\electric_boogaloo\TempestBoards\Actuator\ActuatorMKII\ActuatorMKII_Microcontroller.SchDoc with CONN_MICROUSB from Connectors.SchLib
Replace Part R25 RESISTOR_10K_0603 in C:\Users\rjp5t\Documents\UWRT\electric_boogaloo\TempestBoards\Actuator\ActuatorMKII\ActuatorMKII_Microcontroller.SchDoc with RESISTOR_10K_0603 from Resistors.SchLib
Replace Part R26 RESISTOR_10K_0603 in C:\Users\rjp5t\Documents\UWRT\electric_boogaloo\TempestBoards\Actuator\ActuatorMKII\ActuatorMKII_Microcontroller.SchDoc with RESISTOR_10K_0603 from Resistors.SchLib
Replace Part R27 RESISTOR_10K_0603 in C:\Users\rjp5t\Documents\UWRT\electric_boogaloo\TempestBoards\Actuator\ActuatorMKII\ActuatorMKII_Microcontroller.SchDoc with RESISTOR_10K_0603 from Resistors.SchLib
Replace Part R28 RESISTOR_10K_0603 in C:\Users\rjp5t\Documents\UWRT\electric_boogaloo\TempestBoards\Actuator\ActuatorMKII\ActuatorMKII_Microcontroller.SchDoc with RESISTOR_10K_0603 from Resistors.SchLib
Replace Part R29 RESISTOR_10K_0603 in C:\Users\rjp5t\Documents\UWRT\electric_boogaloo\TempestBoards\Actuator\ActuatorMKII\ActuatorMKII_Microcontroller.SchDoc with RESISTOR_10K_0603 from Resistors.SchLib
Replace Part R30 RESISTOR_10K_0603 in C:\Users\rjp5t\Documents\UWRT\electric_boogaloo\TempestBoards\Actuator\ActuatorMKII\ActuatorMKII_Microcontroller.SchDoc with RESISTOR_10K_0603 from Resistors.SchLib
Replace Part R31 RESISTOR_10K_0603 in C:\Users\rjp5t\Documents\UWRT\electric_boogaloo\TempestBoards\Actuator\ActuatorMKII\ActuatorMKII_Microcontroller.SchDoc with RESISTOR_10K_0603 from Resistors.SchLib
Replace Part R32 RESISTOR_10K_0603 in C:\Users\rjp5t\Documents\UWRT\electric_boogaloo\TempestBoards\Actuator\ActuatorMKII\ActuatorMKII_Microcontroller.SchDoc with RESISTOR_10K_0603 from Resistors.SchLib
Replace Part R33 RESISTOR_10K_0603 in C:\Users\rjp5t\Documents\UWRT\electric_boogaloo\TempestBoards\Actuator\ActuatorMKII\ActuatorMKII_Microcontroller.SchDoc with RESISTOR_10K_0603 from Resistors.SchLib
Replace Part R34 RESISTOR_10K_0603 in C:\Users\rjp5t\Documents\UWRT\electric_boogaloo\TempestBoards\Actuator\ActuatorMKII\ActuatorMKII_Microcontroller.SchDoc with RESISTOR_10K_0603 from Resistors.SchLib
Replace Part R35 RESISTOR_10K_0603 in C:\Users\rjp5t\Documents\UWRT\electric_boogaloo\TempestBoards\Actuator\ActuatorMKII\ActuatorMKII_Microcontroller.SchDoc with RESISTOR_10K_0603 from Resistors.SchLib
Replace Part R36 RESISTOR_10K_0603 in C:\Users\rjp5t\Documents\UWRT\electric_boogaloo\TempestBoards\Actuator\ActuatorMKII\ActuatorMKII_Microcontroller.SchDoc with RESISTOR_10K_0603 from Resistors.SchLib
Replace Part R37 RESISTOR_10K_0603 in C:\Users\rjp5t\Documents\UWRT\electric_boogaloo\TempestBoards\Actuator\ActuatorMKII\ActuatorMKII_Microcontroller.SchDoc with RESISTOR_10K_0603 from Resistors.SchLib
Replace Part R38 RESISTOR_10K_0603 in C:\Users\rjp5t\Documents\UWRT\electric_boogaloo\TempestBoards\Actuator\ActuatorMKII\ActuatorMKII_Microcontroller.SchDoc with RESISTOR_10K_0603 from Resistors.SchLib
Replace Part R39 RESISTOR_10K_0603 in C:\Users\rjp5t\Documents\UWRT\electric_boogaloo\TempestBoards\Actuator\ActuatorMKII\ActuatorMKII_Microcontroller.SchDoc with RESISTOR_10K_0603 from Resistors.SchLib
Replace Part R40 RESISTOR_10K_0603 in C:\Users\rjp5t\Documents\UWRT\electric_boogaloo\TempestBoards\Actuator\ActuatorMKII\ActuatorMKII_Microcontroller.SchDoc with RESISTOR_10K_0603 from Resistors.SchLib
Replace Part R41 RESISTOR_10K_0603 in C:\Users\rjp5t\Documents\UWRT\electric_boogaloo\TempestBoards\Actuator\ActuatorMKII\ActuatorMKII_Microcontroller.SchDoc with RESISTOR_10K_0603 from Resistors.SchLib
Replace Part U19 LM1117IMPX-3.3/NOPB in C:\Users\rjp5t\Documents\UWRT\electric_boogaloo\TempestBoards\Actuator\ActuatorMKII\ActuatorMKII_Microcontroller.SchDoc with LM1117IMPX-3.3/NOPB from Converter.SchLib
Replace Part U20 PI4ULS5V202UEX in C:\Users\rjp5t\Documents\UWRT\electric_boogaloo\TempestBoards\Actuator\ActuatorMKII\ActuatorMKII_Microcontroller.SchDoc with PI4ULS5V202UEX from Integrated Circuits.SchLib
