Removed Pin From Net: NetName=V+ Pin=C3-1
Removed Pin From Net: NetName=V+ Pin=C7-1
Removed Pin From Net: NetName=V+ Pin=J5-3
Removed Pin From Net: NetName=V+ Pin=PS1-1
Removed Pin From Net: NetName=V+ Pin=PS2-1
Removed Pin From Net: NetName=V+ Pin=Q2-1
Removed Pin From Net: NetName=V+ Pin=Q2-2
Removed Pin From Net: NetName=V+ Pin=Q2-3
Removed Pin From Net: NetName=V+ Pin=Q3-1
Removed Pin From Net: NetName=V+ Pin=Q3-2
Removed Pin From Net: NetName=V+ Pin=Q3-3
Removed Pin From Net: NetName=V+ Pin=R4-1
Removed Pin From Net: NetName=V+ Pin=R10-1
Removed Pin From Net: NetName=V+ Pin=R16-1
Removed Pin From Net: NetName=V+ Pin=R37-1
Added Component: Designator=U?(D2PAK_VIS)
Add component (AddParameter): Name = "Copyright"; Value = "Copyright (C) 2023 Ultra Librarian. All rights reserved."; VariantName = "[No Variations]"
Add component (AddParameter): Name = "Manufacturer_Part_Number"; Value = "MBRB2545CT"; VariantName = "[No Variations]"
Add component (AddParameter): Name = "Mfr_Name"; Value = "Vishay"; VariantName = "[No Variations]"
Add component (AddParameter): Name = "RefDes"; Value = "RefDes"; VariantName = "[No Variations]"
Add component (AddParameter): Name = "Type"; Value = "DEV"; VariantName = "[No Variations]"
Change Net Name : Old Net Name=V+ New Net Name=V++
Added Pin To Net: NetName=V+ Pin=J5-3
Added Pin To Net: NetName=V+ Pin=Q2-1
Added Pin To Net: NetName=V+ Pin=Q2-2
Added Pin To Net: NetName=V+ Pin=Q2-3
Added Pin To Net: NetName=V+ Pin=Q3-1
Added Pin To Net: NetName=V+ Pin=Q3-2
Added Pin To Net: NetName=V+ Pin=Q3-3
Added Pin To Net: NetName=V+ Pin=R4-1
Added Pin To Net: NetName=V+ Pin=R10-1
Added Pin To Net: NetName=V+ Pin=R16-1
Added Pin To Net: NetName=V+ Pin=R37-1
Added Pin To Net: NetName=V+ Pin=U?-1
Added Pin To Net: NetName=V+ Pin=U?-3
Added Net: Name=V+
Added Pin To Net: NetName=Vreg Pin=C3-1
Added Pin To Net: NetName=Vreg Pin=C7-1
Added Pin To Net: NetName=Vreg Pin=PS1-1
Added Pin To Net: NetName=Vreg Pin=PS2-1
Added Pin To Net: NetName=Vreg Pin=U?-2
Added Net: Name=Vreg
Added Member To Class: ClassName=PD_MK2_Connectors Member=Component R1 5.1K
Added Member To Class: ClassName=PD_MK2_Connectors Member=Component R2 4.7k Ohm 5% 1/10W
Added Member To Class: ClassName=U_PD_MK2_Power Member=Component U? MBRB2545CT
Added Room: Name=U_RP2040_with_CAN
