Removed Pin From Net: NetName=3V3_RP2CAN Pin=C1C-1
Removed Pin From Net: NetName=GND_RP2CAN Pin=C1C-2
Removed Pin From Net: NetName=GND_RP2CAN Pin=C1R-2
Removed Pin From Net: NetName=GND_RP2CAN Pin=C2C-1
Removed Pin From Net: NetName=GND_RP2CAN Pin=C2R-2
Removed Pin From Net: NetName=3V3_RP2CAN Pin=C3C-1
Removed Pin From Net: NetName=GND_RP2CAN Pin=C3C-2
Removed Pin From Net: NetName=3V3_RP2CAN Pin=C3R-1
Removed Pin From Net: NetName=GND_RP2CAN Pin=C3R-2
Removed Pin From Net: NetName=+5V Pin=C4C-1
Removed Pin From Net: NetName=GND_RP2CAN Pin=C4C-2
Removed Pin From Net: NetName=3V3_RP2CAN Pin=C4R-1
Removed Pin From Net: NetName=GND_RP2CAN Pin=C4R-2
Removed Pin From Net: NetName=3V3_RP2CAN Pin=C5C-1
Removed Pin From Net: NetName=GND_RP2CAN Pin=C5C-2
Removed Pin From Net: NetName=3V3_RP2CAN Pin=C5R-1
Removed Pin From Net: NetName=GND_RP2CAN Pin=C5R-2
Removed Pin From Net: NetName=3V3_RP2CAN Pin=C6R-1
Removed Pin From Net: NetName=GND_RP2CAN Pin=C6R-2
Removed Pin From Net: NetName=3V3_RP2CAN Pin=C7R-1
Removed Pin From Net: NetName=GND_RP2CAN Pin=C7R-2
Removed Pin From Net: NetName=3V3_RP2CAN Pin=C8R-1
Removed Pin From Net: NetName=GND_RP2CAN Pin=C8R-2
Removed Pin From Net: NetName=3V3_RP2CAN Pin=C9R-1
Removed Pin From Net: NetName=GND_RP2CAN Pin=C9R-2
Removed Pin From Net: NetName=3V3_RP2CAN Pin=C10R-1
Removed Pin From Net: NetName=GND_RP2CAN Pin=C10R-2
Removed Pin From Net: NetName=GND_RP2CAN Pin=C11R-2
Removed Pin From Net: NetName=GND_RP2CAN Pin=C12R-2
Removed Pin From Net: NetName=GND_RP2CAN Pin=C13R-2
Removed Pin From Net: NetName=3V3_RP2CAN Pin=D1C-4
Removed Pin From Net: NetName=3V3_RP2CAN Pin=J1R-2
Removed Pin From Net: NetName=GND_RP2CAN Pin=J1R-6
Removed Pin From Net: NetName=3V3_RP2CAN Pin=R1C-1
Removed Pin From Net: NetName=USB_P Pin=R2R-1
Removed Pin From Net: NetName=USB_N Pin=R3R-1
Removed Pin From Net: NetName=3V3_RP2CAN Pin=R4C-1
Removed Pin From Net: NetName=3V3_RP2CAN Pin=R4R-1
Removed Pin From Net: NetName=3V3_RP2CAN Pin=R5R-1
Removed Pin From Net: NetName=GND_RP2CAN Pin=R6C-2
Removed Pin From Net: NetName=CANL Pin=SW1C-1
Removed Pin From Net: NetName=CANH Pin=SW1C-4
Removed Pin From Net: NetName=GND_RP2CAN Pin=SW1C-6
Removed Pin From Net: NetName=GND_RP2CAN Pin=SW1R-B1
Removed Pin From Net: NetName=GND_RP2CAN Pin=SW1R-B2
Removed Pin From Net: NetName=GND_RP2CAN Pin=SW2R-B1
Removed Pin From Net: NetName=GND_RP2CAN Pin=SW2R-B2
Removed Pin From Net: NetName=GND_RP2CAN Pin=U1C-7
Removed Pin From Net: NetName=3V3_RP2CAN Pin=U1C-14
Removed Pin From Net: NetName=3V3_RP2CAN Pin=U1R-1
Removed Pin From Net: NetName=DIN_1 Pin=U1R-2
Removed Pin From Net: NetName=DIN_2 Pin=U1R-3
Removed Pin From Net: NetName=3V3_RP2CAN Pin=U1R-10
Removed Pin From Net: NetName=Conn CHK Pin=U1R-11
Removed Pin From Net: NetName=CSN1 Pin=U1R-12
Removed Pin From Net: NetName=SCK_SPI Pin=U1R-13
Removed Pin From Net: NetName=MOSI Pin=U1R-14
Removed Pin From Net: NetName=MISO Pin=U1R-15
Removed Pin From Net: NetName=GND_RP2CAN Pin=U1R-19
Removed Pin From Net: NetName=3V3_RP2CAN Pin=U1R-22
Removed Pin From Net: NetName=3V3_RP2CAN Pin=U1R-33
Removed Pin From Net: NetName=CSN2 Pin=U1R-37
Removed Pin From Net: NetName=3V3_RP2CAN Pin=U1R-42
Removed Pin From Net: NetName=3V3_RP2CAN Pin=U1R-43
Removed Pin From Net: NetName=3V3_RP2CAN Pin=U1R-44
Removed Pin From Net: NetName=3V3_RP2CAN Pin=U1R-48
Removed Pin From Net: NetName=3V3_RP2CAN Pin=U1R-49
Removed Pin From Net: NetName=GND_RP2CAN Pin=U1R-57
Removed Pin From Net: NetName=NetD3_1 Pin=U2-14
Removed Pin From Net: NetName=NetD3_1 Pin=U2-15
Removed Pin From Net: NetName=GND_RP2CAN Pin=U2C-2
Removed Pin From Net: NetName=+5V Pin=U2C-3
Removed Pin From Net: NetName=3V3_RP2CAN Pin=U2C-5
Removed Pin From Net: NetName=CANL Pin=U2C-6
Removed Pin From Net: NetName=CANH Pin=U2C-7
Removed Pin From Net: NetName=GND_RP2CAN Pin=U2R-4
Removed Pin From Net: NetName=3V3_RP2CAN Pin=U2R-8
Removed Pin From Net: NetName=GND_RP2CAN Pin=Y1R-2
Removed Pin From Net: NetName=GND_RP2CAN Pin=Y1R-4
Change Net Name : Old Net Name=3V3_RP2CAN New Net Name=3V3
Change Net Name : Old Net Name=GND_RP2CAN New Net Name=GND
Added Room: Name=LED_Board_control
