Removed Pin From Net: NetName=GND Pin=J5-7
Removed Pin From Net: NetName=GND Pin=J5-8
Removed Pin From Net: NetName=GPIO_0 Pin=J5-9
Removed Pin From Net: NetName=GPIO_1 Pin=J5-10
Removed Pin From Net: NetName=GPIO_2 Pin=J5-11
Removed Pin From Net: NetName=GPIO_3 Pin=J5-12
Change Component Footprint: Designator=J5 Old Footprint=CONN_MOLEX_MINIFIT JR_12 POS_R/A New Footprint=FP-39-29-9102-MFG
Change Component Footprint: Designator=J1 Old Footprint=FP-505567-0781-MFG New Footprint=FP-505567-0781-MFG
Change Component Comment : Designator=J5 Old Comment=Mini-Fit Jr R/A New Comment=39-29-9102
Change Managed Component Library Link : Designator=J5 Old VaultGUID= New VaultGUID=B7D15EC3-160A-466F-A46C-7801FE6295A7 Old ItemGUID= New ItemGUID=4CEA0787-0F77-45C0-9453-6FC07A143371 Old RevisionGUID= New RevisionGUID=CFD05D47-6D3F-404C-B1E1-5E92CE51FE54
Change component parameters: Designator = "J5" ("J5"); Footprint = "CONN_MOLEX_MINIFIT JR_12 POS_R/A"; UniqueID = "\GKBFZHDX" ("\GKBFZHDX")
Change component parameters (AddParameter): Name = "Color"; Value = "Natural"; VariantName = "[No Variations]"
Change component parameters (AddParameter): Name = "Contact Gender"; Value = "Male"; VariantName = "[No Variations]"
Change component parameters (AddParameter): Name = "Contact Material"; Value = "Brass"; VariantName = "[No Variations]"
Change component parameters (AddParameter): Name = "Contact Plating"; Value = "Tin"; VariantName = "[No Variations]"
Change component parameters (AddParameter): Name = "Contact Resistance"; Value = "10mO"; VariantName = "[No Variations]"
Change component parameters (AddParameter): Name = "Country of Origin"; Value = "US"; VariantName = "[No Variations]"
Change component parameters (AddParameter): Name = "Current Rating"; Value = "7A"; VariantName = "[No Variations]"
Change component parameters (AddParameter): Name = "Flammability Rating"; Value = "UL94 V-0"; VariantName = "[No Variations]"
Change component parameters (AddParameter): Name = "Gender"; Value = "Male"; VariantName = "[No Variations]"
Change component parameters (AddParameter): Name = "Glow Wire Compliant"; Value = "Non-compliant"; VariantName = "[No Variations]"
Change component parameters (AddParameter): Name = "Halogen Free"; Value = "Low Halogen"; VariantName = "[No Variations]"
Change component parameters (AddParameter): Name = "Height"; Value = "13.3mm"; VariantName = "[No Variations]"
Change component parameters (AddParameter): Name = "Housing Color"; Value = "Natural"; VariantName = "[No Variations]"
Change component parameters (AddParameter): Name = "Housing Material"; Value = "Nylon"; VariantName = "[No Variations]"
Change component parameters (AddParameter): Name = "Insulation Resistance"; Value = "1GO"; VariantName = "[No Variations]"
Change component parameters (AddParameter): Name = "Lead Free"; Value = "Lead Free"; VariantName = "[No Variations]"
Change component parameters (AddParameter): Name = "Lead Pitch"; Value = "4.2mm"; VariantName = "[No Variations]"
Change component parameters (AddParameter): Name = "Lifecycle Status"; Value = "Production"; VariantName = "[No Variations]"
Change component parameters (AddParameter): Name = "Manufacturer Lifecycle Status"; Value = "ACTIVE"; VariantName = "[No Variations]"
Change component parameters (AddParameter): Name = "Max Current Rating"; Value = "7A"; VariantName = "[No Variations]"
Change component parameters (AddParameter): Name = "Max Operating Temperature"; Value = "105°C"; VariantName = "[No Variations]"
Change component parameters (AddParameter): Name = "Max Voltage Rating (DC)"; Value = "600.6kV"; VariantName = "[No Variations]"
Change component parameters (AddParameter): Name = "Min Operating Temperature"; Value = "-40°C"; VariantName = "[No Variations]"
Change component parameters (AddParameter): Name = "Mount"; Value = "Through Hole"; VariantName = "[No Variations]"
Change component parameters (AddParameter): Name = "NexarPartId"; Value = "945216"; VariantName = "[No Variations]"
Change component parameters (AddParameter): Name = "Number of Circuits"; Value = "10"; VariantName = "[No Variations]"
Change component parameters (AddParameter): Name = "Number of Contacts"; Value = "10"; VariantName = "[No Variations]"
Change component parameters (AddParameter): Name = "Number of Positions"; Value = "10"; VariantName = "[No Variations]"
Change component parameters (AddParameter): Name = "Number of Rows"; Value = "2"; VariantName = "[No Variations]"
Change component parameters (AddParameter): Name = "Orientation"; Value = "Vertical"; VariantName = "[No Variations]"
Change component parameters (AddParameter): Name = "Pitch"; Value = "4.2mm"; VariantName = "[No Variations]"
Change component parameters (AddParameter): Name = "Plating"; Value = "Tin"; VariantName = "[No Variations]"
Change component parameters (AddParameter): Name = "Radiation Hardening"; Value = "No"; VariantName = "[No Variations]"
Change component parameters (AddParameter): Name = "RoHS"; Value = "Compliant"; VariantName = "[No Variations]"
Change component parameters (AddParameter): Name = "Row Spacing"; Value = "4.2mm"; VariantName = "[No Variations]"
Change component parameters (AddParameter): Name = "Schedule B"; Value = "8536694040"; VariantName = "[No Variations]"
Change component parameters (AddParameter): Name = "Termination"; Value = "Solder"; VariantName = "[No Variations]"
Change component parameters (AddParameter): Name = "Voltage Rating"; Value = "600V"; VariantName = "[No Variations]"
Change component parameters (AddParameter): Name = "Voltage Rating (DC)"; Value = "600V"; VariantName = "[No Variations]"
Added Pin To Net: NetName=GND Pin=J5-5
Added Pin To Net: NetName=GPIO_0 Pin=J5-6
Added Pin To Net: NetName=GPIO_1 Pin=J5-7
Added Pin To Net: NetName=GPIO_2 Pin=J5-8
Added Pin To Net: NetName=GPIO_3 Pin=J5-9
Added Pin To Net: NetName=GND Pin=J5-10
