Removed Pin From Net: NetName=Solinoid_2_PWR Pin=J6-3
Removed Pin From Net: NetName=Solinoid_1_PWR Pin=J6-4
Change Component Footprint: Designator=J6 Old Footprint=CONN_MOLEX_MICROFIT_4_POS_R/A New Footprint=CONN_MOLEX_MINIFIT JR_6 POS_R/A
Change Component Comment : Designator=J6 Old Comment=Microfit+ R/A New Comment=Mini-Fit Jr R/A
Change component parameters: Designator = "J6" ("J6"); Footprint = "CONN_MOLEX_MICROFIT_4_POS_R/A"; UniqueID = "\KUFXUCEL" ("\KUFXUCEL")
Change component parameters (AddParameter): Name = "Color"; Value = "Natural"; VariantName = "[No Variations]"
Change component parameters (AddParameter): Name = "ComponentLink1Description"; Value = "Datasheet"; VariantName = "[No Variations]"
Change component parameters (AddParameter): Name = "ComponentLink1URL"; Value = "https://www.molex.com/pdm_docs/ps/PS-5556-001.pdf"; VariantName = "[No Variations]"
Change component parameters (AddParameter): Name = "Configuration"; Value = "Right Angle"; VariantName = "[No Variations]"
Change component parameters (AddParameter): Name = "Created By"; Value = "Flip B"; VariantName = "[No Variations]"
Change component parameters (AddParameter): Name = "Current Per Pin"; Value = "13A"; VariantName = "[No Variations]"
Change component parameters (AddParameter): Name = "Manufacturer"; Value = "Molex"; VariantName = "[No Variations]"
Change component parameters (AddParameter): Name = "Number of Positions"; Value = "8"; VariantName = "[No Variations]"
Change component parameters (AddParameter): Name = "Pitch"; Value = "4.2mm"; VariantName = "[No Variations]"
Change component parameters (AddParameter): Name = "Series"; Value = "Minifit Jr 5569"; VariantName = "[No Variations]"
Change component parameters (AddParameter): Name = "Supplier 1"; Value = "Digi-Key"; VariantName = "[No Variations]"
Change component parameters (AddParameter): Name = "Supplier Part Number 1"; Value = "WM1353-ND"; VariantName = "[No Variations]"
Change component parameters (AddParameter): Name = "Verified By"; Value = ""; VariantName = "[No Variations]"
Added Pin To Net: NetName=GND Pin=J6-3
Added Pin To Net: NetName=Solinoid_2_PWR Pin=J6-5
Added Pin To Net: NetName=Solinoid_1_PWR Pin=J6-6
Added Rule: Name=Schematic Supply Nets_2
