Removed Pin From Net: NetName=5V Pin=J10-2
Removed Pin From Net: NetName=GND Pin=J10-3
Change Component Footprint: Designator=J10 Old Footprint=CONN_JST_XH254_3POS_VERT New Footprint=CONN_JST_XH254_2POS_VERT
Change Component Comment : Designator=D6 Old Comment=IN-S63AT5G New Comment=150060BS75000
Change component parameters: Designator = "D6" ("D6"); Footprint = "LED_0603"; UniqueID = "\JKCUPHWO" ("\JKCUPHWO")
Change component parameters (AddParameter): Name = "Color"; Value = "Blue"; VariantName = "[No Variations]"
Change component parameters (AddParameter): Name = "Forward Current"; Value = "20mA"; VariantName = "[No Variations]"
Change component parameters (AddParameter): Name = "Forward Voltage"; Value = "3.2V"; VariantName = "[No Variations]"
Change component parameters (AddParameter): Name = "Made By"; Value = "Robert Pafford"; VariantName = "[No Variations]"
Change component parameters (AddParameter): Name = "Package"; Value = "0603"; VariantName = "[No Variations]"
Change component parameters (AddParameter): Name = "Supplier 1"; Value = "Digi-Key"; VariantName = "[No Variations]"
Change component parameters (AddParameter): Name = "Supplier Part Number 1"; Value = "732-4966-1-ND"; VariantName = "[No Variations]"
Change component parameters (AddParameter): Name = "Verified By"; Value = ""; VariantName = "[No Variations]"
Change component parameters: Designator = "J10" ("J10"); Footprint = "CONN_JST_XH254_3POS_VERT"; UniqueID = "\HDHDRTFL" ("\HDHDRTFL")
Change component parameters (AddParameter): Name = "Color"; Value = "White"; VariantName = "[No Variations]"
Change component parameters (AddParameter): Name = "ComponentLink1Description"; Value = "Purchase Link"; VariantName = "[No Variations]"
Change component parameters (AddParameter): Name = "ComponentLink1URL"; Value = "https://www.amazon.com/460PCS-XH2-54-Connector-Terminal-Connectors/dp/B09DBGVX5C"; VariantName = "[No Variations]"
Change component parameters (AddParameter): Name = "Configuration"; Value = "Vertical"; VariantName = "[No Variations]"
Change component parameters (AddParameter): Name = "Created By"; Value = "Robert P"; VariantName = "[No Variations]"
Change component parameters (AddParameter): Name = "Current Per Pin"; Value = "4A"; VariantName = "[No Variations]"
Change component parameters (AddParameter): Name = "Manufacturer"; Value = "JST"; VariantName = "[No Variations]"
Change component parameters (AddParameter): Name = "NOTE"; Value = "Do not use JST 2.5mm parts with this footprint. JST does not make 2.54mm pitch pins, rather only clones make this connector!"; VariantName = "[No Variations]"
Change component parameters (AddParameter): Name = "Number of Positions"; Value = "2"; VariantName = "[No Variations]"
Change component parameters (AddParameter): Name = "Pitch"; Value = "2.54mm"; VariantName = "[No Variations]"
Change component parameters (AddParameter): Name = "Series"; Value = "XH 2.54"; VariantName = "[No Variations]"
Change component parameters (AddParameter): Name = "Verified By"; Value = ""; VariantName = "[No Variations]"
Added Pin To Net: NetName=12V Pin=J10-1
Added Pin To Net: NetName=GND Pin=J10-2
Added Member To Class: ClassName=Connector Member=Component J5 JST GH VERT
