Removed Pin From Net: NetName=3V3_RP2CAN Pin=J10-1
Removed Pin From Net: NetName=GND Pin=J10-4
Removed Pin From Net: NetName=GND Pin=J10-S1
Removed Pin From Net: NetName=GND Pin=J10-S2
Removed Pin From Net: NetName=3V3_RP2CAN Pin=J11-1
Removed Pin From Net: NetName=GND Pin=J11-4
Removed Pin From Net: NetName=GND Pin=J11-S1
Removed Pin From Net: NetName=GND Pin=J11-S2
Removed Pin From Net: NetName=AUX_SWITCH Pin=U1R-2
Removed Pin From Net: NetName=SOFTWARE_KILL Pin=U1R-13
Removed Member From Class: ClassName=Connector Member=J10
Removed Member From Class: ClassName=Connector Member=J11
Added Component: Designator=R?(RESISTOR_0603)
Add component (AddParameter): Name = "Digikey Part Numer"; Value = "CR0603-JW-104ELFTR-ND"; VariantName = "[No Variations]"
Add component (AddParameter): Name = "Made By"; Value = "Robert Pafford"; VariantName = "[No Variations]"
Add component (AddParameter): Name = "Supplier"; Value = "Digikey"; VariantName = "[No Variations]"
Add component (AddParameter): Name = "Supplier 1"; Value = "Digi-Key"; VariantName = "[No Variations]"
Add component (AddParameter): Name = "Supplier Part Number 1"; Value = "RMCF0603JT4K70CT-ND"; VariantName = "[No Variations]"
Add component (AddParameter): Name = "Tolerance"; Value = "+/- 5%"; VariantName = "[No Variations]"
Add component (AddParameter): Name = "Value  (Ohms)"; Value = "4.7K"; VariantName = "[No Variations]"
Add component (AddParameter): Name = "Verified By"; Value = ""; VariantName = "[No Variations]"
Add component (AddParameter): Name = "Wattage"; Value = "1/10W"; VariantName = "[No Variations]"
Added Component: Designator=R?(RESISTOR_0603)
Add component (AddParameter): Name = "Digikey Part Numer"; Value = "CR0603-JW-104ELFTR-ND"; VariantName = "[No Variations]"
Add component (AddParameter): Name = "Made By"; Value = "Robert Pafford"; VariantName = "[No Variations]"
Add component (AddParameter): Name = "Supplier"; Value = "Digikey"; VariantName = "[No Variations]"
Add component (AddParameter): Name = "Supplier 1"; Value = "Digi-Key"; VariantName = "[No Variations]"
Add component (AddParameter): Name = "Supplier Part Number 1"; Value = "RMCF0603JT4K70CT-ND"; VariantName = "[No Variations]"
Add component (AddParameter): Name = "Tolerance"; Value = "+/- 5%"; VariantName = "[No Variations]"
Add component (AddParameter): Name = "Value  (Ohms)"; Value = "4.7K"; VariantName = "[No Variations]"
Add component (AddParameter): Name = "Verified By"; Value = ""; VariantName = "[No Variations]"
Add component (AddParameter): Name = "Wattage"; Value = "1/10W"; VariantName = "[No Variations]"
Added Component: Designator=R?(RESISTOR_0603)
Add component (AddParameter): Name = "Digikey Part Numer"; Value = "CR0603-JW-104ELFTR-ND"; VariantName = "[No Variations]"
Add component (AddParameter): Name = "Made By"; Value = "Robert Pafford"; VariantName = "[No Variations]"
Add component (AddParameter): Name = "Supplier"; Value = "Digikey"; VariantName = "[No Variations]"
Add component (AddParameter): Name = "Supplier 1"; Value = "Digi-Key"; VariantName = "[No Variations]"
Add component (AddParameter): Name = "Supplier Part Number 1"; Value = "RMCF0603JT4K70CT-ND"; VariantName = "[No Variations]"
Add component (AddParameter): Name = "Tolerance"; Value = "+/- 5%"; VariantName = "[No Variations]"
Add component (AddParameter): Name = "Value  (Ohms)"; Value = "4.7K"; VariantName = "[No Variations]"
Add component (AddParameter): Name = "Verified By"; Value = ""; VariantName = "[No Variations]"
Add component (AddParameter): Name = "Wattage"; Value = "1/10W"; VariantName = "[No Variations]"
Added Component: Designator=R?(RESISTOR_0603)
Add component (AddParameter): Name = "Digikey Part Numer"; Value = "CR0603-JW-104ELFTR-ND"; VariantName = "[No Variations]"
Add component (AddParameter): Name = "Made By"; Value = "Robert Pafford"; VariantName = "[No Variations]"
Add component (AddParameter): Name = "Supplier"; Value = "Digikey"; VariantName = "[No Variations]"
Add component (AddParameter): Name = "Supplier 1"; Value = "Digi-Key"; VariantName = "[No Variations]"
Add component (AddParameter): Name = "Supplier Part Number 1"; Value = "RMCF0603JT4K70CT-ND"; VariantName = "[No Variations]"
Add component (AddParameter): Name = "Tolerance"; Value = "+/- 5%"; VariantName = "[No Variations]"
Add component (AddParameter): Name = "Value  (Ohms)"; Value = "4.7K"; VariantName = "[No Variations]"
Add component (AddParameter): Name = "Verified By"; Value = ""; VariantName = "[No Variations]"
Add component (AddParameter): Name = "Wattage"; Value = "1/10W"; VariantName = "[No Variations]"
Added Pin To Net: NetName=SDA_0_1 Pin=J8-2
Added Pin To Net: NetName=SCL_0_1 Pin=J8-3
Added Pin To Net: NetName=SDA_1 Pin=J9-2
Added Pin To Net: NetName=SCL_1 Pin=J9-3
Added Pin To Net: NetName=3V3_RP2CAN Pin=R?-1
Added Pin To Net: NetName=3V3_RP2CAN Pin=R?-1
Added Pin To Net: NetName=3V3_RP2CAN Pin=R?-1
Added Pin To Net: NetName=3V3_RP2CAN Pin=R?-1
Added Pin To Net: NetName=SCL_0_1 Pin=R?-2
Added Pin To Net: NetName=SCL_1 Pin=R?-2
Added Pin To Net: NetName=SDA_0_1 Pin=R?-2
Added Pin To Net: NetName=SDA_1 Pin=R?-2
Added Pin To Net: NetName=Solinoid_1_SW Pin=U1R-9
Added Pin To Net: NetName=Solinoid_2_SW Pin=U1R-11
Added Pin To Net: NetName=Solinoid_3_SW Pin=U1R-12
Added Pin To Net: NetName=Orin_SW Pin=U1R-13
Added Pin To Net: NetName=AUX_SWITCH Pin=U1R-14
Added Pin To Net: NetName=SOFTWARE_KILL Pin=U1R-15
Added Pin To Net: NetName=NetU1R_2 Pin=U1R-2
Added Net: Name=NetU1R_2
Added Member To Class: ClassName=U_PD_MK2_Circuits Member=Component R? 4.7k Ohm 5% 1/10W
Added Member To Class: ClassName=U_PD_MK2_Circuits Member=Component R? 4.7k Ohm 5% 1/10W
Added Member To Class: ClassName=U_PD_MK2_Circuits Member=Component R? 4.7k Ohm 5% 1/10W
Added Member To Class: ClassName=U_PD_MK2_Circuits Member=Component R? 4.7k Ohm 5% 1/10W
