Removed Pin From Net: NetName=Solinoid_3_PWR Pin=J7-4
Removed Pin From Net: NetName=Solinoid_2_PWR Pin=J7-5
Removed Pin From Net: NetName=Solinoid_1_PWR Pin=J7-6
Change Component Footprint: Designator=J7 Old Footprint=CONN_MOLEX_MINIFIT JR_6 POS_R/A New Footprint=CONN_MOLEX_MICROFIT+_8POS_R/A
Change Component Comment : Designator=J7 Old Comment=Mini-Fit Jr R/A New Comment=Microfit+ R/A
Change component parameters: Designator = "J7" ("J7"); Footprint = "CONN_MOLEX_MINIFIT JR_6 POS_R/A"; UniqueID = "\ZGROOQYV" ("\ZGROOQYV")
Change component parameters (AddParameter): Name = "Color"; Value = "Black"; VariantName = "[No Variations]"
Change component parameters (AddParameter): Name = "Configuration"; Value = "R/A"; VariantName = "[No Variations]"
Change component parameters (AddParameter): Name = "Current Rating"; Value = "12.5A"; VariantName = "[No Variations]"
Change component parameters (AddParameter): Name = "Manufacturer"; Value = "Molex"; VariantName = "[No Variations]"
Change component parameters (AddParameter): Name = "Pitch"; Value = "3.0mm"; VariantName = "[No Variations]"
Change component parameters (AddParameter): Name = "Supplier 1"; Value = "Digikey"; VariantName = "[No Variations]"
Change component parameters (AddParameter): Name = "Supplier Part Number 1"; Value = "900-2125280800-ND"; VariantName = "[No Variations]"
Added Component: Designator=D10(LED_0603)
Add component (AddParameter): Name = "Color"; Value = "Green"; VariantName = "[No Variations]"
Add component (AddParameter): Name = "ComponentLink1Description"; Value = "Datasheet"; VariantName = "[No Variations]"
Add component (AddParameter): Name = "ComponentLink1URL"; Value = "https://www.we-online.de/katalog/datasheet/150060GS75000.pdf"; VariantName = "[No Variations]"
Add component (AddParameter): Name = "Forward Current"; Value = "5mA"; VariantName = "[No Variations]"
Add component (AddParameter): Name = "Forward Voltage"; Value = "3V"; VariantName = "[No Variations]"
Add component (AddParameter): Name = "Made By"; Value = "Robert Pafford"; VariantName = "[No Variations]"
Add component (AddParameter): Name = "Package"; Value = "0603"; VariantName = "[No Variations]"
Add component (AddParameter): Name = "Supplier 1"; Value = "Digi-Key"; VariantName = "[No Variations]"
Add component (AddParameter): Name = "Supplier Part Number 1"; Value = "1830-1062-1-ND"; VariantName = "[No Variations]"
Add component (AddParameter): Name = "Verified By"; Value = ""; VariantName = "[No Variations]"
Added Component: Designator=Q12(MOSFET_7DP-T1-GE3_VIS)
Add component (AddParameter): Name = "Copyright"; Value = "Copyright (C) 2022 Ultra Librarian. All rights reserved."; VariantName = "[No Variations]"
Add component (AddParameter): Name = "Manufacturer_Part_Number"; Value = "SIR167DP-T1-GE3"; VariantName = "[No Variations]"
Add component (AddParameter): Name = "Mfr_Name"; Value = "Vishay"; VariantName = "[No Variations]"
Add component (AddParameter): Name = "RefDes"; Value = "RefDes"; VariantName = "[No Variations]"
Add component (AddParameter): Name = "Supplier 1"; Value = "Mouser"; VariantName = "[No Variations]"
Add component (AddParameter): Name = "Supplier Part Number 1"; Value = "78-SIR167DP-T1-GE3"; VariantName = "[No Variations]"
Add component (AddParameter): Name = "Type"; Value = "DEV"; VariantName = "[No Variations]"
Added Component: Designator=Q13(SOT-23-3)
Add component (AddParameter): Name = "Amp Rating"; Value = "5.8 A"; VariantName = "[No Variations]"
Add component (AddParameter): Name = "Created By"; Value = "Dylan T"; VariantName = "[No Variations]"
Add component (AddParameter): Name = "FET Type"; Value = "N-Channel"; VariantName = "[No Variations]"
Add component (AddParameter): Name = "Manufacturer _Part_Number"; Value = "AO3404A"; VariantName = "[No Variations]"
Add component (AddParameter): Name = "Package"; Value = "SOT23-3L"; VariantName = "[No Variations]"
Add component (AddParameter): Name = "Power Dissipation"; Value = "1.4W (Ta)"; VariantName = "[No Variations]"
Add component (AddParameter): Name = "Rds (on)"; Value = "28mOhm @ 5.8A, 10V"; VariantName = "[No Variations]"
Add component (AddParameter): Name = "SourceLibrary"; Value = "ON_Semiconductor_2020-01-13"; VariantName = "[No Variations]"
Add component (AddParameter): Name = "Supplier 1"; Value = "Digi-Key"; VariantName = "[No Variations]"
Add component (AddParameter): Name = "Supplier Part Number 1"; Value = "785-1004-1-ND"; VariantName = "[No Variations]"
Add component (AddParameter): Name = "Vdss"; Value = "30V"; VariantName = "[No Variations]"
Add component (AddParameter): Name = "Vendor"; Value = "Alpha & Omega Semiconductor Inc."; VariantName = "[No Variations]"
Add component (AddParameter): Name = "Verified By"; Value = ""; VariantName = "[No Variations]"
Add component (AddParameter): Name = "Vgs (Max)"; Value = "3V @ 5.8A, 10V"; VariantName = "[No Variations]"
Add component (AddParameter): Name = "Vgs (th)"; Value = "3V @ 250µA"; VariantName = "[No Variations]"
Added Component: Designator=R43(RESISTOR_0603)
Add component (AddParameter): Name = "Digikey Part Numer"; Value = "CR0603-JW-104ELFTR-ND"; VariantName = "[No Variations]"
Add component (AddParameter): Name = "Made By"; Value = "Robert Pafford"; VariantName = "[No Variations]"
Add component (AddParameter): Name = "Supplier"; Value = "Digikey"; VariantName = "[No Variations]"
Add component (AddParameter): Name = "Supplier 1"; Value = "Digi-Key"; VariantName = "[No Variations]"
Add component (AddParameter): Name = "Supplier Part Number 1"; Value = "RMCF0603JT4K70CT-ND"; VariantName = "[No Variations]"
Add component (AddParameter): Name = "Tolerance"; Value = "+/- 5%"; VariantName = "[No Variations]"
Add component (AddParameter): Name = "Value  (Ohms)"; Value = "4.7K"; VariantName = "[No Variations]"
Add component (AddParameter): Name = "Verified By"; Value = ""; VariantName = "[No Variations]"
Add component (AddParameter): Name = "Wattage"; Value = "1/10W"; VariantName = "[No Variations]"
Added Component: Designator=R44(RESISTOR_0603)
Add component (AddParameter): Name = "ComponentLink1Description"; Value = "Datasheet"; VariantName = "[No Variations]"
Add component (AddParameter): Name = "ComponentLink1URL"; Value = "https://www.bourns.com/docs/product-datasheets/CRxxxxx.pdf"; VariantName = "[No Variations]"
Add component (AddParameter): Name = "Digikey Part Numer"; Value = "CR0603-JW-104ELFTR-ND"; VariantName = "[No Variations]"
Add component (AddParameter): Name = "Made By"; Value = "Robert Pafford"; VariantName = "[No Variations]"
Add component (AddParameter): Name = "Supplier"; Value = "Digikey"; VariantName = "[No Variations]"
Add component (AddParameter): Name = "Supplier 1"; Value = "Digi-Key"; VariantName = "[No Variations]"
Add component (AddParameter): Name = "Supplier Part Number 1"; Value = "2019-RK73B1JTTD103JCT-ND"; VariantName = "[No Variations]"
Add component (AddParameter): Name = "Tolerance"; Value = "+/- 5%"; VariantName = "[No Variations]"
Add component (AddParameter): Name = "Value  (Ohms)"; Value = "10K"; VariantName = "[No Variations]"
Add component (AddParameter): Name = "Verified By"; Value = ""; VariantName = "[No Variations]"
Add component (AddParameter): Name = "Wattage"; Value = "1/8W"; VariantName = "[No Variations]"
Added Component: Designator=R45(RESISTOR_0603)
Add component (AddParameter): Name = "ComponentLink1Description"; Value = "Datasheet"; VariantName = "[No Variations]"
Add component (AddParameter): Name = "ComponentLink1URL"; Value = "https://www.bourns.com/docs/product-datasheets/CRxxxxx.pdf"; VariantName = "[No Variations]"
Add component (AddParameter): Name = "Digikey Part Numer"; Value = "CR0603-JW-104ELFTR-ND"; VariantName = "[No Variations]"
Add component (AddParameter): Name = "Made By"; Value = "Robert Pafford"; VariantName = "[No Variations]"
Add component (AddParameter): Name = "Supplier"; Value = "Digikey"; VariantName = "[No Variations]"
Add component (AddParameter): Name = "Supplier 1"; Value = "Digi-Key"; VariantName = "[No Variations]"
Add component (AddParameter): Name = "Supplier Part Number 1"; Value = "2019-RK73B1JTTD103JCT-ND"; VariantName = "[No Variations]"
Add component (AddParameter): Name = "Tolerance"; Value = "+/- 5%"; VariantName = "[No Variations]"
Add component (AddParameter): Name = "Value  (Ohms)"; Value = "10K"; VariantName = "[No Variations]"
Add component (AddParameter): Name = "Verified By"; Value = ""; VariantName = "[No Variations]"
Add component (AddParameter): Name = "Wattage"; Value = "1/8W"; VariantName = "[No Variations]"
Added Pin To Net: NetName=GND Pin=D10-2
Added Pin To Net: NetName=GND Pin=J7-4
Added Pin To Net: NetName=Solinoid_3_PWR Pin=J7-6
Added Pin To Net: NetName=Solinoid_2_PWR Pin=J7-7
Added Pin To Net: NetName=Solinoid_1_PWR Pin=J7-8
Added Pin To Net: NetName=12V Pin=Q12-1
Added Pin To Net: NetName=12V Pin=Q12-2
Added Pin To Net: NetName=12V Pin=Q12-3
Added Pin To Net: NetName=GND Pin=Q13-2
Added Pin To Net: NetName=12V Pin=R44-1
Added Pin To Net: NetName=GND Pin=R45-2
Added Pin To Net: NetName=NetD10_1 Pin=D10-1
Added Pin To Net: NetName=NetD10_1 Pin=R43-1
Added Net: Name=NetD10_1
Added Pin To Net: NetName=NetQ12_4 Pin=Q12-4
Added Pin To Net: NetName=NetQ12_4 Pin=Q13-3
Added Pin To Net: NetName=NetQ12_4 Pin=R44-2
Added Net: Name=NetQ12_4
Added Pin To Net: NetName=Pump_PWR Pin=J7-5
Added Pin To Net: NetName=Pump_PWR Pin=Q12-D
Added Pin To Net: NetName=Pump_PWR Pin=Q12-D
Added Pin To Net: NetName=Pump_PWR Pin=Q12-D
Added Pin To Net: NetName=Pump_PWR Pin=Q12-D
Added Pin To Net: NetName=Pump_PWR Pin=Q12-D
Added Pin To Net: NetName=Pump_PWR Pin=R43-2
Added Net: Name=Pump_PWR
Added Pin To Net: NetName=Pump_SW Pin=Q13-1
Added Pin To Net: NetName=Pump_SW Pin=R45-1
Added Net: Name=Pump_SW
Added Member To Class: ClassName=Connector Member=Component D10 IN-S63AT5G
Added Member To Class: ClassName=Connector Member=Component Q12 SIR167DP-T1-GE3
Added Member To Class: ClassName=Connector Member=Component Q13 AO3404A
Added Member To Class: ClassName=Connector Member=Component R43 4.7k Ohm 5% 1/10W
Added Member To Class: ClassName=Connector Member=Component R44 10k Ohm 5% 1/10W
Added Member To Class: ClassName=Connector Member=Component R45 10k Ohm 5% 1/10W
