Removed Pin From Net: NetName=5V Pin=C34-1
Removed Pin From Net: NetName=15V Pin=C35-1
Removed Pin From Net: NetName=5V Pin=C36-1
Removed Pin From Net: NetName=15V Pin=C38-1
Removed Pin From Net: NetName=15V Pin=C39-1
Removed Pin From Net: NetName=15V Pin=C40-1
Removed Pin From Net: NetName=Local Oscillator Pin=C49-1
Removed Pin From Net: NetName=Local Oscillator Pin=C50-1
Removed Pin From Net: NetName=15V Pin=Q1-3
Removed Pin From Net: NetName=15V Pin=R5-1
Removed Pin From Net: NetName=15V Pin=R6-1
Removed Pin From Net: NetName=Envelope Detector L Pin=R13-2
Removed Pin From Net: NetName=Envelope Detector R Pin=R14-2
Removed Pin From Net: NetName=Hydrophone L Pin=R23-2
Removed Pin From Net: NetName=Hydrophone R Pin=R24-2
Removed Pin From Net: NetName=15V Pin=U1-7
Removed Pin From Net: NetName=15V Pin=U2-7
Removed Pin From Net: NetName=Envelope Detector L Pin=U3-6
Removed Pin From Net: NetName=15V Pin=U3-7
Removed Pin From Net: NetName=Envelope Detector R Pin=U4-6
Removed Pin From Net: NetName=15V Pin=U4-7
Removed Pin From Net: NetName=15V Pin=U5-7
Removed Pin From Net: NetName=15V Pin=U6-7
Removed Pin From Net: NetName=5V Pin=U11-2
Removed Pin From Net: NetName=5V Pin=U11-2
Removed Pin From Net: NetName=15V Pin=U11-3
Removed Pin From Net: NetName=5V Pin=U12-3
Removed Pin From Net: NetName=15V Pin=U13-1
Added Pin To Net: NetName=5V Pin=C4C-1
Added Pin To Net: NetName=GND_RP2CAN Pin=C27-2
Added Pin To Net: NetName=GND_RP2CAN Pin=C28-2
Added Pin To Net: NetName=GND_RP2CAN Pin=C29-1
Added Pin To Net: NetName=3V3_RP2CAN Pin=C29-2
Added Pin To Net: NetName=GND_RP2CAN Pin=C30-1
Added Pin To Net: NetName=3V3_RP2CAN Pin=C31-1
Added Pin To Net: NetName=GND_RP2CAN Pin=C31-2
Added Pin To Net: NetName=3V3_RP2CAN Pin=C32-1
Added Pin To Net: NetName=3V3_RP2CAN Pin=C51-1
Added Pin To Net: NetName=GND_RP2CAN Pin=C51-2
Added Pin To Net: NetName=3V3_RP2CAN Pin=C52-1
Added Pin To Net: NetName=GND_RP2CAN Pin=C52-2
Added Pin To Net: NetName=3V3_RP2CAN Pin=C53-1
Added Pin To Net: NetName=GND_RP2CAN Pin=C53-2
Added Pin To Net: NetName=3V3_RP2CAN Pin=C54-1
Added Pin To Net: NetName=GND_RP2CAN Pin=C54-2
Added Pin To Net: NetName=GND_RP2CAN Pin=J1-1
Added Pin To Net: NetName=CANL_RP2CAN Pin=J1-2
Added Pin To Net: NetName=CANH_RP2CAN Pin=J1-4
Added Pin To Net: NetName=GND_RP2CAN Pin=J2-1
Added Pin To Net: NetName=CANL_RP2CAN Pin=J2-2
Added Pin To Net: NetName=CANH_RP2CAN Pin=J2-4
Added Pin To Net: NetName=GND_RP2CAN Pin=J3-1
Added Pin To Net: NetName=GND_RP2CAN Pin=J4-1
Added Pin To Net: NetName=GND_RP2CAN Pin=J5-2
Added Pin To Net: NetName=GND_RP2CAN Pin=J6-5
Added Pin To Net: NetName=GND_RP2CAN Pin=J6-6
Added Pin To Net: NetName=GND_RP2CAN Pin=J6-7
Added Pin To Net: NetName=GND_RP2CAN Pin=J6-8
Added Pin To Net: NetName=GND_RP2CAN Pin=J6-9
Added Pin To Net: NetName=USB_P Pin=R2R-1
Added Pin To Net: NetName=USB_N Pin=R3R-1
Added Pin To Net: NetName=3V3_RP2CAN Pin=R15-2
Added Pin To Net: NetName=3V3_RP2CAN Pin=R16-2
Added Pin To Net: NetName=GND_RP2CAN Pin=R17-2
Added Pin To Net: NetName=GND_RP2CAN Pin=R18-2
Added Pin To Net: NetName=GND_RP2CAN Pin=R19-1
Added Pin To Net: NetName=GND_RP2CAN Pin=R20-1
Added Pin To Net: NetName=GND_RP2CAN Pin=R21-3
Added Pin To Net: NetName=GND_RP2CAN Pin=R22-3
Added Pin To Net: NetName=GND_RP2CAN Pin=R29-2
Added Pin To Net: NetName=GND_RP2CAN Pin=R30-2
Added Pin To Net: NetName=RP2040 L Pin=U1R-2
Added Pin To Net: NetName=RP2040 R Pin=U1R-3
Added Pin To Net: NetName=LEDR_RP2CAN Pin=U1R-16
Added Pin To Net: NetName=LEDG_RP2CAN Pin=U1R-17
Added Pin To Net: NetName=LEDB_RP2CAN Pin=U1R-18
Added Pin To Net: NetName=nCS_RP2CAN Pin=U1R-28
Added Pin To Net: NetName=SCK_RP2CAN Pin=U1R-29
Added Pin To Net: NetName=MOSI_RP2CAN Pin=U1R-30
Added Pin To Net: NetName=MISO_RP2CAN Pin=U1R-31
Added Pin To Net: NetName=CANCLK_RP2CAN Pin=U1R-32
Added Pin To Net: NetName=INT_RP2CAN Pin=U1R-34
Added Pin To Net: NetName=5V Pin=U2C-3
Added Pin To Net: NetName=3V3_RP2CAN Pin=U9-1
Added Pin To Net: NetName=3V3_RP2CAN Pin=U9-2
Added Pin To Net: NetName=GND_RP2CAN Pin=U9-3
Added Pin To Net: NetName=GND_RP2CAN Pin=U9-5
Added Pin To Net: NetName=GND_RP2CAN Pin=U9-7
Added Pin To Net: NetName=GND_RP2CAN Pin=U9-9
Added Pin To Net: NetName=GND_RP2CAN Pin=U9-10
Added Pin To Net: NetName=GND_RP2CAN Pin=U9-11
Added Pin To Net: NetName=GND_RP2CAN Pin=U9-13
Added Pin To Net: NetName=3V3_RP2CAN Pin=U10-1
Added Pin To Net: NetName=3V3_RP2CAN Pin=U10-2
Added Pin To Net: NetName=GND_RP2CAN Pin=U10-3
Added Pin To Net: NetName=GND_RP2CAN Pin=U10-5
Added Pin To Net: NetName=GND_RP2CAN Pin=U10-7
Added Pin To Net: NetName=GND_RP2CAN Pin=U10-9
Added Pin To Net: NetName=GND_RP2CAN Pin=U10-10
Added Pin To Net: NetName=GND_RP2CAN Pin=U10-11
Added Pin To Net: NetName=GND_RP2CAN Pin=U10-13
Added Pin To Net: NetName=3V3_RP2CAN Pin=U14-2
Added Pin To Net: NetName=GND_RP2CAN Pin=U14-9
Added Pin To Net: NetName=GND_RP2CAN Pin=U14-11
Added Pin To Net: NetName=GND_RP2CAN Pin=Y1-2
Added Pin To Net: NetName=3V3_RP2CAN Pin=Y1-4
Change Class Name : Old Net Name=RP2040 New Net Name=U_RP2040_C
Change Class Name : Old Net Name=RP2040_with_CAN New Net Name=U_RP2040_with_CAN
Added Differential Pair: Name=USB
Added Member To Class: ClassName=USB 2.0 Member=USB
