Removed Pin From Net: NetName=CSN1 Pin=SB1-2
Removed Pin From Net: NetName=PWM_CLK Pin=SB2-2
Removed Pin From Net: NetName=SCK_SPI Pin=SB3-2
Removed Pin From Net: NetName=MOSI Pin=SB4-2
Removed Pin From Net: NetName=MISO Pin=SB5-2
Removed Pin From Net: NetName=CSN2 Pin=SB6-2
Removed Pin From Net: NetName=PWM_CLK Pin=SB7-2
Removed Pin From Net: NetName=SCK_SPI Pin=SB8-2
Removed Pin From Net: NetName=MOSI Pin=SB9-2
Removed Pin From Net: NetName=MISO Pin=SB10-2
Removed Member From Class: ClassName=LED_Board_control Member=SB1
Removed Member From Class: ClassName=LED_Board_control Member=SB2
Removed Member From Class: ClassName=LED_Board_control Member=SB3
Removed Member From Class: ClassName=LED_Board_control Member=SB4
Removed Member From Class: ClassName=LED_Board_control Member=SB5
Removed Member From Class: ClassName=LED_Board_control Member=SB6
Removed Member From Class: ClassName=LED_Board_control Member=SB7
Removed Member From Class: ClassName=LED_Board_control Member=SB8
Removed Member From Class: ClassName=LED_Board_control Member=SB9
Removed Member From Class: ClassName=LED_Board_control Member=SB10
Added Component: Designator=TP6(TESTPOINT_1.2MM)
Add component (AddParameter): Name = "Made By"; Value = "Robert Pafford"; VariantName = "[No Variations]"
Added Component: Designator=TP7(TESTPOINT_1.2MM)
Add component (AddParameter): Name = "Made By"; Value = "Robert Pafford"; VariantName = "[No Variations]"
Added Component: Designator=TP8(TESTPOINT_1.2MM)
Add component (AddParameter): Name = "Made By"; Value = "Robert Pafford"; VariantName = "[No Variations]"
Added Component: Designator=TP9(TESTPOINT_1.2MM)
Add component (AddParameter): Name = "Made By"; Value = "Robert Pafford"; VariantName = "[No Variations]"
Added Pin To Net: NetName=CSN1 Pin=R1-2
Added Pin To Net: NetName=CSN2 Pin=R4-2
Added Pin To Net: NetName=PWM_CLK Pin=TP6-TP
Added Pin To Net: NetName=SCK_SPI Pin=TP7-TP
Added Pin To Net: NetName=MOSI Pin=TP8-TP
Added Pin To Net: NetName=MISO Pin=TP9-TP
Added Pin To Net: NetName=CSN1 Pin=U1-3
Added Pin To Net: NetName=PWM_CLK Pin=U1-4
Added Pin To Net: NetName=SCK_SPI Pin=U1-6
Added Pin To Net: NetName=MOSI Pin=U1-8
Added Pin To Net: NetName=MISO Pin=U1-9
Added Pin To Net: NetName=CSN2 Pin=U2-3
Added Pin To Net: NetName=PWM_CLK Pin=U2-4
Added Pin To Net: NetName=SCK_SPI Pin=U2-6
Added Pin To Net: NetName=MOSI Pin=U2-8
Added Pin To Net: NetName=MISO Pin=U2-9
Added Member To Class: ClassName=LED_Board_control Member=Component TP6 PCB Test Point
Added Member To Class: ClassName=LED_Board_control Member=Component TP7 PCB Test Point
Added Member To Class: ClassName=LED_Board_control Member=Component TP8 PCB Test Point
Added Member To Class: ClassName=LED_Board_control Member=Component TP9 PCB Test Point
