Removed Pin From Net: NetName=VCC Pin=Q1-1
Removed Pin From Net: NetName=VCC Pin=Q1-2
Removed Pin From Net: NetName=VCC Pin=Q1-3
Removed Pin From Net: NetName=NetC1_2 Pin=Q1-4
Removed Pin From Net: NetName=NetF5_2 Pin=Q1-5
Added Component: Designator=Q1(MOSFET_7DP-T1-GE3_VIS)
Add component (AddParameter): Name = "Copyright"; Value = "Copyright (C) 2022 Ultra Librarian. All rights reserved."; VariantName = "[No Variations]"
Add component (AddParameter): Name = "Manufacturer_Part_Number"; Value = "SIR167DP-T1-GE3"; VariantName = "[No Variations]"
Add component (AddParameter): Name = "Mfr_Name"; Value = "Vishay"; VariantName = "[No Variations]"
Add component (AddParameter): Name = "RefDes"; Value = "RefDes"; VariantName = "[No Variations]"
Add component (AddParameter): Name = "Type"; Value = "DEV"; VariantName = "[No Variations]"
Add Pin To Net: Unknown Pin: Pin C2-1
Add Pin To Net: Unknown Pin: Pin C2-2
Add Pin To Net: Unknown Pin: Pin C3-1
Add Pin To Net: Unknown Pin: Pin C3-2
Add Pin To Net: Unknown Pin: Pin C4-1
Add Pin To Net: Unknown Pin: Pin C4-2
Add Pin To Net: Unknown Pin: Pin C5-1
Add Pin To Net: Unknown Pin: Pin C5-2
Added Pin To Net: NetName=VCC Pin=Q1-1
Added Pin To Net: NetName=VCC Pin=Q1-2
Added Pin To Net: NetName=VCC Pin=Q1-3
Added Pin To Net: NetName=NetC1_2 Pin=Q1-4
Added Pin To Net: NetName=NetF5_2 Pin=Q1-5
Added Pin To Net: NetName=NetF5_2 Pin=Q1-6
Added Pin To Net: NetName=NetF5_2 Pin=Q1-7
Added Pin To Net: NetName=NetF5_2 Pin=Q1-8
Add Class Member: Failed to add class member : Component C2 Dummy Cap (NO FOOTPRINT)
Add Class Member: Failed to add class member : Component C3 Dummy Cap (NO FOOTPRINT)
Add Class Member: Failed to add class member : Component C4 Dummy Cap (NO FOOTPRINT)
Add Class Member: Failed to add class member : Component C5 Dummy Cap (NO FOOTPRINT)
Added Member To Class: ClassName=ESC Member=Component J1 Redcube M4 Term 85A
Added Member To Class: ClassName=ESC Member=Component J2 CONN HEADER VERT 4POS 2.54MM
Added Member To Class: ClassName=ESC Member=Component J4 CONN HEADER VERT 4POS 2.54MM
