Replace Part C1 CAPACITOR_1uF_0603 in C:\Users\rjp5t\Documents\UWRT\electric_boogaloo\TempestBoards\MK2\ESC\ESC.SchDoc with CAPACITOR_1uF_0603 from Capacitors.SchLib
Replace Part C2 CAPACITOR_10uF_0603 in C:\Users\rjp5t\Documents\UWRT\electric_boogaloo\TempestBoards\MK2\ESC\ESC.SchDoc with CAPACITOR_10uF_0603 from Capacitors.SchLib
Replace Part C3 CAPACITOR_10uF_0603 in C:\Users\rjp5t\Documents\UWRT\electric_boogaloo\TempestBoards\MK2\ESC\ESC.SchDoc with CAPACITOR_10uF_0603 from Capacitors.SchLib
Replace Part C6 CAPACITOR_10uF_0603 in C:\Users\rjp5t\Documents\UWRT\electric_boogaloo\TempestBoards\MK2\ESC\ESC.SchDoc with CAPACITOR_10uF_0603 from Capacitors.SchLib
Replace Part C7 CAPACITOR_10uF_0603 in C:\Users\rjp5t\Documents\UWRT\electric_boogaloo\TempestBoards\MK2\ESC\ESC.SchDoc with CAPACITOR_10uF_0603 from Capacitors.SchLib
Replace Part D1 LED_Blue_0603 in C:\Users\rjp5t\Documents\UWRT\electric_boogaloo\TempestBoards\MK2\ESC\ESC.SchDoc with LED_Blue_0603 from Diodes.SchLib
Replace Part D2 Zener_Diode_10V_410mW in C:\Users\rjp5t\Documents\UWRT\electric_boogaloo\TempestBoards\MK2\ESC\ESC.SchDoc with Zener_Diode_10V_410mW from Diodes.SchLib
Replace Part D3 LED_Green_0603_3.2V in C:\Users\rjp5t\Documents\UWRT\electric_boogaloo\TempestBoards\MK2\ESC\ESC.SchDoc with LED_Green_0603_3.2V from Diodes.SchLib
Replace Part F1 Bel Fuse 15A in C:\Users\rjp5t\Documents\UWRT\electric_boogaloo\TempestBoards\MK2\ESC\ESC.SchDoc with Bel Fuse 15A from Fuses.SchLib
Replace Part F2 Bel Fuse 15A in C:\Users\rjp5t\Documents\UWRT\electric_boogaloo\TempestBoards\MK2\ESC\ESC.SchDoc with Bel Fuse 15A from Fuses.SchLib
Replace Part F3 Bel Fuse 15A in C:\Users\rjp5t\Documents\UWRT\electric_boogaloo\TempestBoards\MK2\ESC\ESC.SchDoc with Bel Fuse 15A from Fuses.SchLib
Replace Part F4 Bel Fuse 15A in C:\Users\rjp5t\Documents\UWRT\electric_boogaloo\TempestBoards\MK2\ESC\ESC.SchDoc with Bel Fuse 15A from Fuses.SchLib
Replace Part F5 Eaton 60A Fuse in C:\Users\rjp5t\Documents\UWRT\electric_boogaloo\TempestBoards\MK2\ESC\ESC.SchDoc with Eaton 60A Fuse from Fuses.SchLib
Replace Part J1 Redcube M4 Term 85A in C:\Users\rjp5t\Documents\UWRT\electric_boogaloo\TempestBoards\MK2\ESC\ESC.SchDoc with Redcube M4 Term 85A from Connectors.SchLib
Replace Part J2 Redcube M4 Term 85A in C:\Users\rjp5t\Documents\UWRT\electric_boogaloo\TempestBoards\MK2\ESC\ESC.SchDoc with Redcube M4 Term 85A from Connectors.SchLib
Replace Part J3 Redcube M4 Term 85A in C:\Users\rjp5t\Documents\UWRT\electric_boogaloo\TempestBoards\MK2\ESC\ESC.SchDoc with Redcube M4 Term 85A from Connectors.SchLib
Replace Part J4 Redcube M4 Term 85A in C:\Users\rjp5t\Documents\UWRT\electric_boogaloo\TempestBoards\MK2\ESC\ESC.SchDoc with Redcube M4 Term 85A from Connectors.SchLib
Replace Part J5 CONN_MOLEX_MINIFIT JR_12POS_R/A in C:\Users\rjp5t\Documents\UWRT\electric_boogaloo\TempestBoards\MK2\ESC\ESC.SchDoc with CONN_MOLEX_MINIFIT JR_12POS_R/A from Connectors.SchLib
Replace Part J6 CONN_MOLEX_MINIFIT JR_6POS_R/A in C:\Users\rjp5t\Documents\UWRT\electric_boogaloo\TempestBoards\MK2\ESC\ESC.SchDoc with CONN_MOLEX_MINIFIT JR_6POS_R/A from Connectors.SchLib
Replace Part J7 HEADER_4PIN_2.54MM in C:\Users\rjp5t\Documents\UWRT\electric_boogaloo\TempestBoards\MK2\ESC\ESC.SchDoc with HEADER_4PIN_2.54MM from Connectors.SchLib
Replace Part J8 HEADER_4PIN_2.54MM in C:\Users\rjp5t\Documents\UWRT\electric_boogaloo\TempestBoards\MK2\ESC\ESC.SchDoc with HEADER_4PIN_2.54MM from Connectors.SchLib
Replace Part J9 HEADER_4PIN_2.54MM in C:\Users\rjp5t\Documents\UWRT\electric_boogaloo\TempestBoards\MK2\ESC\ESC.SchDoc with HEADER_4PIN_2.54MM from Connectors.SchLib
Replace Part J10 HEADER_4PIN_2.54MM in C:\Users\rjp5t\Documents\UWRT\electric_boogaloo\TempestBoards\MK2\ESC\ESC.SchDoc with HEADER_4PIN_2.54MM from Connectors.SchLib
Replace Part J11 CONN_MICROUSB in C:\Users\rjp5t\Documents\UWRT\electric_boogaloo\TempestBoards\MK2\ESC\ESC.SchDoc with CONN_MICROUSB from Connectors.SchLib
Replace Part J12 HEADER_2x5PIN_2.54MM in C:\Users\rjp5t\Documents\UWRT\electric_boogaloo\TempestBoards\MK2\ESC\ESC.SchDoc with HEADER_2x5PIN_2.54MM from Connectors.SchLib
Replace Part M1 APD 80F3[X] in C:\Users\rjp5t\Documents\UWRT\electric_boogaloo\TempestBoards\MK2\ESC\ESC.SchDoc with APD 80F3[X] from Modules.SchLib
Replace Part M2 APD 80F3[X] in C:\Users\rjp5t\Documents\UWRT\electric_boogaloo\TempestBoards\MK2\ESC\ESC.SchDoc with APD 80F3[X] from Modules.SchLib
Replace Part M3 APD 80F3[X] in C:\Users\rjp5t\Documents\UWRT\electric_boogaloo\TempestBoards\MK2\ESC\ESC.SchDoc with APD 80F3[X] from Modules.SchLib
Replace Part M4 APD 80F3[X] in C:\Users\rjp5t\Documents\UWRT\electric_boogaloo\TempestBoards\MK2\ESC\ESC.SchDoc with APD 80F3[X] from Modules.SchLib
Replace Part Q1 SIR167DP-T1-GE3 in C:\Users\rjp5t\Documents\UWRT\electric_boogaloo\TempestBoards\MK2\ESC\ESC.SchDoc with SIR167DP-T1-GE3 from Transistors.SchLib
Replace Part Q2 SIR167DP-T1-GE3 in C:\Users\rjp5t\Documents\UWRT\electric_boogaloo\TempestBoards\MK2\ESC\ESC.SchDoc with SIR167DP-T1-GE3 from Transistors.SchLib
Replace Part R1 RESISTOR_1K_0603 in C:\Users\rjp5t\Documents\UWRT\electric_boogaloo\TempestBoards\MK2\ESC\ESC.SchDoc with RESISTOR_1K_0603 from Resistors.SchLib
Replace Part R2 RESISTOR_1K_0603 in C:\Users\rjp5t\Documents\UWRT\electric_boogaloo\TempestBoards\MK2\ESC\ESC.SchDoc with RESISTOR_1K_0603 from Resistors.SchLib
Replace Part R3 RESISTOR_10K_0.5%_0603 in C:\Users\rjp5t\Documents\UWRT\electric_boogaloo\TempestBoards\MK2\ESC\ESC.SchDoc with RESISTOR_10K_0.5%_0603 from Resistors.SchLib
Replace Part R4 RESISTOR_1K_0.5%_0603 in C:\Users\rjp5t\Documents\UWRT\electric_boogaloo\TempestBoards\MK2\ESC\ESC.SchDoc with RESISTOR_1K_0.5%_0603 from Resistors.SchLib
Replace Part R5 RESISTOR_27_0603 in C:\Users\rjp5t\Documents\UWRT\electric_boogaloo\TempestBoards\MK2\ESC\ESC.SchDoc with RESISTOR_27_0603 from Resistors.SchLib
Replace Part R6 RESISTOR_27_0603 in C:\Users\rjp5t\Documents\UWRT\electric_boogaloo\TempestBoards\MK2\ESC\ESC.SchDoc with RESISTOR_27_0603 from Resistors.SchLib
Replace Part R7 RESISTOR_62_0603 in C:\Users\rjp5t\Documents\UWRT\electric_boogaloo\TempestBoards\MK2\ESC\ESC.SchDoc with RESISTOR_62_0603 from Resistors.SchLib
Replace Part SB1 JUMPER_0_0603 in C:\Users\rjp5t\Documents\UWRT\electric_boogaloo\TempestBoards\MK2\ESC\ESC.SchDoc with JUMPER_0_0603 from Resistors.SchLib
Replace Part U1 LM1117IMPX-3.3/NOPB in C:\Users\rjp5t\Documents\UWRT\electric_boogaloo\TempestBoards\MK2\ESC\ESC.SchDoc with LM1117IMPX-3.3/NOPB from Integrated Circuits.SchLib
