Added Component: Designator=C1(CAPACITOR_0603)
Add component (AddParameter): Name = "Made By"; Value = "Flip B"; VariantName = "[No Variations]"
Add component (AddParameter): Name = "Supplier 1"; Value = "Digi-Key"; VariantName = "[No Variations]"
Add component (AddParameter): Name = "Supplier Part Number 1"; Value = "399-7847-1-ND"; VariantName = "[No Variations]"
Add component (AddParameter): Name = "Tolerance"; Value = "+/- 10%"; VariantName = "[No Variations]"
Add component (AddParameter): Name = "Value"; Value = "1uF"; VariantName = "[No Variations]"
Add component (AddParameter): Name = "Verified By"; Value = ""; VariantName = "[No Variations]"
Add component (AddParameter): Name = "Voltage"; Value = "16V"; VariantName = "[No Variations]"
Added Component: Designator=D1(LED_0603)
Add component (AddParameter): Name = "Color"; Value = "Green"; VariantName = "[No Variations]"
Add component (AddParameter): Name = "ComponentLink1Description"; Value = "Datasheet"; VariantName = "[No Variations]"
Add component (AddParameter): Name = "ComponentLink1URL"; Value = "https://www.we-online.de/katalog/datasheet/150060GS75000.pdf"; VariantName = "[No Variations]"
Add component (AddParameter): Name = "Forward Current"; Value = "5mA"; VariantName = "[No Variations]"
Add component (AddParameter): Name = "Forward Voltage"; Value = "3V"; VariantName = "[No Variations]"
Add component (AddParameter): Name = "Made By"; Value = "Robert Pafford"; VariantName = "[No Variations]"
Add component (AddParameter): Name = "Package"; Value = "0603"; VariantName = "[No Variations]"
Add component (AddParameter): Name = "Supplier 1"; Value = "Digi-Key"; VariantName = "[No Variations]"
Add component (AddParameter): Name = "Supplier Part Number 1"; Value = "1830-1062-1-ND"; VariantName = "[No Variations]"
Add component (AddParameter): Name = "Verified By"; Value = ""; VariantName = "[No Variations]"
Added Component: Designator=D2(SOD-123)
Add component (AddParameter): Name = "ComponentLink1Description"; Value = "Datasheet"; VariantName = "[No Variations]"
Add component (AddParameter): Name = "ComponentLink1URL"; Value = "https://www.panjit.com.tw/upload/datasheet/BZT52-C2V4_SERIES.pdf"; VariantName = "[No Variations]"
Add component (AddParameter): Name = "Made By"; Value = "Nathan A"; VariantName = "[No Variations]"
Add component (AddParameter): Name = "Package"; Value = "SOD-123"; VariantName = "[No Variations]"
Add component (AddParameter): Name = "Power"; Value = "410mW"; VariantName = "[No Variations]"
Add component (AddParameter): Name = "Supplier 1"; Value = "Digi-Key"; VariantName = "[No Variations]"
Add component (AddParameter): Name = "Supplier Part Number 1"; Value = "3757-BZT52-C10_R1_00001CT-ND"; VariantName = "[No Variations]"
Add component (AddParameter): Name = "Verified By"; Value = ""; VariantName = "[No Variations]"
Add component (AddParameter): Name = "Voltage - Zener"; Value = "10V"; VariantName = "[No Variations]"
Added Component: Designator=F1(0501Series_LTF)
Add component (AddParameter): Name = "Breaking Capacity"; Value = "150A"; VariantName = "[No Variations]"
Add component (AddParameter): Name = "Created By"; Value = "Nathan Ayer"; VariantName = "[No Variations]"
Add component (AddParameter): Name = "Current Rating"; Value = "15"; VariantName = "[No Variations]"
Add component (AddParameter): Name = "Manufacturer_Part_Number"; Value = "0685H9150-01"; VariantName = "[No Variations]"
Add component (AddParameter): Name = "Mfr_Name"; Value = "Bel Fuse"; VariantName = "[No Variations]"
Add component (AddParameter): Name = "Package"; Value = "1206"; VariantName = "[No Variations]"
Add component (AddParameter): Name = "Response Time"; Value = "Fast Blow"; VariantName = "[No Variations]"
Add component (AddParameter): Name = "Voltage Rating"; Value = "32V"; VariantName = "[No Variations]"
Added Component: Designator=F2(0501Series_LTF)
Add component (AddParameter): Name = "Breaking Capacity"; Value = "150A"; VariantName = "[No Variations]"
Add component (AddParameter): Name = "Created By"; Value = "Nathan Ayer"; VariantName = "[No Variations]"
Add component (AddParameter): Name = "Current Rating"; Value = "15"; VariantName = "[No Variations]"
Add component (AddParameter): Name = "Manufacturer_Part_Number"; Value = "0685H9150-01"; VariantName = "[No Variations]"
Add component (AddParameter): Name = "Mfr_Name"; Value = "Bel Fuse"; VariantName = "[No Variations]"
Add component (AddParameter): Name = "Package"; Value = "1206"; VariantName = "[No Variations]"
Add component (AddParameter): Name = "Response Time"; Value = "Fast Blow"; VariantName = "[No Variations]"
Add component (AddParameter): Name = "Voltage Rating"; Value = "32V"; VariantName = "[No Variations]"
Added Component: Designator=F3(0501Series_LTF)
Add component (AddParameter): Name = "Breaking Capacity"; Value = "150A"; VariantName = "[No Variations]"
Add component (AddParameter): Name = "Created By"; Value = "Nathan Ayer"; VariantName = "[No Variations]"
Add component (AddParameter): Name = "Current Rating"; Value = "15"; VariantName = "[No Variations]"
Add component (AddParameter): Name = "Manufacturer_Part_Number"; Value = "0685H9150-01"; VariantName = "[No Variations]"
Add component (AddParameter): Name = "Mfr_Name"; Value = "Bel Fuse"; VariantName = "[No Variations]"
Add component (AddParameter): Name = "Package"; Value = "1206"; VariantName = "[No Variations]"
Add component (AddParameter): Name = "Response Time"; Value = "Fast Blow"; VariantName = "[No Variations]"
Add component (AddParameter): Name = "Voltage Rating"; Value = "32V"; VariantName = "[No Variations]"
Added Component: Designator=F4(0501Series_LTF)
Add component (AddParameter): Name = "Breaking Capacity"; Value = "150A"; VariantName = "[No Variations]"
Add component (AddParameter): Name = "Created By"; Value = "Nathan Ayer"; VariantName = "[No Variations]"
Add component (AddParameter): Name = "Current Rating"; Value = "15"; VariantName = "[No Variations]"
Add component (AddParameter): Name = "Manufacturer_Part_Number"; Value = "0685H9150-01"; VariantName = "[No Variations]"
Add component (AddParameter): Name = "Mfr_Name"; Value = "Bel Fuse"; VariantName = "[No Variations]"
Add component (AddParameter): Name = "Package"; Value = "1206"; VariantName = "[No Variations]"
Add component (AddParameter): Name = "Response Time"; Value = "Fast Blow"; VariantName = "[No Variations]"
Add component (AddParameter): Name = "Voltage Rating"; Value = "32V"; VariantName = "[No Variations]"
Added Component: Designator=F5(2-SMD Fuse)
Add component (AddParameter): Name = "Breaking Capacity"; Value = "1kA"; VariantName = "[No Variations]"
Add component (AddParameter): Name = "ComponentLink1Description"; Value = "DigiKey"; VariantName = "[No Variations]"
Add component (AddParameter): Name = "ComponentLink1URL"; Value = "https://www.digikey.com/en/products/detail/eaton-electronics-division/1245HC60-RTR/13913536"; VariantName = "[No Variations]"
Add component (AddParameter): Name = "Created By"; Value = "Nathan Ayer"; VariantName = "[No Variations]"
Add component (AddParameter): Name = "Current Rating"; Value = "60A"; VariantName = "[No Variations]"
Add component (AddParameter): Name = "Manufacturer_Part_Number"; Value = "1245HC60-RTR"; VariantName = "[No Variations]"
Add component (AddParameter): Name = "Mfr_Name"; Value = "Eaton"; VariantName = "[No Variations]"
Add component (AddParameter): Name = "Package"; Value = "2-SMD"; VariantName = "[No Variations]"
Add component (AddParameter): Name = "Response Time"; Value = "Fast Blow"; VariantName = "[No Variations]"
Add component (AddParameter): Name = "Voltage Rating"; Value = "80V"; VariantName = "[No Variations]"
Added Component: Designator=J1(CONN_MOLEX_MINIFIT JR_12 POS_R/A)
Add component (AddParameter): Name = "Color"; Value = "Natural"; VariantName = "[No Variations]"
Add component (AddParameter): Name = "ComponentLink1Description"; Value = "Datasheet"; VariantName = "[No Variations]"
Add component (AddParameter): Name = "ComponentLink1URL"; Value = "https://www.molex.com/pdm_docs/ps/PS-5556-001.pdf"; VariantName = "[No Variations]"
Add component (AddParameter): Name = "Configuration"; Value = "Right Angle"; VariantName = "[No Variations]"
Add component (AddParameter): Name = "Created By"; Value = "Flip B"; VariantName = "[No Variations]"
Add component (AddParameter): Name = "Current Per Pin"; Value = "13A"; VariantName = "[No Variations]"
Add component (AddParameter): Name = "Manufacturer"; Value = "Molex"; VariantName = "[No Variations]"
Add component (AddParameter): Name = "Number of Positions"; Value = "12"; VariantName = "[No Variations]"
Add component (AddParameter): Name = "Pitch"; Value = "4.2mm"; VariantName = "[No Variations]"
Add component (AddParameter): Name = "Series"; Value = "Minifit Jr 5569"; VariantName = "[No Variations]"
Add component (AddParameter): Name = "Supplier 1"; Value = "Digi-Key"; VariantName = "[No Variations]"
Add component (AddParameter): Name = "Supplier Part Number 1"; Value = "WM21356-ND"; VariantName = "[No Variations]"
Add component (AddParameter): Name = "Verified By"; Value = ""; VariantName = "[No Variations]"
Added Component: Designator=J2(HEADER_4PIN_2.54MM)
Add component (AddParameter): Name = "Made By"; Value = "Robert Pafford"; VariantName = "[No Variations]"
Add component (AddParameter): Name = "Supplier 1"; Value = "Digi-Key"; VariantName = "[No Variations]"
Add component (AddParameter): Name = "Supplier Part Number 1"; Value = "S1012E-04-ND"; VariantName = "[No Variations]"
Added Component: Designator=J4(HEADER_4PIN_2.54MM)
Add component (AddParameter): Name = "Made By"; Value = "Robert Pafford"; VariantName = "[No Variations]"
Add component (AddParameter): Name = "Supplier 1"; Value = "Digi-Key"; VariantName = "[No Variations]"
Add component (AddParameter): Name = "Supplier Part Number 1"; Value = "S1012E-04-ND"; VariantName = "[No Variations]"
Added Component: Designator=J6(68611014122)
Add component (AddParameter): Name = "ComponentLink1Description"; Value = "Manufacturer"; VariantName = "[No Variations]"
Add component (AddParameter): Name = "ComponentLink1URL"; Value = "http://www.we-online.de"; VariantName = "[No Variations]"
Add component (AddParameter): Name = "ComponentLink2Description"; Value = "Datasheet"; VariantName = "[No Variations]"
Add component (AddParameter): Name = "ComponentLink2URL"; Value = "https://katalog.we-online.com/em/datasheet/68611014122.pdf"; VariantName = "[No Variations]"
Add component (AddParameter): Name = "Contact Resistance"; Value = "20mOhm"; VariantName = "[No Variations]"
Add component (AddParameter): Name = "Length"; Value = "17mm"; VariantName = "[No Variations]"
Add component (AddParameter): Name = "Manufacturer"; Value = "Wurth Elektronik"; VariantName = "[No Variations]"
Add component (AddParameter): Name = "Manufacturer Part Number"; Value = "68611014122"; VariantName = "[No Variations]"
Add component (AddParameter): Name = "Mounting Technology"; Value = "SMT"; VariantName = "[No Variations]"
Add component (AddParameter): Name = "Operating Temperature"; Value = "-25 to +85degC"; VariantName = "[No Variations]"
Add component (AddParameter): Name = "Packaging"; Value = "Tape and Reel"; VariantName = "[No Variations]"
Add component (AddParameter): Name = "Pin Number"; Value = "10"; VariantName = "[No Variations]"
Add component (AddParameter): Name = "Pitch"; Value = "1mm"; VariantName = "[No Variations]"
Add component (AddParameter): Name = "Published Date"; Value = "March 2021"; VariantName = "[No Variations]"
Add component (AddParameter): Name = "Rated Current"; Value = "1A"; VariantName = "[No Variations]"
Add component (AddParameter): Name = "Type"; Value = "Horizontal"; VariantName = "[No Variations]"
Add component (AddParameter): Name = "Working Voltage"; Value = "125VAC"; VariantName = "[No Variations]"
Added Component: Designator=J7(HEADER_4PIN_2.54MM)
Add component (AddParameter): Name = "Made By"; Value = "Robert Pafford"; VariantName = "[No Variations]"
Add component (AddParameter): Name = "Supplier 1"; Value = "Digi-Key"; VariantName = "[No Variations]"
Add component (AddParameter): Name = "Supplier Part Number 1"; Value = "S1012E-04-ND"; VariantName = "[No Variations]"
Added Component: Designator=J9(HEADER_4PIN_2.54MM)
Add component (AddParameter): Name = "Made By"; Value = "Robert Pafford"; VariantName = "[No Variations]"
Add component (AddParameter): Name = "Supplier 1"; Value = "Digi-Key"; VariantName = "[No Variations]"
Add component (AddParameter): Name = "Supplier Part Number 1"; Value = "S1012E-04-ND"; VariantName = "[No Variations]"
Added Component: Designator=J10(Redcube M4 Term 85A)
Add component (AddParameter): Name = "Created By"; Value = "Nahtan Ayer"; VariantName = "[No Variations]"
Add component (AddParameter): Name = "Current Rating"; Value = "85 A"; VariantName = "[No Variations]"
Add component (AddParameter): Name = "Screw Size"; Value = "M4"; VariantName = "[No Variations]"
Added Component: Designator=J11(Redcube M4 Term 85A)
Add component (AddParameter): Name = "Created By"; Value = "Nahtan Ayer"; VariantName = "[No Variations]"
Add component (AddParameter): Name = "Current Rating"; Value = "85 A"; VariantName = "[No Variations]"
Add component (AddParameter): Name = "Screw Size"; Value = "M4"; VariantName = "[No Variations]"
Added Component: Designator=J12(Redcube M4 Term 85A)
Add component (AddParameter): Name = "Created By"; Value = "Nahtan Ayer"; VariantName = "[No Variations]"
Add component (AddParameter): Name = "Current Rating"; Value = "85 A"; VariantName = "[No Variations]"
Add component (AddParameter): Name = "Screw Size"; Value = "M4"; VariantName = "[No Variations]"
Added Component: Designator=J13(Redcube M4 Term 85A)
Add component (AddParameter): Name = "Created By"; Value = "Nahtan Ayer"; VariantName = "[No Variations]"
Add component (AddParameter): Name = "Current Rating"; Value = "85 A"; VariantName = "[No Variations]"
Add component (AddParameter): Name = "Screw Size"; Value = "M4"; VariantName = "[No Variations]"
Added Component: Designator=M1(APD 80F3[X])
Add component (AddParameter): Name = "ComponentLink1Description"; Value = "General Info"; VariantName = "[No Variations]"
Add component (AddParameter): Name = "ComponentLink1URL"; Value = "https://powerdrives.net/80f3"; VariantName = "[No Variations]"
Add component (AddParameter): Name = "ComponentLink2Description"; Value = "Data Sheet"; VariantName = "[No Variations]"
Add component (AddParameter): Name = "ComponentLink2URL"; Value = "https://docs.powerdrives.net/products/f-series-esc/overview"; VariantName = "[No Variations]"
Add component (AddParameter): Name = "Created By"; Value = "Nathan Ayer"; VariantName = "[No Variations]"
Add component (AddParameter): Name = "Manufacturer"; Value = "Advanced Power Drives"; VariantName = "[No Variations]"
Add component (AddParameter): Name = "Max Current"; Value = "80A Continuous"; VariantName = "[No Variations]"
Add component (AddParameter): Name = "Voltage"; Value = "15-35V"; VariantName = "[No Variations]"
Added Component: Designator=M2(APD 80F3[X])
Add component (AddParameter): Name = "ComponentLink1Description"; Value = "General Info"; VariantName = "[No Variations]"
Add component (AddParameter): Name = "ComponentLink1URL"; Value = "https://powerdrives.net/80f3"; VariantName = "[No Variations]"
Add component (AddParameter): Name = "ComponentLink2Description"; Value = "Data Sheet"; VariantName = "[No Variations]"
Add component (AddParameter): Name = "ComponentLink2URL"; Value = "https://docs.powerdrives.net/products/f-series-esc/overview"; VariantName = "[No Variations]"
Add component (AddParameter): Name = "Created By"; Value = "Nathan Ayer"; VariantName = "[No Variations]"
Add component (AddParameter): Name = "Manufacturer"; Value = "Advanced Power Drives"; VariantName = "[No Variations]"
Add component (AddParameter): Name = "Max Current"; Value = "80A Continuous"; VariantName = "[No Variations]"
Add component (AddParameter): Name = "Voltage"; Value = "15-35V"; VariantName = "[No Variations]"
Added Component: Designator=M3(APD 80F3[X])
Add component (AddParameter): Name = "ComponentLink1Description"; Value = "General Info"; VariantName = "[No Variations]"
Add component (AddParameter): Name = "ComponentLink1URL"; Value = "https://powerdrives.net/80f3"; VariantName = "[No Variations]"
Add component (AddParameter): Name = "ComponentLink2Description"; Value = "Data Sheet"; VariantName = "[No Variations]"
Add component (AddParameter): Name = "ComponentLink2URL"; Value = "https://docs.powerdrives.net/products/f-series-esc/overview"; VariantName = "[No Variations]"
Add component (AddParameter): Name = "Created By"; Value = "Nathan Ayer"; VariantName = "[No Variations]"
Add component (AddParameter): Name = "Manufacturer"; Value = "Advanced Power Drives"; VariantName = "[No Variations]"
Add component (AddParameter): Name = "Max Current"; Value = "80A Continuous"; VariantName = "[No Variations]"
Add component (AddParameter): Name = "Voltage"; Value = "15-35V"; VariantName = "[No Variations]"
Added Component: Designator=M4(APD 80F3[X])
Add component (AddParameter): Name = "ComponentLink1Description"; Value = "General Info"; VariantName = "[No Variations]"
Add component (AddParameter): Name = "ComponentLink1URL"; Value = "https://powerdrives.net/80f3"; VariantName = "[No Variations]"
Add component (AddParameter): Name = "ComponentLink2Description"; Value = "Data Sheet"; VariantName = "[No Variations]"
Add component (AddParameter): Name = "ComponentLink2URL"; Value = "https://docs.powerdrives.net/products/f-series-esc/overview"; VariantName = "[No Variations]"
Add component (AddParameter): Name = "Created By"; Value = "Nathan Ayer"; VariantName = "[No Variations]"
Add component (AddParameter): Name = "Manufacturer"; Value = "Advanced Power Drives"; VariantName = "[No Variations]"
Add component (AddParameter): Name = "Max Current"; Value = "80A Continuous"; VariantName = "[No Variations]"
Add component (AddParameter): Name = "Voltage"; Value = "15-35V"; VariantName = "[No Variations]"
Added Component: Designator=Q1(TRANS_PSMN5R5-60YS,115)
Added Component: Designator=R1(RESISTOR_0805)
Add component (AddParameter): Name = "ComponentLink1Description"; Value = "Datasheet"; VariantName = "[No Variations]"
Add component (AddParameter): Name = "ComponentLink1URL"; Value = ""; VariantName = "[No Variations]"
Add component (AddParameter): Name = "Digikey Part Numer"; Value = "CR0603-JW-104ELFTR-ND"; VariantName = "[No Variations]"
Add component (AddParameter): Name = "Made By"; Value = "Robert Pafford"; VariantName = "[No Variations]"
Add component (AddParameter): Name = "Supplier"; Value = "Digikey"; VariantName = "[No Variations]"
Add component (AddParameter): Name = "Tolerance"; Value = "+/- 5%"; VariantName = "[No Variations]"
Add component (AddParameter): Name = "Value  (Ohms)"; Value = "4.7K"; VariantName = "[No Variations]"
Add component (AddParameter): Name = "Verified By"; Value = ""; VariantName = "[No Variations]"
Add component (AddParameter): Name = "Wattage"; Value = "1/8W"; VariantName = "[No Variations]"
Added Component: Designator=R2(RESISTOR_0603)
Add component (AddParameter): Name = "ComponentLink1Description"; Value = "Datasheet"; VariantName = "[No Variations]"
Add component (AddParameter): Name = "ComponentLink1URL"; Value = "https://www.bourns.com/docs/product-datasheets/CRxxxxx.pdf"; VariantName = "[No Variations]"
Add component (AddParameter): Name = "Digikey Part Numer"; Value = "CR0603-JW-104ELFTR-ND"; VariantName = "[No Variations]"
Add component (AddParameter): Name = "Made By"; Value = "Flip B"; VariantName = "[No Variations]"
Add component (AddParameter): Name = "Supplier"; Value = "Digikey"; VariantName = "[No Variations]"
Add component (AddParameter): Name = "Supplier 1"; Value = "Digi-Key"; VariantName = "[No Variations]"
Add component (AddParameter): Name = "Supplier Part Number 1"; Value = "CR0603-JW-104ELFCT-ND"; VariantName = "[No Variations]"
Add component (AddParameter): Name = "Tolerance"; Value = "+/- 5%"; VariantName = "[No Variations]"
Add component (AddParameter): Name = "Value  (Ohms)"; Value = "100K"; VariantName = "[No Variations]"
Add component (AddParameter): Name = "Verified By"; Value = ""; VariantName = "[No Variations]"
Add component (AddParameter): Name = "Wattage"; Value = "1/10W"; VariantName = "[No Variations]"
Added Component: Designator=SB1(RESISTOR_0603)
Add component (AddParameter): Name = "ComponentLink1Description"; Value = "Digikey"; VariantName = "[No Variations]"
Add component (AddParameter): Name = "ComponentLink1URL"; Value = "https://www.digikey.com/en/products/detail/koa-speer-electronics-inc/RK73B1JTTD101J/9844701"; VariantName = "[No Variations]"
Add component (AddParameter): Name = "Made By"; Value = "Robert Pafford"; VariantName = "[No Variations]"
Add component (AddParameter): Name = "Value  (Ohms)"; Value = "0"; VariantName = "[No Variations]"
Add component (AddParameter): Name = "Verified By"; Value = ""; VariantName = "[No Variations]"
Added Component: Designator=SB2(RESISTOR_0603)
Add component (AddParameter): Name = "ComponentLink1Description"; Value = "Digikey"; VariantName = "[No Variations]"
Add component (AddParameter): Name = "ComponentLink1URL"; Value = "https://www.digikey.com/en/products/detail/koa-speer-electronics-inc/RK73B1JTTD101J/9844701"; VariantName = "[No Variations]"
Add component (AddParameter): Name = "Made By"; Value = "Robert Pafford"; VariantName = "[No Variations]"
Add component (AddParameter): Name = "Value  (Ohms)"; Value = "0"; VariantName = "[No Variations]"
Add component (AddParameter): Name = "Verified By"; Value = ""; VariantName = "[No Variations]"
Added Component: Designator=SB3(RESISTOR_0603)
Add component (AddParameter): Name = "ComponentLink1Description"; Value = "Digikey"; VariantName = "[No Variations]"
Add component (AddParameter): Name = "ComponentLink1URL"; Value = "https://www.digikey.com/en/products/detail/koa-speer-electronics-inc/RK73B1JTTD101J/9844701"; VariantName = "[No Variations]"
Add component (AddParameter): Name = "Made By"; Value = "Robert Pafford"; VariantName = "[No Variations]"
Add component (AddParameter): Name = "Value  (Ohms)"; Value = "0"; VariantName = "[No Variations]"
Add component (AddParameter): Name = "Verified By"; Value = ""; VariantName = "[No Variations]"
Added Component: Designator=SB4(RESISTOR_0603)
Add component (AddParameter): Name = "ComponentLink1Description"; Value = "Digikey"; VariantName = "[No Variations]"
Add component (AddParameter): Name = "ComponentLink1URL"; Value = "https://www.digikey.com/en/products/detail/koa-speer-electronics-inc/RK73B1JTTD101J/9844701"; VariantName = "[No Variations]"
Add component (AddParameter): Name = "Made By"; Value = "Robert Pafford"; VariantName = "[No Variations]"
Add component (AddParameter): Name = "Value  (Ohms)"; Value = "0"; VariantName = "[No Variations]"
Add component (AddParameter): Name = "Verified By"; Value = ""; VariantName = "[No Variations]"
Added Pin To Net: NetName=GND Pin=C1-1
Added Pin To Net: NetName=GND Pin=D1-2
Added Pin To Net: NetName=GND Pin=J10-1
Added Pin To Net: NetName=GND Pin=J10-1
Added Pin To Net: NetName=GND Pin=J10-1
Added Pin To Net: NetName=GND Pin=J10-1
Added Pin To Net: NetName=GND Pin=J10-1
Added Pin To Net: NetName=GND Pin=J10-1
Added Pin To Net: NetName=GND Pin=J10-1
Added Pin To Net: NetName=GND Pin=J10-1
Added Pin To Net: NetName=GND Pin=J12-1
Added Pin To Net: NetName=GND Pin=J12-1
Added Pin To Net: NetName=GND Pin=J12-1
Added Pin To Net: NetName=GND Pin=J12-1
Added Pin To Net: NetName=GND Pin=J12-1
Added Pin To Net: NetName=GND Pin=J12-1
Added Pin To Net: NetName=GND Pin=J12-1
Added Pin To Net: NetName=GND Pin=J12-1
Added Pin To Net: NetName=GND Pin=M1-2
Added Pin To Net: NetName=GND Pin=M2-2
Added Pin To Net: NetName=GND Pin=M3-2
Added Pin To Net: NetName=GND Pin=M4-2
Added Pin To Net: NetName=GND Pin=R2-1
Added Net: Name=GND
Added Pin To Net: NetName=NetC1_2 Pin=C1-2
Added Pin To Net: NetName=NetC1_2 Pin=D2-1
Added Pin To Net: NetName=NetC1_2 Pin=Q1-4
Added Pin To Net: NetName=NetC1_2 Pin=R2-2
Added Net: Name=NetC1_2
Added Pin To Net: NetName=NetC2_1 Pin=M1-6
Added Net: Name=NetC2_1
Added Pin To Net: NetName=NetC2_2 Pin=M1-7
Added Net: Name=NetC2_2
Added Pin To Net: NetName=NetC3_1 Pin=M2-6
Added Net: Name=NetC3_1
Added Pin To Net: NetName=NetC3_2 Pin=M2-7
Added Net: Name=NetC3_2
Added Pin To Net: NetName=NetC4_1 Pin=M3-6
Added Net: Name=NetC4_1
Added Pin To Net: NetName=NetC4_2 Pin=M3-7
Added Net: Name=NetC4_2
Added Pin To Net: NetName=NetC5_1 Pin=M4-6
Added Net: Name=NetC5_1
Added Pin To Net: NetName=NetC5_2 Pin=M4-7
Added Net: Name=NetC5_2
Added Pin To Net: NetName=NetD1_1 Pin=D1-1
Added Pin To Net: NetName=NetD1_1 Pin=R1-2
Added Net: Name=NetD1_1
Added Pin To Net: NetName=NetF1_2 Pin=F1-2
Added Pin To Net: NetName=NetF1_2 Pin=M1-1
Added Net: Name=NetF1_2
Added Pin To Net: NetName=NetF2_2 Pin=F2-2
Added Pin To Net: NetName=NetF2_2 Pin=M2-1
Added Net: Name=NetF2_2
Added Pin To Net: NetName=NetF3_2 Pin=F3-2
Added Pin To Net: NetName=NetF3_2 Pin=M3-1
Added Net: Name=NetF3_2
Added Pin To Net: NetName=NetF4_2 Pin=F4-2
Added Pin To Net: NetName=NetF4_2 Pin=M4-1
Added Net: Name=NetF4_2
Added Pin To Net: NetName=NetF5_1 Pin=F5-1
Added Pin To Net: NetName=NetF5_1 Pin=J11-1
Added Pin To Net: NetName=NetF5_1 Pin=J11-1
Added Pin To Net: NetName=NetF5_1 Pin=J11-1
Added Pin To Net: NetName=NetF5_1 Pin=J11-1
Added Pin To Net: NetName=NetF5_1 Pin=J11-1
Added Pin To Net: NetName=NetF5_1 Pin=J11-1
Added Pin To Net: NetName=NetF5_1 Pin=J11-1
Added Pin To Net: NetName=NetF5_1 Pin=J11-1
Added Pin To Net: NetName=NetF5_1 Pin=J13-1
Added Pin To Net: NetName=NetF5_1 Pin=J13-1
Added Pin To Net: NetName=NetF5_1 Pin=J13-1
Added Pin To Net: NetName=NetF5_1 Pin=J13-1
Added Pin To Net: NetName=NetF5_1 Pin=J13-1
Added Pin To Net: NetName=NetF5_1 Pin=J13-1
Added Pin To Net: NetName=NetF5_1 Pin=J13-1
Added Pin To Net: NetName=NetF5_1 Pin=J13-1
Added Net: Name=NetF5_1
Added Pin To Net: NetName=NetF5_2 Pin=F5-2
Added Pin To Net: NetName=NetF5_2 Pin=Q1-5
Added Net: Name=NetF5_2
Added Pin To Net: NetName=NetJ1_1 Pin=J1-1
Added Pin To Net: NetName=NetJ1_1 Pin=M1-3
Added Net: Name=NetJ1_1
Added Pin To Net: NetName=NetJ1_2 Pin=J1-2
Added Pin To Net: NetName=NetJ1_2 Pin=M1-4
Added Net: Name=NetJ1_2
Added Pin To Net: NetName=NetJ1_3 Pin=J1-3
Added Pin To Net: NetName=NetJ1_3 Pin=M1-5
Added Net: Name=NetJ1_3
Added Pin To Net: NetName=NetJ1_4 Pin=J1-4
Added Pin To Net: NetName=NetJ1_4 Pin=M2-3
Added Net: Name=NetJ1_4
Added Pin To Net: NetName=NetJ1_5 Pin=J1-5
Added Pin To Net: NetName=NetJ1_5 Pin=M2-4
Added Net: Name=NetJ1_5
Added Pin To Net: NetName=NetJ1_6 Pin=J1-6
Added Pin To Net: NetName=NetJ1_6 Pin=M2-5
Added Net: Name=NetJ1_6
Added Pin To Net: NetName=NetJ1_7 Pin=J1-7
Added Pin To Net: NetName=NetJ1_7 Pin=M3-3
Added Net: Name=NetJ1_7
Added Pin To Net: NetName=NetJ1_8 Pin=J1-8
Added Pin To Net: NetName=NetJ1_8 Pin=M3-4
Added Net: Name=NetJ1_8
Added Pin To Net: NetName=NetJ1_9 Pin=J1-9
Added Pin To Net: NetName=NetJ1_9 Pin=M3-5
Added Net: Name=NetJ1_9
Added Pin To Net: NetName=NetJ1_10 Pin=J1-10
Added Pin To Net: NetName=NetJ1_10 Pin=M4-3
Added Net: Name=NetJ1_10
Added Pin To Net: NetName=NetJ1_11 Pin=J1-11
Added Pin To Net: NetName=NetJ1_11 Pin=M4-4
Added Net: Name=NetJ1_11
Added Pin To Net: NetName=NetJ1_12 Pin=J1-12
Added Pin To Net: NetName=NetJ1_12 Pin=M4-5
Added Net: Name=NetJ1_12
Added Pin To Net: NetName=NetJ2_1 Pin=J2-1
Added Pin To Net: NetName=NetJ2_1 Pin=M1-11
Added Net: Name=NetJ2_1
Added Pin To Net: NetName=NetJ2_2 Pin=J2-2
Added Pin To Net: NetName=NetJ2_2 Pin=M1-12
Added Net: Name=NetJ2_2
Added Pin To Net: NetName=NetJ2_3 Pin=J2-3
Added Pin To Net: NetName=NetJ2_3 Pin=M1-13
Added Net: Name=NetJ2_3
Added Pin To Net: NetName=NetJ2_4 Pin=J2-4
Added Pin To Net: NetName=NetJ2_4 Pin=M1-14
Added Net: Name=NetJ2_4
Added Pin To Net: NetName=NetJ4_1 Pin=J4-1
Added Pin To Net: NetName=NetJ4_1 Pin=M2-11
Added Net: Name=NetJ4_1
Added Pin To Net: NetName=NetJ4_2 Pin=J4-2
Added Pin To Net: NetName=NetJ4_2 Pin=M2-12
Added Net: Name=NetJ4_2
Added Pin To Net: NetName=NetJ4_3 Pin=J4-3
Added Pin To Net: NetName=NetJ4_3 Pin=M2-13
Added Net: Name=NetJ4_3
Added Pin To Net: NetName=NetJ4_4 Pin=J4-4
Added Pin To Net: NetName=NetJ4_4 Pin=M2-14
Added Net: Name=NetJ4_4
Added Pin To Net: NetName=NetJ6_2 Pin=J6-2
Added Pin To Net: NetName=NetJ6_2 Pin=SB4-2
Added Net: Name=NetJ6_2
Added Pin To Net: NetName=NetJ6_3 Pin=J6-3
Added Pin To Net: NetName=NetJ6_3 Pin=SB3-2
Added Net: Name=NetJ6_3
Added Pin To Net: NetName=NetJ6_4 Pin=J6-4
Added Pin To Net: NetName=NetJ6_4 Pin=SB2-2
Added Net: Name=NetJ6_4
Added Pin To Net: NetName=NetJ6_5 Pin=J6-5
Added Pin To Net: NetName=NetJ6_5 Pin=SB1-2
Added Net: Name=NetJ6_5
Added Pin To Net: NetName=NetJ7_1 Pin=J7-1
Added Pin To Net: NetName=NetJ7_1 Pin=M3-11
Added Net: Name=NetJ7_1
Added Pin To Net: NetName=NetJ7_2 Pin=J7-2
Added Pin To Net: NetName=NetJ7_2 Pin=M3-12
Added Net: Name=NetJ7_2
Added Pin To Net: NetName=NetJ7_3 Pin=J7-3
Added Pin To Net: NetName=NetJ7_3 Pin=M3-13
Added Net: Name=NetJ7_3
Added Pin To Net: NetName=NetJ7_4 Pin=J7-4
Added Pin To Net: NetName=NetJ7_4 Pin=M3-14
Added Net: Name=NetJ7_4
Added Pin To Net: NetName=NetJ9_1 Pin=J9-1
Added Pin To Net: NetName=NetJ9_1 Pin=M4-11
Added Net: Name=NetJ9_1
Added Pin To Net: NetName=NetJ9_2 Pin=J9-2
Added Pin To Net: NetName=NetJ9_2 Pin=M4-12
Added Net: Name=NetJ9_2
Added Pin To Net: NetName=NetJ9_3 Pin=J9-3
Added Pin To Net: NetName=NetJ9_3 Pin=M4-13
Added Net: Name=NetJ9_3
Added Pin To Net: NetName=NetJ9_4 Pin=J9-4
Added Pin To Net: NetName=NetJ9_4 Pin=M4-14
Added Net: Name=NetJ9_4
Added Pin To Net: NetName=NetM1_9 Pin=M1-9
Added Pin To Net: NetName=NetM1_9 Pin=SB4-1
Added Net: Name=NetM1_9
Added Pin To Net: NetName=NetM2_9 Pin=M2-9
Added Pin To Net: NetName=NetM2_9 Pin=SB3-1
Added Net: Name=NetM2_9
Added Pin To Net: NetName=NetM3_9 Pin=M3-9
Added Pin To Net: NetName=NetM3_9 Pin=SB2-1
Added Net: Name=NetM3_9
Added Pin To Net: NetName=NetM4_9 Pin=M4-9
Added Pin To Net: NetName=NetM4_9 Pin=SB1-1
Added Net: Name=NetM4_9
Added Pin To Net: NetName=PWM_GND Pin=J6-1
Added Pin To Net: NetName=PWM_GND Pin=M1-10
Added Pin To Net: NetName=PWM_GND Pin=M2-10
Added Pin To Net: NetName=PWM_GND Pin=M3-10
Added Pin To Net: NetName=PWM_GND Pin=M4-10
Added Net: Name=PWM_GND
Added Pin To Net: NetName=Telemetry Pin=J6-10
Added Pin To Net: NetName=Telemetry Pin=M1-8
Added Pin To Net: NetName=Telemetry Pin=M2-8
Added Pin To Net: NetName=Telemetry Pin=M3-8
Added Pin To Net: NetName=Telemetry Pin=M4-8
Added Net: Name=Telemetry
Added Pin To Net: NetName=VCC Pin=D2-2
Added Pin To Net: NetName=VCC Pin=F1-1
Added Pin To Net: NetName=VCC Pin=F2-1
Added Pin To Net: NetName=VCC Pin=F3-1
Added Pin To Net: NetName=VCC Pin=F4-1
Added Pin To Net: NetName=VCC Pin=Q1-1
Added Pin To Net: NetName=VCC Pin=Q1-2
Added Pin To Net: NetName=VCC Pin=Q1-3
Added Pin To Net: NetName=VCC Pin=R1-1
Added Net: Name=VCC
Added Class: Name=ESC
