Add Pin To Net: Unknown Pin: Pin C2-1
Add Pin To Net: Unknown Pin: Pin C2-2
Add Pin To Net: Unknown Pin: Pin C3-1
Add Pin To Net: Unknown Pin: Pin C3-2
Add Pin To Net: Unknown Pin: Pin C4-1
Add Pin To Net: Unknown Pin: Pin C4-2
Add Pin To Net: Unknown Pin: Pin C5-1
Add Pin To Net: Unknown Pin: Pin C5-2
Added Pin To Net: NetName=ESC1_PWM Pin=M1-9
Added Net: Name=ESC1_PWM
Added Pin To Net: NetName=ESC1_TELEM Pin=M1-8
Added Net: Name=ESC1_TELEM
Added Pin To Net: NetName=ESC2_PWM Pin=M2-9
Added Net: Name=ESC2_PWM
Added Pin To Net: NetName=ESC2_TELEM Pin=M2-8
Added Net: Name=ESC2_TELEM
Added Pin To Net: NetName=ESC3_PWM Pin=M3-9
Added Net: Name=ESC3_PWM
Added Pin To Net: NetName=ESC3_TELEM Pin=M3-8
Added Net: Name=ESC3_TELEM
Added Pin To Net: NetName=ESC4_PWM Pin=M4-9
Added Net: Name=ESC4_PWM
Added Pin To Net: NetName=ESC4_TELEM Pin=M4-8
Added Net: Name=ESC4_TELEM
Add Class Member: Failed to add class member : Component C2 Dummy Cap (NO FOOTPRINT)
Add Class Member: Failed to add class member : Component C3 Dummy Cap (NO FOOTPRINT)
Add Class Member: Failed to add class member : Component C4 Dummy Cap (NO FOOTPRINT)
Add Class Member: Failed to add class member : Component C5 Dummy Cap (NO FOOTPRINT)
