Change Component Designator: OldDesignator=J2 NewDesignator=J7
Change Component Designator: OldDesignator=J4 NewDesignator=J8
Change Component Designator: OldDesignator=J7 NewDesignator=J9
Change Component Designator: OldDesignator=J9 NewDesignator=J10
Add Pin To Net: Unknown Pin: Pin C2-1
Add Pin To Net: Unknown Pin: Pin C2-2
Add Pin To Net: Unknown Pin: Pin C3-1
Add Pin To Net: Unknown Pin: Pin C3-2
Add Pin To Net: Unknown Pin: Pin C4-1
Add Pin To Net: Unknown Pin: Pin C4-2
Add Pin To Net: Unknown Pin: Pin C5-1
Add Pin To Net: Unknown Pin: Pin C5-2
Change Net Name : Old Net Name=NetJ2_1 New Net Name=NetJ7_1
Change Net Name : Old Net Name=NetJ2_2 New Net Name=NetJ7_2
Change Net Name : Old Net Name=NetJ2_3 New Net Name=NetJ7_3
Change Net Name : Old Net Name=NetJ2_4 New Net Name=NetJ7_4
Change Net Name : Old Net Name=NetJ4_1 New Net Name=NetJ8_1
Change Net Name : Old Net Name=NetJ4_2 New Net Name=NetJ8_2
Change Net Name : Old Net Name=NetJ4_3 New Net Name=NetJ8_3
Change Net Name : Old Net Name=NetJ4_4 New Net Name=NetJ8_4
Change Net Name : Old Net Name=NetJ7_1 New Net Name=NetJ9_1
Change Net Name : Old Net Name=NetJ7_2 New Net Name=NetJ9_2
Change Net Name : Old Net Name=NetJ7_3 New Net Name=NetJ9_3
Change Net Name : Old Net Name=NetJ7_4 New Net Name=NetJ9_4
Change Net Name : Old Net Name=NetJ9_1 New Net Name=NetJ10_1
Change Net Name : Old Net Name=NetJ9_2 New Net Name=NetJ10_2
Change Net Name : Old Net Name=NetJ9_3 New Net Name=NetJ10_3
Change Net Name : Old Net Name=NetJ9_4 New Net Name=NetJ10_4
Add Class Member: Failed to add class member : Component C2 Dummy Cap (NO FOOTPRINT)
Add Class Member: Failed to add class member : Component C3 Dummy Cap (NO FOOTPRINT)
Add Class Member: Failed to add class member : Component C4 Dummy Cap (NO FOOTPRINT)
Add Class Member: Failed to add class member : Component C5 Dummy Cap (NO FOOTPRINT)
Added Member To Class: ClassName=ESC Member=Component J8 CONN HEADER VERT 4POS 2.54MM
Added Member To Class: ClassName=ESC Member=Component J10 CONN HEADER VERT 4POS 2.54MM
Added Room: Name=ESC
Added Room: Name=U_RP2040_C
Added Room: Name=U_RP2040_with_CAN
