Replace Part D1 LED_Green_0603_3V in C:\Users\Flipt\Documents\OSU\UWRT\electric_boogaloo\TempestBoards\MK2\ESC\ESC.SchDoc with LED_Green_0603_3V from Diodes.SchLib
Replace Part F? LittelFuse 12A in C:\Users\Flipt\Documents\OSU\UWRT\electric_boogaloo\TempestBoards\MK2\ESC\ESC.SchDoc with LittelFuse 12A from Fuses.SchLib
Replace Part J1 CONN_MOLEX_MINIFIT JR_12POS_R/A in C:\Users\Flipt\Documents\OSU\UWRT\electric_boogaloo\TempestBoards\MK2\ESC\ESC.SchDoc with CONN_MOLEX_MINIFIT JR_12POS_R/A from Connectors.SchLib
Replace Part J2 HEADER_4PIN_2.54MM in C:\Users\Flipt\Documents\OSU\UWRT\electric_boogaloo\TempestBoards\MK2\ESC\ESC.SchDoc with HEADER_4PIN_2.54MM from Connectors.SchLib
Replace Part J3 XT60PW-M in C:\Users\Flipt\Documents\OSU\UWRT\electric_boogaloo\TempestBoards\MK2\ESC\ESC.SchDoc with XT60PW-M from Connectors.SchLib
Replace Part J4 HEADER_4PIN_2.54MM in C:\Users\Flipt\Documents\OSU\UWRT\electric_boogaloo\TempestBoards\MK2\ESC\ESC.SchDoc with HEADER_4PIN_2.54MM from Connectors.SchLib
Replace Part J5 XT60PW-M in C:\Users\Flipt\Documents\OSU\UWRT\electric_boogaloo\TempestBoards\MK2\ESC\ESC.SchDoc with XT60PW-M from Connectors.SchLib
Replace Part J6 MKIICopro_ESC in C:\Users\Flipt\Documents\OSU\UWRT\electric_boogaloo\TempestBoards\MK2\ESC\ESC.SchDoc with MKIICopro_ESC from Connectors.SchLib
Replace Part J7 HEADER_4PIN_2.54MM in C:\Users\Flipt\Documents\OSU\UWRT\electric_boogaloo\TempestBoards\MK2\ESC\ESC.SchDoc with HEADER_4PIN_2.54MM from Connectors.SchLib
Replace Part J8 MKIICopro_ESC in C:\Users\Flipt\Documents\OSU\UWRT\electric_boogaloo\TempestBoards\MK2\ESC\ESC.SchDoc with MKIICopro_ESC from Connectors.SchLib
Replace Part J9 HEADER_4PIN_2.54MM in C:\Users\Flipt\Documents\OSU\UWRT\electric_boogaloo\TempestBoards\MK2\ESC\ESC.SchDoc with HEADER_4PIN_2.54MM from Connectors.SchLib
Replace Part M1 APD 80F3[X] in C:\Users\Flipt\Documents\OSU\UWRT\electric_boogaloo\TempestBoards\MK2\ESC\ESC.SchDoc with APD 80F3[X] from Modules.SchLib
Replace Part M2 APD 80F3[X] in C:\Users\Flipt\Documents\OSU\UWRT\electric_boogaloo\TempestBoards\MK2\ESC\ESC.SchDoc with APD 80F3[X] from Modules.SchLib
Replace Part M3 APD 80F3[X] in C:\Users\Flipt\Documents\OSU\UWRT\electric_boogaloo\TempestBoards\MK2\ESC\ESC.SchDoc with APD 80F3[X] from Modules.SchLib
Replace Part M4 APD 80F3[X] in C:\Users\Flipt\Documents\OSU\UWRT\electric_boogaloo\TempestBoards\MK2\ESC\ESC.SchDoc with APD 80F3[X] from Modules.SchLib
Replace Part R? RESISTOR_4.7K_0805 in C:\Users\Flipt\Documents\OSU\UWRT\electric_boogaloo\TempestBoards\MK2\ESC\ESC.SchDoc with RESISTOR_4.7K_0805 from Resistors.SchLib
Replace Part SB1 JUMPER_0_0603 in C:\Users\Flipt\Documents\OSU\UWRT\electric_boogaloo\TempestBoards\MK2\ESC\ESC.SchDoc with JUMPER_0_0603 from Resistors.SchLib
Replace Part SB2 JUMPER_0_0603 in C:\Users\Flipt\Documents\OSU\UWRT\electric_boogaloo\TempestBoards\MK2\ESC\ESC.SchDoc with JUMPER_0_0603 from Resistors.SchLib
Replace Part SB3 JUMPER_0_0603 in C:\Users\Flipt\Documents\OSU\UWRT\electric_boogaloo\TempestBoards\MK2\ESC\ESC.SchDoc with JUMPER_0_0603 from Resistors.SchLib
Replace Part SB4 JUMPER_0_0603 in C:\Users\Flipt\Documents\OSU\UWRT\electric_boogaloo\TempestBoards\MK2\ESC\ESC.SchDoc with JUMPER_0_0603 from Resistors.SchLib
