Change Component Designator: OldDesignator=SB? NewDesignator=SB1
Change Component Kind : Designator=SB1 Old Kind=Standard New Kind=Standard (No BOM)
Add Pin To Net: Unknown Pin: Pin C2-1
Add Pin To Net: Unknown Pin: Pin C2-2
Add Pin To Net: Unknown Pin: Pin C3-1
Add Pin To Net: Unknown Pin: Pin C3-2
Add Pin To Net: Unknown Pin: Pin C4-1
Add Pin To Net: Unknown Pin: Pin C4-2
Add Pin To Net: Unknown Pin: Pin C5-1
Add Pin To Net: Unknown Pin: Pin C5-2
Added Pin To Net: NetName=3V3_RP2CAN Pin=SB1-2
Added Pin To Net: NetName=ESC4_PWM Pin=U1R-2
Added Pin To Net: NetName=ESC4_TELEM Pin=U1R-3
Added Pin To Net: NetName=ESC3_PWM Pin=U1R-4
Added Pin To Net: NetName=ESC3_TELEM Pin=U1R-5
Added Pin To Net: NetName=ESC2_PWM Pin=U1R-6
Added Pin To Net: NetName=ESC2_TELEM Pin=U1R-7
Added Pin To Net: NetName=ESC1_PWM Pin=U1R-8
Added Pin To Net: NetName=ESC1_TELEM Pin=U1R-9
Change Net Name : Old Net Name=NetU1R_41 New Net Name=VCC_MEAS
Added Pin To Net: NetName=NetSB1_1 Pin=SB1-1
Added Pin To Net: NetName=NetSB1_1 Pin=U1R-40
Added Net: Name=NetSB1_1
Add Class Member: Failed to add class member : Component C2 Dummy Cap (NO FOOTPRINT)
Add Class Member: Failed to add class member : Component C3 Dummy Cap (NO FOOTPRINT)
Add Class Member: Failed to add class member : Component C4 Dummy Cap (NO FOOTPRINT)
Add Class Member: Failed to add class member : Component C5 Dummy Cap (NO FOOTPRINT)
Added Room: Name=ESC
Added Room: Name=U_RP2040_C
Added Room: Name=U_RP2040_with_CAN
