Removed Pin From Net: NetName=NetJ7_3 Pin=J7-3
Removed Pin From Net: NetName=NetJ7_3 Pin=M3-13
Removed Pin From Net: NetName=SCK_RP2CAN Pin=R2C-1
Removed Pin From Net: NetName=SCK_RP2CAN Pin=R3C-1
Removed Pin From Net: NetName=SCK_RP2CAN Pin=R6C-1
Removed Pin From Net: NetName=SCK_RP2CAN Pin=R6R-1
Removed Pin From Net: NetName=SCK_RP2CAN Pin=R7R-1
Removed Pin From Net: NetName=SCK_RP2CAN Pin=SW1C-2
Removed Pin From Net: NetName=SCK_RP2CAN Pin=SW1C-5
Removed Pin From Net: NetName=SCK_RP2CAN Pin=SW1R-A2
Removed Pin From Net: NetName=SCK_RP2CAN Pin=SW2R-A1
Removed Pin From Net: NetName=PWM_GND Pin=U1R-13
Removed Pin From Net: NetName=RUN_RP2040 Pin=U1R-14
Removed Pin From Net: NetName=NetJ9_2 Pin=U1R-35
Removed Pin From Net: NetName=RUN_RP2040 Pin=U1R-36
Removed Pin From Net: NetName=SCK_RP2CAN Pin=U2C-8
Change Component Comment : Designator=J? Old Comment=6 POS R/A New Comment=Mini-Fit Jr R/A
Change Component Comment : Designator=J1 Old Comment=12 POS R/A New Comment=Mini-Fit Jr R/A
Add Pin To Net: Unknown Pin: Pin C2-1
Add Pin To Net: Unknown Pin: Pin C2-2
Added Pin To Net: NetName=NetC2R_1 Pin=C2R-1
Add Pin To Net: Unknown Pin: Pin C3-1
Add Pin To Net: Unknown Pin: Pin C3-2
Add Pin To Net: Unknown Pin: Pin C4-1
Add Pin To Net: Unknown Pin: Pin C4-2
Add Pin To Net: Unknown Pin: Pin C5-1
Add Pin To Net: Unknown Pin: Pin C5-2
Added Pin To Net: NetName=NetC2R_1 Pin=R1R-2
Added Pin To Net: NetName=NetR2C_1 Pin=R2C-1
Added Pin To Net: NetName=NetR3C_1 Pin=R3C-1
Added Pin To Net: NetName=NetR6C_1 Pin=R6C-1
Added Pin To Net: NetName=NetR6R_1 Pin=R6R-1
Added Pin To Net: NetName=NetR7R_1 Pin=R7R-1
Added Pin To Net: NetName=NetR2C_1 Pin=SW1C-2
Added Pin To Net: NetName=NetR3C_1 Pin=SW1C-5
Added Pin To Net: NetName=NetR6R_1 Pin=SW1R-A2
Added Pin To Net: NetName=NetR7R_1 Pin=SW2R-A1
Added Pin To Net: NetName=NetU1R_13 Pin=U1R-13
Added Pin To Net: NetName=NetU1R_14 Pin=U1R-14
Added Pin To Net: NetName=NetU1R_15 Pin=U1R-15
Added Pin To Net: NetName=NetU1R_35 Pin=U1R-35
Added Pin To Net: NetName=NetU1R_36 Pin=U1R-36
Added Pin To Net: NetName=NetR6C_1 Pin=U2C-8
Added Pin To Net: NetName=NetC2R_1 Pin=Y1R-3
Change Net Name : Old Net Name=NetC4C_1 New Net Name=5V
Change Net Name : Old Net Name=NetJ7_3 New Net Name=NetC2C_2
Change Net Name : Old Net Name=NetR2R_1 New Net Name=USB_P
Change Net Name : Old Net Name=NetR3R_1 New Net Name=USB_N
Added Pin To Net: NetName=CANH Pin=J?-5
Added Pin To Net: NetName=CANH Pin=J?-6
Added Pin To Net: NetName=CANH Pin=SW1C-4
Added Pin To Net: NetName=CANH Pin=U2C-7
Added Net: Name=CANH
Added Pin To Net: NetName=CANL Pin=J?-2
Added Pin To Net: NetName=CANL Pin=J?-3
Added Pin To Net: NetName=CANL Pin=SW1C-1
Added Pin To Net: NetName=CANL Pin=U2C-6
Added Net: Name=CANL
Added Pin To Net: NetName=NetJ7_3 Pin=J7-3
Added Pin To Net: NetName=NetJ7_3 Pin=M3-13
Added Net: Name=NetJ7_3
Added Differential Pair: Name=USB
Add Class Member: Failed to add class member : Component C2 Dummy Cap (NO FOOTPRINT)
Add Class Member: Failed to add class member : Component C3 Dummy Cap (NO FOOTPRINT)
Add Class Member: Failed to add class member : Component C4 Dummy Cap (NO FOOTPRINT)
Add Class Member: Failed to add class member : Component C5 Dummy Cap (NO FOOTPRINT)
Added Room: Name=ESC
Added Room: Name=U_RP2040_C
Added Room: Name=U_RP2040_with_CAN
Added Member To Class: ClassName=USB 2.0 Member=USB
