Removed Pin From Net: NetName=NetJ6_10 Pin=J8-10
Change Component Description : Designator=M1 Old Description=Advanced Power Drives 80F3[X] ESC New Description=Advanced Power Drives 80F3[X] ESC | 15-35V | 80A
Change Component Description : Designator=M2 Old Description=Advanced Power Drives 80F3[X] ESC New Description=Advanced Power Drives 80F3[X] ESC | 15-35V | 80A
Change Component Description : Designator=M3 Old Description=Advanced Power Drives 80F3[X] ESC New Description=Advanced Power Drives 80F3[X] ESC | 15-35V | 80A
Change Component Description : Designator=M4 Old Description=Advanced Power Drives 80F3[X] ESC New Description=Advanced Power Drives 80F3[X] ESC | 15-35V | 80A
Change Component Description : Designator=F1 Old Description=LittelFuse New Description=LittelFuse  | 12A | 12V | SMD | Fast Blow | 1206
Added Component: Designator=R?(RESISTOR_0603)
Add component (AddParameter): Name = "ComponentLink1Description"; Value = "Datasheet"; VariantName = "[No Variations]"
Add component (AddParameter): Name = "ComponentLink1URL"; Value = "https://www.bourns.com/docs/product-datasheets/CRxxxxx.pdf"; VariantName = "[No Variations]"
Add component (AddParameter): Name = "Digikey Part Numer"; Value = "CR0603-JW-104ELFTR-ND"; VariantName = "[No Variations]"
Add component (AddParameter): Name = "Made By"; Value = "Flip B"; VariantName = "[No Variations]"
Add component (AddParameter): Name = "Supplier"; Value = "Digikey"; VariantName = "[No Variations]"
Add component (AddParameter): Name = "Supplier 1"; Value = "Digi-Key"; VariantName = "[No Variations]"
Add component (AddParameter): Name = "Supplier Part Number 1"; Value = "CR0603-JW-104ELFCT-ND"; VariantName = "[No Variations]"
Add component (AddParameter): Name = "Tolerance"; Value = "+/- 5%"; VariantName = "[No Variations]"
Add component (AddParameter): Name = "Value  (Ohms)"; Value = "100K"; VariantName = "[No Variations]"
Add component (AddParameter): Name = "Verified By"; Value = ""; VariantName = "[No Variations]"
Add component (AddParameter): Name = "Wattage"; Value = "1/10W"; VariantName = "[No Variations]"
Added Component: Designator=SB5(RESISTOR_0603)
Add component (AddParameter): Name = "ComponentLink1Description"; Value = "Digikey"; VariantName = "[No Variations]"
Add component (AddParameter): Name = "ComponentLink1URL"; Value = "https://www.digikey.com/en/products/detail/koa-speer-electronics-inc/RK73B1JTTD101J/9844701"; VariantName = "[No Variations]"
Add component (AddParameter): Name = "Made By"; Value = "Robert Pafford"; VariantName = "[No Variations]"
Add component (AddParameter): Name = "Value  (Ohms)"; Value = "0"; VariantName = "[No Variations]"
Add component (AddParameter): Name = "Verified By"; Value = ""; VariantName = "[No Variations]"
Added Pin To Net: NetName=GND Pin=R?-1
Added Pin To Net: NetName=NetJ6_10 Pin=SB5-1
Added Pin To Net: NetName=NetJ3_1 Pin=J3-1
Added Pin To Net: NetName=NetJ3_1 Pin=J5-1
Added Net: Name=NetJ3_1
Added Pin To Net: NetName=NetJ8_10 Pin=J8-10
Added Pin To Net: NetName=NetJ8_10 Pin=SB5-2
Added Net: Name=NetJ8_10
Added Member To Class: ClassName=ESC Member=Component R? 100k Ohm 5% 1/8W
Added Member To Class: ClassName=ESC Member=Component SB5 0 Ohm Jumper No Fit
Added Room: Name=ESC
