Added Pin To Net: NetName=3V3_RP2CAN Pin=C1C-1
Added Pin To Net: NetName=GND_RP2CAN Pin=C1C-2
Added Pin To Net: NetName=XIN_RP2040 Pin=C1R-1
Added Pin To Net: NetName=GND_RP2CAN Pin=C1R-2
Add Pin To Net: Unknown Pin: Pin C2-1
Add Pin To Net: Unknown Pin: Pin C2-2
Added Pin To Net: NetName=GND_RP2CAN Pin=C2C-1
Added Pin To Net: NetName=GND_RP2CAN Pin=C2R-2
Add Pin To Net: Unknown Pin: Pin C3-1
Add Pin To Net: Unknown Pin: Pin C3-2
Added Pin To Net: NetName=3V3_RP2CAN Pin=C3C-1
Added Pin To Net: NetName=GND_RP2CAN Pin=C3C-2
Added Pin To Net: NetName=3V3_RP2CAN Pin=C3R-1
Added Pin To Net: NetName=GND_RP2CAN Pin=C3R-2
Add Pin To Net: Unknown Pin: Pin C4-1
Add Pin To Net: Unknown Pin: Pin C4-2
Added Pin To Net: NetName=GND_RP2CAN Pin=C4C-2
Added Pin To Net: NetName=3V3_RP2CAN Pin=C4R-1
Added Pin To Net: NetName=GND_RP2CAN Pin=C4R-2
Add Pin To Net: Unknown Pin: Pin C5-1
Add Pin To Net: Unknown Pin: Pin C5-2
Added Pin To Net: NetName=3V3_RP2CAN Pin=C5C-1
Added Pin To Net: NetName=GND_RP2CAN Pin=C5C-2
Added Pin To Net: NetName=3V3_RP2CAN Pin=C5R-1
Added Pin To Net: NetName=GND_RP2CAN Pin=C5R-2
Added Pin To Net: NetName=3V3_RP2CAN Pin=C6R-1
Added Pin To Net: NetName=GND_RP2CAN Pin=C6R-2
Added Pin To Net: NetName=3V3_RP2CAN Pin=C7R-1
Added Pin To Net: NetName=GND_RP2CAN Pin=C7R-2
Added Pin To Net: NetName=3V3_RP2CAN Pin=C8R-1
Added Pin To Net: NetName=GND_RP2CAN Pin=C8R-2
Added Pin To Net: NetName=3V3_RP2CAN Pin=C9R-1
Added Pin To Net: NetName=GND_RP2CAN Pin=C9R-2
Added Pin To Net: NetName=3V3_RP2CAN Pin=C10R-1
Added Pin To Net: NetName=GND_RP2CAN Pin=C10R-2
Added Pin To Net: NetName=1v1_RP2040 Pin=C11R-1
Added Pin To Net: NetName=GND_RP2CAN Pin=C11R-2
Added Pin To Net: NetName=1v1_RP2040 Pin=C12R-1
Added Pin To Net: NetName=GND_RP2CAN Pin=C12R-2
Added Pin To Net: NetName=1v1_RP2040 Pin=C13R-1
Added Pin To Net: NetName=GND_RP2CAN Pin=C13R-2
Added Pin To Net: NetName=3V3_RP2CAN Pin=D1C-4
Added Pin To Net: NetName=SWDIO_RP2040 Pin=J1R-1
Added Pin To Net: NetName=3V3_RP2CAN Pin=J1R-2
Added Pin To Net: NetName=SWCLK_RP2040 Pin=J1R-3
Added Pin To Net: NetName=RUN_RP2040 Pin=J1R-4
Added Pin To Net: NetName=DBG_TX_RP2040 Pin=J1R-5
Added Pin To Net: NetName=GND_RP2CAN Pin=J1R-6
Added Pin To Net: NetName=GND_RP2CAN Pin=J?-1
Added Pin To Net: NetName=3V3_RP2CAN Pin=R1C-1
Added Pin To Net: NetName=TERM_DET_RP2CAN Pin=R1C-2
Added Pin To Net: NetName=XOUT_RP2040 Pin=R1R-1
Added Pin To Net: NetName=USB_RP2040_P Pin=R2R-2
Added Pin To Net: NetName=USB_RP2040_N Pin=R3R-2
Added Pin To Net: NetName=3V3_RP2CAN Pin=R4C-1
Added Pin To Net: NetName=3V3_RP2CAN Pin=R4R-1
Added Pin To Net: NetName=RUN_RP2040 Pin=R4R-2
Added Pin To Net: NetName=LEDR_RP2CAN Pin=R5C-1
Added Pin To Net: NetName=3V3_RP2CAN Pin=R5R-1
Added Pin To Net: NetName=QSPI_SS_RP2040 Pin=R5R-2
Added Pin To Net: NetName=GND_RP2CAN Pin=R6C-2
Added Pin To Net: NetName=RUN_RP2040 Pin=R6R-2
Added Pin To Net: NetName=LEDG_RP2CAN Pin=R7C-1
Added Pin To Net: NetName=QSPI_SS_RP2040 Pin=R7R-2
Added Pin To Net: NetName=LEDB_RP2CAN Pin=R8C-1
Added Pin To Net: NetName=CANL_RP2CAN Pin=SW1C-1
Added Pin To Net: NetName=TERM_DET_RP2CAN Pin=SW1C-3
Added Pin To Net: NetName=CANH_RP2CAN Pin=SW1C-4
Added Pin To Net: NetName=GND_RP2CAN Pin=SW1C-6
Added Pin To Net: NetName=GND_RP2CAN Pin=SW1R-B1
Added Pin To Net: NetName=GND_RP2CAN Pin=SW1R-B2
Added Pin To Net: NetName=GND_RP2CAN Pin=SW2R-B1
Added Pin To Net: NetName=GND_RP2CAN Pin=SW2R-B2
Added Pin To Net: NetName=GND_RP2CAN Pin=U1C-7
Added Pin To Net: NetName=TERM_DET_RP2CAN Pin=U1C-9
Added Pin To Net: NetName=3V3_RP2CAN Pin=U1C-14
Added Pin To Net: NetName=3V3_RP2CAN Pin=U1R-1
Added Pin To Net: NetName=3V3_RP2CAN Pin=U1R-10
Added Pin To Net: NetName=LEDR_RP2CAN Pin=U1R-16
Added Pin To Net: NetName=LEDG_RP2CAN Pin=U1R-17
Added Pin To Net: NetName=LEDB_RP2CAN Pin=U1R-18
Added Pin To Net: NetName=GND_RP2CAN Pin=U1R-19
Added Pin To Net: NetName=XIN_RP2040 Pin=U1R-20
Added Pin To Net: NetName=XOUT_RP2040 Pin=U1R-21
Added Pin To Net: NetName=3V3_RP2CAN Pin=U1R-22
Added Pin To Net: NetName=1v1_RP2040 Pin=U1R-23
Added Pin To Net: NetName=SWCLK_RP2040 Pin=U1R-24
Added Pin To Net: NetName=SWDIO_RP2040 Pin=U1R-25
Added Pin To Net: NetName=RUN_RP2040 Pin=U1R-26
Added Pin To Net: NetName=DBG_TX_RP2040 Pin=U1R-27
Added Pin To Net: NetName=3V3_RP2CAN Pin=U1R-33
Added Pin To Net: NetName=3V3_RP2CAN Pin=U1R-42
Added Pin To Net: NetName=3V3_RP2CAN Pin=U1R-43
Added Pin To Net: NetName=3V3_RP2CAN Pin=U1R-44
Added Pin To Net: NetName=1v1_RP2040 Pin=U1R-45
Added Pin To Net: NetName=USB_RP2040_N Pin=U1R-46
Added Pin To Net: NetName=USB_RP2040_P Pin=U1R-47
Added Pin To Net: NetName=3V3_RP2CAN Pin=U1R-48
Added Pin To Net: NetName=3V3_RP2CAN Pin=U1R-49
Added Pin To Net: NetName=1v1_RP2040 Pin=U1R-50
Added Pin To Net: NetName=QSPI_SD3_RP2040 Pin=U1R-51
Added Pin To Net: NetName=QSPI_SCLK_RP2040 Pin=U1R-52
Added Pin To Net: NetName=QSPI_SD0_RP2040 Pin=U1R-53
Added Pin To Net: NetName=QSPI_SD2_RP2040 Pin=U1R-54
Added Pin To Net: NetName=QSPI_SD1_RP2040 Pin=U1R-55
Added Pin To Net: NetName=QSPI_SS_RP2040 Pin=U1R-56
Added Pin To Net: NetName=GND_RP2CAN Pin=U1R-57
Added Pin To Net: NetName=GND_RP2CAN Pin=U2C-2
Added Pin To Net: NetName=3V3_RP2CAN Pin=U2C-5
Added Pin To Net: NetName=CANL_RP2CAN Pin=U2C-6
Added Pin To Net: NetName=CANH_RP2CAN Pin=U2C-7
Added Pin To Net: NetName=QSPI_SS_RP2040 Pin=U2R-1
Added Pin To Net: NetName=QSPI_SD1_RP2040 Pin=U2R-2
Added Pin To Net: NetName=QSPI_SD2_RP2040 Pin=U2R-3
Added Pin To Net: NetName=GND_RP2CAN Pin=U2R-4
Added Pin To Net: NetName=QSPI_SD0_RP2040 Pin=U2R-5
Added Pin To Net: NetName=QSPI_SCLK_RP2040 Pin=U2R-6
Added Pin To Net: NetName=QSPI_SD3_RP2040 Pin=U2R-7
Added Pin To Net: NetName=3V3_RP2CAN Pin=U2R-8
Added Pin To Net: NetName=XIN_RP2040 Pin=Y1R-1
Added Pin To Net: NetName=GND_RP2CAN Pin=Y1R-2
Added Pin To Net: NetName=GND_RP2CAN Pin=Y1R-4
Added Pin To Net: NetName=CANCLK_RP2CAN Pin=U1C-6
Added Pin To Net: NetName=CANCLK_RP2CAN Pin=U1R-32
Added Net: Name=CANCLK_RP2CAN
Added Pin To Net: NetName=CANRX_RP2CAN Pin=U1C-2
Added Pin To Net: NetName=CANRX_RP2CAN Pin=U2C-4
Added Net: Name=CANRX_RP2CAN
Added Pin To Net: NetName=CANTX_RP2CAN Pin=U1C-1
Added Pin To Net: NetName=CANTX_RP2CAN Pin=U2C-1
Added Net: Name=CANTX_RP2CAN
Added Pin To Net: NetName=INT_RP2CAN Pin=U1C-4
Added Pin To Net: NetName=INT_RP2CAN Pin=U1R-34
Added Net: Name=INT_RP2CAN
Added Pin To Net: NetName=MISO_RP2CAN Pin=U1C-12
Added Pin To Net: NetName=MISO_RP2CAN Pin=U1R-31
Added Net: Name=MISO_RP2CAN
Added Pin To Net: NetName=MOSI_RP2CAN Pin=U1C-11
Added Pin To Net: NetName=MOSI_RP2CAN Pin=U1R-30
Added Net: Name=MOSI_RP2CAN
Added Pin To Net: NetName=nCS_RP2CAN Pin=R4C-2
Added Pin To Net: NetName=nCS_RP2CAN Pin=U1C-13
Added Pin To Net: NetName=nCS_RP2CAN Pin=U1R-28
Added Net: Name=nCS_RP2CAN
Added Pin To Net: NetName=NetC2C_2 Pin=C2C-2
Added Pin To Net: NetName=NetC2C_2 Pin=R2C-2
Added Pin To Net: NetName=NetC2C_2 Pin=R3C-2
Added Net: Name=NetC2C_2
Added Pin To Net: NetName=NetC2R_1 Pin=C2R-1
Added Pin To Net: NetName=NetC2R_1 Pin=R1R-2
Added Pin To Net: NetName=NetC2R_1 Pin=Y1R-3
Added Net: Name=NetC2R_1
Added Pin To Net: NetName=NetC4C_1 Pin=C4C-1
Added Pin To Net: NetName=NetC4C_1 Pin=J?-4
Added Pin To Net: NetName=NetC4C_1 Pin=U2C-3
Added Net: Name=NetC4C_1
Added Pin To Net: NetName=NetD1C_1 Pin=D1C-1
Added Pin To Net: NetName=NetD1C_1 Pin=R5C-2
Added Net: Name=NetD1C_1
Added Pin To Net: NetName=NetD1C_2 Pin=D1C-2
Added Pin To Net: NetName=NetD1C_2 Pin=R7C-2
Added Net: Name=NetD1C_2
Added Pin To Net: NetName=NetD1C_3 Pin=D1C-3
Added Pin To Net: NetName=NetD1C_3 Pin=R8C-2
Added Net: Name=NetD1C_3
Added Pin To Net: NetName=NetJ?_2 Pin=J?-2
Added Net: Name=NetJ?_2
Added Pin To Net: NetName=NetJ?_3 Pin=J?-3
Added Pin To Net: NetName=NetJ?_3 Pin=J?-6
Added Net: Name=NetJ?_3
Added Pin To Net: NetName=NetJ?_5 Pin=J?-5
Added Net: Name=NetJ?_5
Added Pin To Net: NetName=NetR2C_1 Pin=R2C-1
Added Pin To Net: NetName=NetR2C_1 Pin=SW1C-2
Added Net: Name=NetR2C_1
Added Pin To Net: NetName=NetR2R_1 Pin=R2R-1
Added Net: Name=NetR2R_1
Added Pin To Net: NetName=NetR3C_1 Pin=R3C-1
Added Pin To Net: NetName=NetR3C_1 Pin=SW1C-5
Added Net: Name=NetR3C_1
Added Pin To Net: NetName=NetR3R_1 Pin=R3R-1
Added Net: Name=NetR3R_1
Added Pin To Net: NetName=NetR6C_1 Pin=R6C-1
Added Pin To Net: NetName=NetR6C_1 Pin=U2C-8
Added Net: Name=NetR6C_1
Added Pin To Net: NetName=NetR6R_1 Pin=R6R-1
Added Pin To Net: NetName=NetR6R_1 Pin=SW1R-A2
Added Net: Name=NetR6R_1
Added Pin To Net: NetName=NetR7R_1 Pin=R7R-1
Added Pin To Net: NetName=NetR7R_1 Pin=SW2R-A1
Added Net: Name=NetR7R_1
Added Pin To Net: NetName=NetU1R_2 Pin=U1R-2
Added Net: Name=NetU1R_2
Added Pin To Net: NetName=NetU1R_3 Pin=U1R-3
Added Net: Name=NetU1R_3
Added Pin To Net: NetName=NetU1R_4 Pin=U1R-4
Added Net: Name=NetU1R_4
Added Pin To Net: NetName=NetU1R_5 Pin=U1R-5
Added Net: Name=NetU1R_5
Added Pin To Net: NetName=NetU1R_6 Pin=U1R-6
Added Net: Name=NetU1R_6
Added Pin To Net: NetName=NetU1R_7 Pin=U1R-7
Added Net: Name=NetU1R_7
Added Pin To Net: NetName=NetU1R_8 Pin=U1R-8
Added Net: Name=NetU1R_8
Added Pin To Net: NetName=NetU1R_9 Pin=U1R-9
Added Net: Name=NetU1R_9
Added Pin To Net: NetName=NetU1R_11 Pin=U1R-11
Added Net: Name=NetU1R_11
Added Pin To Net: NetName=NetU1R_12 Pin=U1R-12
Added Net: Name=NetU1R_12
Added Pin To Net: NetName=NetU1R_13 Pin=U1R-13
Added Net: Name=NetU1R_13
Added Pin To Net: NetName=NetU1R_14 Pin=U1R-14
Added Net: Name=NetU1R_14
Added Pin To Net: NetName=NetU1R_15 Pin=U1R-15
Added Net: Name=NetU1R_15
Added Pin To Net: NetName=NetU1R_35 Pin=U1R-35
Added Net: Name=NetU1R_35
Added Pin To Net: NetName=NetU1R_36 Pin=U1R-36
Added Net: Name=NetU1R_36
Added Pin To Net: NetName=NetU1R_37 Pin=U1R-37
Added Net: Name=NetU1R_37
Added Pin To Net: NetName=NetU1R_38 Pin=U1R-38
Added Net: Name=NetU1R_38
Added Pin To Net: NetName=NetU1R_39 Pin=U1R-39
Added Net: Name=NetU1R_39
Added Pin To Net: NetName=NetU1R_40 Pin=U1R-40
Added Net: Name=NetU1R_40
Added Pin To Net: NetName=NetU1R_41 Pin=U1R-41
Added Net: Name=NetU1R_41
Added Pin To Net: NetName=SCK_RP2CAN Pin=U1C-10
Added Pin To Net: NetName=SCK_RP2CAN Pin=U1R-29
Added Net: Name=SCK_RP2CAN
Added Class: Name=U_RP2040_C
Add Differential Pair: Number of nets in differential pair NetR2R_1 is 1 instead of 2
Add Differential Pair: Number of nets in differential pair NetR3R_1 is 1 instead of 2
Added Member To Class: ClassName=U_RP2040_with_CAN Member=Component C1C 100nF Ceramic 25V
Added Member To Class: ClassName=U_RP2040_with_CAN Member=Component C2C 4700pF Ceramic 25V
Add Class Member: Failed to add class member : Component C2 Dummy Cap (NO FOOTPRINT)
Added Member To Class: ClassName=U_RP2040_with_CAN Member=Component C3C 100nF Ceramic 25V
Add Class Member: Failed to add class member : Component C3 Dummy Cap (NO FOOTPRINT)
Added Member To Class: ClassName=U_RP2040_with_CAN Member=Component C4C 100nF Ceramic 25V
Add Class Member: Failed to add class member : Component C4 Dummy Cap (NO FOOTPRINT)
Added Member To Class: ClassName=U_RP2040_with_CAN Member=Component C5C 1uF Ceramic 16V
Add Class Member: Failed to add class member : Component C5 Dummy Cap (NO FOOTPRINT)
Added Member To Class: ClassName=U_RP2040_with_CAN Member=Component D1C EAST1616RGBB4
Added Member To Class: ClassName=ESC Member=Component J1 12 POS R/A
Added Member To Class: ClassName=U_RP2040_with_CAN Member=Component R1C 10k Ohm 1% 1/16W
Added Member To Class: ClassName=U_RP2040_with_CAN Member=Component R2C 60.4 Ohm 1% 1/16W
Added Member To Class: ClassName=U_RP2040_with_CAN Member=Component R3C 60.4 Ohm 1% 1/16W
Added Member To Class: ClassName=U_RP2040_with_CAN Member=Component R4C 10k Ohm 1% 1/16W
Added Member To Class: ClassName=U_RP2040_with_CAN Member=Component R5C 604 Ohm 1% 1/16W
Added Member To Class: ClassName=U_RP2040_with_CAN Member=Component R6C 10k Ohm 1% 1/16W
Added Member To Class: ClassName=U_RP2040_with_CAN Member=Component R7C 200 Ohm 1% 1/16W
Added Member To Class: ClassName=U_RP2040_with_CAN Member=Component R8C 200 Ohm 1% 1/16W
Added Member To Class: ClassName=ESC Member=Component SB? 0 Ohm Jumper No Fit
Added Member To Class: ClassName=U_RP2040_with_CAN Member=Component SW1C Switch DPDT
Added Member To Class: ClassName=U_RP2040_with_CAN Member=Component U1C MCP2517FD
Added Member To Class: ClassName=U_RP2040_with_CAN Member=Component U2C CAN Transceiver
Added Room: Name=ESC
Added Room: Name=U_RP2040_C
Added Room: Name=U_RP2040_with_CAN
