Removed Member From Class: ClassName=ESC Member=J10
Removed Member From Class: ClassName=ESC Member=J11
Removed Member From Class: ClassName=ESC Member=J12
Change Component Designator: OldDesignator=J1 NewDesignator=J5
Change Component Designator: OldDesignator=J10 NewDesignator=J2
Change Component Designator: OldDesignator=J11 NewDesignator=J1
Change Component Designator: OldDesignator=J12 NewDesignator=J4
Change Component Designator: OldDesignator=J13 NewDesignator=J3
Change Component Designator: OldDesignator=J? NewDesignator=J6
Add Pin To Net: Unknown Pin: Pin C2-1
Add Pin To Net: Unknown Pin: Pin C2-2
Add Pin To Net: Unknown Pin: Pin C3-1
Add Pin To Net: Unknown Pin: Pin C3-2
Add Pin To Net: Unknown Pin: Pin C4-1
Add Pin To Net: Unknown Pin: Pin C4-2
Add Pin To Net: Unknown Pin: Pin C5-1
Add Pin To Net: Unknown Pin: Pin C5-2
Add Class Member: Failed to add class member : Component C2 Dummy Cap (NO FOOTPRINT)
Add Class Member: Failed to add class member : Component C3 Dummy Cap (NO FOOTPRINT)
Add Class Member: Failed to add class member : Component C4 Dummy Cap (NO FOOTPRINT)
Add Class Member: Failed to add class member : Component C5 Dummy Cap (NO FOOTPRINT)
Added Member To Class: ClassName=ESC Member=Component J2 CONN HEADER VERT 4POS 2.54MM
Added Member To Class: ClassName=ESC Member=Component J4 CONN HEADER VERT 4POS 2.54MM
Added Member To Class: ClassName=ESC Member=Component J5 Mini-Fit Jr R/A
