Removed Pin From Net: NetName=GND Pin=R2-1
Removed Pin From Net: NetName=NetC1_2 Pin=R2-2
Change Component Description : Designator=M1 Old Description=Advanced Power Drives 80F3[X] ESC New Description=Advanced Power Drives 80F3[X] ESC | 15-35V | 80A
Change Component Description : Designator=M2 Old Description=Advanced Power Drives 80F3[X] ESC New Description=Advanced Power Drives 80F3[X] ESC | 15-35V | 80A
Change Component Description : Designator=M3 Old Description=Advanced Power Drives 80F3[X] ESC New Description=Advanced Power Drives 80F3[X] ESC | 15-35V | 80A
Change Component Description : Designator=M4 Old Description=Advanced Power Drives 80F3[X] ESC New Description=Advanced Power Drives 80F3[X] ESC | 15-35V | 80A
Change Component Description : Designator=F1 Old Description=Bel Fuse New Description=Bel Fuse  | 15A | 32V DC | SMD | Fast Blow | 1206
Change Component Description : Designator=F2 Old Description=Bel Fuse New Description=Bel Fuse  | 15A | 32V DC | SMD | Fast Blow | 1206
Change Component Description : Designator=F3 Old Description=Bel Fuse New Description=Bel Fuse  | 15A | 32V DC | SMD | Fast Blow | 1206
Change Component Description : Designator=F4 Old Description=Bel Fuse New Description=Bel Fuse  | 15A | 32V DC | SMD | Fast Blow | 1206
Change Component Description : Designator=F5 Old Description=Eaton New Description=Eaton  | 60A | 80V DC | SMD | Fast Blow | 2-SMD
Change Component Description : Designator=D2 Old Description=Zener Diode New Description=Zener Diode | 10 V | 410 mW | SOD 123
Add Pin To Net: Unknown Pin: Pin C2-1
Add Pin To Net: Unknown Pin: Pin C2-2
Add Pin To Net: Unknown Pin: Pin C3-1
Add Pin To Net: Unknown Pin: Pin C3-2
Add Pin To Net: Unknown Pin: Pin C4-1
Add Pin To Net: Unknown Pin: Pin C4-2
Add Pin To Net: Unknown Pin: Pin C5-1
Add Pin To Net: Unknown Pin: Pin C5-2
Added Pin To Net: NetName=NetC1_2 Pin=R2-1
Added Pin To Net: NetName=GND Pin=R2-2
Add Class Member: Failed to add class member : Component C2 Dummy Cap (NO FOOTPRINT)
Add Class Member: Failed to add class member : Component C3 Dummy Cap (NO FOOTPRINT)
Add Class Member: Failed to add class member : Component C4 Dummy Cap (NO FOOTPRINT)
Add Class Member: Failed to add class member : Component C5 Dummy Cap (NO FOOTPRINT)
Added Member To Class: ClassName=ESC Member=Component J2 Redcube M4 Term 85A
Added Member To Class: ClassName=ESC Member=Component J4 Redcube M4 Term 85A
Added Member To Class: ClassName=ESC Member=Component J7 CONN HEADER VERT 4POS 2.54MM
