Added Component: Designator=F5(0501Series_LTF)
Add component (AddParameter): Name = "Breaking Capacity"; Value = "150A"; VariantName = "[No Variations]"
Add component (AddParameter): Name = "Created By"; Value = "Nathan Ayer"; VariantName = "[No Variations]"
Add component (AddParameter): Name = "Current Rating"; Value = "15"; VariantName = "[No Variations]"
Add component (AddParameter): Name = "Manufacturer_Part_Number"; Value = "0685H9150-01"; VariantName = "[No Variations]"
Add component (AddParameter): Name = "Mfr_Name"; Value = "Bel Fuse"; VariantName = "[No Variations]"
Add component (AddParameter): Name = "Package"; Value = "1206"; VariantName = "[No Variations]"
Add component (AddParameter): Name = "Response Time"; Value = "Fast Blow"; VariantName = "[No Variations]"
Add component (AddParameter): Name = "Voltage Rating"; Value = "32V"; VariantName = "[No Variations]"
Add Pin To Net: Unknown Pin: Pin C2-1
Add Pin To Net: Unknown Pin: Pin C2-2
Add Pin To Net: Unknown Pin: Pin C3-1
Add Pin To Net: Unknown Pin: Pin C3-2
Add Pin To Net: Unknown Pin: Pin C4-1
Add Pin To Net: Unknown Pin: Pin C4-2
Add Pin To Net: Unknown Pin: Pin C5-1
Add Pin To Net: Unknown Pin: Pin C5-2
Added Pin To Net: NetName=NetD2_2 Pin=F5-1
Added Pin To Net: NetName=VCC Pin=F5-2
Add Class Member: Failed to add class member : Component C2 Dummy Cap (NO FOOTPRINT)
Add Class Member: Failed to add class member : Component C3 Dummy Cap (NO FOOTPRINT)
Add Class Member: Failed to add class member : Component C4 Dummy Cap (NO FOOTPRINT)
Add Class Member: Failed to add class member : Component C5 Dummy Cap (NO FOOTPRINT)
Added Member To Class: ClassName=ESC Member=Component F5 0685H9150-01
