Change component parameters: Designator = "J10" ("J10"); Footprint = "Redcube M4 Term 85A"; UniqueID = "\HXTSEOKX" ("\HXTSEOKX")
Change component parameters (AddParameter): Name = "Created By"; Value = "Nahtan Ayer"; VariantName = "[No Variations]"
Change component parameters (AddParameter): Name = "Current Rating"; Value = "85 A"; VariantName = "[No Variations]"
Change component parameters (AddParameter): Name = "Screw Size"; Value = "M4"; VariantName = "[No Variations]"
Change component parameters: Designator = "J11" ("J11"); Footprint = "Redcube M4 Term 85A"; UniqueID = "\OSOPSZBA" ("\OSOPSZBA")
Change component parameters (AddParameter): Name = "Created By"; Value = "Nahtan Ayer"; VariantName = "[No Variations]"
Change component parameters (AddParameter): Name = "Current Rating"; Value = "85 A"; VariantName = "[No Variations]"
Change component parameters (AddParameter): Name = "Screw Size"; Value = "M4"; VariantName = "[No Variations]"
Change component parameters: Designator = "J12" ("J12"); Footprint = "Redcube M4 Term 85A"; UniqueID = "\ZOBMDRFM" ("\ZOBMDRFM")
Change component parameters (AddParameter): Name = "Created By"; Value = "Nahtan Ayer"; VariantName = "[No Variations]"
Change component parameters (AddParameter): Name = "Current Rating"; Value = "85 A"; VariantName = "[No Variations]"
Change component parameters (AddParameter): Name = "Screw Size"; Value = "M4"; VariantName = "[No Variations]"
Change component parameters: Designator = "J13" ("J13"); Footprint = "Redcube M4 Term 85A"; UniqueID = "\KIEUNMDJ" ("\KIEUNMDJ")
Change component parameters (AddParameter): Name = "Created By"; Value = "Nahtan Ayer"; VariantName = "[No Variations]"
Change component parameters (AddParameter): Name = "Current Rating"; Value = "85 A"; VariantName = "[No Variations]"
Change component parameters (AddParameter): Name = "Screw Size"; Value = "M4"; VariantName = "[No Variations]"
Add Pin To Net: Unknown Pin: Pin C2-1
Add Pin To Net: Unknown Pin: Pin C2-2
Add Pin To Net: Unknown Pin: Pin C3-1
Add Pin To Net: Unknown Pin: Pin C3-2
Add Pin To Net: Unknown Pin: Pin C4-1
Add Pin To Net: Unknown Pin: Pin C4-2
Add Pin To Net: Unknown Pin: Pin C5-1
Add Pin To Net: Unknown Pin: Pin C5-2
Add Class Member: Failed to add class member : Component C2 Dummy Cap (NO FOOTPRINT)
Add Class Member: Failed to add class member : Component C3 Dummy Cap (NO FOOTPRINT)
Add Class Member: Failed to add class member : Component C4 Dummy Cap (NO FOOTPRINT)
Add Class Member: Failed to add class member : Component C5 Dummy Cap (NO FOOTPRINT)
