Change Physical Footprint: Designator=C1 Old Footprint=CAPACITOR_0603 New Footprint=CAPACITOR_0603
Change Physical Footprint: Designator=D1 Old Footprint=LED_0603 New Footprint=LED_0603
Change Physical Footprint: Designator=D2 Old Footprint=SOD-123 New Footprint=SOD-123
Change Physical Footprint: Designator=F1 Old Footprint=0501Series_LTF New Footprint=0501Series_LTF
Change Physical Footprint: Designator=F2 Old Footprint=0501Series_LTF New Footprint=0501Series_LTF
Change Physical Footprint: Designator=F3 Old Footprint=0501Series_LTF New Footprint=0501Series_LTF
Change Physical Footprint: Designator=F4 Old Footprint=0501Series_LTF New Footprint=0501Series_LTF
Change Physical Footprint: Designator=F5 Old Footprint=2-SMD Fuse New Footprint=2-SMD Fuse
Change Physical Footprint: Designator=J1 Old Footprint=CONN_MOLEX_MINIFIT JR_12 POS_R/A New Footprint=CONN_MOLEX_MINIFIT JR_12 POS_R/A
Change Physical Footprint: Designator=J2 Old Footprint=HEADER_4PIN_2.54MM New Footprint=HEADER_4PIN_2.54MM
Change Physical Footprint: Designator=J4 Old Footprint=HEADER_4PIN_2.54MM New Footprint=HEADER_4PIN_2.54MM
Change Physical Footprint: Designator=J6 Old Footprint=68611014122 New Footprint=68611014122
Change Physical Footprint: Designator=J7 Old Footprint=HEADER_4PIN_2.54MM New Footprint=HEADER_4PIN_2.54MM
Change Physical Footprint: Designator=J8 Old Footprint=68611014122 New Footprint=68611014122
Change Physical Footprint: Designator=J9 Old Footprint=HEADER_4PIN_2.54MM New Footprint=HEADER_4PIN_2.54MM
Change Physical Footprint: Designator=J10 Old Footprint=Redcube M4 Term 85A New Footprint=Redcube M4 Term 85A
Change Physical Footprint: Designator=J11 Old Footprint=Redcube M4 Term 85A New Footprint=Redcube M4 Term 85A
Change Physical Footprint: Designator=J12 Old Footprint=Redcube M4 Term 85A New Footprint=Redcube M4 Term 85A
Change Physical Footprint: Designator=J13 Old Footprint=Redcube M4 Term 85A New Footprint=Redcube M4 Term 85A
Change Physical Footprint: Designator=M1 Old Footprint=APD 80F3[X] New Footprint=APD 80F3[X]
Change Physical Footprint: Designator=M2 Old Footprint=APD 80F3[X] New Footprint=APD 80F3[X]
Change Physical Footprint: Designator=M3 Old Footprint=APD 80F3[X] New Footprint=APD 80F3[X]
Change Physical Footprint: Designator=M4 Old Footprint=APD 80F3[X] New Footprint=APD 80F3[X]
Change Physical Footprint: Designator=Q1 Old Footprint=TRANS_PSMN5R5-60YS,115 New Footprint=TRANS_PSMN5R5-60YS,115
Change Physical Footprint: Designator=R1 Old Footprint=RESISTOR_0805 New Footprint=RESISTOR_0805
Change Physical Footprint: Designator=R2 Old Footprint=RESISTOR_0603 New Footprint=RESISTOR_0603
Change Physical Footprint: Designator=SB1 Old Footprint=RESISTOR_0603 New Footprint=RESISTOR_0603
Change Physical Footprint: Designator=SB2 Old Footprint=RESISTOR_0603 New Footprint=RESISTOR_0603
Change Physical Footprint: Designator=SB3 Old Footprint=RESISTOR_0603 New Footprint=RESISTOR_0603
Change Physical Footprint: Designator=SB4 Old Footprint=RESISTOR_0603 New Footprint=RESISTOR_0603
