Replace Part C1 CAPACITOR_1uF_0603 in C:\Users\natha\Documents\Everything\UWRT\Electrical\GIT\electric_boogaloo\TempestBoards\MK2\ESC\ESC.SchDoc with CAPACITOR_1uF_0603 from Capacitors.SchLib
Replace Part C2 Dummy Cap (NO FOOTPRINT) in C:\Users\natha\Documents\Everything\UWRT\Electrical\GIT\electric_boogaloo\TempestBoards\MK2\ESC\ESC.SchDoc with Dummy Cap (NO FOOTPRINT) from Capacitors.SchLib
Replace Part C3 Dummy Cap (NO FOOTPRINT) in C:\Users\natha\Documents\Everything\UWRT\Electrical\GIT\electric_boogaloo\TempestBoards\MK2\ESC\ESC.SchDoc with Dummy Cap (NO FOOTPRINT) from Capacitors.SchLib
Replace Part C4 Dummy Cap (NO FOOTPRINT) in C:\Users\natha\Documents\Everything\UWRT\Electrical\GIT\electric_boogaloo\TempestBoards\MK2\ESC\ESC.SchDoc with Dummy Cap (NO FOOTPRINT) from Capacitors.SchLib
Replace Part C5 Dummy Cap (NO FOOTPRINT) in C:\Users\natha\Documents\Everything\UWRT\Electrical\GIT\electric_boogaloo\TempestBoards\MK2\ESC\ESC.SchDoc with Dummy Cap (NO FOOTPRINT) from Capacitors.SchLib
Replace Part D1 LED_Green_0603_3V in C:\Users\natha\Documents\Everything\UWRT\Electrical\GIT\electric_boogaloo\TempestBoards\MK2\ESC\ESC.SchDoc with LED_Green_0603_3V from Diodes.SchLib
Replace Part D2 Zener_Diode_10V_410mW in C:\Users\natha\Documents\Everything\UWRT\Electrical\GIT\electric_boogaloo\TempestBoards\MK2\ESC\ESC.SchDoc with Zener_Diode_10V_410mW from Diodes.SchLib
Replace Part F1 Bel Fuse 15A in C:\Users\natha\Documents\Everything\UWRT\Electrical\GIT\electric_boogaloo\TempestBoards\MK2\ESC\ESC.SchDoc with Bel Fuse 15A from Fuses.SchLib
Replace Part F2 Bel Fuse 15A in C:\Users\natha\Documents\Everything\UWRT\Electrical\GIT\electric_boogaloo\TempestBoards\MK2\ESC\ESC.SchDoc with Bel Fuse 15A from Fuses.SchLib
Replace Part F3 Bel Fuse 15A in C:\Users\natha\Documents\Everything\UWRT\Electrical\GIT\electric_boogaloo\TempestBoards\MK2\ESC\ESC.SchDoc with Bel Fuse 15A from Fuses.SchLib
Replace Part F4 Bel Fuse 15A in C:\Users\natha\Documents\Everything\UWRT\Electrical\GIT\electric_boogaloo\TempestBoards\MK2\ESC\ESC.SchDoc with Bel Fuse 15A from Fuses.SchLib
Replace Part F5 Eaton 60A Fuse in C:\Users\natha\Documents\Everything\UWRT\Electrical\GIT\electric_boogaloo\TempestBoards\MK2\ESC\ESC.SchDoc with Eaton 60A Fuse from Fuses.SchLib
Replace Part J1 CONN_MOLEX_MINIFIT JR_12POS_R/A in C:\Users\natha\Documents\Everything\UWRT\Electrical\GIT\electric_boogaloo\TempestBoards\MK2\ESC\ESC.SchDoc with CONN_MOLEX_MINIFIT JR_12POS_R/A from Connectors.SchLib
Replace Part J2 HEADER_4PIN_2.54MM in C:\Users\natha\Documents\Everything\UWRT\Electrical\GIT\electric_boogaloo\TempestBoards\MK2\ESC\ESC.SchDoc with HEADER_4PIN_2.54MM from Connectors.SchLib
Replace Part J4 HEADER_4PIN_2.54MM in C:\Users\natha\Documents\Everything\UWRT\Electrical\GIT\electric_boogaloo\TempestBoards\MK2\ESC\ESC.SchDoc with HEADER_4PIN_2.54MM from Connectors.SchLib
Replace Part J6 MKIICopro_ESC in C:\Users\natha\Documents\Everything\UWRT\Electrical\GIT\electric_boogaloo\TempestBoards\MK2\ESC\ESC.SchDoc with MKIICopro_ESC from Connectors.SchLib
Replace Part J7 HEADER_4PIN_2.54MM in C:\Users\natha\Documents\Everything\UWRT\Electrical\GIT\electric_boogaloo\TempestBoards\MK2\ESC\ESC.SchDoc with HEADER_4PIN_2.54MM from Connectors.SchLib
Replace Part J8 MKIICopro_ESC in C:\Users\natha\Documents\Everything\UWRT\Electrical\GIT\electric_boogaloo\TempestBoards\MK2\ESC\ESC.SchDoc with MKIICopro_ESC from Connectors.SchLib
Replace Part J9 HEADER_4PIN_2.54MM in C:\Users\natha\Documents\Everything\UWRT\Electrical\GIT\electric_boogaloo\TempestBoards\MK2\ESC\ESC.SchDoc with HEADER_4PIN_2.54MM from Connectors.SchLib
Replace Part J10 Redcube M4 Term 85A in C:\Users\natha\Documents\Everything\UWRT\Electrical\GIT\electric_boogaloo\TempestBoards\MK2\ESC\ESC.SchDoc with Redcube M4 Term 85A from Connectors.SchLib
Replace Part J11 Redcube M4 Term 85A in C:\Users\natha\Documents\Everything\UWRT\Electrical\GIT\electric_boogaloo\TempestBoards\MK2\ESC\ESC.SchDoc with Redcube M4 Term 85A from Connectors.SchLib
Replace Part J12 Redcube M4 Term 85A in C:\Users\natha\Documents\Everything\UWRT\Electrical\GIT\electric_boogaloo\TempestBoards\MK2\ESC\ESC.SchDoc with Redcube M4 Term 85A from Connectors.SchLib
Replace Part J13 Redcube M4 Term 85A in C:\Users\natha\Documents\Everything\UWRT\Electrical\GIT\electric_boogaloo\TempestBoards\MK2\ESC\ESC.SchDoc with Redcube M4 Term 85A from Connectors.SchLib
Replace Part M1 APD 80F3[X] in C:\Users\natha\Documents\Everything\UWRT\Electrical\GIT\electric_boogaloo\TempestBoards\MK2\ESC\ESC.SchDoc with APD 80F3[X] from Modules.SchLib
Replace Part M2 APD 80F3[X] in C:\Users\natha\Documents\Everything\UWRT\Electrical\GIT\electric_boogaloo\TempestBoards\MK2\ESC\ESC.SchDoc with APD 80F3[X] from Modules.SchLib
Replace Part M3 APD 80F3[X] in C:\Users\natha\Documents\Everything\UWRT\Electrical\GIT\electric_boogaloo\TempestBoards\MK2\ESC\ESC.SchDoc with APD 80F3[X] from Modules.SchLib
Replace Part M4 APD 80F3[X] in C:\Users\natha\Documents\Everything\UWRT\Electrical\GIT\electric_boogaloo\TempestBoards\MK2\ESC\ESC.SchDoc with APD 80F3[X] from Modules.SchLib
Replace Part Q1 BUK6Y19-30PX in C:\Users\natha\Documents\Everything\UWRT\Electrical\GIT\electric_boogaloo\TempestBoards\MK2\ESC\ESC.SchDoc with BUK6Y19-30PX from Transistors.SchLib
Replace Part R1 RESISTOR_4.7K_0805 in C:\Users\natha\Documents\Everything\UWRT\Electrical\GIT\electric_boogaloo\TempestBoards\MK2\ESC\ESC.SchDoc with RESISTOR_4.7K_0805 from Resistors.SchLib
Replace Part R2 RESISTOR_100K_0603 in C:\Users\natha\Documents\Everything\UWRT\Electrical\GIT\electric_boogaloo\TempestBoards\MK2\ESC\ESC.SchDoc with RESISTOR_100K_0603 from Resistors.SchLib
Replace Part SB1 JUMPER_0_0603 in C:\Users\natha\Documents\Everything\UWRT\Electrical\GIT\electric_boogaloo\TempestBoards\MK2\ESC\ESC.SchDoc with JUMPER_0_0603 from Resistors.SchLib
Replace Part SB2 JUMPER_0_0603 in C:\Users\natha\Documents\Everything\UWRT\Electrical\GIT\electric_boogaloo\TempestBoards\MK2\ESC\ESC.SchDoc with JUMPER_0_0603 from Resistors.SchLib
Replace Part SB3 JUMPER_0_0603 in C:\Users\natha\Documents\Everything\UWRT\Electrical\GIT\electric_boogaloo\TempestBoards\MK2\ESC\ESC.SchDoc with JUMPER_0_0603 from Resistors.SchLib
Replace Part SB4 JUMPER_0_0603 in C:\Users\natha\Documents\Everything\UWRT\Electrical\GIT\electric_boogaloo\TempestBoards\MK2\ESC\ESC.SchDoc with JUMPER_0_0603 from Resistors.SchLib
