Replace Part C? CAPACITOR_0.000027uF_0603 in C:\Users\natha\Documents\Everything\UWRT\Electrical\GIT\electric_boogaloo\TempestBoards\Acoustics\Acoustics Board\Acoustics Board.SchDoc with CAPACITOR_0.000027uF_0603 from Capacitors.SchLib
Replace Part C? CAPACITOR_0.000027uF_0603 in C:\Users\natha\Documents\Everything\UWRT\Electrical\GIT\electric_boogaloo\TempestBoards\Acoustics\Acoustics Board\Acoustics Board.SchDoc with CAPACITOR_0.000027uF_0603 from Capacitors.SchLib
Replace Part C? CAPACITOR_0.000027uF_0603 in C:\Users\natha\Documents\Everything\UWRT\Electrical\GIT\electric_boogaloo\TempestBoards\Acoustics\Acoustics Board\Acoustics Board.SchDoc with CAPACITOR_0.000027uF_0603 from Capacitors.SchLib
Replace Part C? CAPACITOR_10uF_0603 in C:\Users\natha\Documents\Everything\UWRT\Electrical\GIT\electric_boogaloo\TempestBoards\Acoustics\Acoustics Board\Acoustics Board.SchDoc with CAPACITOR_10uF_0603 from Capacitors.SchLib
Replace Part C? CAPACITOR_10uF_0603 in C:\Users\natha\Documents\Everything\UWRT\Electrical\GIT\electric_boogaloo\TempestBoards\Acoustics\Acoustics Board\Acoustics Board.SchDoc with CAPACITOR_10uF_0603 from Capacitors.SchLib
Replace Part C? CAPACITOR_0.000027uF_0603 in C:\Users\natha\Documents\Everything\UWRT\Electrical\GIT\electric_boogaloo\TempestBoards\Acoustics\Acoustics Board\Acoustics Board.SchDoc with CAPACITOR_0.000027uF_0603 from Capacitors.SchLib
Replace Part L? INDUCTOR_12uH_0603 in C:\Users\natha\Documents\Everything\UWRT\Electrical\GIT\electric_boogaloo\TempestBoards\Acoustics\Acoustics Board\Acoustics Board.SchDoc with INDUCTOR_12uH_0603 from Inductors.SchLib
Replace Part L? INDUCTOR_12uH_0603 in C:\Users\natha\Documents\Everything\UWRT\Electrical\GIT\electric_boogaloo\TempestBoards\Acoustics\Acoustics Board\Acoustics Board.SchDoc with INDUCTOR_12uH_0603 from Inductors.SchLib
Replace Part L? INDUCTOR_12uH_0603 in C:\Users\natha\Documents\Everything\UWRT\Electrical\GIT\electric_boogaloo\TempestBoards\Acoustics\Acoustics Board\Acoustics Board.SchDoc with INDUCTOR_12uH_0603 from Inductors.SchLib
Replace Part L? INDUCTOR_12uH_0603 in C:\Users\natha\Documents\Everything\UWRT\Electrical\GIT\electric_boogaloo\TempestBoards\Acoustics\Acoustics Board\Acoustics Board.SchDoc with INDUCTOR_12uH_0603 from Inductors.SchLib
Replace Part R? RESISTOR_1K_0603 in C:\Users\natha\Documents\Everything\UWRT\Electrical\GIT\electric_boogaloo\TempestBoards\Acoustics\Acoustics Board\Acoustics Board.SchDoc with RESISTOR_1K_0603 from Resistors.SchLib
Replace Part R? RESISTOR_10K_0.5%_0603 in C:\Users\natha\Documents\Everything\UWRT\Electrical\GIT\electric_boogaloo\TempestBoards\Acoustics\Acoustics Board\Acoustics Board.SchDoc with RESISTOR_10K_0.5%_0603 from Resistors.SchLib
Replace Part R? RESISTOR_1K_0603 in C:\Users\natha\Documents\Everything\UWRT\Electrical\GIT\electric_boogaloo\TempestBoards\Acoustics\Acoustics Board\Acoustics Board.SchDoc with RESISTOR_1K_0603 from Resistors.SchLib
Replace Part R? RESISTOR_1K_0603 in C:\Users\natha\Documents\Everything\UWRT\Electrical\GIT\electric_boogaloo\TempestBoards\Acoustics\Acoustics Board\Acoustics Board.SchDoc with RESISTOR_1K_0603 from Resistors.SchLib
Replace Part R? RESISTOR_1K_0603 in C:\Users\natha\Documents\Everything\UWRT\Electrical\GIT\electric_boogaloo\TempestBoards\Acoustics\Acoustics Board\Acoustics Board.SchDoc with RESISTOR_1K_0603 from Resistors.SchLib
Replace Part R? TC33X-2-203E in C:\Users\natha\Documents\Everything\UWRT\Electrical\GIT\electric_boogaloo\TempestBoards\Acoustics\Acoustics Board\Acoustics Board.SchDoc with TC33X-2-203E from Resistors.SchLib
Replace Part R? TC33X-2-203E in C:\Users\natha\Documents\Everything\UWRT\Electrical\GIT\electric_boogaloo\TempestBoards\Acoustics\Acoustics Board\Acoustics Board.SchDoc with TC33X-2-203E from Resistors.SchLib
Replace Part R? TC33X-2-203E in C:\Users\natha\Documents\Everything\UWRT\Electrical\GIT\electric_boogaloo\TempestBoards\Acoustics\Acoustics Board\Acoustics Board.SchDoc with TC33X-2-203E from Resistors.SchLib
Replace Part R? TC33X-2-203E in C:\Users\natha\Documents\Everything\UWRT\Electrical\GIT\electric_boogaloo\TempestBoards\Acoustics\Acoustics Board\Acoustics Board.SchDoc with TC33X-2-203E from Resistors.SchLib
Replace Part R? RESISTOR_10K_0.5%_0603 in C:\Users\natha\Documents\Everything\UWRT\Electrical\GIT\electric_boogaloo\TempestBoards\Acoustics\Acoustics Board\Acoustics Board.SchDoc with RESISTOR_10K_0.5%_0603 from Resistors.SchLib
Replace Part U? LM356MX/NOPB in C:\Users\natha\Documents\Everything\UWRT\Electrical\GIT\electric_boogaloo\TempestBoards\Acoustics\Acoustics Board\Acoustics Board.SchDoc with LM356MX/NOPB from Integrated Circuits.SchLib
Replace Part U? LM356MX/NOPB in C:\Users\natha\Documents\Everything\UWRT\Electrical\GIT\electric_boogaloo\TempestBoards\Acoustics\Acoustics Board\Acoustics Board.SchDoc with LM356MX/NOPB from Integrated Circuits.SchLib
Replace Part U? LM356MX/NOPB in C:\Users\natha\Documents\Everything\UWRT\Electrical\GIT\electric_boogaloo\TempestBoards\Acoustics\Acoustics Board\Acoustics Board.SchDoc with LM356MX/NOPB from Integrated Circuits.SchLib
Replace Part U? TLV3605RVKR in C:\Users\natha\Documents\Everything\UWRT\Electrical\GIT\electric_boogaloo\TempestBoards\Acoustics\Acoustics Board\Acoustics Board.SchDoc with TLV3605RVKR from Integrated Circuits.SchLib
Replace Part U? LM356MX/NOPB in C:\Users\natha\Documents\Everything\UWRT\Electrical\GIT\electric_boogaloo\TempestBoards\Acoustics\Acoustics Board\Acoustics Board.SchDoc with LM356MX/NOPB from Integrated Circuits.SchLib
