Importer Log Report
Project : Titan_Balancer.PrjPcb

Section : Analyze Document - C:\Users\Jacob\Desktop\UnderwaterRobotics\uwrt_electronics\Eagle Libraries\Battery Balancer\ACS722.lbr
    Analyzing data of C:\Users\Jacob\Desktop\UnderwaterRobotics\uwrt_electronics\Eagle Libraries\Battery Balancer\ACS722.lbr
    Load settings
    Load layers 109
    Load library
    Load Library library
    Load Library ""
    Load Packages 1
    Load Symbols 1
    Load DeviceSets 1
EndSection

Section : Analyze Document - C:\Users\Jacob\Desktop\UnderwaterRobotics\uwrt_electronics\Eagle Libraries\Battery Balancer\ADC128D818.lbr
    Analyzing data of C:\Users\Jacob\Desktop\UnderwaterRobotics\uwrt_electronics\Eagle Libraries\Battery Balancer\ADC128D818.lbr
    Load settings
    Load layers 109
    Load library
    Load Library library
    Load Library ""
    Load Packages 1
    Load Symbols 1
    Load DeviceSets 1
EndSection

Section : Analyze Document - C:\Users\Jacob\Desktop\UnderwaterRobotics\uwrt_electronics\Eagle Libraries\Battery Balancer\APT60DQ60SG.lbr
    Analyzing data of C:\Users\Jacob\Desktop\UnderwaterRobotics\uwrt_electronics\Eagle Libraries\Battery Balancer\APT60DQ60SG.lbr
    Load settings
    Load layers 46
    Load library
    Load Library library
    Load Library ""
    Load Packages 1
    Load Symbols 1
    Load DeviceSets 1
EndSection

Section : Analyze Document - C:\Users\Jacob\Desktop\UnderwaterRobotics\uwrt_electronics\Eagle Libraries\Battery Balancer\CMX60D20.lbr
    Analyzing data of C:\Users\Jacob\Desktop\UnderwaterRobotics\uwrt_electronics\Eagle Libraries\Battery Balancer\CMX60D20.lbr
    Load settings
    Load layers 46
    Load library
    Load Library library
    Load Library ""
    Load Packages 1
    Load Symbols 1
    Load DeviceSets 1
EndSection

Section : Analyze Document - C:\Users\Jacob\Desktop\UnderwaterRobotics\uwrt_electronics\Eagle Libraries\Battery Balancer\con-molex-mini-fit.lbr
    Analyzing data of C:\Users\Jacob\Desktop\UnderwaterRobotics\uwrt_electronics\Eagle Libraries\Battery Balancer\con-molex-mini-fit.lbr
    Load settings
    Load layers 59
    Load library
    Load Library library
    Load Library ""
    Load Packages 13
    Load Symbols 14
    Load DeviceSets 25
EndSection

Section : Analyze Document - C:\Users\Jacob\Desktop\UnderwaterRobotics\uwrt_electronics\Eagle Libraries\Battery Balancer\DC_DC_CONVERTER.lbr
    Analyzing data of C:\Users\Jacob\Desktop\UnderwaterRobotics\uwrt_electronics\Eagle Libraries\Battery Balancer\DC_DC_CONVERTER.lbr
    Load settings
    Load layers 62
    Load library
    Load Library library
    Load Library ""
    Load Packages 1
    Load Symbols 1
    Load DeviceSets 1
EndSection

Section : Analyze Document - C:\Users\Jacob\Desktop\UnderwaterRobotics\uwrt_electronics\Eagle Libraries\Battery Balancer\FDD8453LZ.lbr
    Analyzing data of C:\Users\Jacob\Desktop\UnderwaterRobotics\uwrt_electronics\Eagle Libraries\Battery Balancer\FDD8453LZ.lbr
    Load settings
    Load layers 46
    Load library
    Load Library library
    Load Library ""
    Load Packages 1
    Load Symbols 1
    Load DeviceSets 1
EndSection

Section : Analyze Document - C:\Users\Jacob\Desktop\UnderwaterRobotics\uwrt_electronics\Eagle Libraries\Battery Balancer\I6A4W020A033V-001-R.lbr
    Analyzing data of C:\Users\Jacob\Desktop\UnderwaterRobotics\uwrt_electronics\Eagle Libraries\Battery Balancer\I6A4W020A033V-001-R.lbr
    Load settings
    Load layers 46
    Load library
    Load Library library
    Load Library ""
    Load Packages 1
    Load Symbols 1
    Load DeviceSets 1
EndSection

Section : Analyze Document - C:\Users\Jacob\Desktop\UnderwaterRobotics\uwrt_electronics\Eagle Libraries\Battery Balancer\IXFX64N60P3.lbr
    Analyzing data of C:\Users\Jacob\Desktop\UnderwaterRobotics\uwrt_electronics\Eagle Libraries\Battery Balancer\IXFX64N60P3.lbr
    Load settings
    Load layers 60
    Load library
    Load Library library
    Load Library ""
    Load Packages 1
    Load Symbols 1
    Load DeviceSets 1
EndSection

Section : Analyze Document - C:\Users\Jacob\Desktop\UnderwaterRobotics\uwrt_electronics\Eagle Libraries\Battery Balancer\LM5050.lbr
    Analyzing data of C:\Users\Jacob\Desktop\UnderwaterRobotics\uwrt_electronics\Eagle Libraries\Battery Balancer\LM5050.lbr
    Load settings
    Load layers 62
    Load library
    Load Library library
    Load Library ""
    Load Packages 1
    Load Symbols 1
    Load DeviceSets 1
EndSection

Section : Analyze Document - C:\Users\Jacob\Desktop\UnderwaterRobotics\uwrt_electronics\Eagle Libraries\Battery Balancer\RT7258-1.lbr
    Analyzing data of C:\Users\Jacob\Desktop\UnderwaterRobotics\uwrt_electronics\Eagle Libraries\Battery Balancer\RT7258-1.lbr
    Load settings
    Load layers 62
    Load library
    Load Library library
    Load Library ""
    Load Packages 1
    Load Symbols 1
    Load DeviceSets 1
EndSection

Section : Analyze Document - C:\Users\Jacob\Desktop\UnderwaterRobotics\uwrt_electronics\Eagle Libraries\Battery Balancer\SamacSys_Parts.lbr
    Analyzing data of C:\Users\Jacob\Desktop\UnderwaterRobotics\uwrt_electronics\Eagle Libraries\Battery Balancer\SamacSys_Parts.lbr
    Load settings
    Load layers 46
    Load library
    Load Library library
    Load Library ""
    Load Packages 0
    Load Symbols 0
    Load DeviceSets 0
EndSection

Section : Analyze Document - C:\Users\Jacob\Desktop\UnderwaterRobotics\uwrt_electronics\Eagle Libraries\Battery Balancer\SIHB12N60E-GE3.lbr
    Analyzing data of C:\Users\Jacob\Desktop\UnderwaterRobotics\uwrt_electronics\Eagle Libraries\Battery Balancer\SIHB12N60E-GE3.lbr
    Load settings
    Load layers 46
    Load library
    Load Library library
    Load Library ""
    Load Packages 1
    Load Symbols 1
    Load DeviceSets 1
EndSection

Section : Analyze Document - C:\Users\Jacob\Desktop\UnderwaterRobotics\uwrt_electronics\Eagle Libraries\Battery Balancer\SN74LS04N.lbr
    Analyzing data of C:\Users\Jacob\Desktop\UnderwaterRobotics\uwrt_electronics\Eagle Libraries\Battery Balancer\SN74LS04N.lbr
    Load settings
    Load layers 46
    Load library
    Load Library library
    Load Library ""
    Load Packages 1
    Load Symbols 1
    Load DeviceSets 1
EndSection

Section : Analyze Document - C:\Users\Jacob\Desktop\UnderwaterRobotics\uwrt_electronics\Eagle Libraries\Battery Balancer\SN74LV11AD.lbr
    Analyzing data of C:\Users\Jacob\Desktop\UnderwaterRobotics\uwrt_electronics\Eagle Libraries\Battery Balancer\SN74LV11AD.lbr
    Load settings
    Load layers 46
    Load library
    Load Library library
    Load Library ""
    Load Packages 1
    Load Symbols 1
    Load DeviceSets 1
EndSection

Section : Analyze Document - C:\Users\Jacob\Desktop\UnderwaterRobotics\uwrt_electronics\Eagle Libraries\Battery Balancer\SOIC127P600X175-14N.lbr
    Analyzing data of C:\Users\Jacob\Desktop\UnderwaterRobotics\uwrt_electronics\Eagle Libraries\Battery Balancer\SOIC127P600X175-14N.lbr
    Load settings
    Load layers 46
    Load library
    Load Library library
    Load Library ""
    Load Packages 1
    Load Symbols 0
    Load DeviceSets 0
EndSection

Section : Analyze Document - C:\Users\Jacob\Desktop\UnderwaterRobotics\uwrt_electronics\Eagle Libraries\Battery Balancer\TK40A10N1.lbr
    Analyzing data of C:\Users\Jacob\Desktop\UnderwaterRobotics\uwrt_electronics\Eagle Libraries\Battery Balancer\TK40A10N1.lbr
    Load settings
    Load layers 60
    Load library
    Load Library library
    Load Library ""
    Load Packages 1
    Load Symbols 1
    Load DeviceSets 1
EndSection

Section : Analyze Document - C:\Users\Jacob\Desktop\UnderwaterRobotics\uwrt_electronics\Eagle Libraries\Battery Balancer\Vertical_Connectors.lbr
    Analyzing data of C:\Users\Jacob\Desktop\UnderwaterRobotics\uwrt_electronics\Eagle Libraries\Battery Balancer\Vertical_Connectors.lbr
    Load settings
    Load layers 62
    Load library
    Load Library library
    Load Library ""
    Load Packages 6
    Load Symbols 6
    Load DeviceSets 6
EndSection

Section : Analyze Document - C:\Users\Jacob\Desktop\UnderwaterRobotics\uwrt_electronics\Titan Boards\Battery Balancer\Titan_Balancer.sch
    Analyzing data of C:\Users\Jacob\Desktop\UnderwaterRobotics\uwrt_electronics\Titan Boards\Battery Balancer\Titan_Balancer.sch
    Load settings
    Load layers 151
    Load schematic
    Load Libraries 21
    Load Library "5530843-6"
    Load Packages 1
    Load Symbols 1
    Load DeviceSets 1
    Load Library "supply1"
    Load Packages 0
    Load Symbols 5
    Load DeviceSets 5
    Load Library "frames"
    Load Packages 0
    Load Symbols 1
    Load DeviceSets 1
    Load Library "con-molex-mini-fit"
    Load Packages 3
    Load Symbols 3
    Load DeviceSets 3
    Load Library "LM5050"
    Load Packages 1
    Load Symbols 1
    Load DeviceSets 1
    Load Library "ACS722"
    Load Packages 1
    Load Symbols 1
    Load DeviceSets 1
    Load Library "rcl"
    Load Packages 338
    ERROR: Unhandled typepackages3d
    Load Symbols 3
    Load DeviceSets 3
    ERROR: Unhandled typepackage3dinstances
    ERROR: Unhandled typepackage3dinstances
    ERROR: Unhandled typepackage3dinstances
    ERROR: Unhandled typepackage3dinstances
    ERROR: Unhandled typepackage3dinstances
    ERROR: Unhandled typepackage3dinstances
    ERROR: Unhandled typepackage3dinstances
    ERROR: Unhandled typepackage3dinstances
    ERROR: Unhandled typepackage3dinstances
    ERROR: Unhandled typepackage3dinstances
    ERROR: Unhandled typepackage3dinstances
    ERROR: Unhandled typepackage3dinstances
    ERROR: Unhandled typepackage3dinstances
    ERROR: Unhandled typepackage3dinstances
    ERROR: Unhandled typepackage3dinstances
    ERROR: Unhandled typepackage3dinstances
    ERROR: Unhandled typepackage3dinstances
    ERROR: Unhandled typepackage3dinstances
    ERROR: Unhandled typepackage3dinstances
    ERROR: Unhandled typepackage3dinstances
    ERROR: Unhandled typepackage3dinstances
    ERROR: Unhandled typepackage3dinstances
    ERROR: Unhandled typepackage3dinstances
    ERROR: Unhandled typepackage3dinstances
    ERROR: Unhandled typepackage3dinstances
    ERROR: Unhandled typepackage3dinstances
    ERROR: Unhandled typepackage3dinstances
    ERROR: Unhandled typepackage3dinstances
    ERROR: Unhandled typepackage3dinstances
    ERROR: Unhandled typepackage3dinstances
    ERROR: Unhandled typepackage3dinstances
    ERROR: Unhandled typepackage3dinstances
    ERROR: Unhandled typepackage3dinstances
    ERROR: Unhandled typepackage3dinstances
    ERROR: Unhandled typepackage3dinstances
    ERROR: Unhandled typepackage3dinstances
    ERROR: Unhandled typepackage3dinstances
    ERROR: Unhandled typepackage3dinstances
    ERROR: Unhandled typepackage3dinstances
    ERROR: Unhandled typepackage3dinstances
    ERROR: Unhandled typepackage3dinstances
    ERROR: Unhandled typepackage3dinstances
    ERROR: Unhandled typepackage3dinstances
    ERROR: Unhandled typepackage3dinstances
    ERROR: Unhandled typepackage3dinstances
    ERROR: Unhandled typepackage3dinstances
    ERROR: Unhandled typepackage3dinstances
    ERROR: Unhandled typepackage3dinstances
    ERROR: Unhandled typepackage3dinstances
    ERROR: Unhandled typepackage3dinstances
    ERROR: Unhandled typepackage3dinstances
    ERROR: Unhandled typepackage3dinstances
    ERROR: Unhandled typepackage3dinstances
    ERROR: Unhandled typepackage3dinstances
    ERROR: Unhandled typepackage3dinstances
    ERROR: Unhandled typepackage3dinstances
    ERROR: Unhandled typepackage3dinstances
    ERROR: Unhandled typepackage3dinstances
    ERROR: Unhandled typepackage3dinstances
    ERROR: Unhandled typepackage3dinstances
    ERROR: Unhandled typepackage3dinstances
    ERROR: Unhandled typepackage3dinstances
    ERROR: Unhandled typepackage3dinstances
    ERROR: Unhandled typepackage3dinstances
    ERROR: Unhandled typepackage3dinstances
    ERROR: Unhandled typepackage3dinstances
    ERROR: Unhandled typepackage3dinstances
    ERROR: Unhandled typepackage3dinstances
    ERROR: Unhandled typepackage3dinstances
    ERROR: Unhandled typepackage3dinstances
    ERROR: Unhandled typepackage3dinstances
    ERROR: Unhandled typepackage3dinstances
    ERROR: Unhandled typepackage3dinstances
    ERROR: Unhandled typepackage3dinstances
    ERROR: Unhandled typepackage3dinstances
    ERROR: Unhandled typepackage3dinstances
    ERROR: Unhandled typepackage3dinstances
    ERROR: Unhandled typepackage3dinstances
    ERROR: Unhandled typepackage3dinstances
    ERROR: Unhandled typepackage3dinstances
    ERROR: Unhandled typepackage3dinstances
    ERROR: Unhandled typepackage3dinstances
    ERROR: Unhandled typepackage3dinstances
    ERROR: Unhandled typepackage3dinstances
    ERROR: Unhandled typepackage3dinstances
    ERROR: Unhandled typespice
    ERROR: Unhandled typepackage3dinstances
    ERROR: Unhandled typepackage3dinstances
    ERROR: Unhandled typepackage3dinstances
    ERROR: Unhandled typepackage3dinstances
    ERROR: Unhandled typepackage3dinstances
    ERROR: Unhandled typepackage3dinstances
    ERROR: Unhandled typepackage3dinstances
    ERROR: Unhandled typepackage3dinstances
    ERROR: Unhandled typepackage3dinstances
    ERROR: Unhandled typepackage3dinstances
    ERROR: Unhandled typepackage3dinstances
    ERROR: Unhandled typepackage3dinstances
    ERROR: Unhandled typepackage3dinstances
    ERROR: Unhandled typepackage3dinstances
    ERROR: Unhandled typepackage3dinstances
    ERROR: Unhandled typepackage3dinstances
    ERROR: Unhandled typepackage3dinstances
    ERROR: Unhandled typepackage3dinstances
    ERROR: Unhandled typepackage3dinstances
    ERROR: Unhandled typepackage3dinstances
    ERROR: Unhandled typepackage3dinstances
    ERROR: Unhandled typepackage3dinstances
    ERROR: Unhandled typepackage3dinstances
    ERROR: Unhandled typepackage3dinstances
    ERROR: Unhandled typepackage3dinstances
    ERROR: Unhandled typepackage3dinstances
    ERROR: Unhandled typepackage3dinstances
    ERROR: Unhandled typepackage3dinstances
    ERROR: Unhandled typepackage3dinstances
    ERROR: Unhandled typepackage3dinstances
    ERROR: Unhandled typepackage3dinstances
    ERROR: Unhandled typepackage3dinstances
    ERROR: Unhandled typepackage3dinstances
    ERROR: Unhandled typepackage3dinstances
    ERROR: Unhandled typepackage3dinstances
    ERROR: Unhandled typepackage3dinstances
    ERROR: Unhandled typepackage3dinstances
    ERROR: Unhandled typepackage3dinstances
    ERROR: Unhandled typepackage3dinstances
    ERROR: Unhandled typepackage3dinstances
    ERROR: Unhandled typepackage3dinstances
    ERROR: Unhandled typepackage3dinstances
    ERROR: Unhandled typepackage3dinstances
    ERROR: Unhandled typepackage3dinstances
    ERROR: Unhandled typepackage3dinstances
    ERROR: Unhandled typepackage3dinstances
    ERROR: Unhandled typepackage3dinstances
    ERROR: Unhandled typepackage3dinstances
    ERROR: Unhandled typepackage3dinstances
    ERROR: Unhandled typepackage3dinstances
    ERROR: Unhandled typepackage3dinstances
    ERROR: Unhandled typepackage3dinstances
    ERROR: Unhandled typepackage3dinstances
    ERROR: Unhandled typepackage3dinstances
    ERROR: Unhandled typepackage3dinstances
    ERROR: Unhandled typepackage3dinstances
    ERROR: Unhandled typepackage3dinstances
    ERROR: Unhandled typepackage3dinstances
    ERROR: Unhandled typepackage3dinstances
    ERROR: Unhandled typepackage3dinstances
    ERROR: Unhandled typepackage3dinstances
    ERROR: Unhandled typepackage3dinstances
    ERROR: Unhandled typepackage3dinstances
    ERROR: Unhandled typepackage3dinstances
    ERROR: Unhandled typepackage3dinstances
    ERROR: Unhandled typepackage3dinstances
    ERROR: Unhandled typepackage3dinstances
    ERROR: Unhandled typepackage3dinstances
    ERROR: Unhandled typepackage3dinstances
    ERROR: Unhandled typepackage3dinstances
    ERROR: Unhandled typepackage3dinstances
    ERROR: Unhandled typepackage3dinstances
    ERROR: Unhandled typepackage3dinstances
    ERROR: Unhandled typepackage3dinstances
    ERROR: Unhandled typepackage3dinstances
    ERROR: Unhandled typepackage3dinstances
    ERROR: Unhandled typepackage3dinstances
    ERROR: Unhandled typepackage3dinstances
    ERROR: Unhandled typespice
    ERROR: Unhandled typepackage3dinstances
    ERROR: Unhandled typepackage3dinstances
    ERROR: Unhandled typepackage3dinstances
    ERROR: Unhandled typepackage3dinstances
    ERROR: Unhandled typepackage3dinstances
    ERROR: Unhandled typepackage3dinstances
    ERROR: Unhandled typepackage3dinstances
    ERROR: Unhandled typepackage3dinstances
    ERROR: Unhandled typepackage3dinstances
    ERROR: Unhandled typepackage3dinstances
    ERROR: Unhandled typepackage3dinstances
    ERROR: Unhandled typepackage3dinstances
    ERROR: Unhandled typepackage3dinstances
    ERROR: Unhandled typepackage3dinstances
    ERROR: Unhandled typepackage3dinstances
    ERROR: Unhandled typepackage3dinstances
    ERROR: Unhandled typepackage3dinstances
    ERROR: Unhandled typepackage3dinstances
    ERROR: Unhandled typepackage3dinstances
    ERROR: Unhandled typepackage3dinstances
    ERROR: Unhandled typepackage3dinstances
    ERROR: Unhandled typepackage3dinstances
    ERROR: Unhandled typepackage3dinstances
    ERROR: Unhandled typepackage3dinstances
    ERROR: Unhandled typepackage3dinstances
    ERROR: Unhandled typepackage3dinstances
    ERROR: Unhandled typepackage3dinstances
    ERROR: Unhandled typepackage3dinstances
    ERROR: Unhandled typepackage3dinstances
    ERROR: Unhandled typepackage3dinstances
    ERROR: Unhandled typepackage3dinstances
    ERROR: Unhandled typepackage3dinstances
    ERROR: Unhandled typepackage3dinstances
    ERROR: Unhandled typepackage3dinstances
    ERROR: Unhandled typepackage3dinstances
    ERROR: Unhandled typepackage3dinstances
    ERROR: Unhandled typepackage3dinstances
    ERROR: Unhandled typepackage3dinstances
    ERROR: Unhandled typepackage3dinstances
    ERROR: Unhandled typepackage3dinstances
    ERROR: Unhandled typepackage3dinstances
    ERROR: Unhandled typepackage3dinstances
    ERROR: Unhandled typepackage3dinstances
    ERROR: Unhandled typepackage3dinstances
    ERROR: Unhandled typepackage3dinstances
    ERROR: Unhandled typepackage3dinstances
    ERROR: Unhandled typepackage3dinstances
    ERROR: Unhandled typepackage3dinstances
    ERROR: Unhandled typepackage3dinstances
    ERROR: Unhandled typepackage3dinstances
    ERROR: Unhandled typepackage3dinstances
    ERROR: Unhandled typepackage3dinstances
    ERROR: Unhandled typepackage3dinstances
    ERROR: Unhandled typepackage3dinstances
    ERROR: Unhandled typepackage3dinstances
    ERROR: Unhandled typepackage3dinstances
    ERROR: Unhandled typepackage3dinstances
    ERROR: Unhandled typepackage3dinstances
    ERROR: Unhandled typepackage3dinstances
    ERROR: Unhandled typepackage3dinstances
    ERROR: Unhandled typepackage3dinstances
    ERROR: Unhandled typepackage3dinstances
    ERROR: Unhandled typepackage3dinstances
    ERROR: Unhandled typepackage3dinstances
    ERROR: Unhandled typepackage3dinstances
    ERROR: Unhandled typepackage3dinstances
    ERROR: Unhandled typepackage3dinstances
    ERROR: Unhandled typepackage3dinstances
    ERROR: Unhandled typepackage3dinstances
    ERROR: Unhandled typepackage3dinstances
    ERROR: Unhandled typepackage3dinstances
    ERROR: Unhandled typepackage3dinstances
    ERROR: Unhandled typepackage3dinstances
    ERROR: Unhandled typepackage3dinstances
    ERROR: Unhandled typepackage3dinstances
    ERROR: Unhandled typepackage3dinstances
    ERROR: Unhandled typepackage3dinstances
    ERROR: Unhandled typepackage3dinstances
    ERROR: Unhandled typepackage3dinstances
    ERROR: Unhandled typepackage3dinstances
    ERROR: Unhandled typepackage3dinstances
    ERROR: Unhandled typepackage3dinstances
    ERROR: Unhandled typepackage3dinstances
    ERROR: Unhandled typepackage3dinstances
    ERROR: Unhandled typepackage3dinstances
    ERROR: Unhandled typepackage3dinstances
    ERROR: Unhandled typepackage3dinstances
    ERROR: Unhandled typepackage3dinstances
    ERROR: Unhandled typepackage3dinstances
    ERROR: Unhandled typepackage3dinstances
    ERROR: Unhandled typepackage3dinstances
    ERROR: Unhandled typepackage3dinstances
    ERROR: Unhandled typepackage3dinstances
    ERROR: Unhandled typepackage3dinstances
    ERROR: Unhandled typepackage3dinstances
    ERROR: Unhandled typepackage3dinstances
    ERROR: Unhandled typepackage3dinstances
    ERROR: Unhandled typepackage3dinstances
    ERROR: Unhandled typepackage3dinstances
    ERROR: Unhandled typepackage3dinstances
    ERROR: Unhandled typepackage3dinstances
    ERROR: Unhandled typepackage3dinstances
    ERROR: Unhandled typepackage3dinstances
    ERROR: Unhandled typepackage3dinstances
    ERROR: Unhandled typepackage3dinstances
    ERROR: Unhandled typepackage3dinstances
    ERROR: Unhandled typepackage3dinstances
    ERROR: Unhandled typepackage3dinstances
    ERROR: Unhandled typepackage3dinstances
    ERROR: Unhandled typepackage3dinstances
    ERROR: Unhandled typepackage3dinstances
    ERROR: Unhandled typepackage3dinstances
    ERROR: Unhandled typepackage3dinstances
    ERROR: Unhandled typepackage3dinstances
    ERROR: Unhandled typepackage3dinstances
    ERROR: Unhandled typepackage3dinstances
    ERROR: Unhandled typepackage3dinstances
    ERROR: Unhandled typepackage3dinstances
    ERROR: Unhandled typepackage3dinstances
    ERROR: Unhandled typepackage3dinstances
    ERROR: Unhandled typepackage3dinstances
    ERROR: Unhandled typepackage3dinstances
    ERROR: Unhandled typepackage3dinstances
    ERROR: Unhandled typepackage3dinstances
    ERROR: Unhandled typepackage3dinstances
    ERROR: Unhandled typepackage3dinstances
    ERROR: Unhandled typepackage3dinstances
    ERROR: Unhandled typepackage3dinstances
    ERROR: Unhandled typepackage3dinstances
    ERROR: Unhandled typepackage3dinstances
    ERROR: Unhandled typepackage3dinstances
    ERROR: Unhandled typepackage3dinstances
    ERROR: Unhandled typepackage3dinstances
    ERROR: Unhandled typepackage3dinstances
    ERROR: Unhandled typepackage3dinstances
    ERROR: Unhandled typepackage3dinstances
    ERROR: Unhandled typepackage3dinstances
    ERROR: Unhandled typepackage3dinstances
    ERROR: Unhandled typepackage3dinstances
    ERROR: Unhandled typepackage3dinstances
    ERROR: Unhandled typepackage3dinstances
    ERROR: Unhandled typepackage3dinstances
    ERROR: Unhandled typepackage3dinstances
    ERROR: Unhandled typepackage3dinstances
    ERROR: Unhandled typepackage3dinstances
    ERROR: Unhandled typepackage3dinstances
    ERROR: Unhandled typepackage3dinstances
    ERROR: Unhandled typepackage3dinstances
    ERROR: Unhandled typepackage3dinstances
    ERROR: Unhandled typepackage3dinstances
    ERROR: Unhandled typepackage3dinstances
    ERROR: Unhandled typepackage3dinstances
    ERROR: Unhandled typepackage3dinstances
    ERROR: Unhandled typepackage3dinstances
    ERROR: Unhandled typepackage3dinstances
    ERROR: Unhandled typepackage3dinstances
    ERROR: Unhandled typepackage3dinstances
    ERROR: Unhandled typepackage3dinstances
    ERROR: Unhandled typepackage3dinstances
    ERROR: Unhandled typepackage3dinstances
    ERROR: Unhandled typepackage3dinstances
    ERROR: Unhandled typepackage3dinstances
    ERROR: Unhandled typepackage3dinstances
    ERROR: Unhandled typepackage3dinstances
    ERROR: Unhandled typepackage3dinstances
    ERROR: Unhandled typepackage3dinstances
    ERROR: Unhandled typepackage3dinstances
    ERROR: Unhandled typepackage3dinstances
    ERROR: Unhandled typepackage3dinstances
    ERROR: Unhandled typepackage3dinstances
    ERROR: Unhandled typepackage3dinstances
    ERROR: Unhandled typepackage3dinstances
    ERROR: Unhandled typepackage3dinstances
    ERROR: Unhandled typepackage3dinstances
    ERROR: Unhandled typepackage3dinstances
    ERROR: Unhandled typespice
    Load Library "burr-brown"
    Load Packages 2
    ERROR: Unhandled typepackages3d
    Load Symbols 1
    Load DeviceSets 1
    ERROR: Unhandled typepackage3dinstances
    ERROR: Unhandled typepackage3dinstances
    Load Library "I6A4W020A033V-001-R"
    Load Packages 1
    Load Symbols 1
    Load DeviceSets 1
    Load Library "transistor-fet"
    Load Packages 3
    ERROR: Unhandled typepackages3d
    Load Symbols 1
    Load DeviceSets 2
    ERROR: Unhandled typepackage3dinstances
    ERROR: Unhandled typepackage3dinstances
    ERROR: Unhandled typepackage3dinstances
    Load Library "zetex"
    Load Packages 1
    ERROR: Unhandled typepackages3d
    Load Symbols 1
    Load DeviceSets 1
    ERROR: Unhandled typepackage3dinstances
    Load Library "resistor"
    Load Packages 43
    ERROR: Unhandled typepackages3d
    Load Symbols 1
    Load DeviceSets 1
    ERROR: Unhandled typepackage3dinstances
    ERROR: Unhandled typepackage3dinstances
    ERROR: Unhandled typepackage3dinstances
    ERROR: Unhandled typepackage3dinstances
    ERROR: Unhandled typepackage3dinstances
    ERROR: Unhandled typepackage3dinstances
    ERROR: Unhandled typepackage3dinstances
    ERROR: Unhandled typepackage3dinstances
    ERROR: Unhandled typepackage3dinstances
    ERROR: Unhandled typepackage3dinstances
    ERROR: Unhandled typepackage3dinstances
    ERROR: Unhandled typepackage3dinstances
    ERROR: Unhandled typepackage3dinstances
    ERROR: Unhandled typepackage3dinstances
    ERROR: Unhandled typepackage3dinstances
    ERROR: Unhandled typepackage3dinstances
    ERROR: Unhandled typepackage3dinstances
    ERROR: Unhandled typepackage3dinstances
    ERROR: Unhandled typepackage3dinstances
    ERROR: Unhandled typepackage3dinstances
    ERROR: Unhandled typepackage3dinstances
    ERROR: Unhandled typepackage3dinstances
    ERROR: Unhandled typepackage3dinstances
    ERROR: Unhandled typepackage3dinstances
    ERROR: Unhandled typepackage3dinstances
    ERROR: Unhandled typepackage3dinstances
    ERROR: Unhandled typepackage3dinstances
    ERROR: Unhandled typepackage3dinstances
    ERROR: Unhandled typepackage3dinstances
    ERROR: Unhandled typepackage3dinstances
    ERROR: Unhandled typepackage3dinstances
    ERROR: Unhandled typepackage3dinstances
    ERROR: Unhandled typepackage3dinstances
    ERROR: Unhandled typepackage3dinstances
    ERROR: Unhandled typepackage3dinstances
    ERROR: Unhandled typepackage3dinstances
    ERROR: Unhandled typepackage3dinstances
    ERROR: Unhandled typepackage3dinstances
    ERROR: Unhandled typepackage3dinstances
    ERROR: Unhandled typepackage3dinstances
    ERROR: Unhandled typepackage3dinstances
    ERROR: Unhandled typepackage3dinstances
    ERROR: Unhandled typepackage3dinstances
    Load Library "inductor-neosid"
    Load Packages 1
    ERROR: Unhandled typepackages3d
    Load Symbols 1
    Load DeviceSets 1
    ERROR: Unhandled typepackage3dinstances
    Load Library "SparkFun-DiscreteSemi"
    Load Packages 7
    Load Symbols 1
    Load DeviceSets 1
    Load Library "APT60DQ60SG"
    Load Packages 1
    Load Symbols 1
    Load DeviceSets 1
    Load Library "led"
    Load Packages 37
    ERROR: Unhandled typepackages3d
    Load Symbols 1
    Load DeviceSets 1
    ERROR: Unhandled typepackage3dinstances
    ERROR: Unhandled typepackage3dinstances
    ERROR: Unhandled typepackage3dinstances
    ERROR: Unhandled typepackage3dinstances
    ERROR: Unhandled typepackage3dinstances
    ERROR: Unhandled typepackage3dinstances
    ERROR: Unhandled typepackage3dinstances
    ERROR: Unhandled typepackage3dinstances
    ERROR: Unhandled typepackage3dinstances
    ERROR: Unhandled typepackage3dinstances
    ERROR: Unhandled typepackage3dinstances
    ERROR: Unhandled typepackage3dinstances
    ERROR: Unhandled typepackage3dinstances
    ERROR: Unhandled typepackage3dinstances
    ERROR: Unhandled typepackage3dinstances
    ERROR: Unhandled typepackage3dinstances
    ERROR: Unhandled typepackage3dinstances
    ERROR: Unhandled typepackage3dinstances
    ERROR: Unhandled typepackage3dinstances
    ERROR: Unhandled typepackage3dinstances
    ERROR: Unhandled typepackage3dinstances
    ERROR: Unhandled typepackage3dinstances
    ERROR: Unhandled typepackage3dinstances
    ERROR: Unhandled typepackage3dinstances
    ERROR: Unhandled typepackage3dinstances
    ERROR: Unhandled typepackage3dinstances
    ERROR: Unhandled typepackage3dinstances
    ERROR: Unhandled typepackage3dinstances
    ERROR: Unhandled typepackage3dinstances
    ERROR: Unhandled typepackage3dinstances
    ERROR: Unhandled typepackage3dinstances
    ERROR: Unhandled typepackage3dinstances
    ERROR: Unhandled typepackage3dinstances
    ERROR: Unhandled typepackage3dinstances
    ERROR: Unhandled typepackage3dinstances
    ERROR: Unhandled typepackage3dinstances
    ERROR: Unhandled typepackage3dinstances
    Load Library "SparkFun-DiscreteSemi"
    Load Packages 6
    ERROR: Unhandled typepackages3d
    Load Symbols 1
    Load DeviceSets 1
    ERROR: Unhandled typepackage3dinstances
    ERROR: Unhandled typepackage3dinstances
    ERROR: Unhandled typepackage3dinstances
    ERROR: Unhandled typepackage3dinstances
    ERROR: Unhandled typepackage3dinstances
    ERROR: Unhandled typepackage3dinstances
    ERROR: Unhandled typepackage3dinstances
    Load Library "SN74LV11AD"
    Load Packages 1
    Load Symbols 1
    Load DeviceSets 1
    Load Library "ADC128D818"
    Load Packages 1
    Load Symbols 1
    Load DeviceSets 1
    Load Library "FDD8453LZ"
    Load Packages 1
    Load Symbols 1
    Load DeviceSets 1
    Load Library "Vertical_Connectors"
    Load Packages 1
    Load Symbols 1
    Load DeviceSets 1
    Load Attributes 0
    Load Classes 1
    ERROR: Unhandled type <groups>
    Load Parts 153
    Load Sheets 3
    ERROR: Unhandled typedescription
    ERROR: Unhandled typedescription
    ERROR: Unhandled typedescription
EndSection
