Added Component: Designator=TP1(TESTPOINT_1.2MM)
Add component (AddParameter): Name = "Made By"; Value = "Robert Pafford"; VariantName = "[No Variations]"
Added Component: Designator=TP2(TESTPOINT_1.2MM)
Add component (AddParameter): Name = "Made By"; Value = "Robert Pafford"; VariantName = "[No Variations]"
Added Component: Designator=TP3(TESTPOINT_1.2MM)
Add component (AddParameter): Name = "Made By"; Value = "Robert Pafford"; VariantName = "[No Variations]"
Added Component: Designator=TP4(TESTPOINT_1.2MM)
Add component (AddParameter): Name = "Made By"; Value = "Robert Pafford"; VariantName = "[No Variations]"
Added Component: Designator=TP5(TESTPOINT_1.2MM)
Add component (AddParameter): Name = "Made By"; Value = "Robert Pafford"; VariantName = "[No Variations]"
Added Pin To Net: NetName=Green Anode Pin=TP1-TP
Added Pin To Net: NetName=Red Anode Pin=TP2-TP
Added Pin To Net: NetName=V+ Pin=TP3-TP
Added Pin To Net: NetName=Blue Anode Pin=TP4-TP
Added Pin To Net: NetName=NetC30_1 Pin=TP5-TP
Added Member To Class: ClassName=LED_Board_control Member=Component C7 22uF
Added Member To Class: ClassName=LED_Board_control Member=Component C11 22uF
Added Member To Class: ClassName=LED_Board_control Member=Component C20 22uF
Added Member To Class: ClassName=LED_Board_control Member=Component C30 22uF
Added Member To Class: ClassName=LED_Board_control Member=Component TP1 PCB Test Point
Added Member To Class: ClassName=LED_Board_control Member=Component TP2 PCB Test Point
Added Member To Class: ClassName=LED_Board_control Member=Component TP3 PCB Test Point
Added Member To Class: ClassName=LED_Board_control Member=Component TP4 PCB Test Point
Added Member To Class: ClassName=LED_Board_control Member=Component TP5 PCB Test Point
