Removed Pin From Net: NetName=3V3 Pin=C13-1
Removed Pin From Net: NetName=3V3 Pin=C64-1
Removed Pin From Net: NetName=3V3 Pin=J3-1
Removed Pin From Net: NetName=3V3 Pin=J3-7
Removed Pin From Net: NetName=3V3 Pin=J3-8
Removed Pin From Net: NetName=3V3 Pin=J3-9
Removed Pin From Net: NetName=3V3 Pin=J3-35
Removed Pin From Net: NetName=SCL Pin=J3-36
Removed Pin From Net: NetName=3V3 Pin=J3-37
Removed Pin From Net: NetName=3V3 Pin=J3-40
Removed Pin From Net: NetName=3V3 Pin=J3-41
Removed Pin From Net: NetName=3V3 Pin=J3-42
Removed Pin From Net: NetName=3V3 Pin=R4-1
Removed Pin From Net: NetName=OTG/VAP Pin=U1R-2
Removed Pin From Net: NetName=CHRG_OK Pin=U1R-3
Removed Pin From Net: NetName=PROCHOT Pin=U1R-4
Removed Pin From Net: NetName=DSWITCH Pin=U1R-5
Removed Pin From Net: NetName=SRX Pin=U1R-11
Removed Pin From Net: NetName=SCL Pin=U1R-13
Removed Pin From Net: NetName=TEARING Pin=U1R-15
Removed Pin From Net: NetName=BCLK Pin=U1R-35
Removed Pin From Net: NetName=LRCLK Pin=U1R-36
Removed Pin From Net: NetName=AUDIOIN Pin=U1R-37
Removed Pin From Net: NetName=OR_Control Pin=U1R-39
Removed Pin From Net: NetName=3V3 Pin=U2-4
Removed Pin From Net: NetName=3V3 Pin=U2-7
Removed Pin From Net: NetName=3V3 Pin=U2-8
Removed Pin From Net: NetName=3V3 Pin=U4-3
Removed Pin From Net: NetName=3V3 Pin=U10-38
Removed Pin From Net: NetName=GND Pin=U10-41
Removed Pin From Net: NetName=GND Pin=U10-42
Removed Pin From Net: NetName=GND Pin=U10-43
Removed Pin From Net: NetName=GND Pin=U10-44
Removed Pin From Net: NetName=GND Pin=U10-45
Removed Pin From Net: NetName=GND Pin=U10-46
Removed Pin From Net: NetName=GND Pin=U10-47
Removed Pin From Net: NetName=GND Pin=U10-48
Removed Pin From Net: NetName=GND Pin=U10-49
Removed Pin From Net: NetName=GND Pin=U10-50
Removed Pin From Net: NetName=GND Pin=U10-51
Removed Pin From Net: NetName=GND Pin=U10-52
Removed Pin From Net: NetName=GND Pin=U10-53
Removed Pin From Net: NetName=GND Pin=U10-54
Removed Pin From Net: NetName=GND Pin=U10-55
Removed Pin From Net: NetName=GND Pin=U10-56
Change Component Description : Designator=F1 Old Description=Pansonic New Description=Pansonic | 32V | 5A | 0603 | Fast Blow
Added Pin To Net: NetName=TEARING Pin=U1R-6
Added Pin To Net: NetName=SRX Pin=U1R-15
Added Pin To Net: NetName=OTG/VAP Pin=U1R-36
Added Pin To Net: NetName=CHRG_OK Pin=U1R-37
Added Pin To Net: NetName=PROCHOT Pin=U1R-38
Added Pin To Net: NetName=DSWITCH Pin=U1R-39
Change Net Name : Old Net Name=3V3 New Net Name=3V3_RP2CAN
Added Pin To Net: NetName=3V3 Pin=C13-1
Added Pin To Net: NetName=3V3 Pin=C64-1
Added Pin To Net: NetName=3V3 Pin=J3-1
Added Pin To Net: NetName=3V3 Pin=J3-7
Added Pin To Net: NetName=3V3 Pin=J3-8
Added Pin To Net: NetName=3V3 Pin=J3-9
Added Pin To Net: NetName=3V3 Pin=J3-35
Added Pin To Net: NetName=3V3 Pin=J3-37
Added Pin To Net: NetName=3V3 Pin=J3-40
Added Pin To Net: NetName=3V3 Pin=J3-41
Added Pin To Net: NetName=3V3 Pin=J3-42
Added Pin To Net: NetName=3V3 Pin=R4-1
Added Pin To Net: NetName=3V3 Pin=U2-4
Added Pin To Net: NetName=3V3 Pin=U2-7
Added Pin To Net: NetName=3V3 Pin=U2-8
Added Pin To Net: NetName=3V3 Pin=U4-3
Added Pin To Net: NetName=3V3 Pin=U10-38
Added Net: Name=3V3
Added Pin To Net: NetName=NetU1R_2 Pin=U1R-2
Added Net: Name=NetU1R_2
Added Pin To Net: NetName=NetU1R_3 Pin=U1R-3
Added Net: Name=NetU1R_3
Added Pin To Net: NetName=NetU1R_4 Pin=U1R-4
Added Net: Name=NetU1R_4
Added Pin To Net: NetName=NetU1R_5 Pin=U1R-5
Added Net: Name=NetU1R_5
Added Pin To Net: NetName=NetU1R_11 Pin=U1R-11
Added Net: Name=NetU1R_11
Added Pin To Net: NetName=NetU1R_35 Pin=U1R-35
Added Net: Name=NetU1R_35
Added Pin To Net: NetName=SCLK Pin=J3-36
Added Pin To Net: NetName=SCLK Pin=U1R-13
Added Net: Name=SCLK
Add Class: Class already exists: Designator
