Removed Pin From Net: NetName=GND Pin=J3-2
Removed Pin From Net: NetName=PPHV Pin=U5-1
Removed Pin From Net: NetName=GND Pin=U10-41
Removed Pin From Net: NetName=GND Pin=U10-42
Removed Pin From Net: NetName=GND Pin=U10-43
Removed Pin From Net: NetName=GND Pin=U10-44
Removed Pin From Net: NetName=GND Pin=U10-45
Removed Pin From Net: NetName=GND Pin=U10-46
Removed Pin From Net: NetName=GND Pin=U10-47
Removed Pin From Net: NetName=GND Pin=U10-48
Removed Pin From Net: NetName=GND Pin=U10-49
Removed Pin From Net: NetName=GND Pin=U10-50
Removed Pin From Net: NetName=GND Pin=U10-51
Removed Pin From Net: NetName=GND Pin=U10-52
Removed Pin From Net: NetName=GND Pin=U10-53
Removed Pin From Net: NetName=GND Pin=U10-54
Removed Pin From Net: NetName=GND Pin=U10-55
Removed Pin From Net: NetName=GND Pin=U10-56
Removed Pin From Net: NetName=GND Pin=U10-57
Removed Pin From Net: NetName=GND Pin=U10-58
Removed Pin From Net: NetName=GND Pin=U10-59
Removed Pin From Net: NetName=GND Pin=U10-60
Removed Pin From Net: NetName=GND Pin=U10-61
Removed Pin From Net: NetName=GND Pin=U10-62
Removed Pin From Net: NetName=GND Pin=U10-63
Removed Pin From Net: NetName=GND Pin=U10-64
Change Component Footprint: Designator=J6 Old Footprint=CONN_MOLEX_MINIFIT JR_4 POS_R/A New Footprint=CONN_MOLEX_MINIFIT JR_4 POS_VERT
Change Component Footprint: Designator=C12 Old Footprint=FP-GRM033-0_03-IPC_C New Footprint=CAPACITOR_0603
Change Component Comment : Designator=C12 Old Comment=GRM033R6YA104ME14D New Comment=100nF Ceramic 25V
Change Component Comment : Designator=J6 Old Comment=Mini-Fit Jr R/A New Comment=Mini-Fit Jr VERT
Added Component: Designator=C?(CAPACITOR_0402)
Add component (AddParameter): Name = "Automotive"; Value = "No"; VariantName = "[No Variations]"
Add component (AddParameter): Name = "Automotive Grade"; Value = "NA"; VariantName = "[No Variations]"
Add component (AddParameter): Name = "Capacitance"; Value = "10 nF"; VariantName = "[No Variations]"
Add component (AddParameter): Name = "Category"; Value = "Cap"; VariantName = "[No Variations]"
Add component (AddParameter): Name = "ComponentLink2Description"; Value = "Datasheet"; VariantName = "[No Variations]"
Add component (AddParameter): Name = "ComponentLink2URL"; Value = "http://www.yageo.com/documents/recent/UPY-GP_NP0_16V-to-50V_16.pdf"; VariantName = "[No Variations]"
Add component (AddParameter): Name = "Device Class L1"; Value = "Passive Components"; VariantName = "[No Variations]"
Add component (AddParameter): Name = "Device Class L2"; Value = "Capacitors"; VariantName = "[No Variations]"
Add component (AddParameter): Name = "Device Class L3"; Value = "Ceramic Capacitors"; VariantName = "[No Variations]"
Add component (AddParameter): Name = "Digikey Description"; Value = "CAP CER 10000PF 50V X7R 0402"; VariantName = "[No Variations]"
Add component (AddParameter): Name = "Footprint Url"; Value = "http://www.yageo.com/exep/pages/download/literatures/UPY-C_GEN_24.pdf"; VariantName = "[No Variations]"
Add component (AddParameter): Name = "Height"; Value = "0.55mm"; VariantName = "[No Variations]"
Add component (AddParameter): Name = "Ipc Land Pattern Name"; Value = "CAPC10050X50"; VariantName = "[No Variations]"
Add component (AddParameter): Name = "Lead Free"; Value = "Yes"; VariantName = "[No Variations]"
Add component (AddParameter): Name = "Manufacturer"; Value = "YAGEO"; VariantName = "[No Variations]"
Add component (AddParameter): Name = "Manufacturer Part Number"; Value = "CC0402KRX7R9BB103"; VariantName = "[No Variations]"
Add component (AddParameter): Name = "Material"; Value = "Ceramic"; VariantName = "[No Variations]"
Add component (AddParameter): Name = "Mouser Description"; Value = "0402 10 nF 50 V ±10 % Tolerance X7R SMT Multilayer Ceramic Capacitor"; VariantName = "[No Variations]"
Add component (AddParameter): Name = "Octopart"; Value = "https://octopart.com/cc0402krx7r9bb103-yageo-8376513"; VariantName = "[No Variations]"
Add component (AddParameter): Name = "Package"; Value = "CC0402"; VariantName = "[No Variations]"
Add component (AddParameter): Name = "RoHS"; Value = "TRUE"; VariantName = "[No Variations]"
Add component (AddParameter): Name = "Supplier 1"; Value = "Future Electronics"; VariantName = "[No Variations]"
Add component (AddParameter): Name = "Supplier Part Number 1"; Value = "8570871"; VariantName = "[No Variations]"
Add component (AddParameter): Name = "Temperature"; Value = "-55°C to +125°C"; VariantName = "[No Variations]"
Add component (AddParameter): Name = "Temperature Characteristic"; Value = "X7R"; VariantName = "[No Variations]"
Add component (AddParameter): Name = "Temperature Coefficient"; Value = "30ppm/°C"; VariantName = "[No Variations]"
Add component (AddParameter): Name = "Temperature Range High"; Value = "+125°C"; VariantName = "[No Variations]"
Add component (AddParameter): Name = "Temperature Range Low"; Value = "-55°C"; VariantName = "[No Variations]"
Add component (AddParameter): Name = "Tolerance"; Value = "0.1"; VariantName = "[No Variations]"
Add component (AddParameter): Name = "Value"; Value = "10 nF"; VariantName = "[No Variations]"
Add component (AddParameter): Name = "Voltage Rating"; Value = "50 V"; VariantName = "[No Variations]"
Added Pin To Net: NetName=PPHV Pin=C?-1
Added Pin To Net: NetName=Drain_Out Pin=J6-2
Change Net Name : Old Net Name=Drain_Out New Net Name=Disch_LED
Added Pin To Net: NetName=encoder Pin=J3-2
Added Pin To Net: NetName=encoder Pin=U1R-11
Added Net: Name=encoder
Added Pin To Net: NetName=NetC?_2 Pin=C?-2
Added Pin To Net: NetName=NetC?_2 Pin=U5-1
Added Net: Name=NetC?_2
Add Class: Class already exists: Designator
