Removed Pin From Net: NetName=GND Pin=Q2-1
Removed Pin From Net: NetName=GND Pin=R6-1
Added Pin To Net: NetName=NetC7_1 Pin=C7-1
Added Pin To Net: NetName=NetC7_2 Pin=C7-2
Added Pin To Net: NetName=NetC8_1 Pin=C8-1
Added Pin To Net: NetName=3v3 Pin=C9-1
Added Pin To Net: NetName=NetC10_1 Pin=C10-1
Added Pin To Net: NetName=NetC11_1 Pin=C11-1
Added Pin To Net: NetName=NetC11_2 Pin=C11-2
Added Pin To Net: NetName=NetQ1_1 Pin=Q1-1
Added Pin To Net: NetName=NetJ2_1 Pin=Q1-2
Added Pin To Net: NetName=+5 Pin=Q1-3
Added Pin To Net: NetName=GPIO09 Pin=Q2-1
Added Pin To Net: NetName=NetQ1_1 Pin=Q2-3
Added Pin To Net: NetName=+5 Pin=R5-1
Added Pin To Net: NetName=NetQ1_1 Pin=R5-2
Added Pin To Net: NetName=GPIO09 Pin=R6-1
Added Pin To Net: NetName=NetC7_1 Pin=U3-2
Added Pin To Net: NetName=NetC8_1 Pin=U3-3
Added Pin To Net: NetName=NetC7_2 Pin=U3-4
Added Pin To Net: NetName=NetC11_1 Pin=U3-5
Added Pin To Net: NetName=NetC11_2 Pin=U3-6
Added Pin To Net: NetName=NetC10_1 Pin=U3-7
Added Pin To Net: NetName=NetJ2_3 Pin=U3-8
Added Pin To Net: NetName=uart_rx Pin=U3-9
Added Pin To Net: NetName=uart_tx Pin=U3-11
Added Pin To Net: NetName=3v3 Pin=U3-12
Added Pin To Net: NetName=NetJ2_2 Pin=U3-13
Added Pin To Net: NetName=3v3 Pin=U3-15
Added Pin To Net: NetName=3v3 Pin=U3-16
Added Member To Class: ClassName=jetson_nano_breakout_rev1 Member=Component C7 100nF Ceramic 6.3V
Added Member To Class: ClassName=jetson_nano_breakout_rev1 Member=Component C8 100nF Ceramic 6.3V
Added Member To Class: ClassName=jetson_nano_breakout_rev1 Member=Component C9 100nF Ceramic 6.3V
Added Member To Class: ClassName=jetson_nano_breakout_rev1 Member=Component C10 100nF Ceramic 6.3V
Added Member To Class: ClassName=jetson_nano_breakout_rev1 Member=Component C11 100nF Ceramic 6.3V
Added Member To Class: ClassName=jetson_nano_breakout_rev1 Member=Component Q1 MOSFET N-CH 30V 5.8A SOT-23-3
Added Member To Class: ClassName=jetson_nano_breakout_rev1 Member=Component Q2 MOSFET N-CH 30V 5.8A SOT-23-3
Added Member To Class: ClassName=jetson_nano_breakout_rev1 Member=Component R5 10k Ohm 5% 1/10W
Added Member To Class: ClassName=jetson_nano_breakout_rev1 Member=Component R6 10k Ohm 5% 1/10W
Added Member To Class: ClassName=jetson_nano_breakout_rev1 Member=Component U3 SN65C3221EPWR
Added Room: Name=jetson_nano_breakout_rev1
