Added Component: Designator=Q1(SOT-23-3)
Add component (AddParameter): Name = "Amp Rating"; Value = "600mA"; VariantName = "[No Variations]"
Add component (AddParameter): Name = "BJT Type"; Value = "PNP"; VariantName = "[No Variations]"
Add component (AddParameter): Name = "ComponentLink1Description"; Value = "Datasheet"; VariantName = "[No Variations]"
Add component (AddParameter): Name = "ComponentLink1URL"; Value = "https://media.digikey.com/pdf/Data%20Sheets/Diodes%20PDFs/MMBT2907A_Rev2016.pdf"; VariantName = "[No Variations]"
Add component (AddParameter): Name = "Created By"; Value = "Robert Pafford"; VariantName = "[No Variations]"
Add component (AddParameter): Name = "Manufacturer_Part_Number"; Value = "MMBT2907A-7-F"; VariantName = "[No Variations]"
Add component (AddParameter): Name = "Package"; Value = "TO-236-3, SC-59, SOT-23-3"; VariantName = "[No Variations]"
Add component (AddParameter): Name = "Power Dissipation"; Value = "1.56W (Tc)"; VariantName = "[No Variations]"
Add component (AddParameter): Name = "Rds (on)"; Value = "50mOhm @ 3A, 4.5V"; VariantName = "[No Variations]"
Add component (AddParameter): Name = "Supplier 1"; Value = "Digi-Key"; VariantName = "[No Variations]"
Add component (AddParameter): Name = "Supplier Part Number 1"; Value = "MMBT2907A-FDICT-ND"; VariantName = "[No Variations]"
Add component (AddParameter): Name = "Vdss"; Value = "20 V"; VariantName = "[No Variations]"
Add component (AddParameter): Name = "Vendor"; Value = "Digikey"; VariantName = "[No Variations]"
Add component (AddParameter): Name = "Verified By"; Value = ""; VariantName = "[No Variations]"
Add component (AddParameter): Name = "Vgs (Max)"; Value = "±10V"; VariantName = "[No Variations]"
Add component (AddParameter): Name = "Vgs (th)"; Value = "800mV @ 250µA"; VariantName = "[No Variations]"
Added Pin To Net: NetName=VCC Pin=Q1-2
Added Pin To Net: NetName=NetQ1_1 Pin=Q1-1
Added Pin To Net: NetName=NetQ1_1 Pin=R1-1
Added Pin To Net: NetName=NetQ1_1 Pin=R2-2
Added Net: Name=NetQ1_1
Added Member To Class: ClassName=Water Intrustion Member=Component Jout HEADER VERT 2.54MM
Added Member To Class: ClassName=Water Intrustion Member=Component Q1 PNP 60V 600mA SOT23
