Added Pin To Net: NetName=GND Pin=C5-2
Added Pin To Net: NetName=GND Pin=C6-2
Added Pin To Net: NetName=GND Pin=C7-2
Added Pin To Net: NetName=GND Pin=C8-2
Added Pin To Net: NetName=GND Pin=C9-2
Added Pin To Net: NetName=GND Pin=C14-2
Added Pin To Net: NetName=GND Pin=C16-2
Added Pin To Net: NetName=GND Pin=C17-2
Added Pin To Net: NetName=GND Pin=C18-1
Added Pin To Net: NetName=GND Pin=D1-2
Added Pin To Net: NetName=+24 Pin=D2-2
Added Pin To Net: NetName=+24 Pin=D4-1
Added Pin To Net: NetName=TRANSDUCER_OUT Pin=J1-1
Added Pin To Net: NetName=GND Pin=R2-2
Added Pin To Net: NetName=GND Pin=R9-2
Added Pin To Net: NetName=GND Pin=R11-1
Added Pin To Net: NetName=GND Pin=R12-2
Added Pin To Net: NetName=GND Pin=R16-2
Added Pin To Net: NetName=+24 Pin=TP11-TP
Added Pin To Net: NetName=+24 Pin=TP13-TP
Added Pin To Net: NetName=+5 Pin=U1-4
Added Pin To Net: NetName=-5 Pin=U1-11
Added Pin To Net: NetName=TempShtdwnState Pin=U1R-11
Added Pin To Net: NetName=+24 Pin=U6-3
Added Pin To Net: NetName=+24 Pin=U6-5
Change Net Name : Old Net Name=TRANSDUCER_OUT New Net Name=TransducerOut
Add Net: Net with name "5V" already exists
Added Pin To Net: NetName=Rp2040Sig Pin=R5-1
Added Pin To Net: NetName=Rp2040Sig Pin=TP3-TP
Added Pin To Net: NetName=Rp2040Sig Pin=U1R-9
Added Net: Name=Rp2040Sig
Change Class Name : Old Net Name=Designator New Net Name=PowerAndConnections
