Removed Pin From Net: NetName=GND Pin=C1C-2
Removed Pin From Net: NetName=GND Pin=C1R-2
Removed Pin From Net: NetName=GND Pin=C2C-1
Removed Pin From Net: NetName=GND Pin=C2R-2
Removed Pin From Net: NetName=GND Pin=C3C-2
Removed Pin From Net: NetName=GND Pin=C3R-2
Removed Pin From Net: NetName=+5 Pin=C4C-1
Removed Pin From Net: NetName=GND Pin=C4C-2
Removed Pin From Net: NetName=GND Pin=C4R-2
Removed Pin From Net: NetName=GND Pin=C5C-2
Removed Pin From Net: NetName=GND Pin=C5R-2
Removed Pin From Net: NetName=GND Pin=C6R-2
Removed Pin From Net: NetName=GND Pin=C7R-2
Removed Pin From Net: NetName=GND Pin=C8R-2
Removed Pin From Net: NetName=GND Pin=C9R-2
Removed Pin From Net: NetName=GND Pin=C10R-2
Removed Pin From Net: NetName=GND Pin=C11R-2
Removed Pin From Net: NetName=GND Pin=C12R-2
Removed Pin From Net: NetName=GND Pin=C13R-2
Removed Pin From Net: NetName=3V3 Pin=C20-1
Removed Pin From Net: NetName=GND Pin=J1R-6
Removed Pin From Net: NetName=USB_P Pin=R2R-1
Removed Pin From Net: NetName=USB_N Pin=R3R-1
Removed Pin From Net: NetName=GND Pin=R6C-2
Removed Pin From Net: NetName=3V3 Pin=SB5-1
Removed Pin From Net: NetName=CANL Pin=SW1C-1
Removed Pin From Net: NetName=CANH Pin=SW1C-4
Removed Pin From Net: NetName=GND Pin=SW1C-6
Removed Pin From Net: NetName=GND Pin=SW1R-B1
Removed Pin From Net: NetName=GND Pin=SW1R-B2
Removed Pin From Net: NetName=GND Pin=SW2R-B1
Removed Pin From Net: NetName=GND Pin=SW2R-B2
Removed Pin From Net: NetName=GND Pin=U1C-7
Removed Pin From Net: NetName=NetR21_1 Pin=U1R-2
Removed Pin From Net: NetName=LEDR_RP2CAN Pin=U1R-16
Removed Pin From Net: NetName=LEDG_RP2CAN Pin=U1R-17
Removed Pin From Net: NetName=LEDB_RP2CAN Pin=U1R-18
Removed Pin From Net: NetName=GND Pin=U1R-19
Removed Pin From Net: NetName=nCS_RP2CAN Pin=U1R-28
Removed Pin From Net: NetName=SCK_RP2CAN Pin=U1R-29
Removed Pin From Net: NetName=MOSI_RP2CAN Pin=U1R-30
Removed Pin From Net: NetName=MISO_RP2CAN Pin=U1R-31
Removed Pin From Net: NetName=CANCLK_RP2CAN Pin=U1R-32
Removed Pin From Net: NetName=INT_RP2CAN Pin=U1R-34
Removed Pin From Net: NetName=GND Pin=U1R-57
Removed Pin From Net: NetName=GND Pin=U2C-2
Removed Pin From Net: NetName=+5 Pin=U2C-3
Removed Pin From Net: NetName=CANL Pin=U2C-6
Removed Pin From Net: NetName=CANH Pin=U2C-7
Removed Pin From Net: NetName=GND Pin=U2R-4
Removed Pin From Net: NetName=3V3 Pin=U7-2
Removed Pin From Net: NetName=3V3 Pin=U7-4
Removed Pin From Net: NetName=GND Pin=Y1R-2
Removed Pin From Net: NetName=GND Pin=Y1R-4
Added Pin To Net: NetName=TRANSDUCER_OUT Pin=R10-1
Added Pin To Net: NetName=TRANSDUCER_OUT Pin=TP8-TP
Added Pin To Net: NetName=TRANSDUCER_OUT Pin=U2-6
Added Pin To Net: NetName=TRANSDUCER_OUT Pin=U3-1
Added Pin To Net: NetName=TRANSDUCER_OUT Pin=U4-2
Change Net Name : Old Net Name=3V3 New Net Name=3V3_RP2CAN
Change Net Name : Old Net Name=RP2040_SIG New Net Name=NetU1R_6
Change Net Name : Old Net Name=TempShtdwnState New Net Name=NetU1R_7
Added Pin To Net: NetName=3V3 Pin=C20-1
Added Pin To Net: NetName=3V3 Pin=SB5-1
Added Pin To Net: NetName=3V3 Pin=U7-2
Added Pin To Net: NetName=3V3 Pin=U7-4
Added Net: Name=3V3
Added Pin To Net: NetName=CANH_RP2CAN Pin=SW1C-4
Added Pin To Net: NetName=CANH_RP2CAN Pin=U2C-7
Added Net: Name=CANH_RP2CAN
Added Pin To Net: NetName=CANL_RP2CAN Pin=SW1C-1
Added Pin To Net: NetName=CANL_RP2CAN Pin=U2C-6
Added Net: Name=CANL_RP2CAN
Added Pin To Net: NetName=GND_RP2CAN Pin=C1C-2
Added Pin To Net: NetName=GND_RP2CAN Pin=C1R-2
Added Pin To Net: NetName=GND_RP2CAN Pin=C2C-1
Added Pin To Net: NetName=GND_RP2CAN Pin=C2R-2
Added Pin To Net: NetName=GND_RP2CAN Pin=C3C-2
Added Pin To Net: NetName=GND_RP2CAN Pin=C3R-2
Added Pin To Net: NetName=GND_RP2CAN Pin=C4C-2
Added Pin To Net: NetName=GND_RP2CAN Pin=C4R-2
Added Pin To Net: NetName=GND_RP2CAN Pin=C5C-2
Added Pin To Net: NetName=GND_RP2CAN Pin=C5R-2
Added Pin To Net: NetName=GND_RP2CAN Pin=C6R-2
Added Pin To Net: NetName=GND_RP2CAN Pin=C7R-2
Added Pin To Net: NetName=GND_RP2CAN Pin=C8R-2
Added Pin To Net: NetName=GND_RP2CAN Pin=C9R-2
Added Pin To Net: NetName=GND_RP2CAN Pin=C10R-2
Added Pin To Net: NetName=GND_RP2CAN Pin=C11R-2
Added Pin To Net: NetName=GND_RP2CAN Pin=C12R-2
Added Pin To Net: NetName=GND_RP2CAN Pin=C13R-2
Added Pin To Net: NetName=GND_RP2CAN Pin=J1R-6
Added Pin To Net: NetName=GND_RP2CAN Pin=R6C-2
Added Pin To Net: NetName=GND_RP2CAN Pin=SW1C-6
Added Pin To Net: NetName=GND_RP2CAN Pin=SW1R-B1
Added Pin To Net: NetName=GND_RP2CAN Pin=SW1R-B2
Added Pin To Net: NetName=GND_RP2CAN Pin=SW2R-B1
Added Pin To Net: NetName=GND_RP2CAN Pin=SW2R-B2
Added Pin To Net: NetName=GND_RP2CAN Pin=U1C-7
Added Pin To Net: NetName=GND_RP2CAN Pin=U1R-19
Added Pin To Net: NetName=GND_RP2CAN Pin=U1R-57
Added Pin To Net: NetName=GND_RP2CAN Pin=U2C-2
Added Pin To Net: NetName=GND_RP2CAN Pin=U2R-4
Added Pin To Net: NetName=GND_RP2CAN Pin=Y1R-2
Added Pin To Net: NetName=GND_RP2CAN Pin=Y1R-4
Added Net: Name=GND_RP2CAN
Added Pin To Net: NetName=NetC4C_1 Pin=C4C-1
Added Pin To Net: NetName=NetC4C_1 Pin=U2C-3
Added Net: Name=NetC4C_1
Added Pin To Net: NetName=NetR2R_1 Pin=R2R-1
Added Net: Name=NetR2R_1
Added Pin To Net: NetName=NetR3R_1 Pin=R3R-1
Added Net: Name=NetR3R_1
Added Pin To Net: NetName=NetU1R_2 Pin=U1R-2
Added Net: Name=NetU1R_2
Added Pin To Net: NetName=NetU1R_16 Pin=U1R-16
Added Net: Name=NetU1R_16
Added Pin To Net: NetName=NetU1R_17 Pin=U1R-17
Added Net: Name=NetU1R_17
Added Pin To Net: NetName=NetU1R_18 Pin=U1R-18
Added Net: Name=NetU1R_18
Added Pin To Net: NetName=NetU1R_28 Pin=U1R-28
Added Net: Name=NetU1R_28
Added Pin To Net: NetName=NetU1R_29 Pin=U1R-29
Added Net: Name=NetU1R_29
Added Pin To Net: NetName=NetU1R_30 Pin=U1R-30
Added Net: Name=NetU1R_30
Added Pin To Net: NetName=NetU1R_31 Pin=U1R-31
Added Net: Name=NetU1R_31
Added Pin To Net: NetName=NetU1R_32 Pin=U1R-32
Added Net: Name=NetU1R_32
Added Pin To Net: NetName=NetU1R_34 Pin=U1R-34
Added Net: Name=NetU1R_34
Added Pin To Net: NetName=RP2040_SIG Pin=R5-1
Added Pin To Net: NetName=RP2040_SIG Pin=TP3-TP
Added Net: Name=RP2040_SIG
Added Pin To Net: NetName=TempShtdwnState Pin=Q1-2
Added Pin To Net: NetName=TempShtdwnState Pin=R15-1
Added Pin To Net: NetName=TempShtdwnState Pin=R16-1
Added Pin To Net: NetName=TempShtdwnState Pin=TP10-TP
Added Net: Name=TempShtdwnState
Change Class Name : Old Net Name=Designator New Net Name=PowerAndConnections
Change Class Name : Old Net Name=U_RP2040_C New Net Name=RP2040
Change Class Name : Old Net Name=U_RP2040_with_CAN New Net Name=RP2040_with_CAN
Added Class: Name=Transmission
Add Differential Pair: Number of nets in differential pair NetR2R_1 is 1 instead of 2
Add Differential Pair: Number of nets in differential pair NetR3R_1 is 1 instead of 2
Change Room Name: Old Name=Designator New Name=Transmission
Change Room Scope: Old Scope=InComponentClass('Designator') New Scope=InComponentClass('Transmission')
Remove Class Member: Failed to remove class member
