Added Component: Designator=C19(CAPACITOR_1206 - POLAR)
Add component (AddParameter): Name = "ComponentLink1Description"; Value = "Digikey"; VariantName = "[No Variations]"
Add component (AddParameter): Name = "ComponentLink1URL"; Value = "https://www.digikey.com/en/products/detail/kyocera-avx/F981A106MMA/4004990"; VariantName = "[No Variations]"
Add component (AddParameter): Name = "Made By"; Value = "Dylan T"; VariantName = "[No Variations]"
Add component (AddParameter): Name = "Supplier 1"; Value = "Newark"; VariantName = "[No Variations]"
Add component (AddParameter): Name = "Supplier Part Number 1"; Value = "26AC4143"; VariantName = "[No Variations]"
Add component (AddParameter): Name = "Tolerance"; Value = "+/- 10%"; VariantName = "[No Variations]"
Add component (AddParameter): Name = "Value (uF)"; Value = "10 uF"; VariantName = "[No Variations]"
Add component (AddParameter): Name = "Verified By"; Value = ""; VariantName = "[No Variations]"
Add component (AddParameter): Name = "Voltage"; Value = "16V"; VariantName = "[No Variations]"
Added Component: Designator=C20(CAPACITOR_1206 - POLAR)
Add component (AddParameter): Name = "ComponentLink1Description"; Value = "Digikey"; VariantName = "[No Variations]"
Add component (AddParameter): Name = "ComponentLink1URL"; Value = "https://www.digikey.com/en/products/detail/kyocera-avx/F981A106MMA/4004990"; VariantName = "[No Variations]"
Add component (AddParameter): Name = "Made By"; Value = "Dylan T"; VariantName = "[No Variations]"
Add component (AddParameter): Name = "Supplier 1"; Value = "Newark"; VariantName = "[No Variations]"
Add component (AddParameter): Name = "Supplier Part Number 1"; Value = "26AC4143"; VariantName = "[No Variations]"
Add component (AddParameter): Name = "Tolerance"; Value = "+/- 10%"; VariantName = "[No Variations]"
Add component (AddParameter): Name = "Value (uF)"; Value = "10 uF"; VariantName = "[No Variations]"
Add component (AddParameter): Name = "Verified By"; Value = ""; VariantName = "[No Variations]"
Add component (AddParameter): Name = "Voltage"; Value = "16V"; VariantName = "[No Variations]"
Added Component: Designator=D6(SOT 23-6L)
Add component (AddParameter): Name = "Breakdown Voltage (Min)"; Value = "6V"; VariantName = "[No Variations]"
Add component (AddParameter): Name = "Clamping Voltage (Max)"; Value = "25V"; VariantName = "[No Variations]"
Add component (AddParameter): Name = "Made By"; Value = "Robert Pafford"; VariantName = "[No Variations]"
Add component (AddParameter): Name = "Reverse Standoff Voltage (Typ)"; Value = "5V"; VariantName = "[No Variations]"
Add component (AddParameter): Name = "Supplier 1"; Value = "Digi-Key"; VariantName = "[No Variations]"
Add component (AddParameter): Name = "Supplier Part Number 1"; Value = "RCLAMP0504SCT-ND"; VariantName = "[No Variations]"
Added Component: Designator=J3(CONN_MINIUSB)
Add component (AddParameter): Name = "Color"; Value = "Silver"; VariantName = "[No Variations]"
Add component (AddParameter): Name = "ComponentLink1Description"; Value = "Datasheet"; VariantName = "[No Variations]"
Add component (AddParameter): Name = "ComponentLink1URL"; Value = "https://cdn.amphenol-icc.com/media/wysiwyg/files/documentation/datasheet/inputoutput/io_usb_micro.pdf?__cf_chl_jschl_tk__=05693735e19256298f6ef6ca2bb2e65c376a4f56-1625503833-0-Abitsb0-ufjOXJYs_S3J3r2iTn-nObalbmXUksF1VvO_h_WEmRdMlUD1I8-hmWSEVWzY1pirKnrPZWfgY3851qyBZe5ZvnNQePLGIzUgdEIQBVUyW36RsbYpDLEWxJ4horD-5gChFgobLYqwmG5aHl0E8lIn_twwPPrOxilK2gP0q9t_CNOs_u5fMqXvXUrlsOv8tIE2NRlu6NVP8qtkL2GjhlkeTUbDMF8WvvpPDTFOgvZ4Y16Ej8F8AhWos88mo5B1HssXozw0XrkJQIqERITUu6rqloz9kf4ZzhBHtDAt-IkiAFY_Ds9SW8FYKKTtINJVpHZQ6Gyu1FFM4Dc9MO0maE8_mmNcwlxqyRoRk_MPWW8VyByXWM5RSp52jteRKw7FeI9WIYvCbPAOy0Eyib-aseIQsnGbglBcUY6_2xp8GYaJM38H3dNvBPsSOfJBPndKedwKHllxjkucXn6xsN0sDXkpGN-cu8_2bDTJ0g-uUucKSCooYX-ApSDNGpkA_p9zv1SOAD8c0zaZVmtiBsN75QpVz2rzq9_BFxOywPvR"; VariantName = "[No Variations]"
Add component (AddParameter): Name = "Configuration"; Value = "Right Angle"; VariantName = "[No Variations]"
Add component (AddParameter): Name = "Created By"; Value = "Flip B"; VariantName = "[No Variations]"
Add component (AddParameter): Name = "Current Per Pin"; Value = "1.8A"; VariantName = "[No Variations]"
Add component (AddParameter): Name = "Manufacturer"; Value = "Amphenol"; VariantName = "[No Variations]"
Add component (AddParameter): Name = "Number of Positions"; Value = "5"; VariantName = "[No Variations]"
Add component (AddParameter): Name = "Pitch"; Value = "0.65mm"; VariantName = "[No Variations]"
Add component (AddParameter): Name = "Series"; Value = "10118192"; VariantName = "[No Variations]"
Add component (AddParameter): Name = "Supplier 1"; Value = "Digi-Key"; VariantName = "[No Variations]"
Add component (AddParameter): Name = "Supplier Part Number 1"; Value = "609-4613-1-ND"; VariantName = "[No Variations]"
Add component (AddParameter): Name = "Verified By"; Value = ""; VariantName = "[No Variations]"
Added Component: Designator=R21(RESISTOR_0603)
Add component (AddParameter): Name = "ComponentLink1Description"; Value = "Datasheet"; VariantName = "[No Variations]"
Add component (AddParameter): Name = "ComponentLink1URL"; Value = "https://www.bourns.com/docs/product-datasheets/CRxxxxx.pdf"; VariantName = "[No Variations]"
Add component (AddParameter): Name = "Digikey Part Numer"; Value = "CR0603-JW-104ELFTR-ND"; VariantName = "[No Variations]"
Add component (AddParameter): Name = "Made By"; Value = "Robert Pafford"; VariantName = "[No Variations]"
Add component (AddParameter): Name = "Supplier"; Value = "Digikey"; VariantName = "[No Variations]"
Add component (AddParameter): Name = "Supplier 1"; Value = "Digi-Key"; VariantName = "[No Variations]"
Add component (AddParameter): Name = "Supplier Part Number 1"; Value = "2019-RK73B1JTTD103JCT-ND"; VariantName = "[No Variations]"
Add component (AddParameter): Name = "Tolerance"; Value = "+/- 5%"; VariantName = "[No Variations]"
Add component (AddParameter): Name = "Value  (Ohms)"; Value = "10K"; VariantName = "[No Variations]"
Add component (AddParameter): Name = "Verified By"; Value = ""; VariantName = "[No Variations]"
Add component (AddParameter): Name = "Wattage"; Value = "1/8W"; VariantName = "[No Variations]"
Added Component: Designator=SB5(RESISTOR_0603)
Add component (AddParameter): Name = "ComponentLink1Description"; Value = "Digikey"; VariantName = "[No Variations]"
Add component (AddParameter): Name = "ComponentLink1URL"; Value = "https://www.digikey.com/en/products/detail/koa-speer-electronics-inc/RK73B1JTTD101J/9844701"; VariantName = "[No Variations]"
Add component (AddParameter): Name = "Made By"; Value = "Robert Pafford"; VariantName = "[No Variations]"
Add component (AddParameter): Name = "Value  (Ohms)"; Value = "0"; VariantName = "[No Variations]"
Add component (AddParameter): Name = "Verified By"; Value = ""; VariantName = "[No Variations]"
Added Component: Designator=TP3(TESTPOINT_1.2MM)
Add component (AddParameter): Name = "Made By"; Value = "Robert Pafford"; VariantName = "[No Variations]"
Added Component: Designator=TP13(TESTPOINT_1.2MM)
Add component (AddParameter): Name = "Made By"; Value = "Robert Pafford"; VariantName = "[No Variations]"
Added Component: Designator=U7(SOT-223-4)
Add component (AddParameter): Name = "Amp Out"; Value = "800mA"; VariantName = "[No Variations]"
Add component (AddParameter): Name = "Created By"; Value = "Dylan T"; VariantName = "[No Variations]"
Add component (AddParameter): Name = "Manufacturer"; Value = "Texas Instruments"; VariantName = "[No Variations]"
Add component (AddParameter): Name = "Package"; Value = "SOT-223-4"; VariantName = "[No Variations]"
Add component (AddParameter): Name = "PartNumber"; Value = "LM1117IMP-3.3/NOPB"; VariantName = "[No Variations]"
Add component (AddParameter): Name = "Supplier 1"; Value = "Digi-Key"; VariantName = "[No Variations]"
Add component (AddParameter): Name = "Supplier Part Number 1"; Value = "LM1117IMPX-3.3/NOPBCT-ND"; VariantName = "[No Variations]"
Add component (AddParameter): Name = "Verified By"; Value = ""; VariantName = "[No Variations]"
Add component (AddParameter): Name = "Vin (Max)"; Value = "15V"; VariantName = "[No Variations]"
Add component (AddParameter): Name = "Vout (Min/Fixed)"; Value = "3.3V"; VariantName = "[No Variations]"
Added Pin To Net: NetName=3V3_RP2CAN Pin=C1C-1
Added Pin To Net: NetName=GND_RP2CAN Pin=C1C-2
Added Pin To Net: NetName=XIN_RP2040 Pin=C1R-1
Added Pin To Net: NetName=GND_RP2CAN Pin=C1R-2
Added Pin To Net: NetName=GND_RP2CAN Pin=C2C-1
Added Pin To Net: NetName=NetC2C_2 Pin=C2C-2
Added Pin To Net: NetName=NetC2R_1 Pin=C2R-1
Added Pin To Net: NetName=GND_RP2CAN Pin=C2R-2
Added Pin To Net: NetName=3V3_RP2CAN Pin=C3C-1
Added Pin To Net: NetName=GND_RP2CAN Pin=C3C-2
Added Pin To Net: NetName=3V3_RP2CAN Pin=C3R-1
Added Pin To Net: NetName=GND_RP2CAN Pin=C3R-2
Added Pin To Net: NetName=NetC4C_1 Pin=C4C-1
Added Pin To Net: NetName=GND_RP2CAN Pin=C4C-2
Added Pin To Net: NetName=3V3_RP2CAN Pin=C4R-1
Added Pin To Net: NetName=GND_RP2CAN Pin=C4R-2
Added Pin To Net: NetName=3V3_RP2CAN Pin=C5C-1
Added Pin To Net: NetName=GND_RP2CAN Pin=C5C-2
Added Pin To Net: NetName=3V3_RP2CAN Pin=C5R-1
Added Pin To Net: NetName=GND_RP2CAN Pin=C5R-2
Added Pin To Net: NetName=3V3_RP2CAN Pin=C6R-1
Added Pin To Net: NetName=GND_RP2CAN Pin=C6R-2
Added Pin To Net: NetName=3V3_RP2CAN Pin=C7R-1
Added Pin To Net: NetName=GND_RP2CAN Pin=C7R-2
Added Pin To Net: NetName=3V3_RP2CAN Pin=C8R-1
Added Pin To Net: NetName=GND_RP2CAN Pin=C8R-2
Added Pin To Net: NetName=3V3_RP2CAN Pin=C9R-1
Added Pin To Net: NetName=GND_RP2CAN Pin=C9R-2
Added Pin To Net: NetName=3V3_RP2CAN Pin=C10R-1
Added Pin To Net: NetName=GND_RP2CAN Pin=C10R-2
Added Pin To Net: NetName=1v1_RP2040 Pin=C11R-1
Added Pin To Net: NetName=GND_RP2CAN Pin=C11R-2
Added Pin To Net: NetName=1v1_RP2040 Pin=C12R-1
Added Pin To Net: NetName=GND_RP2CAN Pin=C12R-2
Added Pin To Net: NetName=1v1_RP2040 Pin=C13R-1
Added Pin To Net: NetName=GND_RP2CAN Pin=C13R-2
Added Pin To Net: NetName=+5 Pin=C19-1
Added Pin To Net: NetName=GND Pin=C19-2
Added Pin To Net: NetName=3V3 Pin=C20-1
Added Pin To Net: NetName=GND Pin=C20-2
Added Pin To Net: NetName=NetD1C_1 Pin=D1C-1
Added Pin To Net: NetName=NetD1C_2 Pin=D1C-2
Added Pin To Net: NetName=NetD1C_3 Pin=D1C-3
Added Pin To Net: NetName=3V3_RP2CAN Pin=D1C-4
Added Pin To Net: NetName=USB_N Pin=D6-1
Added Pin To Net: NetName=GND Pin=D6-2
Added Pin To Net: NetName=+5 Pin=D6-5
Added Pin To Net: NetName=USB_P Pin=D6-6
Added Pin To Net: NetName=SWDIO_RP2040 Pin=J1R-1
Added Pin To Net: NetName=3V3_RP2CAN Pin=J1R-2
Added Pin To Net: NetName=SWCLK_RP2040 Pin=J1R-3
Added Pin To Net: NetName=RUN_RP2040 Pin=J1R-4
Added Pin To Net: NetName=DBG_TX_RP2040 Pin=J1R-5
Added Pin To Net: NetName=GND_RP2CAN Pin=J1R-6
Added Pin To Net: NetName=USB_N Pin=J3-2
Added Pin To Net: NetName=USB_P Pin=J3-3
Added Pin To Net: NetName=GND Pin=J3-5
Added Pin To Net: NetName=GND Pin=J3-6
Added Pin To Net: NetName=GND Pin=J3-7
Added Pin To Net: NetName=GND Pin=J3-8
Added Pin To Net: NetName=GND Pin=J3-9
Added Pin To Net: NetName=3V3_RP2CAN Pin=R1C-1
Added Pin To Net: NetName=TERM_DET_RP2CAN Pin=R1C-2
Added Pin To Net: NetName=XOUT_RP2040 Pin=R1R-1
Added Pin To Net: NetName=NetC2R_1 Pin=R1R-2
Added Pin To Net: NetName=NetR2C_1 Pin=R2C-1
Added Pin To Net: NetName=NetC2C_2 Pin=R2C-2
Added Pin To Net: NetName=NetR2R_1 Pin=R2R-1
Added Pin To Net: NetName=USB_RP2040_P Pin=R2R-2
Added Pin To Net: NetName=NetR3C_1 Pin=R3C-1
Added Pin To Net: NetName=NetC2C_2 Pin=R3C-2
Added Pin To Net: NetName=NetR3R_1 Pin=R3R-1
Added Pin To Net: NetName=USB_RP2040_N Pin=R3R-2
Added Pin To Net: NetName=3V3_RP2CAN Pin=R4C-1
Added Pin To Net: NetName=nCS_RP2CAN Pin=R4C-2
Added Pin To Net: NetName=3V3_RP2CAN Pin=R4R-1
Added Pin To Net: NetName=RUN_RP2040 Pin=R4R-2
Added Pin To Net: NetName=LEDR_RP2CAN Pin=R5C-1
Added Pin To Net: NetName=NetD1C_1 Pin=R5C-2
Added Pin To Net: NetName=3V3_RP2CAN Pin=R5R-1
Added Pin To Net: NetName=QSPI_SS_RP2040 Pin=R5R-2
Added Pin To Net: NetName=NetR6C_1 Pin=R6C-1
Added Pin To Net: NetName=GND_RP2CAN Pin=R6C-2
Added Pin To Net: NetName=NetR6R_1 Pin=R6R-1
Added Pin To Net: NetName=RUN_RP2040 Pin=R6R-2
Added Pin To Net: NetName=LEDG_RP2CAN Pin=R7C-1
Added Pin To Net: NetName=NetD1C_2 Pin=R7C-2
Added Pin To Net: NetName=NetR7R_1 Pin=R7R-1
Added Pin To Net: NetName=QSPI_SS_RP2040 Pin=R7R-2
Added Pin To Net: NetName=LEDB_RP2CAN Pin=R8C-1
Added Pin To Net: NetName=NetD1C_3 Pin=R8C-2
Added Pin To Net: NetName=NetR21_1 Pin=R21-1
Added Pin To Net: NetName=GND Pin=R21-2
Added Pin To Net: NetName=3V3 Pin=SB5-1
Added Pin To Net: NetName=NetR21_1 Pin=SB5-2
Added Pin To Net: NetName=CANL_RP2CAN Pin=SW1C-1
Added Pin To Net: NetName=NetR2C_1 Pin=SW1C-2
Added Pin To Net: NetName=TERM_DET_RP2CAN Pin=SW1C-3
Added Pin To Net: NetName=CANH_RP2CAN Pin=SW1C-4
Added Pin To Net: NetName=NetR3C_1 Pin=SW1C-5
Added Pin To Net: NetName=GND_RP2CAN Pin=SW1C-6
Added Pin To Net: NetName=NetR6R_1 Pin=SW1R-A2
Added Pin To Net: NetName=GND_RP2CAN Pin=SW1R-B1
Added Pin To Net: NetName=GND_RP2CAN Pin=SW1R-B2
Added Pin To Net: NetName=NetR7R_1 Pin=SW2R-A1
Added Pin To Net: NetName=GND_RP2CAN Pin=SW2R-B1
Added Pin To Net: NetName=GND_RP2CAN Pin=SW2R-B2
Added Pin To Net: NetName=RP2040_SIG Pin=TP3-TP
Added Pin To Net: NetName=-24 Pin=TP13-TP
Added Pin To Net: NetName=CANTX_RP2CAN Pin=U1C-1
Added Pin To Net: NetName=CANRX_RP2CAN Pin=U1C-2
Added Pin To Net: NetName=INT_RP2CAN Pin=U1C-4
Added Pin To Net: NetName=CANCLK_RP2CAN Pin=U1C-6
Added Pin To Net: NetName=GND_RP2CAN Pin=U1C-7
Added Pin To Net: NetName=TERM_DET_RP2CAN Pin=U1C-9
Added Pin To Net: NetName=SCK_RP2CAN Pin=U1C-10
Added Pin To Net: NetName=MOSI_RP2CAN Pin=U1C-11
Added Pin To Net: NetName=MISO_RP2CAN Pin=U1C-12
Added Pin To Net: NetName=nCS_RP2CAN Pin=U1C-13
Added Pin To Net: NetName=3V3_RP2CAN Pin=U1C-14
Added Pin To Net: NetName=3V3_RP2CAN Pin=U1R-1
Added Pin To Net: NetName=NetU1R_2 Pin=U1R-2
Added Pin To Net: NetName=NetU1R_3 Pin=U1R-3
Added Pin To Net: NetName=NetU1R_4 Pin=U1R-4
Added Pin To Net: NetName=NetU1R_5 Pin=U1R-5
Added Pin To Net: NetName=NetU1R_6 Pin=U1R-6
Added Pin To Net: NetName=NetU1R_7 Pin=U1R-7
Added Pin To Net: NetName=NetU1R_8 Pin=U1R-8
Added Pin To Net: NetName=NetU1R_9 Pin=U1R-9
Added Pin To Net: NetName=3V3_RP2CAN Pin=U1R-10
Added Pin To Net: NetName=NetU1R_11 Pin=U1R-11
Added Pin To Net: NetName=NetU1R_12 Pin=U1R-12
Added Pin To Net: NetName=NetU1R_13 Pin=U1R-13
Added Pin To Net: NetName=NetU1R_14 Pin=U1R-14
Added Pin To Net: NetName=NetU1R_15 Pin=U1R-15
Added Pin To Net: NetName=NetU1R_16 Pin=U1R-16
Added Pin To Net: NetName=NetU1R_17 Pin=U1R-17
Added Pin To Net: NetName=NetU1R_18 Pin=U1R-18
Added Pin To Net: NetName=GND_RP2CAN Pin=U1R-19
Added Pin To Net: NetName=XIN_RP2040 Pin=U1R-20
Added Pin To Net: NetName=XOUT_RP2040 Pin=U1R-21
Added Pin To Net: NetName=3V3_RP2CAN Pin=U1R-22
Added Pin To Net: NetName=1v1_RP2040 Pin=U1R-23
Added Pin To Net: NetName=SWCLK_RP2040 Pin=U1R-24
Added Pin To Net: NetName=SWDIO_RP2040 Pin=U1R-25
Added Pin To Net: NetName=RUN_RP2040 Pin=U1R-26
Added Pin To Net: NetName=DBG_TX_RP2040 Pin=U1R-27
Added Pin To Net: NetName=NetU1R_28 Pin=U1R-28
Added Pin To Net: NetName=NetU1R_29 Pin=U1R-29
Added Pin To Net: NetName=NetU1R_30 Pin=U1R-30
Added Pin To Net: NetName=NetU1R_31 Pin=U1R-31
Added Pin To Net: NetName=NetU1R_32 Pin=U1R-32
Added Pin To Net: NetName=3V3_RP2CAN Pin=U1R-33
Added Pin To Net: NetName=NetU1R_34 Pin=U1R-34
Added Pin To Net: NetName=NetU1R_35 Pin=U1R-35
Added Pin To Net: NetName=NetU1R_36 Pin=U1R-36
Added Pin To Net: NetName=NetU1R_37 Pin=U1R-37
Added Pin To Net: NetName=NetU1R_38 Pin=U1R-38
Added Pin To Net: NetName=NetU1R_39 Pin=U1R-39
Added Pin To Net: NetName=NetU1R_40 Pin=U1R-40
Added Pin To Net: NetName=NetU1R_41 Pin=U1R-41
Added Pin To Net: NetName=3V3_RP2CAN Pin=U1R-42
Added Pin To Net: NetName=3V3_RP2CAN Pin=U1R-43
Added Pin To Net: NetName=3V3_RP2CAN Pin=U1R-44
Added Pin To Net: NetName=1v1_RP2040 Pin=U1R-45
Added Pin To Net: NetName=USB_RP2040_N Pin=U1R-46
Added Pin To Net: NetName=USB_RP2040_P Pin=U1R-47
Added Pin To Net: NetName=3V3_RP2CAN Pin=U1R-48
Added Pin To Net: NetName=3V3_RP2CAN Pin=U1R-49
Added Pin To Net: NetName=1v1_RP2040 Pin=U1R-50
Added Pin To Net: NetName=QSPI_SD3_RP2040 Pin=U1R-51
Added Pin To Net: NetName=QSPI_SCLK_RP2040 Pin=U1R-52
Added Pin To Net: NetName=QSPI_SD0_RP2040 Pin=U1R-53
Added Pin To Net: NetName=QSPI_SD2_RP2040 Pin=U1R-54
Added Pin To Net: NetName=QSPI_SD1_RP2040 Pin=U1R-55
Added Pin To Net: NetName=QSPI_SS_RP2040 Pin=U1R-56
Added Pin To Net: NetName=GND_RP2CAN Pin=U1R-57
Added Pin To Net: NetName=CANTX_RP2CAN Pin=U2C-1
Added Pin To Net: NetName=GND_RP2CAN Pin=U2C-2
Added Pin To Net: NetName=NetC4C_1 Pin=U2C-3
Added Pin To Net: NetName=CANRX_RP2CAN Pin=U2C-4
Added Pin To Net: NetName=3V3_RP2CAN Pin=U2C-5
Added Pin To Net: NetName=CANL_RP2CAN Pin=U2C-6
Added Pin To Net: NetName=CANH_RP2CAN Pin=U2C-7
Added Pin To Net: NetName=NetR6C_1 Pin=U2C-8
Added Pin To Net: NetName=QSPI_SS_RP2040 Pin=U2R-1
Added Pin To Net: NetName=QSPI_SD1_RP2040 Pin=U2R-2
Added Pin To Net: NetName=QSPI_SD2_RP2040 Pin=U2R-3
Added Pin To Net: NetName=GND_RP2CAN Pin=U2R-4
Added Pin To Net: NetName=QSPI_SD0_RP2040 Pin=U2R-5
Added Pin To Net: NetName=QSPI_SCLK_RP2040 Pin=U2R-6
Added Pin To Net: NetName=QSPI_SD3_RP2040 Pin=U2R-7
Added Pin To Net: NetName=3V3_RP2CAN Pin=U2R-8
Added Pin To Net: NetName=GND Pin=U7-1
Added Pin To Net: NetName=3V3 Pin=U7-2
Added Pin To Net: NetName=+5 Pin=U7-3
Added Pin To Net: NetName=3V3 Pin=U7-4
Added Pin To Net: NetName=XIN_RP2040 Pin=Y1R-1
Added Pin To Net: NetName=GND_RP2CAN Pin=Y1R-2
Added Pin To Net: NetName=NetC2R_1 Pin=Y1R-3
Added Pin To Net: NetName=GND_RP2CAN Pin=Y1R-4
Add Differential Pair: Number of nets in differential pair NetR2R_1 is 1 instead of 2
Add Differential Pair: Number of nets in differential pair NetR3R_1 is 1 instead of 2
Added Member To Class: ClassName=RP2040_with_CAN Member=Component C1C 100nF Ceramic 25V
Added Member To Class: ClassName=RP2040 Member=Component C1R 27pF Ceramic 50V
Added Member To Class: ClassName=RP2040_with_CAN Member=Component C2C 4700pF Ceramic 25V
Added Member To Class: ClassName=RP2040 Member=Component C2R 27pF Ceramic 50V
Added Member To Class: ClassName=RP2040_with_CAN Member=Component C3C 100nF Ceramic 25V
Added Member To Class: ClassName=RP2040 Member=Component C3R 100nF Ceramic 6.3V
Added Member To Class: ClassName=RP2040_with_CAN Member=Component C4C 100nF Ceramic 25V
Added Member To Class: ClassName=RP2040 Member=Component C4R 1uF Ceramic 16V
Added Member To Class: ClassName=RP2040_with_CAN Member=Component C5C 1uF Ceramic 16V
Added Member To Class: ClassName=RP2040 Member=Component C5R 100nF Ceramic 6.3V
Added Member To Class: ClassName=RP2040 Member=Component C6R 100nF Ceramic 6.3V
Added Member To Class: ClassName=RP2040 Member=Component C7R 100nF Ceramic 6.3V
Added Member To Class: ClassName=RP2040 Member=Component C8R 100nF Ceramic 6.3V
Added Member To Class: ClassName=RP2040 Member=Component C9R 100nF Ceramic 6.3V
Added Member To Class: ClassName=RP2040 Member=Component C10R 100nF Ceramic 6.3V
Added Member To Class: ClassName=RP2040 Member=Component C11R 1uF Ceramic 16V
Added Member To Class: ClassName=RP2040 Member=Component C12R 100nF Ceramic 6.3V
Added Member To Class: ClassName=RP2040 Member=Component C13R 100nF Ceramic 6.3V
Added Member To Class: ClassName=PowerAndConnections Member=Component C19 10uF Tantalum 16V
Added Member To Class: ClassName=PowerAndConnections Member=Component C20 10uF Tantalum 16V
Added Member To Class: ClassName=RP2040_with_CAN Member=Component D1C EAST1616RGBB4
Added Member To Class: ClassName=PowerAndConnections Member=Component D6 TVS DIODE 5VWM 25VC SOT23-6
Added Member To Class: ClassName=RP2040 Member=Component J1R TagConnect SWD
Added Member To Class: ClassName=PowerAndConnections Member=Component J3 USB_MICRO R/A
Added Member To Class: ClassName=RP2040_with_CAN Member=Component R1C 10k Ohm 1% 1/16W
Added Member To Class: ClassName=RP2040 Member=Component R1R 1k Ohm 1% 1/16W
Added Member To Class: ClassName=RP2040_with_CAN Member=Component R2C 60.4 Ohm 1% 1/16W
Added Member To Class: ClassName=RP2040 Member=Component R2R 27 Ohm 1% 1/16W
Added Member To Class: ClassName=RP2040_with_CAN Member=Component R3C 60.4 Ohm 1% 1/16W
Added Member To Class: ClassName=RP2040 Member=Component R3R 27 Ohm 1% 1/16W
Added Member To Class: ClassName=RP2040_with_CAN Member=Component R4C 10k Ohm 1% 1/16W
Added Member To Class: ClassName=RP2040 Member=Component R4R 10k Ohm 1% 1/16W
Added Member To Class: ClassName=RP2040_with_CAN Member=Component R5C 604 Ohm 1% 1/16W
Added Member To Class: ClassName=RP2040 Member=Component R5R 10k Ohm 1% 1/16W
Added Member To Class: ClassName=RP2040_with_CAN Member=Component R6C 10k Ohm 1% 1/16W
Added Member To Class: ClassName=RP2040 Member=Component R6R 1k Ohm 1% 1/16W
Added Member To Class: ClassName=RP2040_with_CAN Member=Component R7C 200 Ohm 1% 1/16W
Added Member To Class: ClassName=RP2040 Member=Component R7R 1k Ohm 1% 1/16W
Added Member To Class: ClassName=RP2040_with_CAN Member=Component R8C 200 Ohm 1% 1/16W
Added Member To Class: ClassName=PowerAndConnections Member=Component R21 10k Ohm 5% 1/10W
Added Member To Class: ClassName=PowerAndConnections Member=Component SB5 0 Ohm Jumper No Fit
Added Member To Class: ClassName=RP2040_with_CAN Member=Component SW1C Switch DPDT
Added Member To Class: ClassName=RP2040 Member=Component SW1R 434123025826
Added Member To Class: ClassName=RP2040 Member=Component SW2R 434123025826
Added Member To Class: ClassName=Transmission Member=Component TP3 PCB Test Point
Added Member To Class: ClassName=PowerAndConnections Member=Component TP13 PCB Test Point
Added Member To Class: ClassName=RP2040_with_CAN Member=Component U1C MCP2517FD
Added Member To Class: ClassName=RP2040 Member=Component U1R RP2040
Added Member To Class: ClassName=RP2040_with_CAN Member=Component U2C CAN Transceiver
Added Member To Class: ClassName=RP2040 Member=Component U2R W25Q128JVSIQ
Added Member To Class: ClassName=PowerAndConnections Member=Component U7 LM1117IMPX-3.3/NOPB
Added Member To Class: ClassName=RP2040 Member=Component Y1R CRYSTAL 12.0000MHZ 18PF SMD
Added Room: Name=RP2040
Added Room: Name=RP2040_with_CAN
