Removed Pin From Net: NetName=GND Pin=C19-2
Removed Pin From Net: NetName=GND Pin=C20-2
Removed Pin From Net: NetName=GND Pin=C21-2
Removed Pin From Net: NetName=GND Pin=C22-2
Removed Pin From Net: NetName=GND Pin=C23-1
Removed Pin From Net: NetName=-24 Pin=D2-2
Removed Pin From Net: NetName=+24 Pin=D4-1
Removed Pin From Net: NetName=GND Pin=D6-2
Removed Pin From Net: NetName=TRANSDUCER_OUT Pin=J1-1
Removed Pin From Net: NetName=GND Pin=J1-2
Removed Pin From Net: NetName=GND Pin=J1-4
Removed Pin From Net: NetName=GND Pin=J2-2
Removed Pin From Net: NetName=GND Pin=J3-5
Removed Pin From Net: NetName=GND Pin=J3-6
Removed Pin From Net: NetName=GND Pin=J3-7
Removed Pin From Net: NetName=GND Pin=J3-8
Removed Pin From Net: NetName=GND Pin=J3-9
Removed Pin From Net: NetName=5V Pin=Q1-3
Removed Pin From Net: NetName=5V Pin=R13-1
Removed Pin From Net: NetName=GND Pin=R17-2
Removed Pin From Net: NetName=GND Pin=R18-2
Removed Pin From Net: NetName=GND Pin=R19-2
Removed Pin From Net: NetName=GND Pin=R20-2
Removed Pin From Net: NetName=GND Pin=R21-2
Removed Pin From Net: NetName=+24 Pin=TP11-TP
Removed Pin From Net: NetName=GND Pin=TP12-TP
Removed Pin From Net: NetName=-24 Pin=TP13-TP
Removed Pin From Net: NetName=+5 Pin=U1-4
Removed Pin From Net: NetName=-5 Pin=U1-11
Removed Pin From Net: NetName=GND Pin=U6-2
Removed Pin From Net: NetName=+24 Pin=U6-3
Removed Pin From Net: NetName=GND Pin=U6-4
Removed Pin From Net: NetName=-24 Pin=U6-5
Removed Pin From Net: NetName=GND Pin=U7-1
Removed Pin From Net: NetName=GND Pin=U8-2
Removed Pin From Net: NetName=GND Pin=U8-5
Added Pin To Net: NetName=5V Pin=C4C-1
Added Pin To Net: NetName=GND_RP2CAN Pin=C19-2
Added Pin To Net: NetName=3V3_RP2CAN Pin=C20-1
Added Pin To Net: NetName=GND_RP2CAN Pin=C20-2
Added Pin To Net: NetName=GND_RP2CAN Pin=C21-2
Added Pin To Net: NetName=GND_RP2CAN Pin=C22-2
Added Pin To Net: NetName=GND_RP2CAN Pin=C23-1
Added Pin To Net: NetName=GND_RP2CAN Pin=D6-2
Added Pin To Net: NetName=GND_RP2CAN Pin=J1-2
Added Pin To Net: NetName=GND_RP2CAN Pin=J1-4
Added Pin To Net: NetName=GND_RP2CAN Pin=J2-2
Added Pin To Net: NetName=GND_RP2CAN Pin=J3-5
Added Pin To Net: NetName=GND_RP2CAN Pin=J3-6
Added Pin To Net: NetName=GND_RP2CAN Pin=J3-7
Added Pin To Net: NetName=GND_RP2CAN Pin=J3-8
Added Pin To Net: NetName=GND_RP2CAN Pin=J3-9
Added Pin To Net: NetName=USB_P Pin=R2R-1
Added Pin To Net: NetName=USB_N Pin=R3R-1
Added Pin To Net: NetName=GND_RP2CAN Pin=R17-2
Added Pin To Net: NetName=GND_RP2CAN Pin=R18-2
Added Pin To Net: NetName=GND_RP2CAN Pin=R19-2
Added Pin To Net: NetName=GND_RP2CAN Pin=R20-2
Added Pin To Net: NetName=GND_RP2CAN Pin=R21-2
Added Pin To Net: NetName=3V3_RP2CAN Pin=SB5-1
Added Pin To Net: NetName=CANL Pin=SW1C-1
Added Pin To Net: NetName=CANH Pin=SW1C-4
Added Pin To Net: NetName=GND_RP2CAN Pin=TP12-TP
Added Pin To Net: NetName=NetR21_1 Pin=U1R-3
Added Pin To Net: NetName=LEDR_RP2CAN Pin=U1R-16
Added Pin To Net: NetName=LEDG_RP2CAN Pin=U1R-17
Added Pin To Net: NetName=LEDB_RP2CAN Pin=U1R-18
Added Pin To Net: NetName=nCS_RP2CAN Pin=U1R-28
Added Pin To Net: NetName=SCK_RP2CAN Pin=U1R-29
Added Pin To Net: NetName=MOSI_RP2CAN Pin=U1R-30
Added Pin To Net: NetName=MISO_RP2CAN Pin=U1R-31
Added Pin To Net: NetName=CANCLK_RP2CAN Pin=U1R-32
Added Pin To Net: NetName=INT_RP2CAN Pin=U1R-34
Added Pin To Net: NetName=5V Pin=U2C-3
Added Pin To Net: NetName=CANL Pin=U2C-6
Added Pin To Net: NetName=CANH Pin=U2C-7
Added Pin To Net: NetName=GND_RP2CAN Pin=U6-2
Added Pin To Net: NetName=GND_RP2CAN Pin=U6-4
Added Pin To Net: NetName=GND_RP2CAN Pin=U7-1
Added Pin To Net: NetName=3V3_RP2CAN Pin=U7-2
Added Pin To Net: NetName=3V3_RP2CAN Pin=U7-4
Added Pin To Net: NetName=GND_RP2CAN Pin=U8-2
Added Pin To Net: NetName=GND_RP2CAN Pin=U8-5
Change Net Name : Old Net Name=3V3_RP2CAN New Net Name=3v3
Change Net Name : Old Net Name=GND_RP2CAN New Net Name=GND
Change Net Name : Old Net Name=NetU1R_9 New Net Name=RP2040_SIG
Change Net Name : Old Net Name=NetU1R_11 New Net Name=TempShtdwnState
Add Net: Net with name "+5" already exists
Add Net: Net with name "+24" already exists
Add Net: Net with name "-5" already exists
Add Net: Net with name "-24" already exists
Add Net: Net with name "5V" already exists
Add Net: Net with name "TRANSDUCER_OUT" already exists
Change Class Name : Old Net Name=PowerAndConnections New Net Name=Designator
Change Class Name : Old Net Name=RP2040 New Net Name=U_RP2040_C
Change Class Name : Old Net Name=RP2040_with_CAN New Net Name=U_RP2040_with_CAN
Change Class Name : Old Net Name=Transmission New Net Name=Designator
Change Room Name: Old Name=Transmission New Name=U_RP2040_with_CAN
Change Room Scope: Old Scope=InComponentClass('Transmission') New Scope=InComponentClass('U_RP2040_with_CAN')
Added Room: Name=Designator
Added Room: Name=U_RP2040_C
Added Member To Class: ClassName=USB 2.0 Member=USB
