Change Component Designator: OldDesignator=C3 NewDesignator=C203
Change Component Designator: OldDesignator=C4 NewDesignator=C204
Change Component Designator: OldDesignator=C5 NewDesignator=C205
Change Component Designator: OldDesignator=C6 NewDesignator=C206
Change Component Designator: OldDesignator=C7 NewDesignator=C207
Change Component Designator: OldDesignator=C8 NewDesignator=C208
Change Component Designator: OldDesignator=C10 NewDesignator=C210
Change Component Designator: OldDesignator=C11 NewDesignator=C211
Change Component Designator: OldDesignator=C12 NewDesignator=C212
Change Component Designator: OldDesignator=C13 NewDesignator=C213
Change Component Designator: OldDesignator=C14 NewDesignator=C214
Change Component Designator: OldDesignator=C15 NewDesignator=C215
Change Component Designator: OldDesignator=C16 NewDesignator=C216
Change Component Designator: OldDesignator=C17 NewDesignator=C217
Change Component Designator: OldDesignator=C19 NewDesignator=C219
Change Component Designator: OldDesignator=C20 NewDesignator=C220
Change Component Designator: OldDesignator=C21 NewDesignator=C221
Change Component Designator: OldDesignator=C22 NewDesignator=C222
Change Component Designator: OldDesignator=C23 NewDesignator=C223
Change Component Designator: OldDesignator=C24 NewDesignator=C224
Change Component Designator: OldDesignator=C33 NewDesignator=C233
Change Component Designator: OldDesignator=C34 NewDesignator=C234
Change Component Designator: OldDesignator=C45 NewDesignator=C245
Change Component Designator: OldDesignator=C46 NewDesignator=C246
Change Component Designator: OldDesignator=D1 NewDesignator=D201
Change Component Designator: OldDesignator=D2 NewDesignator=D202
Change Component Designator: OldDesignator=D3 NewDesignator=D203
Change Component Designator: OldDesignator=D6 NewDesignator=D206
Change Component Designator: OldDesignator=J3 NewDesignator=J203
Change Component Designator: OldDesignator=J5 NewDesignator=J205
Change Component Designator: OldDesignator=R1 NewDesignator=R201
Change Component Designator: OldDesignator=R2 NewDesignator=R202
Change Component Designator: OldDesignator=R3 NewDesignator=R203
Change Component Designator: OldDesignator=R4 NewDesignator=R204
Change Component Designator: OldDesignator=R5 NewDesignator=R205
Change Component Designator: OldDesignator=R6 NewDesignator=R206
Change Component Designator: OldDesignator=R7 NewDesignator=R207
Change Component Designator: OldDesignator=R8 NewDesignator=R208
Change Component Designator: OldDesignator=R11 NewDesignator=R211
Change Component Designator: OldDesignator=S3 NewDesignator=S203
Change Component Designator: OldDesignator=S4 NewDesignator=S204
Change Component Designator: OldDesignator=U1 NewDesignator=U201
Change Component Designator: OldDesignator=U2 NewDesignator=U202
Change Component Designator: OldDesignator=Y1 NewDesignator=Y201
Change Net Name : Old Net Name=NetD1_2 New Net Name=NetD201_2
Change Net Name : Old Net Name=NetD2_2 New Net Name=NetD202_2
Change Net Name : Old Net Name=NetD3_2 New Net Name=NetD203_2
Change Net Name : Old Net Name=NetR4_1 New Net Name=NetR204_1
