Removed Pin From Net: NetName=PWM_3V3_1 Pin=U201-2
Removed Pin From Net: NetName=PWM_3V3_2 Pin=U201-3
Removed Pin From Net: NetName=PWM_3V3_3 Pin=U201-4
Removed Pin From Net: NetName=PWM_3V3_4 Pin=U201-5
Removed Pin From Net: NetName=PWM_3V3_5 Pin=U201-6
Removed Pin From Net: NetName=PWM_3V3_6 Pin=U201-7
Removed Pin From Net: NetName=PWM_3V3_7 Pin=U201-8
Removed Pin From Net: NetName=PWM_3V3_8 Pin=U201-9
Removed Pin From Net: NetName=PWR_PLTR Pin=U201-31
Removed Pin From Net: NetName=PWR_MOBO Pin=U201-32
Removed Pin From Net: NetName=KILL_SWITCH Pin=U201-34
Removed Pin From Net: NetName=AUX_SWITCH Pin=U201-35
Removed Pin From Net: NetName=PWR_KILL Pin=U201-36
Removed Pin From Net: NetName=PWR_CYCLE Pin=U201-37
Removed Pin From Net: NetName=LIGHTING_1 Pin=U201-38
Removed Pin From Net: NetName=LIGHTING_2 Pin=U201-39
Removed Pin From Net: NetName=SDA Pin=U201-40
Removed Pin From Net: NetName=SCL Pin=U201-41
Added Pin To Net: NetName=PWR_PLTR Pin=U201-2
Added Pin To Net: NetName=PWR_MOBO Pin=U201-3
Added Pin To Net: NetName=KILL_SWITCH Pin=U201-4
Added Pin To Net: NetName=AUX_SWITCH Pin=U201-5
Added Pin To Net: NetName=PWR_KILL Pin=U201-6
Added Pin To Net: NetName=LIGHTING_1 Pin=U201-9
Added Pin To Net: NetName=LIGHTING_2 Pin=U201-11
Added Pin To Net: NetName=SDA Pin=U201-13
Added Pin To Net: NetName=SCL Pin=U201-14
Added Pin To Net: NetName=PWM_3V3_1 Pin=U201-27
Added Pin To Net: NetName=PWM_3V3_2 Pin=U201-28
Added Pin To Net: NetName=PWM_3V3_3 Pin=U201-29
Added Pin To Net: NetName=PWM_3V3_4 Pin=U201-30
Added Pin To Net: NetName=PWM_3V3_5 Pin=U201-31
Added Pin To Net: NetName=PWM_3V3_6 Pin=U201-32
Added Pin To Net: NetName=PWM_3V3_7 Pin=U201-34
Added Pin To Net: NetName=PWM_3V3_8 Pin=U201-35
Added Pin To Net: NetName=ESC_TELEM Pin=U201-36
Added Pin To Net: NetName=5V_Reg_Cntrl Pin=U201-8
Added Net: Name=5V_Reg_Cntrl
Added Pin To Net: NetName=12V_Reg_Cntrl Pin=U201-7
Added Net: Name=12V_Reg_Cntrl
Added Pin To Net: NetName=Copro_LED_Fault Pin=U201-41
Added Net: Name=Copro_LED_Fault
Added Pin To Net: NetName=Ether_CLK_10 Pin=U201-17
Added Net: Name=Ether_CLK_10
Added Pin To Net: NetName=Ether_MISO_12 Pin=U201-15
Added Net: Name=Ether_MISO_12
Added Pin To Net: NetName=Ether_MOSI_11 Pin=U201-18
Added Net: Name=Ether_MOSI_11
Added Pin To Net: NetName=Ether_RST_9 Pin=U201-16
Added Net: Name=Ether_RST_9
Added Pin To Net: NetName=RGB1 Pin=U201-38
Added Net: Name=RGB1
Added Pin To Net: NetName=RGB2 Pin=U201-39
Added Net: Name=RGB2
Added Pin To Net: NetName=RGB3 Pin=U201-40
Added Net: Name=RGB3
