Change Component Designator: OldDesignator=C25 NewDesignator=C101
Change Component Designator: OldDesignator=C26 NewDesignator=C102
Change Component Designator: OldDesignator=C27 NewDesignator=C103
Change Component Designator: OldDesignator=C28 NewDesignator=C104
Change Component Designator: OldDesignator=C29 NewDesignator=C105
Change Component Designator: OldDesignator=C30 NewDesignator=C106
Change Component Designator: OldDesignator=U3 NewDesignator=U101
Added Component: Designator=J101(68611214122)
Add component (AddParameter): Name = "ComponentLink1Description"; Value = "Manufacturer"; VariantName = "[No Variations]"
Add component (AddParameter): Name = "ComponentLink1URL"; Value = "http://www.we-online.de"; VariantName = "[No Variations]"
Add component (AddParameter): Name = "ComponentLink2Description"; Value = "Datasheet"; VariantName = "[No Variations]"
Add component (AddParameter): Name = "ComponentLink2URL"; Value = "https://katalog.we-online.com/em/datasheet/68611214122.pdf"; VariantName = "[No Variations]"
Add component (AddParameter): Name = "Contact Resistance"; Value = "20mOhm"; VariantName = "[No Variations]"
Add component (AddParameter): Name = "Length"; Value = "19mm"; VariantName = "[No Variations]"
Add component (AddParameter): Name = "Manufacturer"; Value = "Wurth Elektronik"; VariantName = "[No Variations]"
Add component (AddParameter): Name = "Manufacturer Part Number"; Value = "68611214122"; VariantName = "[No Variations]"
Add component (AddParameter): Name = "Mounting Technology"; Value = "SMT"; VariantName = "[No Variations]"
Add component (AddParameter): Name = "Operating Temperature"; Value = "-25 to +85degC"; VariantName = "[No Variations]"
Add component (AddParameter): Name = "Packaging"; Value = "Tape and Reel"; VariantName = "[No Variations]"
Add component (AddParameter): Name = "Pin Number"; Value = "12"; VariantName = "[No Variations]"
Add component (AddParameter): Name = "Pitch"; Value = "1mm"; VariantName = "[No Variations]"
Add component (AddParameter): Name = "Published Date"; Value = "March 2021"; VariantName = "[No Variations]"
Add component (AddParameter): Name = "Rated Current"; Value = "1A"; VariantName = "[No Variations]"
Add component (AddParameter): Name = "Type"; Value = "Horizontal"; VariantName = "[No Variations]"
Add component (AddParameter): Name = "Working Voltage"; Value = "125VAC"; VariantName = "[No Variations]"
Added Component: Designator=J102(68611014122)
Add component (AddParameter): Name = "ComponentLink1Description"; Value = "Manufacturer"; VariantName = "[No Variations]"
Add component (AddParameter): Name = "ComponentLink1URL"; Value = "http://www.we-online.de"; VariantName = "[No Variations]"
Add component (AddParameter): Name = "ComponentLink2Description"; Value = "Datasheet"; VariantName = "[No Variations]"
Add component (AddParameter): Name = "ComponentLink2URL"; Value = "https://katalog.we-online.com/em/datasheet/68611014122.pdf"; VariantName = "[No Variations]"
Add component (AddParameter): Name = "Contact Resistance"; Value = "20mOhm"; VariantName = "[No Variations]"
Add component (AddParameter): Name = "Length"; Value = "17mm"; VariantName = "[No Variations]"
Add component (AddParameter): Name = "Manufacturer"; Value = "Wurth Elektronik"; VariantName = "[No Variations]"
Add component (AddParameter): Name = "Manufacturer Part Number"; Value = "68611014122"; VariantName = "[No Variations]"
Add component (AddParameter): Name = "Mounting Technology"; Value = "SMT"; VariantName = "[No Variations]"
Add component (AddParameter): Name = "Operating Temperature"; Value = "-25 to +85degC"; VariantName = "[No Variations]"
Add component (AddParameter): Name = "Packaging"; Value = "Tape and Reel"; VariantName = "[No Variations]"
Add component (AddParameter): Name = "Pin Number"; Value = "10"; VariantName = "[No Variations]"
Add component (AddParameter): Name = "Pitch"; Value = "1mm"; VariantName = "[No Variations]"
Add component (AddParameter): Name = "Published Date"; Value = "March 2021"; VariantName = "[No Variations]"
Add component (AddParameter): Name = "Rated Current"; Value = "1A"; VariantName = "[No Variations]"
Add component (AddParameter): Name = "Type"; Value = "Horizontal"; VariantName = "[No Variations]"
Add component (AddParameter): Name = "Working Voltage"; Value = "125VAC"; VariantName = "[No Variations]"
Added Component: Designator=J103(686112183822)
Add component (AddParameter): Name = "ComponentLink1Description"; Value = "Manufacturer"; VariantName = "[No Variations]"
Add component (AddParameter): Name = "ComponentLink1URL"; Value = "http://www.we-online.de"; VariantName = "[No Variations]"
Add component (AddParameter): Name = "ComponentLink2Description"; Value = "Datasheet"; VariantName = "[No Variations]"
Add component (AddParameter): Name = "ComponentLink2URL"; Value = "https://katalog.we-online.com/em/datasheet/686112183822.pdf"; VariantName = "[No Variations]"
Add component (AddParameter): Name = "Contact Resistance"; Value = "30mOhm"; VariantName = "[No Variations]"
Add component (AddParameter): Name = "Length"; Value = "18.8mm"; VariantName = "[No Variations]"
Add component (AddParameter): Name = "Manufacturer"; Value = "Wurth Elektronik"; VariantName = "[No Variations]"
Add component (AddParameter): Name = "Manufacturer Part Number"; Value = "686112183822"; VariantName = "[No Variations]"
Add component (AddParameter): Name = "Mounting Technology"; Value = "SMT"; VariantName = "[No Variations]"
Add component (AddParameter): Name = "Operating Temperature"; Value = "-25 to +85degC"; VariantName = "[No Variations]"
Add component (AddParameter): Name = "Packaging"; Value = "Tape and Reel"; VariantName = "[No Variations]"
Add component (AddParameter): Name = "Pin Number"; Value = "12"; VariantName = "[No Variations]"
Add component (AddParameter): Name = "Pitch"; Value = "1mm"; VariantName = "[No Variations]"
Add component (AddParameter): Name = "Published Date"; Value = "March 2021"; VariantName = "[No Variations]"
Add component (AddParameter): Name = "Rated Current"; Value = "1A"; VariantName = "[No Variations]"
Add component (AddParameter): Name = "Type"; Value = "Vertical"; VariantName = "[No Variations]"
Add component (AddParameter): Name = "Working Voltage"; Value = "125VAC"; VariantName = "[No Variations]"
Added Component: Designator=R101(RESISTOR_0805)
Add component (AddParameter): Name = "ComponentLink1Description"; Value = "Datasheet"; VariantName = "[No Variations]"
Add component (AddParameter): Name = "ComponentLink1URL"; Value = ""; VariantName = "[No Variations]"
Add component (AddParameter): Name = "Digikey Part Numer"; Value = "CR0603-JW-104ELFTR-ND"; VariantName = "[No Variations]"
Add component (AddParameter): Name = "Made By"; Value = "Robert Pafford"; VariantName = "[No Variations]"
Add component (AddParameter): Name = "Supplier"; Value = "Digikey"; VariantName = "[No Variations]"
Add component (AddParameter): Name = "Tolerance"; Value = "+/- 5%"; VariantName = "[No Variations]"
Add component (AddParameter): Name = "Value  (Ohms)"; Value = "4.7K"; VariantName = "[No Variations]"
Add component (AddParameter): Name = "Verified By"; Value = ""; VariantName = "[No Variations]"
Add component (AddParameter): Name = "Wattage"; Value = "1/8W"; VariantName = "[No Variations]"
Added Component: Designator=R102(RESISTOR_0805)
Add component (AddParameter): Name = "ComponentLink1Description"; Value = "Datasheet"; VariantName = "[No Variations]"
Add component (AddParameter): Name = "ComponentLink1URL"; Value = ""; VariantName = "[No Variations]"
Add component (AddParameter): Name = "Digikey Part Numer"; Value = "CR0603-JW-104ELFTR-ND"; VariantName = "[No Variations]"
Add component (AddParameter): Name = "Made By"; Value = "Robert Pafford"; VariantName = "[No Variations]"
Add component (AddParameter): Name = "Supplier"; Value = "Digikey"; VariantName = "[No Variations]"
Add component (AddParameter): Name = "Tolerance"; Value = "+/- 5%"; VariantName = "[No Variations]"
Add component (AddParameter): Name = "Value  (Ohms)"; Value = "4.7K"; VariantName = "[No Variations]"
Add component (AddParameter): Name = "Verified By"; Value = ""; VariantName = "[No Variations]"
Add component (AddParameter): Name = "Wattage"; Value = "1/8W"; VariantName = "[No Variations]"
Added Component: Designator=R103(RESISTOR_0603)
Add component (AddParameter): Name = "ComponentLink1Description"; Value = "Datasheet"; VariantName = "[No Variations]"
Add component (AddParameter): Name = "ComponentLink1URL"; Value = "https://www.bourns.com/docs/product-datasheets/CRxxxxx.pdf"; VariantName = "[No Variations]"
Add component (AddParameter): Name = "Digikey Part Numer"; Value = "CR0603-JW-104ELFTR-ND"; VariantName = "[No Variations]"
Add component (AddParameter): Name = "Made By"; Value = "Robert Pafford"; VariantName = "[No Variations]"
Add component (AddParameter): Name = "Supplier"; Value = "Digikey"; VariantName = "[No Variations]"
Add component (AddParameter): Name = "Supplier 1"; Value = "Digi-Key"; VariantName = "[No Variations]"
Add component (AddParameter): Name = "Supplier Part Number 1"; Value = "2019-RK73B1JTTD103JCT-ND"; VariantName = "[No Variations]"
Add component (AddParameter): Name = "Tolerance"; Value = "+/- 5%"; VariantName = "[No Variations]"
Add component (AddParameter): Name = "Value  (Ohms)"; Value = "10K"; VariantName = "[No Variations]"
Add component (AddParameter): Name = "Verified By"; Value = ""; VariantName = "[No Variations]"
Add component (AddParameter): Name = "Wattage"; Value = "1/8W"; VariantName = "[No Variations]"
Added Component: Designator=U102(8-TDFN)
Add component (AddParameter): Name = "Accuracy"; Value = "±0.2°C"; VariantName = "[No Variations]"
Add component (AddParameter): Name = "Accuracy Range"; Value = "0°C ~ 90°C"; VariantName = "[No Variations]"
Add component (AddParameter): Name = "Interface"; Value = "I2C"; VariantName = "[No Variations]"
Add component (AddParameter): Name = "Made By"; Value = "Robert Pafford"; VariantName = "[No Variations]"
Add component (AddParameter): Name = "Operating Range"; Value = "-40°C ~ 125°C"; VariantName = "[No Variations]"
Add component (AddParameter): Name = "Operating Voltage"; Value = "2.15V ~ 5.5V"; VariantName = "[No Variations]"
Add component (AddParameter): Name = "Resolution"; Value = "16b"; VariantName = "[No Variations]"
Add component (AddParameter): Name = "Supplier 1"; Value = "Digi-Key"; VariantName = "[No Variations]"
Add component (AddParameter): Name = "Supplier Part Number 1"; Value = "1649-1064-1-ND"; VariantName = "[No Variations]"
Added Pin To Net: NetName=3V3_MCU Pin=C104-1
Added Pin To Net: NetName=3V3_MCU Pin=C105-1
Added Pin To Net: NetName=3V3_MCU Pin=C106-1
Added Pin To Net: NetName=USB_VCC Pin=J3-1
Added Pin To Net: NetName=GND Pin=J101-1
Added Pin To Net: NetName=USB_VCC Pin=J101-2
Added Pin To Net: NetName=SCL Pin=J101-11
Added Pin To Net: NetName=SDA Pin=J101-12
Added Pin To Net: NetName=GND Pin=J101-MP1
Added Pin To Net: NetName=GND Pin=J101-MP2
Added Pin To Net: NetName=GND Pin=J102-1
Added Pin To Net: NetName=GND Pin=J102-MP1
Added Pin To Net: NetName=GND Pin=J102-MP2
Added Pin To Net: NetName=GND Pin=J103-1
Added Pin To Net: NetName=GND Pin=J103-MP1
Added Pin To Net: NetName=GND Pin=J103-MP2
Added Pin To Net: NetName=GND Pin=J103-MP3
Added Pin To Net: NetName=GND Pin=J103-MP4
Added Pin To Net: NetName=3V3_MCU Pin=R101-1
Added Pin To Net: NetName=SDA Pin=R101-2
Added Pin To Net: NetName=3V3_MCU Pin=R102-1
Added Pin To Net: NetName=SCL Pin=R102-2
Added Pin To Net: NetName=3V3_MCU Pin=R103-1
Added Pin To Net: NetName=3V3_MCU Pin=U101-2
Added Pin To Net: NetName=3V3_MCU Pin=U101-4
Added Pin To Net: NetName=SDA Pin=U102-1
Added Pin To Net: NetName=GND Pin=U102-2
Added Pin To Net: NetName=SCL Pin=U102-4
Added Pin To Net: NetName=3V3_MCU Pin=U102-5
Added Pin To Net: NetName=GND Pin=U102-7
Added Pin To Net: NetName=GND Pin=U102-8
Added Pin To Net: NetName=GND Pin=U102-9
Change Net Name : Old Net Name=USB_VCC New Net Name=5V
Added Pin To Net: NetName=AUX_SWITCH Pin=J101-6
Added Net: Name=AUX_SWITCH
Added Pin To Net: NetName=CAM_PWM Pin=J103-2
Added Net: Name=CAM_PWM
Added Pin To Net: NetName=CLAW1 Pin=J103-3
Added Net: Name=CLAW1
Added Pin To Net: NetName=CLAW2 Pin=J103-4
Added Net: Name=CLAW2
Added Pin To Net: NetName=ESC_TELEM Pin=J102-10
Added Net: Name=ESC_TELEM
Added Pin To Net: NetName=KILL_SWITCH Pin=J101-5
Added Net: Name=KILL_SWITCH
Added Pin To Net: NetName=LIGHTING_1 Pin=J101-9
Added Net: Name=LIGHTING_1
Added Pin To Net: NetName=LIGHTING_2 Pin=J101-10
Added Net: Name=LIGHTING_2
Added Pin To Net: NetName=MARKER1 Pin=J103-5
Added Net: Name=MARKER1
Added Pin To Net: NetName=MARKER2 Pin=J103-6
Added Net: Name=MARKER2
Added Pin To Net: NetName=NetR103_2 Pin=R103-2
Added Pin To Net: NetName=NetR103_2 Pin=U102-6
Added Net: Name=NetR103_2
Added Pin To Net: NetName=PWM1 Pin=J102-2
Added Net: Name=PWM1
Added Pin To Net: NetName=PWM2 Pin=J102-3
Added Net: Name=PWM2
Added Pin To Net: NetName=PWM3 Pin=J102-4
Added Net: Name=PWM3
Added Pin To Net: NetName=PWM4 Pin=J102-5
Added Net: Name=PWM4
Added Pin To Net: NetName=PWM5 Pin=J102-6
Added Net: Name=PWM5
Added Pin To Net: NetName=PWM6 Pin=J102-7
Added Net: Name=PWM6
Added Pin To Net: NetName=PWM7 Pin=J102-8
Added Net: Name=PWM7
Added Pin To Net: NetName=PWM8 Pin=J102-9
Added Net: Name=PWM8
Added Pin To Net: NetName=PWR_CYCLE Pin=J101-8
Added Net: Name=PWR_CYCLE
Added Pin To Net: NetName=PWR_KILL Pin=J101-7
Added Net: Name=PWR_KILL
Added Pin To Net: NetName=PWR_MOBO Pin=J101-4
Added Net: Name=PWR_MOBO
Added Pin To Net: NetName=PWR_PLTR Pin=J101-3
Added Net: Name=PWR_PLTR
Added Pin To Net: NetName=TORP_ARM Pin=J103-7
Added Net: Name=TORP_ARM
Added Pin To Net: NetName=TORP_COIL1 Pin=J103-10
Added Net: Name=TORP_COIL1
Added Pin To Net: NetName=TORP_COIL2 Pin=J103-11
Added Net: Name=TORP_COIL2
Added Pin To Net: NetName=TORP_COIL3 Pin=J103-12
Added Net: Name=TORP_COIL3
Added Pin To Net: NetName=TORP_SEL1 Pin=J103-8
Added Net: Name=TORP_SEL1
Added Pin To Net: NetName=TORP_SEL2 Pin=J103-9
Added Net: Name=TORP_SEL2
Added Member To Class: ClassName=CoproMKII_Connectors Member=Component J101 MkIICoproPB_FFC
Added Member To Class: ClassName=CoproMKII_Connectors Member=Component J102 MKIICopro_ESC
Added Member To Class: ClassName=CoproMKII_Connectors Member=Component J103 MKllCopro_Act
Added Member To Class: ClassName=CoproMKII_Connectors Member=Component R101 4.7k Ohm 5% 1/8W
Added Member To Class: ClassName=CoproMKII_Connectors Member=Component R102 4.7k Ohm 5% 1/8W
Added Member To Class: ClassName=CoproMKII_Connectors Member=Component R103 10k Ohm 5% 1/10W
Added Member To Class: ClassName=CoproMKII_Connectors Member=Component U102 STS-31-DIS
Added Room: Name=CoproMKII_Connectors
Added Room: Name=CoproMKII_Coprocessor
