Replace Part C1 CAPACITOR_10uF_0603 in C:\Users\rjp5t\Documents\UWRT\electric_boogaloo\TempestBoards\MK2\CameraCageBB\CameraCageBB\CameraCageBB.SchDoc with CAPACITOR_10uF_0603 from Capacitors.SchLib
Replace Part C2 CAPACITOR_10uF_0603 in C:\Users\rjp5t\Documents\UWRT\electric_boogaloo\TempestBoards\MK2\CameraCageBB\CameraCageBB\CameraCageBB.SchDoc with CAPACITOR_10uF_0603 from Capacitors.SchLib
Replace Part C3 CAPACITOR_0.1uF_0603 in C:\Users\rjp5t\Documents\UWRT\electric_boogaloo\TempestBoards\MK2\CameraCageBB\CameraCageBB\CameraCageBB.SchDoc with CAPACITOR_0.1uF_0603 from Capacitors.SchLib
Replace Part C4 CAPACITOR_10uF_0603 in C:\Users\rjp5t\Documents\UWRT\electric_boogaloo\TempestBoards\MK2\CameraCageBB\CameraCageBB\CameraCageBB.SchDoc with CAPACITOR_10uF_0603 from Capacitors.SchLib
Replace Part D1 LED_Green_0603_3V in C:\Users\rjp5t\Documents\UWRT\electric_boogaloo\TempestBoards\MK2\CameraCageBB\CameraCageBB\CameraCageBB.SchDoc with LED_Green_0603_3V from Diodes.SchLib
Replace Part D3 LED_Green_0603_3V in C:\Users\rjp5t\Documents\UWRT\electric_boogaloo\TempestBoards\MK2\CameraCageBB\CameraCageBB\CameraCageBB.SchDoc with LED_Green_0603_3V from Diodes.SchLib
Replace Part D4 Zener_Diode_10V_410mW in C:\Users\rjp5t\Documents\UWRT\electric_boogaloo\TempestBoards\MK2\CameraCageBB\CameraCageBB\CameraCageBB.SchDoc with Zener_Diode_10V_410mW from Diodes.SchLib
Replace Part D5 LED_Green_0603_3V in C:\Users\rjp5t\Documents\UWRT\electric_boogaloo\TempestBoards\MK2\CameraCageBB\CameraCageBB\CameraCageBB.SchDoc with LED_Green_0603_3V from Diodes.SchLib
Replace Part D6 LED_Green_0603_3V in C:\Users\rjp5t\Documents\UWRT\electric_boogaloo\TempestBoards\MK2\CameraCageBB\CameraCageBB\CameraCageBB.SchDoc with LED_Green_0603_3V from Diodes.SchLib
Replace Part J1 CONN_MOLEX_MINIFIT JR_4POS_R/A in C:\Users\rjp5t\Documents\UWRT\electric_boogaloo\TempestBoards\MK2\CameraCageBB\CameraCageBB\CameraCageBB.SchDoc with CONN_MOLEX_MINIFIT JR_4POS_R/A from Connectors.SchLib
Replace Part J2 CONN_JST_XH254_3POS_VERT in C:\Users\rjp5t\Documents\UWRT\electric_boogaloo\TempestBoards\MK2\CameraCageBB\CameraCageBB\CameraCageBB.SchDoc with CONN_JST_XH254_3POS_VERT from Connectors.SchLib
Replace Part J3 CONN_MOLEX_MINIFIT JR_2POS_R/A in C:\Users\rjp5t\Documents\UWRT\electric_boogaloo\TempestBoards\MK2\CameraCageBB\CameraCageBB\CameraCageBB.SchDoc with CONN_MOLEX_MINIFIT JR_2POS_R/A from Connectors.SchLib
Replace Part J4 CONN_JST_XH254_3POS_VERT in C:\Users\rjp5t\Documents\UWRT\electric_boogaloo\TempestBoards\MK2\CameraCageBB\CameraCageBB\CameraCageBB.SchDoc with CONN_JST_XH254_3POS_VERT from Connectors.SchLib
Replace Part J5 CONN_MOLEX_MINIFIT JR_4POS_R/A in C:\Users\rjp5t\Documents\UWRT\electric_boogaloo\TempestBoards\MK2\CameraCageBB\CameraCageBB\CameraCageBB.SchDoc with CONN_MOLEX_MINIFIT JR_4POS_R/A from Connectors.SchLib
Replace Part J6 CONN_MOLEX_MINIFIT JR_8POS_R/A in C:\Users\rjp5t\Documents\UWRT\electric_boogaloo\TempestBoards\MK2\CameraCageBB\CameraCageBB\CameraCageBB.SchDoc with CONN_MOLEX_MINIFIT JR_8POS_R/A from Connectors.SchLib
Replace Part J7 CONN_JST_XH254_3POS_VERT in C:\Users\rjp5t\Documents\UWRT\electric_boogaloo\TempestBoards\MK2\CameraCageBB\CameraCageBB\CameraCageBB.SchDoc with CONN_JST_XH254_3POS_VERT from Connectors.SchLib
Replace Part J8 CONN_JST_XH254_3POS_VERT in C:\Users\rjp5t\Documents\UWRT\electric_boogaloo\TempestBoards\MK2\CameraCageBB\CameraCageBB\CameraCageBB.SchDoc with CONN_JST_XH254_3POS_VERT from Connectors.SchLib
Replace Part J9 CONN_JST_XH254_3POS_VERT in C:\Users\rjp5t\Documents\UWRT\electric_boogaloo\TempestBoards\MK2\CameraCageBB\CameraCageBB\CameraCageBB.SchDoc with CONN_JST_XH254_3POS_VERT from Connectors.SchLib
Replace Part J10 CONN_JST_XH254_5POS_VERT in C:\Users\rjp5t\Documents\UWRT\electric_boogaloo\TempestBoards\MK2\CameraCageBB\CameraCageBB\CameraCageBB.SchDoc with CONN_JST_XH254_5POS_VERT from Connectors.SchLib
Replace Part J11 CONN_MOLEX_MINIFIT JR_4POS_VERT in C:\Users\rjp5t\Documents\UWRT\electric_boogaloo\TempestBoards\MK2\CameraCageBB\CameraCageBB\CameraCageBB.SchDoc with CONN_MOLEX_MINIFIT JR_4POS_VERT from Connectors.SchLib
Replace Part J12 CONN_MICROUSB in C:\Users\rjp5t\Documents\UWRT\electric_boogaloo\TempestBoards\MK2\CameraCageBB\CameraCageBB\CameraCageBB.SchDoc with CONN_MICROUSB from Connectors.SchLib
Update Managed Component J13 From CMP-1502-01702-1[615008142621] To CMP-1502-01702-1[615008142621] in CameraCageBB.SchDoc
Update Managed Component J14 From CMP-1502-01702-1[615008142621] To CMP-1502-01702-1[615008142621] in CameraCageBB.SchDoc
Replace Part J15 CONN_JST_GH_4POS_VERT in C:\Users\rjp5t\Documents\UWRT\electric_boogaloo\TempestBoards\MK2\CameraCageBB\CameraCageBB\CameraCageBB.SchDoc with CONN_JST_GH_4POS_VERT from Connectors.SchLib
Replace Part J16 CONN_MOLEX_MINIFIT JR_2POS_R/A in C:\Users\rjp5t\Documents\UWRT\electric_boogaloo\TempestBoards\MK2\CameraCageBB\CameraCageBB\CameraCageBB.SchDoc with CONN_MOLEX_MINIFIT JR_2POS_R/A from Connectors.SchLib
Replace Part J17 CONN_MOLEX_MINIFIT JR_4POS_R/A in C:\Users\rjp5t\Documents\UWRT\electric_boogaloo\TempestBoards\MK2\CameraCageBB\CameraCageBB\CameraCageBB.SchDoc with CONN_MOLEX_MINIFIT JR_4POS_R/A from Connectors.SchLib
Replace Part J18 HEADER_4PIN_2.54MM in C:\Users\rjp5t\Documents\UWRT\electric_boogaloo\TempestBoards\MK2\CameraCageBB\CameraCageBB\CameraCageBB.SchDoc with HEADER_4PIN_2.54MM from Connectors.SchLib
Replace Part Q1 FDD4141 in C:\Users\rjp5t\Documents\UWRT\electric_boogaloo\TempestBoards\MK2\CameraCageBB\CameraCageBB\CameraCageBB.SchDoc with FDD4141 from Transistors.SchLib
Replace Part Q2 AO3404A in C:\Users\rjp5t\Documents\UWRT\electric_boogaloo\TempestBoards\MK2\CameraCageBB\CameraCageBB\CameraCageBB.SchDoc with AO3404A from Transistors.SchLib
Replace Part Q3 SIR167DP-T1-GE3 in C:\Users\rjp5t\Documents\UWRT\electric_boogaloo\TempestBoards\MK2\CameraCageBB\CameraCageBB\CameraCageBB.SchDoc with SIR167DP-T1-GE3 from Transistors.SchLib
Replace Part Q4 TSM500P02CX in C:\Users\rjp5t\Documents\UWRT\electric_boogaloo\TempestBoards\MK2\CameraCageBB\CameraCageBB\CameraCageBB.SchDoc with TSM500P02CX from Transistors.SchLib
Replace Part Q5 AO3404A in C:\Users\rjp5t\Documents\UWRT\electric_boogaloo\TempestBoards\MK2\CameraCageBB\CameraCageBB\CameraCageBB.SchDoc with AO3404A from Transistors.SchLib
Replace Part Q6 FDD4141 in C:\Users\rjp5t\Documents\UWRT\electric_boogaloo\TempestBoards\MK2\CameraCageBB\CameraCageBB\CameraCageBB.SchDoc with FDD4141 from Transistors.SchLib
Replace Part Q7 AO3404A in C:\Users\rjp5t\Documents\UWRT\electric_boogaloo\TempestBoards\MK2\CameraCageBB\CameraCageBB\CameraCageBB.SchDoc with AO3404A from Transistors.SchLib
Replace Part R1 RESISTOR_62_0603 in C:\Users\rjp5t\Documents\UWRT\electric_boogaloo\TempestBoards\MK2\CameraCageBB\CameraCageBB\CameraCageBB.SchDoc with RESISTOR_62_0603 from Resistors.SchLib
Replace Part R2 RESISTOR_10K_0603 in C:\Users\rjp5t\Documents\UWRT\electric_boogaloo\TempestBoards\MK2\CameraCageBB\CameraCageBB\CameraCageBB.SchDoc with RESISTOR_10K_0603 from Resistors.SchLib
Replace Part R3 RESISTOR_1K_0603 in C:\Users\rjp5t\Documents\UWRT\electric_boogaloo\TempestBoards\MK2\CameraCageBB\CameraCageBB\CameraCageBB.SchDoc with RESISTOR_1K_0603 from Resistors.SchLib
Replace Part R5 RESISTOR_10K_0603 in C:\Users\rjp5t\Documents\UWRT\electric_boogaloo\TempestBoards\MK2\CameraCageBB\CameraCageBB\CameraCageBB.SchDoc with RESISTOR_10K_0603 from Resistors.SchLib
Replace Part R6 RESISTOR_2.1K_0603 in C:\Users\rjp5t\Documents\UWRT\electric_boogaloo\TempestBoards\MK2\CameraCageBB\CameraCageBB\CameraCageBB.SchDoc with RESISTOR_2.1K_0603 from Resistors.SchLib
Replace Part R7 RESISTOR_1K_0603 in C:\Users\rjp5t\Documents\UWRT\electric_boogaloo\TempestBoards\MK2\CameraCageBB\CameraCageBB\CameraCageBB.SchDoc with RESISTOR_1K_0603 from Resistors.SchLib
Replace Part R8 RESISTOR_10K_0603 in C:\Users\rjp5t\Documents\UWRT\electric_boogaloo\TempestBoards\MK2\CameraCageBB\CameraCageBB\CameraCageBB.SchDoc with RESISTOR_10K_0603 from Resistors.SchLib
Replace Part R9 RESISTOR_10K_0603 in C:\Users\rjp5t\Documents\UWRT\electric_boogaloo\TempestBoards\MK2\CameraCageBB\CameraCageBB\CameraCageBB.SchDoc with RESISTOR_10K_0603 from Resistors.SchLib
Replace Part R10 RESISTOR_10K_0603 in C:\Users\rjp5t\Documents\UWRT\electric_boogaloo\TempestBoards\MK2\CameraCageBB\CameraCageBB\CameraCageBB.SchDoc with RESISTOR_10K_0603 from Resistors.SchLib
Replace Part R11 RESISTOR_10K_0603 in C:\Users\rjp5t\Documents\UWRT\electric_boogaloo\TempestBoards\MK2\CameraCageBB\CameraCageBB\CameraCageBB.SchDoc with RESISTOR_10K_0603 from Resistors.SchLib
Replace Part R12 RESISTOR_10K_0603 in C:\Users\rjp5t\Documents\UWRT\electric_boogaloo\TempestBoards\MK2\CameraCageBB\CameraCageBB\CameraCageBB.SchDoc with RESISTOR_10K_0603 from Resistors.SchLib
Replace Part R13 RESISTOR_10K_0603 in C:\Users\rjp5t\Documents\UWRT\electric_boogaloo\TempestBoards\MK2\CameraCageBB\CameraCageBB\CameraCageBB.SchDoc with RESISTOR_10K_0603 from Resistors.SchLib
Replace Part R14 RESISTOR_4.7K_0603 in C:\Users\rjp5t\Documents\UWRT\electric_boogaloo\TempestBoards\MK2\CameraCageBB\CameraCageBB\CameraCageBB.SchDoc with RESISTOR_4.7K_0603 from Resistors.SchLib
Replace Part R15 RESISTOR_4.7K_0603 in C:\Users\rjp5t\Documents\UWRT\electric_boogaloo\TempestBoards\MK2\CameraCageBB\CameraCageBB\CameraCageBB.SchDoc with RESISTOR_4.7K_0603 from Resistors.SchLib
Replace Part R16 RESISTOR_2.1K_0603 in C:\Users\rjp5t\Documents\UWRT\electric_boogaloo\TempestBoards\MK2\CameraCageBB\CameraCageBB\CameraCageBB.SchDoc with RESISTOR_2.1K_0603 from Resistors.SchLib
Replace Part R17 RESISTOR_10K_0603 in C:\Users\rjp5t\Documents\UWRT\electric_boogaloo\TempestBoards\MK2\CameraCageBB\CameraCageBB\CameraCageBB.SchDoc with RESISTOR_10K_0603 from Resistors.SchLib
Replace Part R18 RESISTOR_10K_0603 in C:\Users\rjp5t\Documents\UWRT\electric_boogaloo\TempestBoards\MK2\CameraCageBB\CameraCageBB\CameraCageBB.SchDoc with RESISTOR_10K_0603 from Resistors.SchLib
Replace Part U1 LM1117IMPX-3.3/NOPB in C:\Users\rjp5t\Documents\UWRT\electric_boogaloo\TempestBoards\MK2\CameraCageBB\CameraCageBB\CameraCageBB.SchDoc with LM1117IMPX-3.3/NOPB from Integrated Circuits.SchLib
Replace Part U2 SHT41-AD1B-R2 in C:\Users\rjp5t\Documents\UWRT\electric_boogaloo\TempestBoards\MK2\CameraCageBB\CameraCageBB\CameraCageBB.SchDoc with SHT41-AD1B-R2 from Integrated Circuits.SchLib
