Removed Pin From Net: NetName=TACH4 Pin=U1R-2
Removed Pin From Net: NetName=TACH3 Pin=U1R-3
Removed Pin From Net: NetName=TACH2 Pin=U1R-4
Removed Pin From Net: NetName=TACH1 Pin=U1R-5
Removed Pin From Net: NetName=RGB_DATA Pin=U1R-9
Removed Pin From Net: NetName=ORIN_SW Pin=U1R-11
Removed Pin From Net: NetName=PELT_SW Pin=U1R-12
Removed Pin From Net: NetName=FAN_SW Pin=U1R-13
Added Pin To Net: NetName=FAN_SW Pin=U1R-2
Added Pin To Net: NetName=TACH4 Pin=U1R-3
Added Pin To Net: NetName=TACH3 Pin=U1R-4
Added Pin To Net: NetName=TACH2 Pin=U1R-5
Added Pin To Net: NetName=TACH1 Pin=U1R-6
Added Pin To Net: NetName=PELT_SW Pin=U1R-7
Added Pin To Net: NetName=ORIN_SW Pin=U1R-8
Added Pin To Net: NetName=RGB_DATA Pin=U1R-12
Added Pin To Net: NetName=NetU1R_9 Pin=U1R-9
Added Net: Name=NetU1R_9
Added Pin To Net: NetName=NetU1R_11 Pin=U1R-11
Added Net: Name=NetU1R_11
Added Pin To Net: NetName=NetU1R_13 Pin=U1R-13
Added Net: Name=NetU1R_13
