Removed Pin From Net: NetName=GND_RP2CAN Pin=J17-1
Removed Pin From Net: NetName=ORIN_PWR Pin=J17-2
Removed Pin From Net: NetName=TACH4 Pin=R9-2
Removed Pin From Net: NetName=TACH3 Pin=R10-2
Removed Pin From Net: NetName=TACH2 Pin=R11-2
Removed Pin From Net: NetName=TACH1 Pin=R12-2
Added Component: Designator=J17(CONN_MOLEX_MINIFIT JR_4 POS_R/A)
Add component (AddParameter): Name = "Color"; Value = "Natural"; VariantName = "[No Variations]"
Add component (AddParameter): Name = "ComponentLink1Description"; Value = "Datasheet"; VariantName = "[No Variations]"
Add component (AddParameter): Name = "ComponentLink1URL"; Value = "https://www.molex.com/pdm_docs/sd/026013115_sd.pdf"; VariantName = "[No Variations]"
Add component (AddParameter): Name = "Configuration"; Value = "Right Angle"; VariantName = "[No Variations]"
Add component (AddParameter): Name = "Created By"; Value = "Flip B"; VariantName = "[No Variations]"
Add component (AddParameter): Name = "Current Per Pin"; Value = "13A"; VariantName = "[No Variations]"
Add component (AddParameter): Name = "Manufacturer"; Value = "Molex"; VariantName = "[No Variations]"
Add component (AddParameter): Name = "Number of Positions"; Value = "4"; VariantName = "[No Variations]"
Add component (AddParameter): Name = "Pitch"; Value = "4.2mm"; VariantName = "[No Variations]"
Add component (AddParameter): Name = "Series"; Value = "Minifit Jr 5569"; VariantName = "[No Variations]"
Add component (AddParameter): Name = "Supplier 1"; Value = "Digi-Key"; VariantName = "[No Variations]"
Add component (AddParameter): Name = "Supplier Part Number 1"; Value = "WM13112-ND"; VariantName = "[No Variations]"
Add component (AddParameter): Name = "Verified By"; Value = ""; VariantName = "[No Variations]"
Added Pin To Net: NetName=GND_RP2CAN Pin=J17-1
Added Pin To Net: NetName=ORIN_PWR Pin=J17-2
Added Pin To Net: NetName=GND_RP2CAN Pin=J17-3
Added Pin To Net: NetName=ORIN_PWR Pin=J17-4
Added Pin To Net: NetName=TACH1 Pin=R9-2
Added Pin To Net: NetName=TACH2 Pin=R10-2
Added Pin To Net: NetName=TACH3 Pin=R11-2
Added Pin To Net: NetName=TACH4 Pin=R12-2
Added Member To Class: ClassName=CameraCageBB Member=Component J9 XH2.54 VERT
