Replace Part C? CAPACITOR_10uF_0603 in C:\Users\rjp5t\Documents\UWRT\electric_boogaloo\TempestBoards\MK2\CameraCageBB\CameraCageBB\CameraCageBB.SchDoc with CAPACITOR_10uF_0603 from Capacitors.SchLib
Replace Part C? CAPACITOR_10uF_0603 in C:\Users\rjp5t\Documents\UWRT\electric_boogaloo\TempestBoards\MK2\CameraCageBB\CameraCageBB\CameraCageBB.SchDoc with CAPACITOR_10uF_0603 from Capacitors.SchLib
Replace Part D1 LED_Green_0603_3V in C:\Users\rjp5t\Documents\UWRT\electric_boogaloo\TempestBoards\MK2\CameraCageBB\CameraCageBB\CameraCageBB.SchDoc with LED_Green_0603_3V from Diodes.SchLib
Replace Part D? Zener_Diode_3.3V_250mW_1 in C:\Users\rjp5t\Documents\UWRT\electric_boogaloo\TempestBoards\MK2\CameraCageBB\CameraCageBB\CameraCageBB.SchDoc with Zener_Diode_3.3V_250mW_1 from Diodes.SchLib
Replace Part D? LED_Green_0603_3V in C:\Users\rjp5t\Documents\UWRT\electric_boogaloo\TempestBoards\MK2\CameraCageBB\CameraCageBB\CameraCageBB.SchDoc with LED_Green_0603_3V from Diodes.SchLib
Replace Part D? LED_Green_0603_3V in C:\Users\rjp5t\Documents\UWRT\electric_boogaloo\TempestBoards\MK2\CameraCageBB\CameraCageBB\CameraCageBB.SchDoc with LED_Green_0603_3V from Diodes.SchLib
Replace Part D? Zener_Diode_10V_410mW in C:\Users\rjp5t\Documents\UWRT\electric_boogaloo\TempestBoards\MK2\CameraCageBB\CameraCageBB\CameraCageBB.SchDoc with Zener_Diode_10V_410mW from Diodes.SchLib
Replace Part J1 CONN_MOLEX_MINIFIT JR_8POS_R/A in C:\Users\rjp5t\Documents\UWRT\electric_boogaloo\TempestBoards\MK2\CameraCageBB\CameraCageBB\CameraCageBB.SchDoc with CONN_MOLEX_MINIFIT JR_8POS_R/A from Connectors.SchLib
Replace Part J? CONN_MOLEX_KK254_3POS_R/A in C:\Users\rjp5t\Documents\UWRT\electric_boogaloo\TempestBoards\MK2\CameraCageBB\CameraCageBB\CameraCageBB.SchDoc with CONN_MOLEX_KK254_3POS_R/A from Connectors.SchLib
Replace Part J? CONN_MOLEX_KK254_3POS_R/A in C:\Users\rjp5t\Documents\UWRT\electric_boogaloo\TempestBoards\MK2\CameraCageBB\CameraCageBB\CameraCageBB.SchDoc with CONN_MOLEX_KK254_3POS_R/A from Connectors.SchLib
Update Managed Component J? From CMP-1502-01702-1[615008142621] To CMP-1502-01702-1[615008142621] in CameraCageBB.SchDoc
Replace Part J? CONN_MOLEX_KK254_3POS_R/A in C:\Users\rjp5t\Documents\UWRT\electric_boogaloo\TempestBoards\MK2\CameraCageBB\CameraCageBB\CameraCageBB.SchDoc with CONN_MOLEX_KK254_3POS_R/A from Connectors.SchLib
Replace Part J? CONN_JST_XH254_4POS_VERT in C:\Users\rjp5t\Documents\UWRT\electric_boogaloo\TempestBoards\MK2\CameraCageBB\CameraCageBB\CameraCageBB.SchDoc with CONN_JST_XH254_4POS_VERT from Connectors.SchLib
Replace Part J? CONN_MICROUSB in C:\Users\rjp5t\Documents\UWRT\electric_boogaloo\TempestBoards\MK2\CameraCageBB\CameraCageBB\CameraCageBB.SchDoc with CONN_MICROUSB from Connectors.SchLib
Replace Part J? CONN_MOLEX_KK254_3POS_R/A in C:\Users\rjp5t\Documents\UWRT\electric_boogaloo\TempestBoards\MK2\CameraCageBB\CameraCageBB\CameraCageBB.SchDoc with CONN_MOLEX_KK254_3POS_R/A from Connectors.SchLib
Update Managed Component J? From CMP-1502-01702-1[615008142621] To CMP-1502-01702-1[615008142621] in CameraCageBB.SchDoc
Replace Part J? CONN_MOLEX_MINIFIT JR_4POS_VERT in C:\Users\rjp5t\Documents\UWRT\electric_boogaloo\TempestBoards\MK2\CameraCageBB\CameraCageBB\CameraCageBB.SchDoc with CONN_MOLEX_MINIFIT JR_4POS_VERT from Connectors.SchLib
Replace Part J? CONN_MOLEX_MINIFIT JR_2POS_R/A in C:\Users\rjp5t\Documents\UWRT\electric_boogaloo\TempestBoards\MK2\CameraCageBB\CameraCageBB\CameraCageBB.SchDoc with CONN_MOLEX_MINIFIT JR_2POS_R/A from Connectors.SchLib
Replace Part J? CONN_MOLEX_MINIFIT JR_2POS_R/A in C:\Users\rjp5t\Documents\UWRT\electric_boogaloo\TempestBoards\MK2\CameraCageBB\CameraCageBB\CameraCageBB.SchDoc with CONN_MOLEX_MINIFIT JR_2POS_R/A from Connectors.SchLib
Replace Part J? CONN_JST_XH254_5POS_VERT in C:\Users\rjp5t\Documents\UWRT\electric_boogaloo\TempestBoards\MK2\CameraCageBB\CameraCageBB\CameraCageBB.SchDoc with CONN_JST_XH254_5POS_VERT from Connectors.SchLib
Replace Part J? CONN_MOLEX_MINIFIT JR_2POS_R/A in C:\Users\rjp5t\Documents\UWRT\electric_boogaloo\TempestBoards\MK2\CameraCageBB\CameraCageBB\CameraCageBB.SchDoc with CONN_MOLEX_MINIFIT JR_2POS_R/A from Connectors.SchLib
Replace Part J? CONN_MOLEX_MINIFIT JR_4POS_R/A in C:\Users\rjp5t\Documents\UWRT\electric_boogaloo\TempestBoards\MK2\CameraCageBB\CameraCageBB\CameraCageBB.SchDoc with CONN_MOLEX_MINIFIT JR_4POS_R/A from Connectors.SchLib
Replace Part J? CONN_MOLEX_MINIFIT JR_4POS_R/A in C:\Users\rjp5t\Documents\UWRT\electric_boogaloo\TempestBoards\MK2\CameraCageBB\CameraCageBB\CameraCageBB.SchDoc with CONN_MOLEX_MINIFIT JR_4POS_R/A from Connectors.SchLib
Replace Part R1 RESISTOR_10K_0603 in C:\Users\rjp5t\Documents\UWRT\electric_boogaloo\TempestBoards\MK2\CameraCageBB\CameraCageBB\CameraCageBB.SchDoc with RESISTOR_10K_0603 from Resistors.SchLib
Replace Part R? RESISTOR_4.7K_0805 in C:\Users\rjp5t\Documents\UWRT\electric_boogaloo\TempestBoards\MK2\CameraCageBB\CameraCageBB\CameraCageBB.SchDoc with RESISTOR_4.7K_0805 from Resistors.SchLib
Replace Part R? RESISTOR_10K_0603 in C:\Users\rjp5t\Documents\UWRT\electric_boogaloo\TempestBoards\MK2\CameraCageBB\CameraCageBB\CameraCageBB.SchDoc with RESISTOR_10K_0603 from Resistors.SchLib
Replace Part R? RESISTOR_10K_0402 in C:\Users\rjp5t\Documents\UWRT\electric_boogaloo\TempestBoards\MK2\CameraCageBB\CameraCageBB\CameraCageBB.SchDoc with RESISTOR_10K_0402 from Resistors.SchLib
Replace Part R? RESISTOR_4.7K_0805 in C:\Users\rjp5t\Documents\UWRT\electric_boogaloo\TempestBoards\MK2\CameraCageBB\CameraCageBB\CameraCageBB.SchDoc with RESISTOR_4.7K_0805 from Resistors.SchLib
Replace Part R? RESISTOR_10K_0603 in C:\Users\rjp5t\Documents\UWRT\electric_boogaloo\TempestBoards\MK2\CameraCageBB\CameraCageBB\CameraCageBB.SchDoc with RESISTOR_10K_0603 from Resistors.SchLib
Replace Part R? RESISTOR_10K_0603 in C:\Users\rjp5t\Documents\UWRT\electric_boogaloo\TempestBoards\MK2\CameraCageBB\CameraCageBB\CameraCageBB.SchDoc with RESISTOR_10K_0603 from Resistors.SchLib
Replace Part R? RESISTOR_10K_0603 in C:\Users\rjp5t\Documents\UWRT\electric_boogaloo\TempestBoards\MK2\CameraCageBB\CameraCageBB\CameraCageBB.SchDoc with RESISTOR_10K_0603 from Resistors.SchLib
Replace Part R? RESISTOR_10K_0603 in C:\Users\rjp5t\Documents\UWRT\electric_boogaloo\TempestBoards\MK2\CameraCageBB\CameraCageBB\CameraCageBB.SchDoc with RESISTOR_10K_0603 from Resistors.SchLib
Replace Part R? RESISTOR_100_0603 in C:\Users\rjp5t\Documents\UWRT\electric_boogaloo\TempestBoards\MK2\CameraCageBB\CameraCageBB\CameraCageBB.SchDoc with RESISTOR_100_0603 from Resistors.SchLib
Replace Part R? RESISTOR_10K_0402 in C:\Users\rjp5t\Documents\UWRT\electric_boogaloo\TempestBoards\MK2\CameraCageBB\CameraCageBB\CameraCageBB.SchDoc with RESISTOR_10K_0402 from Resistors.SchLib
Replace Part R? RESISTOR_100K_0603 in C:\Users\rjp5t\Documents\UWRT\electric_boogaloo\TempestBoards\MK2\CameraCageBB\CameraCageBB\CameraCageBB.SchDoc with RESISTOR_100K_0603 from Resistors.SchLib
Replace Part R? RESISTOR_100_0603 in C:\Users\rjp5t\Documents\UWRT\electric_boogaloo\TempestBoards\MK2\CameraCageBB\CameraCageBB\CameraCageBB.SchDoc with RESISTOR_100_0603 from Resistors.SchLib
Replace Part R? RESISTOR_10K_0402 in C:\Users\rjp5t\Documents\UWRT\electric_boogaloo\TempestBoards\MK2\CameraCageBB\CameraCageBB\CameraCageBB.SchDoc with RESISTOR_10K_0402 from Resistors.SchLib
Replace Part R? RESISTOR_10K_0402 in C:\Users\rjp5t\Documents\UWRT\electric_boogaloo\TempestBoards\MK2\CameraCageBB\CameraCageBB\CameraCageBB.SchDoc with RESISTOR_10K_0402 from Resistors.SchLib
Replace Part R? RESISTOR_100K_0603 in C:\Users\rjp5t\Documents\UWRT\electric_boogaloo\TempestBoards\MK2\CameraCageBB\CameraCageBB\CameraCageBB.SchDoc with RESISTOR_100K_0603 from Resistors.SchLib
Replace Part R? RESISTOR_10K_0402 in C:\Users\rjp5t\Documents\UWRT\electric_boogaloo\TempestBoards\MK2\CameraCageBB\CameraCageBB\CameraCageBB.SchDoc with RESISTOR_10K_0402 from Resistors.SchLib
Replace Part U? LM1117IMPX-3.3/NOPB in C:\Users\rjp5t\Documents\UWRT\electric_boogaloo\TempestBoards\MK2\CameraCageBB\CameraCageBB\CameraCageBB.SchDoc with LM1117IMPX-3.3/NOPB from Integrated Circuits.SchLib
Replace Part U? SIR167DP-T1-GE3 in C:\Users\rjp5t\Documents\UWRT\electric_boogaloo\TempestBoards\MK2\CameraCageBB\CameraCageBB\CameraCageBB.SchDoc with SIR167DP-T1-GE3 from Transistors.SchLib
Replace Part U? AO3404A in C:\Users\rjp5t\Documents\UWRT\electric_boogaloo\TempestBoards\MK2\CameraCageBB\CameraCageBB\CameraCageBB.SchDoc with AO3404A from Transistors.SchLib
Replace Part U? FDD4141 in C:\Users\rjp5t\Documents\UWRT\electric_boogaloo\TempestBoards\MK2\CameraCageBB\CameraCageBB\CameraCageBB.SchDoc with FDD4141 from Transistors.SchLib
Replace Part U? SIR167DP-T1-GE3 in C:\Users\rjp5t\Documents\UWRT\electric_boogaloo\TempestBoards\MK2\CameraCageBB\CameraCageBB\CameraCageBB.SchDoc with SIR167DP-T1-GE3 from Transistors.SchLib
Replace Part U? FDD4141 in C:\Users\rjp5t\Documents\UWRT\electric_boogaloo\TempestBoards\MK2\CameraCageBB\CameraCageBB\CameraCageBB.SchDoc with FDD4141 from Transistors.SchLib
Replace Part U? AO3404A in C:\Users\rjp5t\Documents\UWRT\electric_boogaloo\TempestBoards\MK2\CameraCageBB\CameraCageBB\CameraCageBB.SchDoc with AO3404A from Transistors.SchLib
Replace Part U? AO3404A in C:\Users\rjp5t\Documents\UWRT\electric_boogaloo\TempestBoards\MK2\CameraCageBB\CameraCageBB\CameraCageBB.SchDoc with AO3404A from Transistors.SchLib
Replace Part U? TSM500P02CX in C:\Users\rjp5t\Documents\UWRT\electric_boogaloo\TempestBoards\MK2\CameraCageBB\CameraCageBB\CameraCageBB.SchDoc with TSM500P02CX from Transistors.SchLib
