Removed Pin From Net: NetName=NetD4_1 Pin=R7-1
Removed Pin From Net: NetName=GND_RP2CAN Pin=R7-2
Added Component: Designator=R7(RESISTOR_0603)
Add component (AddParameter): Name = "ComponentLink1Description"; Value = "Datasheet"; VariantName = "[No Variations]"
Add component (AddParameter): Name = "ComponentLink1URL"; Value = "https://www.bourns.com/docs/product-datasheets/CRxxxxx.pdf"; VariantName = "[No Variations]"
Add component (AddParameter): Name = "Digikey Part Numer"; Value = "CR0603-JW-104ELFTR-ND"; VariantName = "[No Variations]"
Add component (AddParameter): Name = "Made By"; Value = "Flip B"; VariantName = "[No Variations]"
Add component (AddParameter): Name = "Supplier"; Value = "Digikey"; VariantName = "[No Variations]"
Add component (AddParameter): Name = "Supplier 1"; Value = "Digi-Key"; VariantName = "[No Variations]"
Add component (AddParameter): Name = "Supplier Part Number 1"; Value = "CR0603-JW-104ELFCT-ND"; VariantName = "[No Variations]"
Add component (AddParameter): Name = "Tolerance"; Value = "+/- 5%"; VariantName = "[No Variations]"
Add component (AddParameter): Name = "Value  (Ohms)"; Value = "100K"; VariantName = "[No Variations]"
Add component (AddParameter): Name = "Verified By"; Value = ""; VariantName = "[No Variations]"
Add component (AddParameter): Name = "Wattage"; Value = "1/10W"; VariantName = "[No Variations]"
Added Pin To Net: NetName=NetD4_1 Pin=R7-1
Added Pin To Net: NetName=GND_RP2CAN Pin=R7-2
Added Member To Class: ClassName=CameraCageBB Member=Component R9 10k Ohm 5% 1/10W
Added Member To Class: ClassName=CameraCageBB Member=Component R10 10k Ohm 5% 1/10W
Added Member To Class: ClassName=CameraCageBB Member=Component R11 10k Ohm 5% 1/10W
Added Member To Class: ClassName=CameraCageBB Member=Component R12 10k Ohm 5% 1/10W
