Removed Pin From Net: NetName=TACH1 Pin=U1R-2
Removed Pin From Net: NetName=TACH2 Pin=U1R-3
Removed Pin From Net: NetName=TACH3 Pin=U1R-4
Removed Pin From Net: NetName=TACH4 Pin=U1R-5
Added Component: Designator=C3(CAPACITOR_0603)
Add component (AddParameter): Name = "ComponentLink1Description"; Value = "Datsheet"; VariantName = "[No Variations]"
Add component (AddParameter): Name = "ComponentLink1URL"; Value = "https://www.mouser.com/datasheet/2/212/KEM_C1002_X7R_SMD-1102033.pdf"; VariantName = "[No Variations]"
Add component (AddParameter): Name = "Made By"; Value = "Flip B"; VariantName = "[No Variations]"
Add component (AddParameter): Name = "Supplier 1"; Value = "Digi-Key"; VariantName = "[No Variations]"
Add component (AddParameter): Name = "Supplier Part Number 1"; Value = "399-15351-1-ND"; VariantName = "[No Variations]"
Add component (AddParameter): Name = "Tolerance"; Value = "+/- 10%"; VariantName = "[No Variations]"
Add component (AddParameter): Name = "Value"; Value = "0.1uF"; VariantName = "[No Variations]"
Add component (AddParameter): Name = "Verified By"; Value = ""; VariantName = "[No Variations]"
Add component (AddParameter): Name = "Voltage"; Value = "6.3V"; VariantName = "[No Variations]"
Added Component: Designator=C4(CAPACITOR_0603)
Add component (AddParameter): Name = "ComponentLink1Description"; Value = "Digikey"; VariantName = "[No Variations]"
Add component (AddParameter): Name = "ComponentLink1URL"; Value = "https://www.digikey.com/en/products/detail/samsung-electro-mechanics/CL10A106MQ8NNNC/3886777"; VariantName = "[No Variations]"
Add component (AddParameter): Name = "Made By"; Value = "Flip B"; VariantName = "[No Variations]"
Add component (AddParameter): Name = "Supplier 1"; Value = "Digi-Key"; VariantName = "[No Variations]"
Add component (AddParameter): Name = "Supplier Part Number 1"; Value = "1276-1119-1-ND"; VariantName = "[No Variations]"
Add component (AddParameter): Name = "Tolerance"; Value = "+/- 20%"; VariantName = "[No Variations]"
Add component (AddParameter): Name = "Value (uF)"; Value = "10 uF"; VariantName = "[No Variations]"
Add component (AddParameter): Name = "Verified By"; Value = ""; VariantName = "[No Variations]"
Add component (AddParameter): Name = "Voltage"; Value = "6.3V"; VariantName = "[No Variations]"
Added Component: Designator=U3(XDCR_SHT41-AD1B-R2)
Add component (AddParameter): Name = "Availability"; Value = "In Stock"; VariantName = "[No Variations]"
Add component (AddParameter): Name = "Check_prices"; Value = "https://www.snapeda.com/parts/SHT41-AD1B-R2/Sensirion/view-part/?ref=eda"; VariantName = "[No Variations]"
Add component (AddParameter): Name = "MF"; Value = "Sensirion"; VariantName = "[No Variations]"
Add component (AddParameter): Name = "MP"; Value = "SHT41-AD1B-R2"; VariantName = "[No Variations]"
Add component (AddParameter): Name = "Package"; Value = "None"; VariantName = "[No Variations]"
Add component (AddParameter): Name = "Price"; Value = "None"; VariantName = "[No Variations]"
Add component (AddParameter): Name = "Purchase-URL"; Value = "https://pricing.snapeda.com/search/part/SHT41-AD1B-R2/?ref=eda"; VariantName = "[No Variations]"
Add component (AddParameter): Name = "SnapEDA_Link"; Value = "https://www.snapeda.com/parts/SHT41-AD1B-R2/Sensirion/view-part/?ref=snap"; VariantName = "[No Variations]"
Add component (AddParameter): Name = "Supplier 1"; Value = "Digi-Key"; VariantName = "[No Variations]"
Add component (AddParameter): Name = "Supplier Part Number 1"; Value = "1649-SHT41-AD1B-R2CT-ND"; VariantName = "[No Variations]"
Add component (AddParameter): Name = "Value"; Value = ""; VariantName = "[No Variations]"
Added Pin To Net: NetName=3V3_RP2CAN Pin=C3-1
Added Pin To Net: NetName=GND_RP2CAN Pin=C3-2
Added Pin To Net: NetName=5V Pin=C4-1
Added Pin To Net: NetName=GND_RP2CAN Pin=C4-2
Added Pin To Net: NetName=TACH4 Pin=U1R-2
Added Pin To Net: NetName=TACH3 Pin=U1R-3
Added Pin To Net: NetName=TACH2 Pin=U1R-4
Added Pin To Net: NetName=TACH1 Pin=U1R-5
Added Pin To Net: NetName=SDA Pin=U3-1
Added Pin To Net: NetName=SCL Pin=U3-2
Added Pin To Net: NetName=3V3_RP2CAN Pin=U3-3
Added Pin To Net: NetName=GND_RP2CAN Pin=U3-4
Added Member To Class: ClassName=CameraCageBB Member=Component C3 100nF Ceramic 6.3V
Added Member To Class: ClassName=CameraCageBB Member=Component C4 10uF Ceramic 6.3V
Added Member To Class: ClassName=CameraCageBB Member=Component U3 SHT14 SENSOR HUMID/TEMP
