Removed Pin From Net: NetName=NetJ6_6 Pin=U3-5
Removed Pin From Net: NetName=NetJ6_6 Pin=U3-6
Removed Pin From Net: NetName=NetJ6_6 Pin=U3-7
Removed Pin From Net: NetName=NetJ6_6 Pin=U3-8
Removed Pin From Net: NetName=NetJ6_7 Pin=U5-5
Removed Pin From Net: NetName=NetJ6_7 Pin=U5-6
Removed Pin From Net: NetName=NetJ6_7 Pin=U5-7
Removed Pin From Net: NetName=NetJ6_7 Pin=U5-8
Change component parameters: Designator = "J6" ("J6"); Footprint = "CONN_MOLEX_MINIFIT JR_8 POS_R/A"; UniqueID = "\UXDLPMAD" ("\UXDLPMAD")
Change component parameters (AddParameter): Name = "Color"; Value = "Natural"; VariantName = "[No Variations]"
Change component parameters (AddParameter): Name = "ComponentLink1Description"; Value = "Datasheet"; VariantName = "[No Variations]"
Change component parameters (AddParameter): Name = "ComponentLink1URL"; Value = "https://www.molex.com/pdm_docs/ps/PS-5556-001.pdf"; VariantName = "[No Variations]"
Change component parameters (AddParameter): Name = "Configuration"; Value = "Right Angle"; VariantName = "[No Variations]"
Change component parameters (AddParameter): Name = "Created By"; Value = "Flip B"; VariantName = "[No Variations]"
Change component parameters (AddParameter): Name = "Current Per Pin"; Value = "13A"; VariantName = "[No Variations]"
Change component parameters (AddParameter): Name = "Manufacturer"; Value = "Molex"; VariantName = "[No Variations]"
Change component parameters (AddParameter): Name = "Number of Positions"; Value = "8"; VariantName = "[No Variations]"
Change component parameters (AddParameter): Name = "Pitch"; Value = "4.2mm"; VariantName = "[No Variations]"
Change component parameters (AddParameter): Name = "Series"; Value = "Minifit Jr 5569"; VariantName = "[No Variations]"
Change component parameters (AddParameter): Name = "Supplier 1"; Value = "Digi-Key"; VariantName = "[No Variations]"
Change component parameters (AddParameter): Name = "Supplier Part Number 1"; Value = "WM1354-ND"; VariantName = "[No Variations]"
Change component parameters (AddParameter): Name = "Verified By"; Value = ""; VariantName = "[No Variations]"
Add Pin To Net: Unknown Pin: Pin U3-D
Add Pin To Net: Unknown Pin: Pin U5-D
