Replace Part C1 CAPACITOR_0.1uF_0402 in C:\Users\rjp5t\Documents\UWRT\electric_boogaloo\TempestBoards\MK2\Smart_Battery_Housing\SBH_BMS\SBH_BMS.SchDoc with CAPACITOR_0.1uF_0402 from Capacitors.SchLib
Replace Part C2 CAPACITOR_0.1uF_0402 in C:\Users\rjp5t\Documents\UWRT\electric_boogaloo\TempestBoards\MK2\Smart_Battery_Housing\SBH_BMS\SBH_BMS.SchDoc with CAPACITOR_0.1uF_0402 from Capacitors.SchLib
Replace Part C3 CAPACITOR_0.1uF_0402 in C:\Users\rjp5t\Documents\UWRT\electric_boogaloo\TempestBoards\MK2\Smart_Battery_Housing\SBH_BMS\SBH_BMS.SchDoc with CAPACITOR_0.1uF_0402 from Capacitors.SchLib
Replace Part C4 CAPACITOR_0.1uF_0402 in C:\Users\rjp5t\Documents\UWRT\electric_boogaloo\TempestBoards\MK2\Smart_Battery_Housing\SBH_BMS\SBH_BMS.SchDoc with CAPACITOR_0.1uF_0402 from Capacitors.SchLib
Replace Part C5 CAPACITOR_0.1uF_0402 in C:\Users\rjp5t\Documents\UWRT\electric_boogaloo\TempestBoards\MK2\Smart_Battery_Housing\SBH_BMS\SBH_BMS.SchDoc with CAPACITOR_0.1uF_0402 from Capacitors.SchLib
Replace Part C6 CAPACITOR_0.1uF_0402 in C:\Users\rjp5t\Documents\UWRT\electric_boogaloo\TempestBoards\MK2\Smart_Battery_Housing\SBH_BMS\SBH_BMS.SchDoc with CAPACITOR_0.1uF_0402 from Capacitors.SchLib
Replace Part C7 CAPACITOR_0.1uF_0402 in C:\Users\rjp5t\Documents\UWRT\electric_boogaloo\TempestBoards\MK2\Smart_Battery_Housing\SBH_BMS\SBH_BMS.SchDoc with CAPACITOR_0.1uF_0402 from Capacitors.SchLib
Replace Part C8 CAPACITOR_2.2uF_0402 in C:\Users\rjp5t\Documents\UWRT\electric_boogaloo\TempestBoards\MK2\Smart_Battery_Housing\SBH_BMS\SBH_BMS.SchDoc with CAPACITOR_2.2uF_0402 from Capacitors.SchLib
Replace Part C9 CAPACITOR_0.1uF_0402 in C:\Users\rjp5t\Documents\UWRT\electric_boogaloo\TempestBoards\MK2\Smart_Battery_Housing\SBH_BMS\SBH_BMS.SchDoc with CAPACITOR_0.1uF_0402 from Capacitors.SchLib
Replace Part C10 CAPACITOR_1uF_0402 in C:\Users\rjp5t\Documents\UWRT\electric_boogaloo\TempestBoards\MK2\Smart_Battery_Housing\SBH_BMS\SBH_BMS.SchDoc with CAPACITOR_1uF_0402 from Capacitors.SchLib
Replace Part C11 CAPACITOR_0.1uF_0402 in C:\Users\rjp5t\Documents\UWRT\electric_boogaloo\TempestBoards\MK2\Smart_Battery_Housing\SBH_BMS\SBH_BMS.SchDoc with CAPACITOR_0.1uF_0402 from Capacitors.SchLib
Replace Part C12 CAPACITOR_1uF_0402 in C:\Users\rjp5t\Documents\UWRT\electric_boogaloo\TempestBoards\MK2\Smart_Battery_Housing\SBH_BMS\SBH_BMS.SchDoc with CAPACITOR_1uF_0402 from Capacitors.SchLib
Replace Part C13 CAPACITOR_0.1uF_0402 in C:\Users\rjp5t\Documents\UWRT\electric_boogaloo\TempestBoards\MK2\Smart_Battery_Housing\SBH_BMS\SBH_BMS.SchDoc with CAPACITOR_0.1uF_0402 from Capacitors.SchLib
Replace Part C14 CAPACITOR_1uF_0402 in C:\Users\rjp5t\Documents\UWRT\electric_boogaloo\TempestBoards\MK2\Smart_Battery_Housing\SBH_BMS\SBH_BMS.SchDoc with CAPACITOR_1uF_0402 from Capacitors.SchLib
Replace Part C15 CAPACITOR_0.1uF_0402 in C:\Users\rjp5t\Documents\UWRT\electric_boogaloo\TempestBoards\MK2\Smart_Battery_Housing\SBH_BMS\SBH_BMS.SchDoc with CAPACITOR_0.1uF_0402 from Capacitors.SchLib
Replace Part C16 CAPACITOR_1uF_0402 in C:\Users\rjp5t\Documents\UWRT\electric_boogaloo\TempestBoards\MK2\Smart_Battery_Housing\SBH_BMS\SBH_BMS.SchDoc with CAPACITOR_1uF_0402 from Capacitors.SchLib
Replace Part C17 CAPACITOR_1uF_0402 in C:\Users\rjp5t\Documents\UWRT\electric_boogaloo\TempestBoards\MK2\Smart_Battery_Housing\SBH_BMS\SBH_BMS.SchDoc with CAPACITOR_1uF_0402 from Capacitors.SchLib
Replace Part D1 Zener_Diode_16V_500mW in C:\Users\rjp5t\Documents\UWRT\electric_boogaloo\TempestBoards\MK2\Smart_Battery_Housing\SBH_BMS\SBH_BMS.SchDoc with Zener_Diode_16V_500mW from Diodes.SchLib
Replace Part D2 Zener_Diode_16V_500mW in C:\Users\rjp5t\Documents\UWRT\electric_boogaloo\TempestBoards\MK2\Smart_Battery_Housing\SBH_BMS\SBH_BMS.SchDoc with Zener_Diode_16V_500mW from Diodes.SchLib
Replace Part D3 SCHOTTKY_20V_500mA in C:\Users\rjp5t\Documents\UWRT\electric_boogaloo\TempestBoards\MK2\Smart_Battery_Housing\SBH_BMS\SBH_BMS.SchDoc with SCHOTTKY_20V_500mA from Diodes.SchLib
Replace Part F1 ITV9550L2045MR in C:\Users\rjp5t\Documents\UWRT\electric_boogaloo\TempestBoards\MK2\Smart_Battery_Housing\SBH_BMS\SBH_BMS.SchDoc with ITV9550L2045MR from Fuses.SchLib
Replace Part F2 ERB-RE1R00V in C:\Users\rjp5t\Documents\UWRT\electric_boogaloo\TempestBoards\MK2\Smart_Battery_Housing\SBH_BMS\SBH_BMS.SchDoc with ERB-RE1R00V from Fuses.SchLib
Replace Part F3 ERB-RE5R00V in C:\Users\rjp5t\Documents\UWRT\electric_boogaloo\TempestBoards\MK2\Smart_Battery_Housing\SBH_BMS\SBH_BMS.SchDoc with ERB-RE5R00V from Fuses.SchLib
Replace Part J1 CONN_MOLEX_MINIFIT JR_6POS_VERT in C:\Users\rjp5t\Documents\UWRT\electric_boogaloo\TempestBoards\MK2\Smart_Battery_Housing\SBH_BMS\SBH_BMS.SchDoc with CONN_MOLEX_MINIFIT JR_6POS_VERT from Connectors.SchLib
Replace Part J2 Redcube M4 Term 85A in C:\Users\rjp5t\Documents\UWRT\electric_boogaloo\TempestBoards\MK2\Smart_Battery_Housing\SBH_BMS\SBH_BMS.SchDoc with Redcube M4 Term 85A from Connectors.SchLib
Replace Part J3 Redcube M4 Term 85A in C:\Users\rjp5t\Documents\UWRT\electric_boogaloo\TempestBoards\MK2\Smart_Battery_Housing\SBH_BMS\SBH_BMS.SchDoc with Redcube M4 Term 85A from Connectors.SchLib
Replace Part J4 Redcube M4 Term 85A in C:\Users\rjp5t\Documents\UWRT\electric_boogaloo\TempestBoards\MK2\Smart_Battery_Housing\SBH_BMS\SBH_BMS.SchDoc with Redcube M4 Term 85A from Connectors.SchLib
Replace Part J5 Redcube M4 Term 85A in C:\Users\rjp5t\Documents\UWRT\electric_boogaloo\TempestBoards\MK2\Smart_Battery_Housing\SBH_BMS\SBH_BMS.SchDoc with Redcube M4 Term 85A from Connectors.SchLib
Replace Part J6 CONN_JST_XH254_6POS_VERT in C:\Users\rjp5t\Documents\UWRT\electric_boogaloo\TempestBoards\MK2\Smart_Battery_Housing\SBH_BMS\SBH_BMS.SchDoc with CONN_JST_XH254_6POS_VERT from Connectors.SchLib
Replace Part J9 CONN_JST_XH254_2POS_VERT in C:\Users\rjp5t\Documents\UWRT\electric_boogaloo\TempestBoards\MK2\Smart_Battery_Housing\SBH_BMS\SBH_BMS.SchDoc with CONN_JST_XH254_2POS_VERT from Connectors.SchLib
Replace Part J10 CONN_MOLEX_MiliGrid_8POS in C:\Users\rjp5t\Documents\UWRT\electric_boogaloo\TempestBoards\MK2\Smart_Battery_Housing\SBH_BMS\SBH_BMS.SchDoc with CONN_MOLEX_MiliGrid_8POS from Connectors.SchLib
Replace Part Q1 PSMN4R4-80BS,118 in C:\Users\rjp5t\Documents\UWRT\electric_boogaloo\TempestBoards\MK2\Smart_Battery_Housing\SBH_BMS\SBH_BMS.SchDoc with PSMN4R4-80BS,118 from Transistors.SchLib
Replace Part Q2 PSMN4R4-80BS,118 in C:\Users\rjp5t\Documents\UWRT\electric_boogaloo\TempestBoards\MK2\Smart_Battery_Housing\SBH_BMS\SBH_BMS.SchDoc with PSMN4R4-80BS,118 from Transistors.SchLib
Replace Part Q3 AO3404A in C:\Users\rjp5t\Documents\UWRT\electric_boogaloo\TempestBoards\MK2\Smart_Battery_Housing\SBH_BMS\SBH_BMS.SchDoc with AO3404A from Transistors.SchLib
Replace Part Q4 MMBT2907A-7-F in C:\Users\rjp5t\Documents\UWRT\electric_boogaloo\TempestBoards\MK2\Smart_Battery_Housing\SBH_BMS\SBH_BMS.SchDoc with MMBT2907A-7-F from Transistors.SchLib
Replace Part Q5 TSM500P02CX in C:\Users\rjp5t\Documents\UWRT\electric_boogaloo\TempestBoards\MK2\Smart_Battery_Housing\SBH_BMS\SBH_BMS.SchDoc with TSM500P02CX from Transistors.SchLib
Replace Part R1 RESISTOR_1M_0603 in C:\Users\rjp5t\Documents\UWRT\electric_boogaloo\TempestBoards\MK2\Smart_Battery_Housing\SBH_BMS\SBH_BMS.SchDoc with RESISTOR_1M_0603 from Resistors.SchLib
Replace Part R2 RESISTOR_1M_0603 in C:\Users\rjp5t\Documents\UWRT\electric_boogaloo\TempestBoards\MK2\Smart_Battery_Housing\SBH_BMS\SBH_BMS.SchDoc with RESISTOR_1M_0603 from Resistors.SchLib
Replace Part R3 RESISTOR_1M_0603 in C:\Users\rjp5t\Documents\UWRT\electric_boogaloo\TempestBoards\MK2\Smart_Battery_Housing\SBH_BMS\SBH_BMS.SchDoc with RESISTOR_1M_0603 from Resistors.SchLib
Replace Part R4 RESISTOR_100_0402 in C:\Users\rjp5t\Documents\UWRT\electric_boogaloo\TempestBoards\MK2\Smart_Battery_Housing\SBH_BMS\SBH_BMS.SchDoc with RESISTOR_100_0402 from Resistors.SchLib
Replace Part R5 RESISTOR_1K_0402 in C:\Users\rjp5t\Documents\UWRT\electric_boogaloo\TempestBoards\MK2\Smart_Battery_Housing\SBH_BMS\SBH_BMS.SchDoc with RESISTOR_1K_0402 from Resistors.SchLib
Replace Part R6 RESISTOR_100_0402 in C:\Users\rjp5t\Documents\UWRT\electric_boogaloo\TempestBoards\MK2\Smart_Battery_Housing\SBH_BMS\SBH_BMS.SchDoc with RESISTOR_100_0402 from Resistors.SchLib
Replace Part R7 RESISTOR_1K_0402 in C:\Users\rjp5t\Documents\UWRT\electric_boogaloo\TempestBoards\MK2\Smart_Battery_Housing\SBH_BMS\SBH_BMS.SchDoc with RESISTOR_1K_0402 from Resistors.SchLib
Replace Part R8 RESISTOR_10K_0402 in C:\Users\rjp5t\Documents\UWRT\electric_boogaloo\TempestBoards\MK2\Smart_Battery_Housing\SBH_BMS\SBH_BMS.SchDoc with RESISTOR_10K_0402 from Resistors.SchLib
Replace Part R9 RESISTOR_100_0402 in C:\Users\rjp5t\Documents\UWRT\electric_boogaloo\TempestBoards\MK2\Smart_Battery_Housing\SBH_BMS\SBH_BMS.SchDoc with RESISTOR_100_0402 from Resistors.SchLib
Replace Part R10 RESISTOR_100_0402 in C:\Users\rjp5t\Documents\UWRT\electric_boogaloo\TempestBoards\MK2\Smart_Battery_Housing\SBH_BMS\SBH_BMS.SchDoc with RESISTOR_100_0402 from Resistors.SchLib
Replace Part R11 RESISTOR_100_0402 in C:\Users\rjp5t\Documents\UWRT\electric_boogaloo\TempestBoards\MK2\Smart_Battery_Housing\SBH_BMS\SBH_BMS.SchDoc with RESISTOR_100_0402 from Resistors.SchLib
Replace Part R12 RESISTOR_100_0402 in C:\Users\rjp5t\Documents\UWRT\electric_boogaloo\TempestBoards\MK2\Smart_Battery_Housing\SBH_BMS\SBH_BMS.SchDoc with RESISTOR_100_0402 from Resistors.SchLib
Replace Part R13 RESISTOR_100_0402 in C:\Users\rjp5t\Documents\UWRT\electric_boogaloo\TempestBoards\MK2\Smart_Battery_Housing\SBH_BMS\SBH_BMS.SchDoc with RESISTOR_100_0402 from Resistors.SchLib
Replace Part R14 RESISTOR_20K_0402 in C:\Users\rjp5t\Documents\UWRT\electric_boogaloo\TempestBoards\MK2\Smart_Battery_Housing\SBH_BMS\SBH_BMS.SchDoc with RESISTOR_20K_0402 from Resistors.SchLib
Replace Part R15 RESISTOR_100_0402 in C:\Users\rjp5t\Documents\UWRT\electric_boogaloo\TempestBoards\MK2\Smart_Battery_Housing\SBH_BMS\SBH_BMS.SchDoc with RESISTOR_100_0402 from Resistors.SchLib
Replace Part R16 RESISTOR_1K_0402 in C:\Users\rjp5t\Documents\UWRT\electric_boogaloo\TempestBoards\MK2\Smart_Battery_Housing\SBH_BMS\SBH_BMS.SchDoc with RESISTOR_1K_0402 from Resistors.SchLib
Replace Part R17 RESISTOR_20K_0402 in C:\Users\rjp5t\Documents\UWRT\electric_boogaloo\TempestBoards\MK2\Smart_Battery_Housing\SBH_BMS\SBH_BMS.SchDoc with RESISTOR_20K_0402 from Resistors.SchLib
Replace Part R18 RESISTOR_1K_0402 in C:\Users\rjp5t\Documents\UWRT\electric_boogaloo\TempestBoards\MK2\Smart_Battery_Housing\SBH_BMS\SBH_BMS.SchDoc with RESISTOR_1K_0402 from Resistors.SchLib
Replace Part R19 RESISTOR_2K_0402 in C:\Users\rjp5t\Documents\UWRT\electric_boogaloo\TempestBoards\MK2\Smart_Battery_Housing\SBH_BMS\SBH_BMS.SchDoc with RESISTOR_2K_0402 from Resistors.SchLib
Replace Part R20 RESISTOR_1m_CS in C:\Users\rjp5t\Documents\UWRT\electric_boogaloo\TempestBoards\MK2\Smart_Battery_Housing\SBH_BMS\SBH_BMS.SchDoc with RESISTOR_1m_CS from Resistors.SchLib
Replace Part R21 RESISTOR_20K_0402 in C:\Users\rjp5t\Documents\UWRT\electric_boogaloo\TempestBoards\MK2\Smart_Battery_Housing\SBH_BMS\SBH_BMS.SchDoc with RESISTOR_20K_0402 from Resistors.SchLib
Replace Part R22 RESISTOR_20K_0402 in C:\Users\rjp5t\Documents\UWRT\electric_boogaloo\TempestBoards\MK2\Smart_Battery_Housing\SBH_BMS\SBH_BMS.SchDoc with RESISTOR_20K_0402 from Resistors.SchLib
Replace Part R23 RESISTOR_20K_0402 in C:\Users\rjp5t\Documents\UWRT\electric_boogaloo\TempestBoards\MK2\Smart_Battery_Housing\SBH_BMS\SBH_BMS.SchDoc with RESISTOR_20K_0402 from Resistors.SchLib
Replace Part R24 RESISTOR_100_0402 in C:\Users\rjp5t\Documents\UWRT\electric_boogaloo\TempestBoards\MK2\Smart_Battery_Housing\SBH_BMS\SBH_BMS.SchDoc with RESISTOR_100_0402 from Resistors.SchLib
Replace Part R25 RESISTOR_10K_0603 in C:\Users\rjp5t\Documents\UWRT\electric_boogaloo\TempestBoards\MK2\Smart_Battery_Housing\SBH_BMS\SBH_BMS.SchDoc with RESISTOR_10K_0603 from Resistors.SchLib
Replace Part R26 RESISTOR_100_0402 in C:\Users\rjp5t\Documents\UWRT\electric_boogaloo\TempestBoards\MK2\Smart_Battery_Housing\SBH_BMS\SBH_BMS.SchDoc with RESISTOR_100_0402 from Resistors.SchLib
Replace Part R27 RESISTOR_1M_0603 in C:\Users\rjp5t\Documents\UWRT\electric_boogaloo\TempestBoards\MK2\Smart_Battery_Housing\SBH_BMS\SBH_BMS.SchDoc with RESISTOR_1M_0603 from Resistors.SchLib
Replace Part R28 RESISTOR_10K_0402 in C:\Users\rjp5t\Documents\UWRT\electric_boogaloo\TempestBoards\MK2\Smart_Battery_Housing\SBH_BMS\SBH_BMS.SchDoc with RESISTOR_10K_0402 from Resistors.SchLib
Replace Part SB1 JUMPER_0_0603 in C:\Users\rjp5t\Documents\UWRT\electric_boogaloo\TempestBoards\MK2\Smart_Battery_Housing\SBH_BMS\SBH_BMS.SchDoc with JUMPER_0_0603 from Resistors.SchLib
Replace Part SB2 JUMPER_0_0603 in C:\Users\rjp5t\Documents\UWRT\electric_boogaloo\TempestBoards\MK2\Smart_Battery_Housing\SBH_BMS\SBH_BMS.SchDoc with JUMPER_0_0603 from Resistors.SchLib
Replace Part SB3 JUMPER_0_0603 in C:\Users\rjp5t\Documents\UWRT\electric_boogaloo\TempestBoards\MK2\Smart_Battery_Housing\SBH_BMS\SBH_BMS.SchDoc with JUMPER_0_0603 from Resistors.SchLib
Replace Part U1 MAX4520EUT+T in C:\Users\rjp5t\Documents\UWRT\electric_boogaloo\TempestBoards\MK2\Smart_Battery_Housing\SBH_BMS\SBH_BMS.SchDoc with MAX4520EUT+T from Integrated Circuits.SchLib
Replace Part U2 BQ40Z80RSMT in C:\Users\rjp5t\Documents\UWRT\electric_boogaloo\TempestBoards\MK2\Smart_Battery_Housing\SBH_BMS\SBH_BMS.SchDoc with BQ40Z80RSMT from Integrated Circuits.SchLib
