Removed Pin From Net: NetName=BAT- Pin=J?-A1
Removed Pin From Net: NetName=BAT+ Pin=J?-A2
Removed Pin From Net: NetName=CAN_H Pin=J?-A4
Removed Pin From Net: NetName=CAN_L Pin=J?-A5
Removed Pin From Net: NetName=RP2040_SDA Pin=J?-A6
Removed Pin From Net: NetName=RP2040_SCL Pin=J?-A7
Removed Pin From Net: NetName=Wake Pin=J?-A8
Removed Pin From Net: NetName=BAT- Pin=J?-B1
Removed Pin From Net: NetName=BAT+ Pin=J?-B2
Removed Pin From Net: NetName=CAN_H Pin=J?-B4
Removed Pin From Net: NetName=CAN_L Pin=J?-B5
Removed Pin From Net: NetName=RP2040_SDA Pin=J?-B6
Removed Pin From Net: NetName=RP2040_SCL Pin=J?-B7
Removed Pin From Net: NetName=Wake Pin=J?-B8
Removed Member From Class: ClassName=SBH_BMS Member=J?
Change Component Designator: OldDesignator=F? NewDesignator=F2
Change Component Designator: OldDesignator=F? NewDesignator=F3
Change Component Designator: OldDesignator=SB? NewDesignator=SB1
Change Component Designator: OldDesignator=SB? NewDesignator=SB2
Change Component Designator: OldDesignator=SB? NewDesignator=SB3
Added Component: Designator=J10(Molex_Mili-Grid_2x4PIN_2.00MM_VERT)
Add component (AddParameter): Name = "Color"; Value = "Black"; VariantName = "[No Variations]"
Add component (AddParameter): Name = "ComponentLink1Description"; Value = "Datasheet"; VariantName = "[No Variations]"
Add component (AddParameter): Name = "ComponentLink1URL"; Value = "https://www.molex.com/pdm_docs/sd/791077003_sd.pdf"; VariantName = "[No Variations]"
Add component (AddParameter): Name = "Configuration"; Value = "Vertical"; VariantName = "[No Variations]"
Add component (AddParameter): Name = "Created By"; Value = "Flip B"; VariantName = "[No Variations]"
Add component (AddParameter): Name = "Current Per Pin"; Value = "1A"; VariantName = "[No Variations]"
Add component (AddParameter): Name = "Manufacturer"; Value = "Molex"; VariantName = "[No Variations]"
Add component (AddParameter): Name = "Number of Positions"; Value = "8"; VariantName = "[No Variations]"
Add component (AddParameter): Name = "Pitch"; Value = "2.00mm"; VariantName = "[No Variations]"
Add component (AddParameter): Name = "Series"; Value = "Mili-Grid"; VariantName = "[No Variations]"
Add component (AddParameter): Name = "Supplier 1"; Value = "Digi-Key"; VariantName = "[No Variations]"
Add component (AddParameter): Name = "Supplier Part Number 1"; Value = "WM18675-ND"; VariantName = "[No Variations]"
Add component (AddParameter): Name = "Verified By"; Value = ""; VariantName = "[No Variations]"
Added Pin To Net: NetName=BAT- Pin=J10-1
Added Pin To Net: NetName=BAT+ Pin=J10-2
Added Pin To Net: NetName=CAN_H Pin=J10-4
Added Pin To Net: NetName=CAN_L Pin=J10-5
Added Pin To Net: NetName=RP2040_SDA Pin=J10-6
Added Pin To Net: NetName=RP2040_SCL Pin=J10-7
Added Pin To Net: NetName=Wake Pin=J10-8
Added Pin To Net: NetName=NetF3_1 Pin=F3-1
Added Pin To Net: NetName=NetF3_1 Pin=J10-3
Added Net: Name=NetF3_1
Added Member To Class: ClassName=SBH_BMS Member=Component F3 Fuse 1A 32V 0603
Added Member To Class: ClassName=SBH_BMS Member=Component J10 Mini-Fit Jr R/A
Added Member To Class: ClassName=SBH_BMS Member=Component SB1 0 Ohm Jumper No Fit
Added Member To Class: ClassName=SBH_BMS Member=Component SB3 0 Ohm Jumper No Fit
Added Room: Name=SBH_BMS
