Removed Pin From Net: NetName=Pack+ Pin=U1-6
Change Component Description : Designator=F1 Old Description=LittelFuse New Description=LittelFuse  | 45A | 5S | SMD | Self-Control Protector
Change Component Description : Designator=F2 Old Description=Pansonic New Description=Pansonic | 32V | 1A | 0603 | Fast Blow
Change Component Description : Designator=F3 Old Description=Pansonic New Description=Pansonic | 32V | 5A | 0603 | Fast Blow
Change Component Description : Designator=D1 Old Description=Zener Diode New Description=Zener Diode | 16 V | 500 mW | SOD-123
Change Component Description : Designator=D2 Old Description=Zener Diode New Description=Zener Diode | 16 V | 500 mW | SOD-123
Added Component: Designator=R29(RESISTOR_0603)
Add component (AddParameter): Name = "ComponentLink1Description"; Value = "Datasheet"; VariantName = "[No Variations]"
Add component (AddParameter): Name = "ComponentLink1URL"; Value = "https://www.bourns.com/docs/product-datasheets/CRxxxxx.pdf"; VariantName = "[No Variations]"
Add component (AddParameter): Name = "Digikey Part Numer"; Value = "CR0603-JW-104ELFTR-ND"; VariantName = "[No Variations]"
Add component (AddParameter): Name = "Made By"; Value = "Robert Pafford"; VariantName = "[No Variations]"
Add component (AddParameter): Name = "Supplier"; Value = "Digikey"; VariantName = "[No Variations]"
Add component (AddParameter): Name = "Supplier 1"; Value = "Digi-Key"; VariantName = "[No Variations]"
Add component (AddParameter): Name = "Supplier Part Number 1"; Value = "2019-RK73B1JTTD102JCT-ND"; VariantName = "[No Variations]"
Add component (AddParameter): Name = "Tolerance"; Value = "+/- 5%"; VariantName = "[No Variations]"
Add component (AddParameter): Name = "Value  (Ohms)"; Value = "1K"; VariantName = "[No Variations]"
Add component (AddParameter): Name = "Verified By"; Value = ""; VariantName = "[No Variations]"
Add component (AddParameter): Name = "Wattage"; Value = "1/8W"; VariantName = "[No Variations]"
Added Pin To Net: NetName=Pack+ Pin=R29-1
Added Pin To Net: NetName=NetR29_2 Pin=R29-2
Added Pin To Net: NetName=NetR29_2 Pin=U1-6
Added Net: Name=NetR29_2
Add Differential Pair: Number of nets in differential pair CAN_H is 1 instead of 2
Added Member To Class: ClassName=SBH_BMS Member=Component R29 1k Ohm 5% 1/8W
