Change Component Designator: OldDesignator=J? NewDesignator=J1
Change Component Designator: OldDesignator=J? NewDesignator=J6
Added Component: Designator=C9(CAPACITOR_0402)
Add component (AddParameter): Name = "Made By"; Value = "Robert Pafford"; VariantName = "[No Variations]"
Add component (AddParameter): Name = "Supplier 1"; Value = "Digi-Key"; VariantName = "[No Variations]"
Add component (AddParameter): Name = "Supplier Part Number 1"; Value = "478-7868-1-ND"; VariantName = "[No Variations]"
Add component (AddParameter): Name = "Tolerance"; Value = "+/- 10%"; VariantName = "[No Variations]"
Add component (AddParameter): Name = "Value"; Value = "0.1uF"; VariantName = "[No Variations]"
Add component (AddParameter): Name = "Verified By"; Value = ""; VariantName = "[No Variations]"
Add component (AddParameter): Name = "Voltage"; Value = "25V"; VariantName = "[No Variations]"
Added Component: Designator=C10(CAPACITOR_0402)
Add component (AddParameter): Name = "Made By"; Value = "Robert Pafford"; VariantName = "[No Variations]"
Add component (AddParameter): Name = "Supplier 1"; Value = "Digi-Key"; VariantName = "[No Variations]"
Add component (AddParameter): Name = "Supplier Part Number 1"; Value = "478-0402YD105KAT4ADKR-ND"; VariantName = "[No Variations]"
Add component (AddParameter): Name = "Tolerance"; Value = "+/- 10%"; VariantName = "[No Variations]"
Add component (AddParameter): Name = "Value"; Value = "1uF"; VariantName = "[No Variations]"
Add component (AddParameter): Name = "Verified By"; Value = ""; VariantName = "[No Variations]"
Add component (AddParameter): Name = "Voltage"; Value = "16V"; VariantName = "[No Variations]"
Added Component: Designator=C11(CAPACITOR_0402)
Add component (AddParameter): Name = "Made By"; Value = "Robert Pafford"; VariantName = "[No Variations]"
Add component (AddParameter): Name = "Supplier 1"; Value = "Digi-Key"; VariantName = "[No Variations]"
Add component (AddParameter): Name = "Supplier Part Number 1"; Value = "478-7868-1-ND"; VariantName = "[No Variations]"
Add component (AddParameter): Name = "Tolerance"; Value = "+/- 10%"; VariantName = "[No Variations]"
Add component (AddParameter): Name = "Value"; Value = "0.1uF"; VariantName = "[No Variations]"
Add component (AddParameter): Name = "Verified By"; Value = ""; VariantName = "[No Variations]"
Add component (AddParameter): Name = "Voltage"; Value = "25V"; VariantName = "[No Variations]"
Added Component: Designator=C12(CAPACITOR_0402)
Add component (AddParameter): Name = "Made By"; Value = "Robert Pafford"; VariantName = "[No Variations]"
Add component (AddParameter): Name = "Supplier 1"; Value = "Digi-Key"; VariantName = "[No Variations]"
Add component (AddParameter): Name = "Supplier Part Number 1"; Value = "478-0402YD105KAT4ADKR-ND"; VariantName = "[No Variations]"
Add component (AddParameter): Name = "Tolerance"; Value = "+/- 10%"; VariantName = "[No Variations]"
Add component (AddParameter): Name = "Value"; Value = "1uF"; VariantName = "[No Variations]"
Add component (AddParameter): Name = "Verified By"; Value = ""; VariantName = "[No Variations]"
Add component (AddParameter): Name = "Voltage"; Value = "16V"; VariantName = "[No Variations]"
Added Component: Designator=C13(CAPACITOR_0402)
Add component (AddParameter): Name = "Made By"; Value = "Robert Pafford"; VariantName = "[No Variations]"
Add component (AddParameter): Name = "Supplier 1"; Value = "Digi-Key"; VariantName = "[No Variations]"
Add component (AddParameter): Name = "Supplier Part Number 1"; Value = "478-7868-1-ND"; VariantName = "[No Variations]"
Add component (AddParameter): Name = "Tolerance"; Value = "+/- 10%"; VariantName = "[No Variations]"
Add component (AddParameter): Name = "Value"; Value = "0.1uF"; VariantName = "[No Variations]"
Add component (AddParameter): Name = "Verified By"; Value = ""; VariantName = "[No Variations]"
Add component (AddParameter): Name = "Voltage"; Value = "25V"; VariantName = "[No Variations]"
Added Component: Designator=C14(CAPACITOR_0402)
Add component (AddParameter): Name = "Made By"; Value = "Robert Pafford"; VariantName = "[No Variations]"
Add component (AddParameter): Name = "Supplier 1"; Value = "Digi-Key"; VariantName = "[No Variations]"
Add component (AddParameter): Name = "Supplier Part Number 1"; Value = "478-0402YD105KAT4ADKR-ND"; VariantName = "[No Variations]"
Add component (AddParameter): Name = "Tolerance"; Value = "+/- 10%"; VariantName = "[No Variations]"
Add component (AddParameter): Name = "Value"; Value = "1uF"; VariantName = "[No Variations]"
Add component (AddParameter): Name = "Verified By"; Value = ""; VariantName = "[No Variations]"
Add component (AddParameter): Name = "Voltage"; Value = "16V"; VariantName = "[No Variations]"
Added Component: Designator=C15(CAPACITOR_0402)
Add component (AddParameter): Name = "Made By"; Value = "Robert Pafford"; VariantName = "[No Variations]"
Add component (AddParameter): Name = "Supplier 1"; Value = "Digi-Key"; VariantName = "[No Variations]"
Add component (AddParameter): Name = "Supplier Part Number 1"; Value = "478-7868-1-ND"; VariantName = "[No Variations]"
Add component (AddParameter): Name = "Tolerance"; Value = "+/- 10%"; VariantName = "[No Variations]"
Add component (AddParameter): Name = "Value"; Value = "0.1uF"; VariantName = "[No Variations]"
Add component (AddParameter): Name = "Verified By"; Value = ""; VariantName = "[No Variations]"
Add component (AddParameter): Name = "Voltage"; Value = "25V"; VariantName = "[No Variations]"
Added Component: Designator=C16(CAPACITOR_0402)
Add component (AddParameter): Name = "Made By"; Value = "Robert Pafford"; VariantName = "[No Variations]"
Add component (AddParameter): Name = "Supplier 1"; Value = "Digi-Key"; VariantName = "[No Variations]"
Add component (AddParameter): Name = "Supplier Part Number 1"; Value = "478-0402YD105KAT4ADKR-ND"; VariantName = "[No Variations]"
Add component (AddParameter): Name = "Tolerance"; Value = "+/- 10%"; VariantName = "[No Variations]"
Add component (AddParameter): Name = "Value"; Value = "1uF"; VariantName = "[No Variations]"
Add component (AddParameter): Name = "Verified By"; Value = ""; VariantName = "[No Variations]"
Add component (AddParameter): Name = "Voltage"; Value = "16V"; VariantName = "[No Variations]"
Added Component: Designator=C17(CAPACITOR_0402)
Add component (AddParameter): Name = "Made By"; Value = "Robert Pafford"; VariantName = "[No Variations]"
Add component (AddParameter): Name = "Supplier 1"; Value = "Digi-Key"; VariantName = "[No Variations]"
Add component (AddParameter): Name = "Supplier Part Number 1"; Value = "478-0402YD105KAT4ADKR-ND"; VariantName = "[No Variations]"
Add component (AddParameter): Name = "Tolerance"; Value = "+/- 10%"; VariantName = "[No Variations]"
Add component (AddParameter): Name = "Value"; Value = "1uF"; VariantName = "[No Variations]"
Add component (AddParameter): Name = "Verified By"; Value = ""; VariantName = "[No Variations]"
Add component (AddParameter): Name = "Voltage"; Value = "16V"; VariantName = "[No Variations]"
Added Pin To Net: NetName=Wake Pin=C9-1
Added Pin To Net: NetName=BAT- Pin=C9-2
Added Pin To Net: NetName=Pack_in+ Pin=C10-1
Added Pin To Net: NetName=BAT- Pin=C10-2
Added Pin To Net: NetName=Pack_in+ Pin=C11-1
Added Pin To Net: NetName=BAT- Pin=C11-2
Added Pin To Net: NetName=Pack+ Pin=C12-1
Added Pin To Net: NetName=BAT- Pin=C12-2
Added Pin To Net: NetName=Pack+ Pin=C13-1
Added Pin To Net: NetName=BAT- Pin=C13-2
Added Pin To Net: NetName=VSS Pin=C14-2
Added Pin To Net: NetName=BAT- Pin=C15-1
Added Pin To Net: NetName=BAT- Pin=C16-1
Added Pin To Net: NetName=Leak Pin=C17-1
Added Pin To Net: NetName=VSS Pin=C17-2
Change Net Name : Old Net Name=NetJ?_1 New Net Name=NetJ6_1
Change Net Name : Old Net Name=NetJ?_2 New Net Name=NetJ6_2
Change Net Name : Old Net Name=NetJ?_3 New Net Name=NetJ6_3
Change Net Name : Old Net Name=NetJ?_4 New Net Name=NetJ6_4
Change Net Name : Old Net Name=NetJ?_5 New Net Name=NetJ6_5
Added Pin To Net: NetName=NetC14_1 Pin=C14-1
Added Pin To Net: NetName=NetC14_1 Pin=R8-2
Added Pin To Net: NetName=NetC14_1 Pin=U2-25
Added Net: Name=NetC14_1
Added Pin To Net: NetName=NetC15_2 Pin=C15-2
Added Pin To Net: NetName=NetC15_2 Pin=C16-2
Added Pin To Net: NetName=NetC15_2 Pin=R13-1
Added Pin To Net: NetName=NetC15_2 Pin=U2-30
Added Net: Name=NetC15_2
Added Member To Class: ClassName=SBH_BMS Member=Component C9 100nF Ceramic 25V
Added Member To Class: ClassName=SBH_BMS Member=Component C10 1uF Ceramic 16V
Added Member To Class: ClassName=SBH_BMS Member=Component C11 100nF Ceramic 25V
Added Member To Class: ClassName=SBH_BMS Member=Component C12 1uF Ceramic 16V
Added Member To Class: ClassName=SBH_BMS Member=Component C13 100nF Ceramic 25V
Added Member To Class: ClassName=SBH_BMS Member=Component C14 1uF Ceramic 16V
Added Member To Class: ClassName=SBH_BMS Member=Component C15 100nF Ceramic 25V
Added Member To Class: ClassName=SBH_BMS Member=Component C16 1uF Ceramic 16V
Added Member To Class: ClassName=SBH_BMS Member=Component C17 1uF Ceramic 16V
Added Member To Class: ClassName=SBH_BMS Member=Component J1 Mini-Fit Jr VERT
Added Room: Name=SBH_BMS
