Removed Pin From Net: NetName=VSS Pin=C8-1
Removed Pin From Net: NetName=BAT- Pin=C12-2
Removed Pin From Net: NetName=BAT- Pin=C13-2
Removed Pin From Net: NetName=VSS Pin=C14-2
Removed Pin From Net: NetName=VSS Pin=C17-2
Removed Pin From Net: NetName=BAT- Pin=J1-2
Removed Pin From Net: NetName=BAT- Pin=J1-5
Removed Pin From Net: NetName=BAT- Pin=J5-1
Removed Pin From Net: NetName=BAT- Pin=J5-1
Removed Pin From Net: NetName=BAT- Pin=J5-1
Removed Pin From Net: NetName=BAT- Pin=J5-1
Removed Pin From Net: NetName=BAT- Pin=J5-1
Removed Pin From Net: NetName=BAT- Pin=J5-1
Removed Pin From Net: NetName=BAT- Pin=J5-1
Removed Pin From Net: NetName=BAT- Pin=J5-1
Removed Pin From Net: NetName=VSS Pin=J9-2
Removed Pin From Net: NetName=VSS Pin=Q3-2
Removed Pin From Net: NetName=VSS Pin=R21-2
Removed Pin From Net: NetName=VSS Pin=R22-2
Removed Pin From Net: NetName=VSS Pin=R23-2
Removed Pin From Net: NetName=VSS Pin=U2-7
Removed Pin From Net: NetName=VSS Pin=U2-9
Removed Pin From Net: NetName=VSS Pin=U2-11
Removed Pin From Net: NetName=VSS Pin=U2-13
Removed Pin From Net: NetName=VSS Pin=U2-14
Removed Pin From Net: NetName=VSS Pin=U2-15
Removed Pin From Net: NetName=VSS Pin=U2-16
Removed Pin From Net: NetName=VSS Pin=U2-27
Removed Pin From Net: NetName=VSS Pin=U2-33
Change Component Description : Designator=F1 Old Description=LittelFuse New Description=LittelFuse  | 45A | 5S | SMD | Self-Control Protector
Change Component Description : Designator=F2 Old Description=Pansonic New Description=Pansonic | 32V | 1A | 0603 | Fast Blow
Change Component Description : Designator=D1 Old Description=Zener Diode New Description=Zener Diode | 16 V | 500 mW | SOD-123
Change Component Description : Designator=D2 Old Description=Zener Diode New Description=Zener Diode | 16 V | 500 mW | SOD-123
Added Component: Designator=R20(RES_CSS2H-3920)
Add component (AddParameter): Name = "ComponentLink1Description"; Value = "Datasheet"; VariantName = "[No Variations]"
Add component (AddParameter): Name = "ComponentLink1URL"; Value = "https://www.bourns.com/docs/product-datasheets/css2h-3920.pdf"; VariantName = "[No Variations]"
Add component (AddParameter): Name = "Made By"; Value = "Flip B"; VariantName = "[No Variations]"
Add component (AddParameter): Name = "Supplier 1"; Value = "Digi-Key"; VariantName = "[No Variations]"
Add component (AddParameter): Name = "Supplier Part Number 1"; Value = "CSS2H-3920R-1L00FCT-ND"; VariantName = "[No Variations]"
Add component (AddParameter): Name = "Tolerance"; Value = "+/- 1%"; VariantName = "[No Variations]"
Add component (AddParameter): Name = "Value  (Ohms)"; Value = "1m"; VariantName = "[No Variations]"
Add component (AddParameter): Name = "Verified By"; Value = ""; VariantName = "[No Variations]"
Add component (AddParameter): Name = "Wattage"; Value = "8W"; VariantName = "[No Variations]"
Added Pin To Net: NetName=VSS Pin=C12-2
Added Pin To Net: NetName=VSS Pin=C13-2
Added Pin To Net: NetName=BAT- Pin=C14-2
Added Pin To Net: NetName=BAT- Pin=C17-2
Added Pin To Net: NetName=VSS Pin=J1-2
Added Pin To Net: NetName=VSS Pin=J1-5
Added Pin To Net: NetName=VSS Pin=J5-1
Added Pin To Net: NetName=VSS Pin=J5-1
Added Pin To Net: NetName=VSS Pin=J5-1
Added Pin To Net: NetName=VSS Pin=J5-1
Added Pin To Net: NetName=VSS Pin=J5-1
Added Pin To Net: NetName=VSS Pin=J5-1
Added Pin To Net: NetName=VSS Pin=J5-1
Added Pin To Net: NetName=VSS Pin=J5-1
Added Pin To Net: NetName=BAT- Pin=J9-2
Added Pin To Net: NetName=BAT- Pin=Q3-2
Added Pin To Net: NetName=BAT- Pin=R20-1
Added Pin To Net: NetName=VSS Pin=R20-2
Added Pin To Net: NetName=BAT- Pin=U2-7
Added Pin To Net: NetName=BAT- Pin=U2-11
Added Pin To Net: NetName=BAT- Pin=U2-13
Added Pin To Net: NetName=BAT- Pin=U2-14
Added Pin To Net: NetName=BAT- Pin=U2-15
Added Pin To Net: NetName=BAT- Pin=U2-16
Added Pin To Net: NetName=BAT- Pin=U2-27
Added Pin To Net: NetName=BAT- Pin=U2-33
Change Net Name : Old Net Name=VSS New Net Name=Pack-
Added Pin To Net: NetName=NetC8_1 Pin=C8-1
Added Pin To Net: NetName=NetC8_1 Pin=R21-2
Added Pin To Net: NetName=NetC8_1 Pin=R22-2
Added Pin To Net: NetName=NetC8_1 Pin=R23-2
Added Pin To Net: NetName=NetC8_1 Pin=U2-9
Added Net: Name=NetC8_1
Added Member To Class: ClassName=SBH_BMS Member=Component R20 1m Ohm 5% 8W
