Change Physical Footprint: Designator=C1 Old Footprint=CAPACITOR_0402 New Footprint=CAPACITOR_0402
Change Physical Footprint: Designator=C2 Old Footprint=CAPACITOR_0402 New Footprint=CAPACITOR_0402
Change Physical Footprint: Designator=C3 Old Footprint=CAPACITOR_0402 New Footprint=CAPACITOR_0402
Change Physical Footprint: Designator=C4 Old Footprint=CAPACITOR_0402 New Footprint=CAPACITOR_0402
Change Physical Footprint: Designator=C5 Old Footprint=CAPACITOR_0402 New Footprint=CAPACITOR_0402
Change Physical Footprint: Designator=C6 Old Footprint=CAPACITOR_0402 New Footprint=CAPACITOR_0402
Change Physical Footprint: Designator=C7 Old Footprint=CAPACITOR_0402 New Footprint=CAPACITOR_0402
Change Physical Footprint: Designator=C8 Old Footprint=CAPACITOR_0402 New Footprint=CAPACITOR_0402
Change Physical Footprint: Designator=C9 Old Footprint=CAPACITOR_0402 New Footprint=CAPACITOR_0402
Change Physical Footprint: Designator=C10 Old Footprint=CAPACITOR_0402 New Footprint=CAPACITOR_0402
Change Physical Footprint: Designator=C11 Old Footprint=CAPACITOR_0402 New Footprint=CAPACITOR_0402
Change Physical Footprint: Designator=C12 Old Footprint=CAPACITOR_0402 New Footprint=CAPACITOR_0402
Change Physical Footprint: Designator=C13 Old Footprint=CAPACITOR_0402 New Footprint=CAPACITOR_0402
Change Physical Footprint: Designator=C14 Old Footprint=CAPACITOR_0402 New Footprint=CAPACITOR_0402
Change Physical Footprint: Designator=C15 Old Footprint=CAPACITOR_0402 New Footprint=CAPACITOR_0402
Change Physical Footprint: Designator=C16 Old Footprint=CAPACITOR_0402 New Footprint=CAPACITOR_0402
Change Physical Footprint: Designator=C17 Old Footprint=CAPACITOR_0402 New Footprint=CAPACITOR_0402
Change Physical Footprint: Designator=D1 Old Footprint=SOD-123 New Footprint=SOD-123
Change Physical Footprint: Designator=D2 Old Footprint=SOD-123 New Footprint=SOD-123
Change Physical Footprint: Designator=D3 Old Footprint=SOD-123 New Footprint=SOD-123
Change Physical Footprint: Designator=F1 Old Footprint=ITV9550 New Footprint=ITV9550
Change Physical Footprint: Designator=F2 Old Footprint=2-SMD Fuse 0603 New Footprint=2-SMD Fuse 0603
Change Physical Footprint: Designator=J1 Old Footprint=CONN_MOLEX_MINIFIT JR_6 POS_VERT New Footprint=CONN_MOLEX_MINIFIT JR_6 POS_VERT
Change Physical Footprint: Designator=J2 Old Footprint=Redcube M4 Term 85A New Footprint=Redcube M4 Term 85A
Change Physical Footprint: Designator=J3 Old Footprint=Redcube M4 Term 85A New Footprint=Redcube M4 Term 85A
Change Physical Footprint: Designator=J4 Old Footprint=Redcube M4 Term 85A New Footprint=Redcube M4 Term 85A
Change Physical Footprint: Designator=J5 Old Footprint=Redcube M4 Term 85A New Footprint=Redcube M4 Term 85A
Change Physical Footprint: Designator=J6 Old Footprint=CONN_JST_XH254_6POS_VERT New Footprint=CONN_JST_XH254_6POS_VERT
Change Physical Footprint: Designator=J7 Old Footprint=CONN_JST_SM02B-GHS-TB(LF)(SN) New Footprint=CONN_JST_SM02B-GHS-TB(LF)(SN)
Change Physical Footprint: Designator=J8 Old Footprint=CONN_JST_SM02B-GHS-TB(LF)(SN) New Footprint=CONN_JST_SM02B-GHS-TB(LF)(SN)
Change Physical Footprint: Designator=J9 Old Footprint=CONN_JST_XH254_2POS_VERT New Footprint=CONN_JST_XH254_2POS_VERT
Change Physical Footprint: Designator=J10 Old Footprint=Molex_Mili-Grid_2x4PIN_2.00MM_VERT New Footprint=Molex_Mili-Grid_2x4PIN_2.00MM_VERT
Change Physical Footprint: Designator=Q1 Old Footprint=D2PAK New Footprint=D2PAK
Change Physical Footprint: Designator=Q2 Old Footprint=D2PAK New Footprint=D2PAK
Change Physical Footprint: Designator=Q3 Old Footprint=SOT-23-3 New Footprint=SOT-23-3
Change Physical Footprint: Designator=Q4 Old Footprint=SOT-23-3 New Footprint=SOT-23-3
Change Physical Footprint: Designator=R1 Old Footprint=RESISTOR_0603 New Footprint=RESISTOR_0603
Change Physical Footprint: Designator=R2 Old Footprint=RESISTOR_0603 New Footprint=RESISTOR_0603
Change Physical Footprint: Designator=R3 Old Footprint=RESISTOR_0603 New Footprint=RESISTOR_0603
Change Physical Footprint: Designator=R4 Old Footprint=RESISTOR_0402 New Footprint=RESISTOR_0402
Change Physical Footprint: Designator=R5 Old Footprint=RESISTOR_0402 New Footprint=RESISTOR_0402
Change Physical Footprint: Designator=R6 Old Footprint=RESISTOR_0402 New Footprint=RESISTOR_0402
Change Physical Footprint: Designator=R7 Old Footprint=RESISTOR_0402 New Footprint=RESISTOR_0402
Change Physical Footprint: Designator=R8 Old Footprint=RESISTOR_0402 New Footprint=RESISTOR_0402
Change Physical Footprint: Designator=R9 Old Footprint=RESISTOR_0402 New Footprint=RESISTOR_0402
Change Physical Footprint: Designator=R10 Old Footprint=RESISTOR_0402 New Footprint=RESISTOR_0402
Change Physical Footprint: Designator=R11 Old Footprint=RESISTOR_0402 New Footprint=RESISTOR_0402
Change Physical Footprint: Designator=R12 Old Footprint=RESISTOR_0402 New Footprint=RESISTOR_0402
Change Physical Footprint: Designator=R13 Old Footprint=RESISTOR_0402 New Footprint=RESISTOR_0402
Change Physical Footprint: Designator=R14 Old Footprint=RESISTOR_0402 New Footprint=RESISTOR_0402
Change Physical Footprint: Designator=R15 Old Footprint=RESISTOR_0402 New Footprint=RESISTOR_0402
Change Physical Footprint: Designator=R16 Old Footprint=RESISTOR_0402 New Footprint=RESISTOR_0402
Change Physical Footprint: Designator=R17 Old Footprint=RESISTOR_0402 New Footprint=RESISTOR_0402
Change Physical Footprint: Designator=R18 Old Footprint=RESISTOR_0402 New Footprint=RESISTOR_0402
Change Physical Footprint: Designator=R19 Old Footprint=RESISTOR_0402 New Footprint=RESISTOR_0402
Change Physical Footprint: Designator=R20 Old Footprint=RES_CSS2H-3920 New Footprint=RES_CSS2H-3920
Change Physical Footprint: Designator=R21 Old Footprint=RESISTOR_0402 New Footprint=RESISTOR_0402
Change Physical Footprint: Designator=R22 Old Footprint=RESISTOR_0402 New Footprint=RESISTOR_0402
Change Physical Footprint: Designator=R23 Old Footprint=RESISTOR_0402 New Footprint=RESISTOR_0402
Change Physical Footprint: Designator=R24 Old Footprint=RESISTOR_0402 New Footprint=RESISTOR_0402
Change Physical Footprint: Designator=R25 Old Footprint=RESISTOR_0603 New Footprint=RESISTOR_0603
Change Physical Footprint: Designator=SB1 Old Footprint=RESISTOR_0603 New Footprint=RESISTOR_0603
Change Physical Footprint: Designator=SB2 Old Footprint=RESISTOR_0603 New Footprint=RESISTOR_0603
Change Physical Footprint: Designator=SB3 Old Footprint=RESISTOR_0603 New Footprint=RESISTOR_0603
Change Physical Footprint: Designator=U1 Old Footprint=TSOT-23_S6 New Footprint=TSOT-23_S6
Change Physical Footprint: Designator=U2 Old Footprint=VQFN-32 New Footprint=VQFN-32
