Removed Pin From Net: NetName=BAT- Pin=J6-6
Removed Member From Class: ClassName=SBH_BMS Member=J6
Added Component: Designator=J?(CONN_JST_XH254_6POS_VERT)
Add component (AddParameter): Name = "Color"; Value = "White"; VariantName = "[No Variations]"
Add component (AddParameter): Name = "Configuration"; Value = "Vertical"; VariantName = "[No Variations]"
Add component (AddParameter): Name = "Created By"; Value = "Flip B"; VariantName = "[No Variations]"
Add component (AddParameter): Name = "Current Per Pin"; Value = "4A"; VariantName = "[No Variations]"
Add component (AddParameter): Name = "Manufacturer"; Value = "JST"; VariantName = "[No Variations]"
Add component (AddParameter): Name = "NOTE"; Value = "Do not use JST 2.5mm parts with this footprint. JST does not make 2.54mm pitch pins, rather only clones make this connector!"; VariantName = "[No Variations]"
Add component (AddParameter): Name = "Number of Positions"; Value = "6"; VariantName = "[No Variations]"
Add component (AddParameter): Name = "Pitch"; Value = "2.54mm"; VariantName = "[No Variations]"
Add component (AddParameter): Name = "Series"; Value = "XH 2.54"; VariantName = "[No Variations]"
Add component (AddParameter): Name = "Supplier 1"; Value = "Digi-Key"; VariantName = "[No Variations]"
Add component (AddParameter): Name = "Supplier Part Number 1"; Value = "455-2264-1-ND"; VariantName = "[No Variations]"
Add component (AddParameter): Name = "Verified By"; Value = ""; VariantName = "[No Variations]"
Added Pin To Net: NetName=BAT- Pin=J?-6
Added Pin To Net: NetName=NetJ?_1 Pin=J?-1
Added Pin To Net: NetName=NetJ?_1 Pin=R4-2
Added Net: Name=NetJ?_1
Added Pin To Net: NetName=NetJ?_2 Pin=J?-2
Added Pin To Net: NetName=NetJ?_2 Pin=R10-2
Added Net: Name=NetJ?_2
Added Pin To Net: NetName=NetJ?_3 Pin=J?-3
Added Pin To Net: NetName=NetJ?_3 Pin=R11-2
Added Net: Name=NetJ?_3
Added Pin To Net: NetName=NetJ?_4 Pin=J?-4
Added Pin To Net: NetName=NetJ?_4 Pin=R12-2
Added Net: Name=NetJ?_4
Added Pin To Net: NetName=NetJ?_5 Pin=J?-5
Added Pin To Net: NetName=NetJ?_5 Pin=R15-2
Added Net: Name=NetJ?_5
Added Member To Class: ClassName=SBH_BMS Member=Component C5 100nF Ceramic 25V
Added Member To Class: ClassName=SBH_BMS Member=Component D2 Zener_Diode_16V_500mW
Added Member To Class: ClassName=SBH_BMS Member=Component J5 Redcube M4 Term 85A
Added Member To Class: ClassName=SBH_BMS Member=Component J? XH2.54 VERT
Added Member To Class: ClassName=SBH_BMS Member=Component Q1 MOSFET N-Ch 80V 100A D2PAK
Added Member To Class: ClassName=SBH_BMS Member=Component R9 100 Ohm 5% 1/16W
Added Room: Name=SBH_BMS
