Removed Pin From Net: NetName=BAT- Pin=J6-6
Removed Pin From Net: NetName=NetJ6_1 Pin=R4-2
Removed Pin From Net: NetName=NetJ7_1 Pin=R18-2
Removed Pin From Net: NetName=NetJ7_1 Pin=R19-2
Change Component Footprint: Designator=J7 Old Footprint=CONN_JST_XH254_2POS_VERT New Footprint=CONN_JST_SM02B-GHS-TB(LF)(SN)
Change Component Footprint: Designator=J8 Old Footprint=CONN_JST_XH254_2POS_VERT New Footprint=CONN_JST_SM02B-GHS-TB(LF)(SN)
Change Component Comment : Designator=J7 Old Comment=XH2.54 VERT New Comment=JST GH VERT
Change Component Comment : Designator=J8 Old Comment=XH2.54 VERT New Comment=JST GH VERT
Change component parameters: Designator = "J7" ("J7"); Footprint = "CONN_JST_XH254_2POS_VERT"; UniqueID = "\NCBDZUWN" ("\NCBDZUWN")
Change component parameters (AddParameter): Name = "Color"; Value = "Natural"; VariantName = "[No Variations]"
Change component parameters (AddParameter): Name = "Configuration"; Value = "Vertical"; VariantName = "[No Variations]"
Change component parameters (AddParameter): Name = "Created By"; Value = "Robert P"; VariantName = "[No Variations]"
Change component parameters (AddParameter): Name = "Current Per Pin"; Value = "1A"; VariantName = "[No Variations]"
Change component parameters (AddParameter): Name = "Manufacturer"; Value = "JST"; VariantName = "[No Variations]"
Change component parameters (AddParameter): Name = "Number of Positions"; Value = "4"; VariantName = "[No Variations]"
Change component parameters (AddParameter): Name = "Pitch"; Value = "1.25mm"; VariantName = "[No Variations]"
Change component parameters (AddParameter): Name = "Series"; Value = "GH"; VariantName = "[No Variations]"
Change component parameters (AddParameter): Name = "Supplier 1"; Value = "Digi-Key"; VariantName = "[No Variations]"
Change component parameters (AddParameter): Name = "Supplier Part Number 1"; Value = "455-1580-1-ND"; VariantName = "[No Variations]"
Change component parameters (AddParameter): Name = "Verified By"; Value = ""; VariantName = "[No Variations]"
Change component parameters: Designator = "J8" ("J8"); Footprint = "CONN_JST_XH254_2POS_VERT"; UniqueID = "\LHMYHKZG" ("\LHMYHKZG")
Change component parameters (AddParameter): Name = "Color"; Value = "Natural"; VariantName = "[No Variations]"
Change component parameters (AddParameter): Name = "Configuration"; Value = "Vertical"; VariantName = "[No Variations]"
Change component parameters (AddParameter): Name = "Created By"; Value = "Robert P"; VariantName = "[No Variations]"
Change component parameters (AddParameter): Name = "Current Per Pin"; Value = "1A"; VariantName = "[No Variations]"
Change component parameters (AddParameter): Name = "Manufacturer"; Value = "JST"; VariantName = "[No Variations]"
Change component parameters (AddParameter): Name = "Number of Positions"; Value = "4"; VariantName = "[No Variations]"
Change component parameters (AddParameter): Name = "Pitch"; Value = "1.25mm"; VariantName = "[No Variations]"
Change component parameters (AddParameter): Name = "Series"; Value = "GH"; VariantName = "[No Variations]"
Change component parameters (AddParameter): Name = "Supplier 1"; Value = "Digi-Key"; VariantName = "[No Variations]"
Change component parameters (AddParameter): Name = "Supplier Part Number 1"; Value = "455-1580-1-ND"; VariantName = "[No Variations]"
Change component parameters (AddParameter): Name = "Verified By"; Value = ""; VariantName = "[No Variations]"
Added Component: Designator=F?(2-SMD Fuse 0603)
Add component (AddParameter): Name = "Breaking Capacity"; Value = "150A"; VariantName = "[No Variations]"
Add component (AddParameter): Name = "Created By"; Value = "Nathan Ayer"; VariantName = "[No Variations]"
Add component (AddParameter): Name = "Current Rating"; Value = "1A"; VariantName = "[No Variations]"
Add component (AddParameter): Name = "Manufacturer_Part_Number"; Value = "ERB-RE1R00V"; VariantName = "[No Variations]"
Add component (AddParameter): Name = "Mfr_Name"; Value = "Panasonic"; VariantName = "[No Variations]"
Add component (AddParameter): Name = "Package"; Value = "1206"; VariantName = "[No Variations]"
Add component (AddParameter): Name = "Response Time"; Value = "Fast Blow"; VariantName = "[No Variations]"
Add component (AddParameter): Name = "Supplier 1"; Value = "Digi-Key"; VariantName = "[No Variations]"
Add component (AddParameter): Name = "Supplier Part Number 1"; Value = "P15124CT-ND"; VariantName = "[No Variations]"
Add component (AddParameter): Name = "Voltage Rating"; Value = "32V"; VariantName = "[No Variations]"
Added Component: Designator=F?(2-SMD Fuse 0603)
Add component (AddParameter): Name = "Breaking Capacity"; Value = "150A"; VariantName = "[No Variations]"
Add component (AddParameter): Name = "Created By"; Value = "Nathan Ayer"; VariantName = "[No Variations]"
Add component (AddParameter): Name = "Current Rating"; Value = "1A"; VariantName = "[No Variations]"
Add component (AddParameter): Name = "Manufacturer_Part_Number"; Value = "ERB-RE1R00V"; VariantName = "[No Variations]"
Add component (AddParameter): Name = "Mfr_Name"; Value = "Panasonic"; VariantName = "[No Variations]"
Add component (AddParameter): Name = "Package"; Value = "1206"; VariantName = "[No Variations]"
Add component (AddParameter): Name = "Response Time"; Value = "Fast Blow"; VariantName = "[No Variations]"
Add component (AddParameter): Name = "Supplier 1"; Value = "Digi-Key"; VariantName = "[No Variations]"
Add component (AddParameter): Name = "Supplier Part Number 1"; Value = "P15124CT-ND"; VariantName = "[No Variations]"
Add component (AddParameter): Name = "Voltage Rating"; Value = "32V"; VariantName = "[No Variations]"
Added Component: Designator=J?(FFC_0526100872)
Add component (AddParameter): Name = "Contact Plating"; Value = "Gold"; VariantName = "[No Variations]"
Add component (AddParameter): Name = "FFC Type"; Value = "ZIF Locking"; VariantName = "[No Variations]"
Add component (AddParameter): Name = "Made By"; Value = "Robert Pafford"; VariantName = "[No Variations]"
Add component (AddParameter): Name = "Max Current"; Value = "1A"; VariantName = "[No Variations]"
Add component (AddParameter): Name = "Orientation"; Value = "Vertical"; VariantName = "[No Variations]"
Add component (AddParameter): Name = "Pin Count"; Value = "8"; VariantName = "[No Variations]"
Add component (AddParameter): Name = "Supplier 1"; Value = "Digi-Key"; VariantName = "[No Variations]"
Add component (AddParameter): Name = "Supplier Part Number 1"; Value = "WM6761CT-ND"; VariantName = "[No Variations]"
Added Component: Designator=SB?(RESISTOR_0603)
Add component (AddParameter): Name = "ComponentLink1Description"; Value = "Digikey"; VariantName = "[No Variations]"
Add component (AddParameter): Name = "ComponentLink1URL"; Value = "https://www.digikey.com/en/products/detail/koa-speer-electronics-inc/RK73B1JTTD101J/9844701"; VariantName = "[No Variations]"
Add component (AddParameter): Name = "Made By"; Value = "Robert Pafford"; VariantName = "[No Variations]"
Add component (AddParameter): Name = "Value  (Ohms)"; Value = "0"; VariantName = "[No Variations]"
Add component (AddParameter): Name = "Verified By"; Value = ""; VariantName = "[No Variations]"
Added Component: Designator=SB?(RESISTOR_0603)
Add component (AddParameter): Name = "ComponentLink1Description"; Value = "Digikey"; VariantName = "[No Variations]"
Add component (AddParameter): Name = "ComponentLink1URL"; Value = "https://www.digikey.com/en/products/detail/koa-speer-electronics-inc/RK73B1JTTD101J/9844701"; VariantName = "[No Variations]"
Add component (AddParameter): Name = "Made By"; Value = "Robert Pafford"; VariantName = "[No Variations]"
Add component (AddParameter): Name = "Value  (Ohms)"; Value = "0"; VariantName = "[No Variations]"
Add component (AddParameter): Name = "Verified By"; Value = ""; VariantName = "[No Variations]"
Added Component: Designator=SB?(RESISTOR_0603)
Add component (AddParameter): Name = "ComponentLink1Description"; Value = "Digikey"; VariantName = "[No Variations]"
Add component (AddParameter): Name = "ComponentLink1URL"; Value = "https://www.digikey.com/en/products/detail/koa-speer-electronics-inc/RK73B1JTTD101J/9844701"; VariantName = "[No Variations]"
Add component (AddParameter): Name = "Made By"; Value = "Robert Pafford"; VariantName = "[No Variations]"
Add component (AddParameter): Name = "Value  (Ohms)"; Value = "0"; VariantName = "[No Variations]"
Add component (AddParameter): Name = "Verified By"; Value = ""; VariantName = "[No Variations]"
Added Pin To Net: NetName=Pack_in+ Pin=F?-1
Added Pin To Net: NetName=Pack+ Pin=F?-2
Added Pin To Net: NetName=VSS Pin=J7-2
Added Pin To Net: NetName=VSS Pin=J7-S1
Added Pin To Net: NetName=VSS Pin=J7-S2
Added Pin To Net: NetName=VSS Pin=J8-2
Added Pin To Net: NetName=VSS Pin=J8-S1
Added Pin To Net: NetName=VSS Pin=J8-S2
Added Pin To Net: NetName=BAT- Pin=J?-A1
Added Pin To Net: NetName=CAN_H Pin=J?-A4
Added Pin To Net: NetName=CAN_L Pin=J?-A5
Added Pin To Net: NetName=RP2040_SDA Pin=J?-A6
Added Pin To Net: NetName=RP2040_SCL Pin=J?-A7
Added Pin To Net: NetName=Wake Pin=J?-A8
Added Pin To Net: NetName=BAT- Pin=J?-B1
Added Pin To Net: NetName=CAN_H Pin=J?-B4
Added Pin To Net: NetName=CAN_L Pin=J?-B5
Added Pin To Net: NetName=RP2040_SDA Pin=J?-B6
Added Pin To Net: NetName=RP2040_SCL Pin=J?-B7
Added Pin To Net: NetName=Wake Pin=J?-B8
Added Pin To Net: NetName=NetJ7_1 Pin=R16-2
Added Pin To Net: NetName=VSS Pin=R18-2
Added Pin To Net: NetName=VSS Pin=R19-2
Added Pin To Net: NetName=BAT- Pin=SB?-1
Added Pin To Net: NetName=Pack_in+ Pin=SB?-1
Added Pin To Net: NetName=NetJ6_1 Pin=SB?-2
Added Pin To Net: NetName=BAT+ Pin=F?-2
Added Pin To Net: NetName=BAT+ Pin=J?-A2
Added Pin To Net: NetName=BAT+ Pin=J?-B2
Added Net: Name=BAT+
Added Pin To Net: NetName=NetF?_1 Pin=F?-1
Added Pin To Net: NetName=NetF?_1 Pin=J?-A3
Added Pin To Net: NetName=NetF?_1 Pin=J?-B3
Added Net: Name=NetF?_1
Added Pin To Net: NetName=NetJ6_6 Pin=J6-6
Added Pin To Net: NetName=NetJ6_6 Pin=SB?-2
Added Net: Name=NetJ6_6
Added Pin To Net: NetName=NetR4_2 Pin=R4-2
Added Pin To Net: NetName=NetR4_2 Pin=SB?-1
Added Pin To Net: NetName=NetR4_2 Pin=SB?-2
Added Net: Name=NetR4_2
Added Member To Class: ClassName=SBH_BMS Member=Component F? Fuse 1A 32V 0603
Added Member To Class: ClassName=SBH_BMS Member=Component F? Fuse 1A 32V 0603
Added Member To Class: ClassName=SBH_BMS Member=Component J? FFC 1MM VERT
Added Member To Class: ClassName=SBH_BMS Member=Component SB? 0 Ohm Jumper No Fit
Added Member To Class: ClassName=SBH_BMS Member=Component SB? 0 Ohm Jumper No Fit
Added Member To Class: ClassName=SBH_BMS Member=Component SB? 0 Ohm Jumper No Fit
Added Room: Name=SBH_BMS
