Change Component Designator: OldDesignator=C? NewDesignator=C1
Change Component Designator: OldDesignator=C? NewDesignator=C2
Change Component Designator: OldDesignator=C? NewDesignator=C3
Change Component Designator: OldDesignator=C? NewDesignator=C4
Change Component Designator: OldDesignator=C? NewDesignator=C5
Change Component Designator: OldDesignator=C? NewDesignator=C6
Change Component Designator: OldDesignator=C? NewDesignator=C7
Change Component Designator: OldDesignator=C? NewDesignator=C8
Change Component Designator: OldDesignator=D? NewDesignator=D1
Change Component Designator: OldDesignator=D? NewDesignator=D2
Change Component Designator: OldDesignator=D? NewDesignator=D3
Change Component Designator: OldDesignator=F? NewDesignator=F1
Change Component Designator: OldDesignator=J? NewDesignator=J1
Change Component Designator: OldDesignator=J? NewDesignator=J2
Change Component Designator: OldDesignator=J? NewDesignator=J3
Change Component Designator: OldDesignator=J? NewDesignator=J4
Change Component Designator: OldDesignator=J? NewDesignator=J5
Change Component Designator: OldDesignator=J? NewDesignator=J6
Change Component Designator: OldDesignator=J? NewDesignator=J7
Change Component Designator: OldDesignator=J? NewDesignator=J8
Change Component Designator: OldDesignator=J? NewDesignator=J9
Change Component Designator: OldDesignator=Q? NewDesignator=Q1
Change Component Designator: OldDesignator=Q? NewDesignator=Q2
Change Component Designator: OldDesignator=Q? NewDesignator=Q3
Change Component Designator: OldDesignator=Q? NewDesignator=Q4
Change Component Designator: OldDesignator=R? NewDesignator=R1
Change Component Designator: OldDesignator=R? NewDesignator=R2
Change Component Designator: OldDesignator=R? NewDesignator=R3
Change Component Designator: OldDesignator=R? NewDesignator=R4
Change Component Designator: OldDesignator=R? NewDesignator=R5
Change Component Designator: OldDesignator=R? NewDesignator=R6
Change Component Designator: OldDesignator=R? NewDesignator=R7
Change Component Designator: OldDesignator=R? NewDesignator=R8
Change Component Designator: OldDesignator=R? NewDesignator=R9
Change Component Designator: OldDesignator=R? NewDesignator=R10
Change Component Designator: OldDesignator=R? NewDesignator=R11
Change Component Designator: OldDesignator=R? NewDesignator=R12
Change Component Designator: OldDesignator=R? NewDesignator=R13
Change Component Designator: OldDesignator=R? NewDesignator=R14
Change Component Designator: OldDesignator=R? NewDesignator=R15
Change Component Designator: OldDesignator=R? NewDesignator=R16
Change Component Designator: OldDesignator=R? NewDesignator=R17
Change Component Designator: OldDesignator=R? NewDesignator=R18
Change Component Designator: OldDesignator=R? NewDesignator=R19
Change Component Designator: OldDesignator=R? NewDesignator=R20
Change Component Designator: OldDesignator=R? NewDesignator=R21
Change Component Designator: OldDesignator=R? NewDesignator=R22
Change Component Designator: OldDesignator=R? NewDesignator=R23
Change Component Designator: OldDesignator=U? NewDesignator=U1
Change Component Designator: OldDesignator=U? NewDesignator=U2
Change Net Name : Old Net Name=NetC?_1 New Net Name=NetC3_2
Change Net Name : Old Net Name=NetC?_2 New Net Name=NetC1_2
Change Net Name : Old Net Name=NetD?_2 New Net Name=NetD1_2
Change Net Name : Old Net Name=NetF?_3 New Net Name=NetF1_3
Change Net Name : Old Net Name=NetJ?_1 New Net Name=NetJ6_1
Change Net Name : Old Net Name=NetJ?_2 New Net Name=NetJ7_2
Change Net Name : Old Net Name=NetJ?_3 New Net Name=NetJ6_3
Change Net Name : Old Net Name=NetJ?_4 New Net Name=NetJ6_4
Change Net Name : Old Net Name=NetJ?_5 New Net Name=NetJ6_5
Change Net Name : Old Net Name=NetQ?_1 New Net Name=NetQ4_1
Change Net Name : Old Net Name=NetQ?_2 New Net Name=NetQ4_2
Change Net Name : Old Net Name=NetQ?_3 New Net Name=NetQ1_3
Change Net Name : Old Net Name=NetR?_1 New Net Name=NetR13_1
Change Net Name : Old Net Name=NetR?_2 New Net Name=NetR7_2
Change Net Name : Old Net Name=Pack_in- New Net Name=BAT-
Added Pin To Net: NetName=NetC1_1 Pin=C1-1
Added Pin To Net: NetName=NetC1_1 Pin=C2-2
Added Net: Name=NetC1_1
Added Pin To Net: NetName=NetC3_1 Pin=C3-1
Added Pin To Net: NetName=NetC3_1 Pin=R4-1
Added Pin To Net: NetName=NetC3_1 Pin=U2-1
Added Pin To Net: NetName=NetC3_1 Pin=U2-32
Added Net: Name=NetC3_1
Added Pin To Net: NetName=NetC4_2 Pin=C4-2
Added Pin To Net: NetName=NetC4_2 Pin=C5-1
Added Pin To Net: NetName=NetC4_2 Pin=R11-1
Added Pin To Net: NetName=NetC4_2 Pin=U2-3
Added Net: Name=NetC4_2
Added Pin To Net: NetName=NetC5_2 Pin=C5-2
Added Pin To Net: NetName=NetC5_2 Pin=C6-1
Added Pin To Net: NetName=NetC5_2 Pin=R12-1
Added Pin To Net: NetName=NetC5_2 Pin=U2-4
Added Net: Name=NetC5_2
Added Pin To Net: NetName=NetC6_2 Pin=C6-2
Added Pin To Net: NetName=NetC6_2 Pin=C7-1
Added Pin To Net: NetName=NetC6_2 Pin=R15-1
Added Pin To Net: NetName=NetC6_2 Pin=U2-5
Added Net: Name=NetC6_2
Added Pin To Net: NetName=NetC8_2 Pin=C8-2
Added Pin To Net: NetName=NetC8_2 Pin=U2-31
Added Net: Name=NetC8_2
Added Pin To Net: NetName=NetD2_2 Pin=D2-2
Added Pin To Net: NetName=NetD2_2 Pin=Q2-1
Added Pin To Net: NetName=NetD2_2 Pin=R3-2
Added Pin To Net: NetName=NetD2_2 Pin=R7-1
Added Net: Name=NetD2_2
Added Pin To Net: NetName=NetD3_2 Pin=D3-2
Added Pin To Net: NetName=NetD3_2 Pin=R13-2
Added Net: Name=NetD3_2
Added Pin To Net: NetName=NetJ6_2 Pin=J6-2
Added Pin To Net: NetName=NetJ6_2 Pin=R10-2
Added Net: Name=NetJ6_2
Added Pin To Net: NetName=NetJ7_1 Pin=J7-1
Added Pin To Net: NetName=NetJ7_1 Pin=J8-1
Added Pin To Net: NetName=NetJ7_1 Pin=R18-2
Added Pin To Net: NetName=NetJ7_1 Pin=R19-2
Added Net: Name=NetJ7_1
Added Pin To Net: NetName=NetJ9_1 Pin=J9-1
Added Pin To Net: NetName=NetJ9_1 Pin=U2-10
Added Net: Name=NetJ9_1
Added Pin To Net: NetName=NetQ3_1 Pin=Q3-1
Added Pin To Net: NetName=NetQ3_1 Pin=R9-2
Added Net: Name=NetQ3_1
Added Pin To Net: NetName=NetR5_2 Pin=R5-2
Added Pin To Net: NetName=NetR5_2 Pin=U2-29
Added Net: Name=NetR5_2
Added Pin To Net: NetName=NetR6_2 Pin=R6-2
Added Pin To Net: NetName=NetR6_2 Pin=U2-24
Added Net: Name=NetR6_2
Added Pin To Net: NetName=NetR8_2 Pin=R8-2
Added Pin To Net: NetName=NetR8_2 Pin=U2-25
Added Net: Name=NetR8_2
Added Pin To Net: NetName=NetR9_1 Pin=R9-1
Added Pin To Net: NetName=NetR9_1 Pin=U2-23
Added Net: Name=NetR9_1
Added Pin To Net: NetName=NetR21_1 Pin=R21-1
Added Pin To Net: NetName=NetR21_1 Pin=U2-20
Added Net: Name=NetR21_1
Added Pin To Net: NetName=NetR22_1 Pin=R22-1
Added Pin To Net: NetName=NetR22_1 Pin=U2-21
Added Net: Name=NetR22_1
Added Pin To Net: NetName=NetR23_1 Pin=R23-1
Added Pin To Net: NetName=NetR23_1 Pin=U2-22
Added Net: Name=NetR23_1
Added Member To Class: ClassName=SBH_BMS Member=Component C1 100nF Ceramic 25V
Added Member To Class: ClassName=SBH_BMS Member=Component C2 100nF Ceramic 25V
Added Member To Class: ClassName=SBH_BMS Member=Component C3 100nF Ceramic 25V
Added Member To Class: ClassName=SBH_BMS Member=Component C4 100nF Ceramic 25V
Added Member To Class: ClassName=SBH_BMS Member=Component C6 100nF Ceramic 25V
Added Member To Class: ClassName=SBH_BMS Member=Component C7 100nF Ceramic 25V
Added Member To Class: ClassName=SBH_BMS Member=Component C8 2.2uF Ceramic 35V
Added Member To Class: ClassName=SBH_BMS Member=Component D1 Zener_Diode_16V_500mW
Added Member To Class: ClassName=SBH_BMS Member=Component D3 MBR0520LT3G
Added Member To Class: ClassName=SBH_BMS Member=Component J1 Mini-Fit Jr R/A
Added Member To Class: ClassName=SBH_BMS Member=Component J2 Redcube M4 Term 85A
Added Member To Class: ClassName=SBH_BMS Member=Component J3 Redcube M4 Term 85A
Added Member To Class: ClassName=SBH_BMS Member=Component J4 Redcube M4 Term 85A
Added Member To Class: ClassName=SBH_BMS Member=Component J6 XH2.54 VERT
Added Member To Class: ClassName=SBH_BMS Member=Component J7 XH2.54 VERT
Added Member To Class: ClassName=SBH_BMS Member=Component J8 XH2.54 VERT
Added Member To Class: ClassName=SBH_BMS Member=Component J9 XH2.54 VERT
Added Member To Class: ClassName=SBH_BMS Member=Component Q2 MOSFET N-Ch 80V 100A D2PAK
Added Member To Class: ClassName=SBH_BMS Member=Component Q3 MOSFET N-CH 30V 5.8A SOT-23-3
Added Member To Class: ClassName=SBH_BMS Member=Component Q4 PNP 60V 600mA SOT23
Added Member To Class: ClassName=SBH_BMS Member=Component R1 1M
Added Member To Class: ClassName=SBH_BMS Member=Component R2 1M
Added Member To Class: ClassName=SBH_BMS Member=Component R3 1M
Added Member To Class: ClassName=SBH_BMS Member=Component R4 100 Ohm 5% 1/16W
Added Member To Class: ClassName=SBH_BMS Member=Component R5 1k Ohm 1% 1/16W
Added Member To Class: ClassName=SBH_BMS Member=Component R6 100 Ohm 5% 1/16W
Added Member To Class: ClassName=SBH_BMS Member=Component R7 1k Ohm 1% 1/16W
Added Member To Class: ClassName=SBH_BMS Member=Component R8 10k Ohm 1% 1/16W
Added Member To Class: ClassName=SBH_BMS Member=Component R10 100 Ohm 5% 1/16W
Added Member To Class: ClassName=SBH_BMS Member=Component R11 100 Ohm 5% 1/16W
Added Member To Class: ClassName=SBH_BMS Member=Component R12 100 Ohm 5% 1/16W
Added Member To Class: ClassName=SBH_BMS Member=Component R13 100 Ohm 5% 1/16W
Added Member To Class: ClassName=SBH_BMS Member=Component R14 20k Ohm 1% 1/16W
Added Member To Class: ClassName=SBH_BMS Member=Component R15 100 Ohm 5% 1/16W
Added Member To Class: ClassName=SBH_BMS Member=Component R16 1k Ohm 1% 1/16W
Added Member To Class: ClassName=SBH_BMS Member=Component R17 20k Ohm 1% 1/16W
Added Member To Class: ClassName=SBH_BMS Member=Component R18 1k Ohm 1% 1/16W
Added Member To Class: ClassName=SBH_BMS Member=Component R19 1k Ohm 1% 1/16W
Added Member To Class: ClassName=SBH_BMS Member=Component R20 1.2k Ohm 5% 1/8W
Added Member To Class: ClassName=SBH_BMS Member=Component R21 20k Ohm 1% 1/16W
Added Member To Class: ClassName=SBH_BMS Member=Component R22 20k Ohm 1% 1/16W
Added Member To Class: ClassName=SBH_BMS Member=Component R23 20k Ohm 1% 1/16W
Added Member To Class: ClassName=SBH_BMS Member=Component U2 Battery Managment IC
