Added Component: Designator=C1_RP2CAN(CAPACITOR_0603)
Add component (AddParameter): Name = "ComponentLink1Description"; Value = "Datsheet"; VariantName = "[No Variations]"
Add component (AddParameter): Name = "ComponentLink1URL"; Value = "https://www.mouser.com/datasheet/2/212/KEM_C1002_X7R_SMD-1102033.pdf"; VariantName = "[No Variations]"
Add component (AddParameter): Name = "Made By"; Value = "Flip B"; VariantName = "[No Variations]"
Add component (AddParameter): Name = "Supplier 1"; Value = "Digi-Key"; VariantName = "[No Variations]"
Add component (AddParameter): Name = "Supplier Part Number 1"; Value = "399-15351-1-ND"; VariantName = "[No Variations]"
Add component (AddParameter): Name = "Tolerance"; Value = "+/- 10%"; VariantName = "[No Variations]"
Add component (AddParameter): Name = "Value"; Value = "0.1uF"; VariantName = "[No Variations]"
Add component (AddParameter): Name = "Verified By"; Value = ""; VariantName = "[No Variations]"
Add component (AddParameter): Name = "Voltage"; Value = "6.3V"; VariantName = "[No Variations]"
Added Component: Designator=C2_RP2CAN(CAPACITOR_0603)
Add component (AddParameter): Name = "ComponentLink1Description"; Value = "Datsheet"; VariantName = "[No Variations]"
Add component (AddParameter): Name = "ComponentLink1URL"; Value = "https://www.mouser.com/datasheet/2/212/KEM_C1002_X7R_SMD-1102033.pdf"; VariantName = "[No Variations]"
Add component (AddParameter): Name = "Made By"; Value = "Flip B"; VariantName = "[No Variations]"
Add component (AddParameter): Name = "Supplier 1"; Value = "Digi-Key"; VariantName = "[No Variations]"
Add component (AddParameter): Name = "Supplier Part Number 1"; Value = "399-15351-1-ND"; VariantName = "[No Variations]"
Add component (AddParameter): Name = "Tolerance"; Value = "+/- 10%"; VariantName = "[No Variations]"
Add component (AddParameter): Name = "Value"; Value = "0.1uF"; VariantName = "[No Variations]"
Add component (AddParameter): Name = "Verified By"; Value = ""; VariantName = "[No Variations]"
Add component (AddParameter): Name = "Voltage"; Value = "6.3V"; VariantName = "[No Variations]"
Added Component: Designator=C3_RP2CAN(CAPACITOR_0402)
Add component (AddParameter): Name = "Made By"; Value = "Robert Pafford"; VariantName = "[No Variations]"
Add component (AddParameter): Name = "Supplier 1"; Value = "Digi-Key"; VariantName = "[No Variations]"
Add component (AddParameter): Name = "Supplier Part Number 1"; Value = "478-6195-1-ND"; VariantName = "[No Variations]"
Add component (AddParameter): Name = "Tolerance"; Value = "+/- 10%"; VariantName = "[No Variations]"
Add component (AddParameter): Name = "Value"; Value = "4.7nF"; VariantName = "[No Variations]"
Add component (AddParameter): Name = "Verified By"; Value = ""; VariantName = "[No Variations]"
Add component (AddParameter): Name = "Voltage"; Value = "25V"; VariantName = "[No Variations]"
Added Component: Designator=D1_RP2CAN(LED_0606_4SMD)
Add component (AddParameter): Name = "Blue Forward Current"; Value = "5mA"; VariantName = "[No Variations]"
Add component (AddParameter): Name = "Blue Forward Voltage"; Value = "2.8V"; VariantName = "[No Variations]"
Add component (AddParameter): Name = "Color"; Value = "RGB"; VariantName = "[No Variations]"
Add component (AddParameter): Name = "ComponentLink1Description"; Value = "Datasheet"; VariantName = "[No Variations]"
Add component (AddParameter): Name = "ComponentLink1URL"; Value = "https://everlightamericas.com/index.php?controller=attachment&id_attachment=3220"; VariantName = "[No Variations]"
Add component (AddParameter): Name = "Green Forward Current"; Value = "5mA"; VariantName = "[No Variations]"
Add component (AddParameter): Name = "Green Forward Voltage"; Value = "2.8V"; VariantName = "[No Variations]"
Add component (AddParameter): Name = "Made By"; Value = "Robert Pafford"; VariantName = "[No Variations]"
Add component (AddParameter): Name = "Package"; Value = "4-SMD"; VariantName = "[No Variations]"
Add component (AddParameter): Name = "Red Forward Current"; Value = "5mA"; VariantName = "[No Variations]"
Add component (AddParameter): Name = "Red Forward Voltage"; Value = "1.8V"; VariantName = "[No Variations]"
Add component (AddParameter): Name = "Supplier 1"; Value = "Digi-Key"; VariantName = "[No Variations]"
Add component (AddParameter): Name = "Supplier Part Number 1"; Value = "1080-1552-1-ND"; VariantName = "[No Variations]"
Add component (AddParameter): Name = "Verified By"; Value = ""; VariantName = "[No Variations]"
Added Component: Designator=R1_RP2CAN(RESISTOR_0402)
Add component (AddParameter): Name = "Digikey Part Numer"; Value = "CR0603-JW-104ELFTR-ND"; VariantName = "[No Variations]"
Add component (AddParameter): Name = "Made By"; Value = "Robert Pafford"; VariantName = "[No Variations]"
Add component (AddParameter): Name = "Supplier"; Value = "Digikey"; VariantName = "[No Variations]"
Add component (AddParameter): Name = "Supplier 1"; Value = "Digi-Key"; VariantName = "[No Variations]"
Add component (AddParameter): Name = "Supplier Part Number 1"; Value = "YAG3436CT-ND"; VariantName = "[No Variations]"
Add component (AddParameter): Name = "Tolerance"; Value = "+/- 1%"; VariantName = "[No Variations]"
Add component (AddParameter): Name = "Value  (Ohms)"; Value = "10K"; VariantName = "[No Variations]"
Add component (AddParameter): Name = "Verified By"; Value = ""; VariantName = "[No Variations]"
Add component (AddParameter): Name = "Wattage"; Value = "1/16W"; VariantName = "[No Variations]"
Added Component: Designator=R2_RP2CAN(RESISTOR_0402)
Add component (AddParameter): Name = "Digikey Part Numer"; Value = "CR0603-JW-104ELFTR-ND"; VariantName = "[No Variations]"
Add component (AddParameter): Name = "Made By"; Value = "Robert Pafford"; VariantName = "[No Variations]"
Add component (AddParameter): Name = "Supplier"; Value = "Digikey"; VariantName = "[No Variations]"
Add component (AddParameter): Name = "Supplier 1"; Value = "Digi-Key"; VariantName = "[No Variations]"
Add component (AddParameter): Name = "Supplier Part Number 1"; Value = "YAG3436CT-ND"; VariantName = "[No Variations]"
Add component (AddParameter): Name = "Tolerance"; Value = "+/- 1%"; VariantName = "[No Variations]"
Add component (AddParameter): Name = "Value  (Ohms)"; Value = "10K"; VariantName = "[No Variations]"
Add component (AddParameter): Name = "Verified By"; Value = ""; VariantName = "[No Variations]"
Add component (AddParameter): Name = "Wattage"; Value = "1/16W"; VariantName = "[No Variations]"
Added Component: Designator=R3_RP2CAN(RESISTOR_0402)
Add component (AddParameter): Name = "Digikey Part Numer"; Value = "CR0603-JW-104ELFTR-ND"; VariantName = "[No Variations]"
Add component (AddParameter): Name = "Made By"; Value = "Robert Pafford"; VariantName = "[No Variations]"
Add component (AddParameter): Name = "Supplier"; Value = "Digikey"; VariantName = "[No Variations]"
Add component (AddParameter): Name = "Supplier 1"; Value = "Digi-Key"; VariantName = "[No Variations]"
Add component (AddParameter): Name = "Supplier Part Number 1"; Value = "13-AC0402FR-0760R4LCT-ND"; VariantName = "[No Variations]"
Add component (AddParameter): Name = "Tolerance"; Value = "+/- 1%"; VariantName = "[No Variations]"
Add component (AddParameter): Name = "Value  (Ohms)"; Value = "60.4"; VariantName = "[No Variations]"
Add component (AddParameter): Name = "Verified By"; Value = ""; VariantName = "[No Variations]"
Add component (AddParameter): Name = "Wattage"; Value = "1/16W"; VariantName = "[No Variations]"
Added Component: Designator=R4_RP2CAN(RESISTOR_0402)
Add component (AddParameter): Name = "Digikey Part Numer"; Value = "CR0603-JW-104ELFTR-ND"; VariantName = "[No Variations]"
Add component (AddParameter): Name = "Made By"; Value = "Robert Pafford"; VariantName = "[No Variations]"
Add component (AddParameter): Name = "Supplier"; Value = "Digikey"; VariantName = "[No Variations]"
Add component (AddParameter): Name = "Supplier 1"; Value = "Digi-Key"; VariantName = "[No Variations]"
Add component (AddParameter): Name = "Supplier Part Number 1"; Value = "13-AC0402FR-0760R4LCT-ND"; VariantName = "[No Variations]"
Add component (AddParameter): Name = "Tolerance"; Value = "+/- 1%"; VariantName = "[No Variations]"
Add component (AddParameter): Name = "Value  (Ohms)"; Value = "60.4"; VariantName = "[No Variations]"
Add component (AddParameter): Name = "Verified By"; Value = ""; VariantName = "[No Variations]"
Add component (AddParameter): Name = "Wattage"; Value = "1/16W"; VariantName = "[No Variations]"
Added Component: Designator=R5_RP2CAN(RESISTOR_0402)
Add component (AddParameter): Name = "Digikey Part Numer"; Value = "CR0603-JW-104ELFTR-ND"; VariantName = "[No Variations]"
Add component (AddParameter): Name = "Made By"; Value = "Robert Pafford"; VariantName = "[No Variations]"
Add component (AddParameter): Name = "Supplier"; Value = "Digikey"; VariantName = "[No Variations]"
Add component (AddParameter): Name = "Supplier 1"; Value = "Digi-Key"; VariantName = "[No Variations]"
Add component (AddParameter): Name = "Supplier Part Number 1"; Value = "13-AC0402FR-07604RLCT-ND"; VariantName = "[No Variations]"
Add component (AddParameter): Name = "Tolerance"; Value = "+/- 1%"; VariantName = "[No Variations]"
Add component (AddParameter): Name = "Value  (Ohms)"; Value = "604"; VariantName = "[No Variations]"
Add component (AddParameter): Name = "Verified By"; Value = ""; VariantName = "[No Variations]"
Add component (AddParameter): Name = "Wattage"; Value = "1/16W"; VariantName = "[No Variations]"
Added Component: Designator=R6_RP2CAN(RESISTOR_0402)
Add component (AddParameter): Name = "Digikey Part Numer"; Value = "CR0603-JW-104ELFTR-ND"; VariantName = "[No Variations]"
Add component (AddParameter): Name = "Made By"; Value = "Robert Pafford"; VariantName = "[No Variations]"
Add component (AddParameter): Name = "Supplier"; Value = "Digikey"; VariantName = "[No Variations]"
Add component (AddParameter): Name = "Supplier 1"; Value = "Digi-Key"; VariantName = "[No Variations]"
Add component (AddParameter): Name = "Supplier Part Number 1"; Value = "YAG3453CT-ND"; VariantName = "[No Variations]"
Add component (AddParameter): Name = "Tolerance"; Value = "+/- 1%"; VariantName = "[No Variations]"
Add component (AddParameter): Name = "Value  (Ohms)"; Value = "200"; VariantName = "[No Variations]"
Add component (AddParameter): Name = "Verified By"; Value = ""; VariantName = "[No Variations]"
Add component (AddParameter): Name = "Wattage"; Value = "1/16W"; VariantName = "[No Variations]"
Added Component: Designator=R7_RP2CAN(RESISTOR_0402)
Add component (AddParameter): Name = "Digikey Part Numer"; Value = "CR0603-JW-104ELFTR-ND"; VariantName = "[No Variations]"
Add component (AddParameter): Name = "Made By"; Value = "Robert Pafford"; VariantName = "[No Variations]"
Add component (AddParameter): Name = "Supplier"; Value = "Digikey"; VariantName = "[No Variations]"
Add component (AddParameter): Name = "Supplier 1"; Value = "Digi-Key"; VariantName = "[No Variations]"
Add component (AddParameter): Name = "Supplier Part Number 1"; Value = "YAG3453CT-ND"; VariantName = "[No Variations]"
Add component (AddParameter): Name = "Tolerance"; Value = "+/- 1%"; VariantName = "[No Variations]"
Add component (AddParameter): Name = "Value  (Ohms)"; Value = "200"; VariantName = "[No Variations]"
Add component (AddParameter): Name = "Verified By"; Value = ""; VariantName = "[No Variations]"
Add component (AddParameter): Name = "Wattage"; Value = "1/16W"; VariantName = "[No Variations]"
Added Component: Designator=SW1_RP2CAN(CAS-220TA)
Add component (AddParameter): Name = "Contact Finish"; Value = "Gold"; VariantName = "[No Variations]"
Add component (AddParameter): Name = "Current Rating"; Value = "100 mA"; VariantName = "[No Variations]"
Add component (AddParameter): Name = "Made By"; Value = "Robert Pafford"; VariantName = "[No Variations]"
Add component (AddParameter): Name = "Supplier 1"; Value = "Digi-Key"; VariantName = "[No Variations]"
Add component (AddParameter): Name = "Supplier Part Number 1"; Value = "CAS220JCT-ND"; VariantName = "[No Variations]"
Add component (AddParameter): Name = "Switch Function"; Value = "DPDT"; VariantName = "[No Variations]"
Add component (AddParameter): Name = "Voltage Rating"; Value = "6VDC"; VariantName = "[No Variations]"
Added Component: Designator=U1_RP2CAN(SOIC-8)
Add component (AddParameter): Name = "Made By"; Value = "Robert Pafford"; VariantName = "[No Variations]"
Add component (AddParameter): Name = "Max Data Rate"; Value = "5Mbps"; VariantName = "[No Variations]"
Add component (AddParameter): Name = "Supplier 1"; Value = "Mouser"; VariantName = "[No Variations]"
Add component (AddParameter): Name = "Supplier Part Number 1"; Value = "771-TJA1442AT/0Z"; VariantName = "[No Variations]"
Added Pin To Net: NetName=NetC3_RP2040_1 Pin=C1_RP2CAN-1
Added Pin To Net: NetName=NetC1_RP2040_2 Pin=C1_RP2CAN-2
Added Pin To Net: NetName=NetC1_RP2040_2 Pin=C2_RP2CAN-2
Added Pin To Net: NetName=NetC1_RP2040_2 Pin=C3_RP2CAN-1
Added Pin To Net: NetName=NetC1_RP2040_2 Pin=C3_RP2040-2
Added Pin To Net: NetName=NetC1_RP2040_2 Pin=C4_RP2040-2
Added Pin To Net: NetName=NetC3_RP2040_1 Pin=D1_RP2CAN-4
Added Pin To Net: NetName=NetC3_RP2040_1 Pin=R1_RP2CAN-1
Added Pin To Net: NetName=NetC1_RP2040_2 Pin=R2_RP2CAN-2
Added Pin To Net: NetName=NetC3_RP2040_1 Pin=R4_RP2040-1
Added Pin To Net: NetName=NetC1_RP2040_2 Pin=SW1_RP2CAN-6
Added Pin To Net: NetName=NetC1_RP2040_2 Pin=U1_RP2CAN-2
Added Pin To Net: NetName=NetC3_RP2040_1 Pin=U1_RP2CAN-5
Change Net Name : Old Net Name=NetC1_RP2040_2 New Net Name=GND_RP2CAN
Change Net Name : Old Net Name=NetC3_RP2040_1 New Net Name=3V3_RP2CAN
Added Pin To Net: NetName=CANH_RP2CAN Pin=SW1_RP2CAN-1
Added Pin To Net: NetName=CANH_RP2CAN Pin=U1_RP2CAN-7
Added Net: Name=CANH_RP2CAN
Added Pin To Net: NetName=CANL_RP2CAN Pin=SW1_RP2CAN-4
Added Pin To Net: NetName=CANL_RP2CAN Pin=U1_RP2CAN-6
Added Net: Name=CANL_RP2CAN
Added Pin To Net: NetName=LEDB_RP2CAN Pin=R7_RP2CAN-1
Added Pin To Net: NetName=LEDB_RP2CAN Pin=U1_RP2040-30
Added Net: Name=LEDB_RP2CAN
Added Pin To Net: NetName=LEDG_RP2CAN Pin=R6_RP2CAN-1
Added Pin To Net: NetName=LEDG_RP2CAN Pin=U1_RP2040-29
Added Net: Name=LEDG_RP2CAN
Added Pin To Net: NetName=LEDR_RP2CAN Pin=R5_RP2CAN-1
Added Pin To Net: NetName=LEDR_RP2CAN Pin=U1_RP2040-28
Added Net: Name=LEDR_RP2CAN
Added Pin To Net: NetName=NetC2_RP2CAN_1 Pin=C2_RP2CAN-1
Added Pin To Net: NetName=NetC2_RP2CAN_1 Pin=U1_RP2CAN-3
Added Net: Name=NetC2_RP2CAN_1
Added Pin To Net: NetName=NetC3_RP2CAN_2 Pin=C3_RP2CAN-2
Added Pin To Net: NetName=NetC3_RP2CAN_2 Pin=R3_RP2CAN-2
Added Pin To Net: NetName=NetC3_RP2CAN_2 Pin=R4_RP2CAN-2
Added Net: Name=NetC3_RP2CAN_2
Added Pin To Net: NetName=NetD1_RP2CAN_1 Pin=D1_RP2CAN-1
Added Pin To Net: NetName=NetD1_RP2CAN_1 Pin=R5_RP2CAN-2
Added Net: Name=NetD1_RP2CAN_1
Added Pin To Net: NetName=NetD1_RP2CAN_2 Pin=D1_RP2CAN-2
Added Pin To Net: NetName=NetD1_RP2CAN_2 Pin=R6_RP2CAN-2
Added Net: Name=NetD1_RP2CAN_2
Added Pin To Net: NetName=NetD1_RP2CAN_3 Pin=D1_RP2CAN-3
Added Pin To Net: NetName=NetD1_RP2CAN_3 Pin=R7_RP2CAN-2
Added Net: Name=NetD1_RP2CAN_3
Added Pin To Net: NetName=NetR2_RP2CAN_1 Pin=R2_RP2CAN-1
Added Pin To Net: NetName=NetR2_RP2CAN_1 Pin=U1_RP2CAN-8
Added Net: Name=NetR2_RP2CAN_1
Added Pin To Net: NetName=NetR3_RP2CAN_1 Pin=R3_RP2CAN-1
Added Pin To Net: NetName=NetR3_RP2CAN_1 Pin=SW1_RP2CAN-2
Added Net: Name=NetR3_RP2CAN_1
Added Pin To Net: NetName=NetR4_RP2CAN_1 Pin=R4_RP2CAN-1
Added Pin To Net: NetName=NetR4_RP2CAN_1 Pin=SW1_RP2CAN-5
Added Net: Name=NetR4_RP2CAN_1
Added Pin To Net: NetName=RXD_RP2CAN Pin=U1_RP2CAN-4
Added Pin To Net: NetName=RXD_RP2CAN Pin=U1_RP2040-31
Added Net: Name=RXD_RP2CAN
Added Pin To Net: NetName=TERM_DET_RP2CAN Pin=SW1_RP2CAN-3
Added Pin To Net: NetName=TERM_DET_RP2CAN Pin=U1_RP2040-18
Added Net: Name=TERM_DET_RP2CAN
Added Pin To Net: NetName=TXD_RP2CAN Pin=R1_RP2CAN-2
Added Pin To Net: NetName=TXD_RP2CAN Pin=U1_RP2CAN-1
Added Pin To Net: NetName=TXD_RP2CAN Pin=U1_RP2040-32
Added Net: Name=TXD_RP2CAN
Change Class Name : Old Net Name=U_RP2040 New Net Name=U_RP2040_RP2CAN
Added Class: Name=U_RP2040_with_CAN
Change Room Name: Old Name=U_RP2040 New Name=U_RP2040_with_CAN
Change Room Scope: Old Scope=InComponentClass('U_RP2040') New Scope=InComponentClass('U_RP2040_with_CAN')
Added Room: Name=U_RP2040_RP2CAN
