Change Component Designator: OldDesignator=C5R NewDesignator=C4R
Change Component Designator: OldDesignator=C6R NewDesignator=C5R
Change Component Designator: OldDesignator=C7R NewDesignator=C6R
Change Component Designator: OldDesignator=C8R NewDesignator=C7R
Change Component Designator: OldDesignator=C9R NewDesignator=C8R
Change Component Designator: OldDesignator=C10R NewDesignator=C9R
Change Component Designator: OldDesignator=C11R NewDesignator=C10R
Change Component Designator: OldDesignator=C12R NewDesignator=C11R
Change Component Designator: OldDesignator=C13R NewDesignator=C12R
Change Component Designator: OldDesignator=C14R NewDesignator=C13R
Added Component: Designator=C3R(CAPACITOR_0402)
Add component (AddParameter): Name = "Made By"; Value = "Robert Pafford"; VariantName = "[No Variations]"
Add component (AddParameter): Name = "Supplier 1"; Value = "Digi-Key"; VariantName = "[No Variations]"
Add component (AddParameter): Name = "Supplier Part Number 1"; Value = "478-7868-1-ND"; VariantName = "[No Variations]"
Add component (AddParameter): Name = "Tolerance"; Value = "+/- 10%"; VariantName = "[No Variations]"
Add component (AddParameter): Name = "Value"; Value = "0.1uF"; VariantName = "[No Variations]"
Add component (AddParameter): Name = "Verified By"; Value = ""; VariantName = "[No Variations]"
Add component (AddParameter): Name = "Voltage"; Value = "25V"; VariantName = "[No Variations]"
Added Pin To Net: NetName=3V3 Pin=C3R-1
Added Pin To Net: NetName=GND Pin=C3R-2
Added Member To Class: ClassName=U_RP2040_C Member=Component C3R 100nF Ceramic 6.3V
