Removed Pin From Net: NetName=GND Pin=C2-2
Removed Pin From Net: NetName=GND Pin=C3-2
Removed Pin From Net: NetName=GND Pin=C4-2
Removed Pin From Net: NetName=GND Pin=C5-2
Removed Pin From Net: NetName=GND Pin=C6-2
Removed Pin From Net: NetName=GND Pin=C7-2
Removed Pin From Net: NetName=GND Pin=C8-2
Removed Pin From Net: NetName=GND Pin=DS1-1
Removed Pin From Net: NetName=GND Pin=J1-7
Removed Pin From Net: NetName=GND Pin=J2-5
Removed Pin From Net: NetName=GND Pin=J2-6
Removed Pin From Net: NetName=GND Pin=J2-7
Removed Pin From Net: NetName=GND Pin=J2-8
Removed Pin From Net: NetName=GND Pin=J2-9
Removed Pin From Net: NetName=GND Pin=Q2-2
Removed Pin From Net: NetName=GND Pin=Q3-2
Removed Pin From Net: NetName=GND Pin=Q4-2
Removed Pin From Net: NetName=GND Pin=R1-1
Removed Pin From Net: NetName=GND Pin=R2-1
Removed Pin From Net: NetName=GND Pin=R3-1
Removed Pin From Net: NetName=GND Pin=R10-2
Removed Pin From Net: NetName=GND Pin=R11-2
Removed Pin From Net: NetName=GND Pin=R12-2
Removed Pin From Net: NetName=GND Pin=R13-2
Removed Pin From Net: NetName=GND Pin=R14-2
Removed Pin From Net: NetName=GND Pin=U1-4
Removed Pin From Net: NetName=GND Pin=U1-14
Removed Pin From Net: NetName=GND Pin=U1-15
Removed Pin From Net: NetName=GND Pin=U1-17
Removed Pin From Net: NetName=GND Pin=U2-2
Removed Pin From Net: NetName=GND Pin=U3-2
Removed Pin From Net: NetName=GND Pin=U3-7
Removed Pin From Net: NetName=GND Pin=U3-8
Removed Pin From Net: NetName=GND Pin=U3-9
Added Pin To Net: NetName=XIN_RP2040 Pin=C1R-1
Added Pin To Net: NetName=NetC2C_2 Pin=C2C-2
Added Pin To Net: NetName=NetC2R_1 Pin=C2R-1
Added Pin To Net: NetName=5V Pin=C4C-1
Added Pin To Net: NetName=GND Pin=C5-1
Added Pin To Net: NetName=GND Pin=C8-1
Added Pin To Net: NetName=1v1_RP2040 Pin=C11R-1
Added Pin To Net: NetName=1v1_RP2040 Pin=C12R-1
Added Pin To Net: NetName=1v1_RP2040 Pin=C13R-1
Added Pin To Net: NetName=NetD1C_1 Pin=D1C-1
Added Pin To Net: NetName=NetD1C_2 Pin=D1C-2
Added Pin To Net: NetName=NetD1C_3 Pin=D1C-3
Added Pin To Net: NetName=SWDIO_RP2040 Pin=J1R-1
Added Pin To Net: NetName=SWCLK_RP2040 Pin=J1R-3
Added Pin To Net: NetName=RUN_RP2040 Pin=J1R-4
Added Pin To Net: NetName=DBG_TX_RP2040 Pin=J1R-5
Added Pin To Net: NetName=GND Pin=L2-1
Added Pin To Net: NetName=TERM_DET_RP2CAN Pin=R1C-2
Added Pin To Net: NetName=XOUT_RP2040 Pin=R1R-1
Added Pin To Net: NetName=NetC2R_1 Pin=R1R-2
Added Pin To Net: NetName=NetR2C_1 Pin=R2C-1
Added Pin To Net: NetName=NetC2C_2 Pin=R2C-2
Added Pin To Net: NetName=USB_P Pin=R2R-1
Added Pin To Net: NetName=USB_RP2040_P Pin=R2R-2
Added Pin To Net: NetName=NetR3C_1 Pin=R3C-1
Added Pin To Net: NetName=NetC2C_2 Pin=R3C-2
Added Pin To Net: NetName=USB_N Pin=R3R-1
Added Pin To Net: NetName=USB_RP2040_N Pin=R3R-2
Added Pin To Net: NetName=nCS_RP2CAN Pin=R4C-2
Added Pin To Net: NetName=RUN_RP2040 Pin=R4R-2
Added Pin To Net: NetName=LEDR_RP2CAN Pin=R5C-1
Added Pin To Net: NetName=NetD1C_1 Pin=R5C-2
Added Pin To Net: NetName=QSPI_SS_RP2040 Pin=R5R-2
Added Pin To Net: NetName=GND Pin=R6-1
Added Pin To Net: NetName=NetR6C_1 Pin=R6C-1
Added Pin To Net: NetName=NetR6R_1 Pin=R6R-1
Added Pin To Net: NetName=RUN_RP2040 Pin=R6R-2
Added Pin To Net: NetName=GND Pin=R7-1
Added Pin To Net: NetName=LEDG_RP2CAN Pin=R7C-1
Added Pin To Net: NetName=NetD1C_2 Pin=R7C-2
Added Pin To Net: NetName=NetR7R_1 Pin=R7R-1
Added Pin To Net: NetName=QSPI_SS_RP2040 Pin=R7R-2
Added Pin To Net: NetName=GND Pin=R8-1
Added Pin To Net: NetName=LEDB_RP2CAN Pin=R8C-1
Added Pin To Net: NetName=NetD1C_3 Pin=R8C-2
Added Pin To Net: NetName=GND Pin=R9-1
Added Pin To Net: NetName=CANL Pin=SW1C-1
Added Pin To Net: NetName=NetR2C_1 Pin=SW1C-2
Added Pin To Net: NetName=TERM_DET_RP2CAN Pin=SW1C-3
Added Pin To Net: NetName=CANH Pin=SW1C-4
Added Pin To Net: NetName=NetR3C_1 Pin=SW1C-5
Added Pin To Net: NetName=NetR6R_1 Pin=SW1R-A2
Added Pin To Net: NetName=NetR7R_1 Pin=SW2R-A1
Added Pin To Net: NetName=CANTX_RP2CAN Pin=U1C-1
Added Pin To Net: NetName=CANRX_RP2CAN Pin=U1C-2
Added Pin To Net: NetName=INT_RP2CAN Pin=U1C-4
Added Pin To Net: NetName=CANCLK_RP2CAN Pin=U1C-6
Added Pin To Net: NetName=TERM_DET_RP2CAN Pin=U1C-9
Added Pin To Net: NetName=SCK_RP2CAN Pin=U1C-10
Added Pin To Net: NetName=MOSI_RP2CAN Pin=U1C-11
Added Pin To Net: NetName=MISO_RP2CAN Pin=U1C-12
Added Pin To Net: NetName=nCS_RP2CAN Pin=U1C-13
Added Pin To Net: NetName=PERIPH_SDA Pin=U1R-2
Added Pin To Net: NetName=PERIPH_SCL Pin=U1R-3
Added Pin To Net: NetName=LED_R Pin=U1R-4
Added Pin To Net: NetName=LED_Y Pin=U1R-5
Added Pin To Net: NetName=LED_G Pin=U1R-6
Added Pin To Net: NetName=BMS_WAKE Pin=U1R-7
Added Pin To Net: NetName=BMS_SDA Pin=U1R-8
Added Pin To Net: NetName=BMS_SCL Pin=U1R-9
Added Pin To Net: NetName=PWR_CTRL Pin=U1R-11
Added Pin To Net: NetName=SWITCH_SIGNAL Pin=U1R-12
Added Pin To Net: NetName=NetU1R_13 Pin=U1R-13
Added Pin To Net: NetName=NetU1R_14 Pin=U1R-14
Added Pin To Net: NetName=NetU1R_15 Pin=U1R-15
Added Pin To Net: NetName=LEDR_RP2CAN Pin=U1R-16
Added Pin To Net: NetName=LEDG_RP2CAN Pin=U1R-17
Added Pin To Net: NetName=LEDB_RP2CAN Pin=U1R-18
Added Pin To Net: NetName=XIN_RP2040 Pin=U1R-20
Added Pin To Net: NetName=XOUT_RP2040 Pin=U1R-21
Added Pin To Net: NetName=1v1_RP2040 Pin=U1R-23
Added Pin To Net: NetName=SWCLK_RP2040 Pin=U1R-24
Added Pin To Net: NetName=SWDIO_RP2040 Pin=U1R-25
Added Pin To Net: NetName=RUN_RP2040 Pin=U1R-26
Added Pin To Net: NetName=DBG_TX_RP2040 Pin=U1R-27
Added Pin To Net: NetName=nCS_RP2CAN Pin=U1R-28
Added Pin To Net: NetName=SCK_RP2CAN Pin=U1R-29
Added Pin To Net: NetName=MOSI_RP2CAN Pin=U1R-30
Added Pin To Net: NetName=MISO_RP2CAN Pin=U1R-31
Added Pin To Net: NetName=CANCLK_RP2CAN Pin=U1R-32
Added Pin To Net: NetName=INT_RP2CAN Pin=U1R-34
Added Pin To Net: NetName=NetU1R_35 Pin=U1R-35
Added Pin To Net: NetName=NetU1R_36 Pin=U1R-36
Added Pin To Net: NetName=NetU1R_37 Pin=U1R-37
Added Pin To Net: NetName=NetU1R_38 Pin=U1R-38
Added Pin To Net: NetName=NetU1R_39 Pin=U1R-39
Added Pin To Net: NetName=NetU1R_40 Pin=U1R-40
Added Pin To Net: NetName=NetU1R_41 Pin=U1R-41
Added Pin To Net: NetName=1v1_RP2040 Pin=U1R-45
Added Pin To Net: NetName=USB_RP2040_N Pin=U1R-46
Added Pin To Net: NetName=USB_RP2040_P Pin=U1R-47
Added Pin To Net: NetName=1v1_RP2040 Pin=U1R-50
Added Pin To Net: NetName=QSPI_SD3_RP2040 Pin=U1R-51
Added Pin To Net: NetName=QSPI_SCLK_RP2040 Pin=U1R-52
Added Pin To Net: NetName=QSPI_SD0_RP2040 Pin=U1R-53
Added Pin To Net: NetName=QSPI_SD2_RP2040 Pin=U1R-54
Added Pin To Net: NetName=QSPI_SD1_RP2040 Pin=U1R-55
Added Pin To Net: NetName=QSPI_SS_RP2040 Pin=U1R-56
Added Pin To Net: NetName=GND Pin=U2-4
Added Pin To Net: NetName=CANTX_RP2CAN Pin=U2C-1
Added Pin To Net: NetName=5V Pin=U2C-3
Added Pin To Net: NetName=CANRX_RP2CAN Pin=U2C-4
Added Pin To Net: NetName=CANL Pin=U2C-6
Added Pin To Net: NetName=CANH Pin=U2C-7
Added Pin To Net: NetName=NetR6C_1 Pin=U2C-8
Added Pin To Net: NetName=QSPI_SS_RP2040 Pin=U2R-1
Added Pin To Net: NetName=QSPI_SD1_RP2040 Pin=U2R-2
Added Pin To Net: NetName=QSPI_SD2_RP2040 Pin=U2R-3
Added Pin To Net: NetName=QSPI_SD0_RP2040 Pin=U2R-5
Added Pin To Net: NetName=QSPI_SCLK_RP2040 Pin=U2R-6
Added Pin To Net: NetName=QSPI_SD3_RP2040 Pin=U2R-7
Added Pin To Net: NetName=GND Pin=U3-5
Added Pin To Net: NetName=XIN_RP2040 Pin=Y1R-1
Added Pin To Net: NetName=NetC2R_1 Pin=Y1R-3
Change Net Name : Old Net Name=GND New Net Name=3V3
Added Pin To Net: NetName=GND Pin=C1C-2
Added Pin To Net: NetName=GND Pin=C1R-2
Added Pin To Net: NetName=GND Pin=C2-2
Added Pin To Net: NetName=GND Pin=C2C-1
Added Pin To Net: NetName=GND Pin=C2R-2
Added Pin To Net: NetName=GND Pin=C3-2
Added Pin To Net: NetName=GND Pin=C3C-2
Added Pin To Net: NetName=GND Pin=C3R-2
Added Pin To Net: NetName=GND Pin=C4-2
Added Pin To Net: NetName=GND Pin=C4C-2
Added Pin To Net: NetName=GND Pin=C4R-2
Added Pin To Net: NetName=GND Pin=C5-2
Added Pin To Net: NetName=GND Pin=C5C-2
Added Pin To Net: NetName=GND Pin=C5R-2
Added Pin To Net: NetName=GND Pin=C6-2
Added Pin To Net: NetName=GND Pin=C6R-2
Added Pin To Net: NetName=GND Pin=C7-2
Added Pin To Net: NetName=GND Pin=C7R-2
Added Pin To Net: NetName=GND Pin=C8-2
Added Pin To Net: NetName=GND Pin=C8R-2
Added Pin To Net: NetName=GND Pin=C9R-2
Added Pin To Net: NetName=GND Pin=C10R-2
Added Pin To Net: NetName=GND Pin=C11R-2
Added Pin To Net: NetName=GND Pin=C12R-2
Added Pin To Net: NetName=GND Pin=C13R-2
Added Pin To Net: NetName=GND Pin=DS1-1
Added Pin To Net: NetName=GND Pin=J1-7
Added Pin To Net: NetName=GND Pin=J1R-6
Added Pin To Net: NetName=GND Pin=J2-5
Added Pin To Net: NetName=GND Pin=J2-6
Added Pin To Net: NetName=GND Pin=J2-7
Added Pin To Net: NetName=GND Pin=J2-8
Added Pin To Net: NetName=GND Pin=J2-9
Added Pin To Net: NetName=GND Pin=Q2-2
Added Pin To Net: NetName=GND Pin=Q3-2
Added Pin To Net: NetName=GND Pin=Q4-2
Added Pin To Net: NetName=GND Pin=R1-1
Added Pin To Net: NetName=GND Pin=R2-1
Added Pin To Net: NetName=GND Pin=R3-1
Added Pin To Net: NetName=GND Pin=R6C-2
Added Pin To Net: NetName=GND Pin=R10-2
Added Pin To Net: NetName=GND Pin=R11-2
Added Pin To Net: NetName=GND Pin=R12-2
Added Pin To Net: NetName=GND Pin=R13-2
Added Pin To Net: NetName=GND Pin=R14-2
Added Pin To Net: NetName=GND Pin=SW1C-6
Added Pin To Net: NetName=GND Pin=SW1R-B1
Added Pin To Net: NetName=GND Pin=SW1R-B2
Added Pin To Net: NetName=GND Pin=SW2R-B1
Added Pin To Net: NetName=GND Pin=SW2R-B2
Added Pin To Net: NetName=GND Pin=U1-4
Added Pin To Net: NetName=GND Pin=U1-14
Added Pin To Net: NetName=GND Pin=U1-15
Added Pin To Net: NetName=GND Pin=U1-17
Added Pin To Net: NetName=GND Pin=U1C-7
Added Pin To Net: NetName=GND Pin=U1R-19
Added Pin To Net: NetName=GND Pin=U1R-57
Added Pin To Net: NetName=GND Pin=U2-2
Added Pin To Net: NetName=GND Pin=U2C-2
Added Pin To Net: NetName=GND Pin=U2R-4
Added Pin To Net: NetName=GND Pin=U3-2
Added Pin To Net: NetName=GND Pin=U3-7
Added Pin To Net: NetName=GND Pin=U3-8
Added Pin To Net: NetName=GND Pin=U3-9
Added Pin To Net: NetName=GND Pin=Y1R-2
Added Pin To Net: NetName=GND Pin=Y1R-4
Added Net: Name=GND
Added Member To Class: ClassName=U_RP2040_with_CAN Member=Component C1C 100nF Ceramic 25V
Added Member To Class: ClassName=U_RP2040_C Member=Component C1R 27pF Ceramic 50V
Added Member To Class: ClassName=U_RP2040_with_CAN Member=Component C2C 4700pF Ceramic 25V
Added Member To Class: ClassName=U_RP2040_C Member=Component C2R 27pF Ceramic 50V
Added Member To Class: ClassName=U_RP2040_with_CAN Member=Component C3C 100nF Ceramic 25V
Added Member To Class: ClassName=U_RP2040_C Member=Component C3R 100nF Ceramic 6.3V
Added Member To Class: ClassName=U_RP2040_with_CAN Member=Component C4C 100nF Ceramic 25V
Added Member To Class: ClassName=U_RP2040_C Member=Component C4R 1uF Ceramic 16V
Added Member To Class: ClassName=U_RP2040_with_CAN Member=Component C5C 1uF Ceramic 16V
Added Member To Class: ClassName=U_RP2040_C Member=Component C5R 100nF Ceramic 6.3V
Added Member To Class: ClassName=U_RP2040_C Member=Component C6R 100nF Ceramic 6.3V
Added Member To Class: ClassName=U_RP2040_C Member=Component C7R 100nF Ceramic 6.3V
Added Member To Class: ClassName=U_RP2040_C Member=Component C8R 100nF Ceramic 6.3V
Added Member To Class: ClassName=U_RP2040_C Member=Component C9R 100nF Ceramic 6.3V
Added Member To Class: ClassName=U_RP2040_C Member=Component C10R 100nF Ceramic 6.3V
Added Member To Class: ClassName=U_RP2040_C Member=Component C11R 1uF Ceramic 16V
Added Member To Class: ClassName=U_RP2040_C Member=Component C12R 100nF Ceramic 6.3V
Added Member To Class: ClassName=U_RP2040_C Member=Component C13R 100nF Ceramic 6.3V
Added Member To Class: ClassName=U_RP2040_with_CAN Member=Component D1C EAST1616RGBB4
Added Member To Class: ClassName=U_RP2040_C Member=Component J1R TagConnect SWD
Added Member To Class: ClassName=U_RP2040_with_CAN Member=Component R1C 10k Ohm 1% 1/16W
Added Member To Class: ClassName=U_RP2040_C Member=Component R1R 1k Ohm 1% 1/16W
Added Member To Class: ClassName=U_RP2040_with_CAN Member=Component R2C 60.4 Ohm 1% 1/16W
Added Member To Class: ClassName=U_RP2040_C Member=Component R2R 27 Ohm 1% 1/16W
Added Member To Class: ClassName=U_RP2040_with_CAN Member=Component R3C 60.4 Ohm 1% 1/16W
Added Member To Class: ClassName=U_RP2040_C Member=Component R3R 27 Ohm 1% 1/16W
Added Member To Class: ClassName=U_RP2040_with_CAN Member=Component R4C 10k Ohm 1% 1/16W
Added Member To Class: ClassName=U_RP2040_C Member=Component R4R 10k Ohm 1% 1/16W
Added Member To Class: ClassName=U_RP2040_with_CAN Member=Component R5C 604 Ohm 1% 1/16W
Added Member To Class: ClassName=U_RP2040_C Member=Component R5R 10k Ohm 1% 1/16W
Added Member To Class: ClassName=U_RP2040_with_CAN Member=Component R6C 10k Ohm 1% 1/16W
Added Member To Class: ClassName=U_RP2040_C Member=Component R6R 1k Ohm 1% 1/16W
Added Member To Class: ClassName=U_RP2040_with_CAN Member=Component R7C 200 Ohm 1% 1/16W
Added Member To Class: ClassName=U_RP2040_C Member=Component R7R 1k Ohm 1% 1/16W
Added Member To Class: ClassName=U_RP2040_with_CAN Member=Component R8C 200 Ohm 1% 1/16W
Added Member To Class: ClassName=U_RP2040_with_CAN Member=Component SW1C Switch DPDT
Added Member To Class: ClassName=U_RP2040_C Member=Component SW1R 434123025826
Added Member To Class: ClassName=U_RP2040_C Member=Component SW2R 434123025826
Added Member To Class: ClassName=U_RP2040_with_CAN Member=Component U1C MCP2517FD
Added Member To Class: ClassName=U_RP2040_C Member=Component U1R RP2040
Added Member To Class: ClassName=U_RP2040_with_CAN Member=Component U2C CAN Transceiver
Added Member To Class: ClassName=U_RP2040_C Member=Component U2R W25Q128JVSIQ
Added Member To Class: ClassName=U_RP2040_C Member=Component Y1R CRYSTAL 12.0000MHZ 18PF SMD
