Removed Pin From Net: NetName=3V3 Pin=C3R-1
Removed Pin From Net: NetName=GND Pin=C3R-2
Removed Pin From Net: NetName=3V3 Pin=C4R-1
Removed Pin From Net: NetName=GND Pin=C4R-2
Removed Member From Class: ClassName=U_RP2040_C Member=C3R
Added Component: Designator=C5C(CAPACITOR_0402)
Add component (AddParameter): Name = "Made By"; Value = "Robert Pafford"; VariantName = "[No Variations]"
Add component (AddParameter): Name = "Supplier 1"; Value = "Digi-Key"; VariantName = "[No Variations]"
Add component (AddParameter): Name = "Supplier Part Number 1"; Value = "478-0402YD105KAT4ADKR-ND"; VariantName = "[No Variations]"
Add component (AddParameter): Name = "Tolerance"; Value = "+/- 10%"; VariantName = "[No Variations]"
Add component (AddParameter): Name = "Value"; Value = "1uF"; VariantName = "[No Variations]"
Add component (AddParameter): Name = "Verified By"; Value = ""; VariantName = "[No Variations]"
Add component (AddParameter): Name = "Voltage"; Value = "16V"; VariantName = "[No Variations]"
Added Pin To Net: NetName=3V3 Pin=C5C-1
Added Pin To Net: NetName=GND Pin=C5C-2
Added Member To Class: ClassName=U_RP2040_with_CAN Member=Component C5C 1uF Ceramic 16V
Added Member To Class: ClassName=U_RP2040_C Member=Component U2R W25Q128JVSIQ
Added Room: Name=SBH_Microcontroller
Added Room: Name=U_RP2040_C
Added Room: Name=U_RP2040_with_CAN
