Replace Part C1 CAPACITOR_0.022uF_0402 in C:\Users\rjp5t\Documents\UWRT\electric_boogaloo\TempestBoards\MK2\Smart_Battery_Housing\SBH_Microcontroller.SchDoc with CAPACITOR_0.022uF_0402 from Capacitors.SchLib
Replace Part C2 CAPACITOR_4.7uF_0603 in C:\Users\rjp5t\Documents\UWRT\electric_boogaloo\TempestBoards\MK2\Smart_Battery_Housing\SBH_Microcontroller.SchDoc with CAPACITOR_4.7uF_0603 from Capacitors.SchLib
Replace Part C3 CAPACITOR_10uF_1206 in C:\Users\rjp5t\Documents\UWRT\electric_boogaloo\TempestBoards\MK2\Smart_Battery_Housing\SBH_Microcontroller.SchDoc with CAPACITOR_10uF_1206 from Capacitors.SchLib
Replace Part C4 CAPACITOR_10uF_0603 in C:\Users\rjp5t\Documents\UWRT\electric_boogaloo\TempestBoards\MK2\Smart_Battery_Housing\SBH_Microcontroller.SchDoc with CAPACITOR_10uF_0603 from Capacitors.SchLib
Replace Part C5 CAPACITOR_22uF_0805 in C:\Users\rjp5t\Documents\UWRT\electric_boogaloo\TempestBoards\MK2\Smart_Battery_Housing\SBH_Microcontroller.SchDoc with CAPACITOR_22uF_0805 from Capacitors.SchLib
Replace Part C6 CAPACITOR_22uF_0805 in C:\Users\rjp5t\Documents\UWRT\electric_boogaloo\TempestBoards\MK2\Smart_Battery_Housing\SBH_Microcontroller.SchDoc with CAPACITOR_22uF_0805 from Capacitors.SchLib
Replace Part C7 CAPACITOR_0.1uF_0402 in C:\Users\rjp5t\Documents\UWRT\electric_boogaloo\TempestBoards\MK2\Smart_Battery_Housing\SBH_Microcontroller.SchDoc with CAPACITOR_0.1uF_0402 from Capacitors.SchLib
Replace Part D1 LED_Red_0603 in C:\Users\rjp5t\Documents\UWRT\electric_boogaloo\TempestBoards\MK2\Smart_Battery_Housing\SBH_Microcontroller.SchDoc with LED_Red_0603 from Diodes.SchLib
Replace Part D2 LED_Yellow_0603 in C:\Users\rjp5t\Documents\UWRT\electric_boogaloo\TempestBoards\MK2\Smart_Battery_Housing\SBH_Microcontroller.SchDoc with LED_Yellow_0603 from Diodes.SchLib
Replace Part D3 LED_Green_0603_3.2V in C:\Users\rjp5t\Documents\UWRT\electric_boogaloo\TempestBoards\MK2\Smart_Battery_Housing\SBH_Microcontroller.SchDoc with LED_Green_0603_3.2V from Diodes.SchLib
Replace Part D4 LED_Green_0603_3.2V in C:\Users\rjp5t\Documents\UWRT\electric_boogaloo\TempestBoards\MK2\Smart_Battery_Housing\SBH_Microcontroller.SchDoc with LED_Green_0603_3.2V from Diodes.SchLib
Replace Part DS1 OLED_I2C_128x32 in C:\Users\rjp5t\Documents\UWRT\electric_boogaloo\TempestBoards\MK2\Smart_Battery_Housing\SBH_Microcontroller.SchDoc with OLED_I2C_128x32 from Modules.SchLib
Replace Part J1 CONN_MOLEX_MiliGrid_8POS_R/A in C:\Users\rjp5t\Documents\UWRT\electric_boogaloo\TempestBoards\MK2\Smart_Battery_Housing\SBH_Microcontroller.SchDoc with CONN_MOLEX_MiliGrid_8POS_R/A from Connectors.SchLib
Replace Part J2 CONN_MICROUSB in C:\Users\rjp5t\Documents\UWRT\electric_boogaloo\TempestBoards\MK2\Smart_Battery_Housing\SBH_Microcontroller.SchDoc with CONN_MICROUSB from Connectors.SchLib
Replace Part L1 INDUCTOR_4.7uH_SLF7045T in C:\Users\rjp5t\Documents\UWRT\electric_boogaloo\TempestBoards\MK2\Smart_Battery_Housing\SBH_Microcontroller.SchDoc with INDUCTOR_4.7uH_SLF7045T from Inductors.SchLib
Replace Part L2 INDUCTOR_1.5uH_NR3015 in C:\Users\rjp5t\Documents\UWRT\electric_boogaloo\TempestBoards\MK2\Smart_Battery_Housing\SBH_Microcontroller.SchDoc with INDUCTOR_1.5uH_NR3015 from Inductors.SchLib
Replace Part Q1 DMP3056L-7 in C:\Users\rjp5t\Documents\UWRT\electric_boogaloo\TempestBoards\MK2\Smart_Battery_Housing\SBH_Microcontroller.SchDoc with DMP3056L-7 from Transistors.SchLib
Replace Part Q2 AO3404A in C:\Users\rjp5t\Documents\UWRT\electric_boogaloo\TempestBoards\MK2\Smart_Battery_Housing\SBH_Microcontroller.SchDoc with AO3404A from Transistors.SchLib
Replace Part Q3 AO3404A in C:\Users\rjp5t\Documents\UWRT\electric_boogaloo\TempestBoards\MK2\Smart_Battery_Housing\SBH_Microcontroller.SchDoc with AO3404A from Transistors.SchLib
Replace Part Q4 AO3404A in C:\Users\rjp5t\Documents\UWRT\electric_boogaloo\TempestBoards\MK2\Smart_Battery_Housing\SBH_Microcontroller.SchDoc with AO3404A from Transistors.SchLib
Replace Part R1 RESISTOR_62_0603 in C:\Users\rjp5t\Documents\UWRT\electric_boogaloo\TempestBoards\MK2\Smart_Battery_Housing\SBH_Microcontroller.SchDoc with RESISTOR_62_0603 from Resistors.SchLib
Replace Part R2 RESISTOR_62_0603 in C:\Users\rjp5t\Documents\UWRT\electric_boogaloo\TempestBoards\MK2\Smart_Battery_Housing\SBH_Microcontroller.SchDoc with RESISTOR_62_0603 from Resistors.SchLib
Replace Part R3 RESISTOR_4.7_0603 in C:\Users\rjp5t\Documents\UWRT\electric_boogaloo\TempestBoards\MK2\Smart_Battery_Housing\SBH_Microcontroller.SchDoc with RESISTOR_4.7_0603 from Resistors.SchLib
Replace Part R4 RESISTOR_10K_0603 in C:\Users\rjp5t\Documents\UWRT\electric_boogaloo\TempestBoards\MK2\Smart_Battery_Housing\SBH_Microcontroller.SchDoc with RESISTOR_10K_0603 from Resistors.SchLib
Replace Part R5 RESISTOR_56K_0402 in C:\Users\rjp5t\Documents\UWRT\electric_boogaloo\TempestBoards\MK2\Smart_Battery_Housing\SBH_Microcontroller.SchDoc with RESISTOR_56K_0402 from Resistors.SchLib
Replace Part R6 RESISTOR_4.7K_0603 in C:\Users\rjp5t\Documents\UWRT\electric_boogaloo\TempestBoards\MK2\Smart_Battery_Housing\SBH_Microcontroller.SchDoc with RESISTOR_4.7K_0603 from Resistors.SchLib
Replace Part R7 RESISTOR_4.7K_0603 in C:\Users\rjp5t\Documents\UWRT\electric_boogaloo\TempestBoards\MK2\Smart_Battery_Housing\SBH_Microcontroller.SchDoc with RESISTOR_4.7K_0603 from Resistors.SchLib
Replace Part R8 RESISTOR_4.7K_0603 in C:\Users\rjp5t\Documents\UWRT\electric_boogaloo\TempestBoards\MK2\Smart_Battery_Housing\SBH_Microcontroller.SchDoc with RESISTOR_4.7K_0603 from Resistors.SchLib
Replace Part R9 RESISTOR_4.7K_0603 in C:\Users\rjp5t\Documents\UWRT\electric_boogaloo\TempestBoards\MK2\Smart_Battery_Housing\SBH_Microcontroller.SchDoc with RESISTOR_4.7K_0603 from Resistors.SchLib
Replace Part R10 RESISTOR_10K_0603 in C:\Users\rjp5t\Documents\UWRT\electric_boogaloo\TempestBoards\MK2\Smart_Battery_Housing\SBH_Microcontroller.SchDoc with RESISTOR_10K_0603 from Resistors.SchLib
Replace Part R11 RESISTOR_10K_0603 in C:\Users\rjp5t\Documents\UWRT\electric_boogaloo\TempestBoards\MK2\Smart_Battery_Housing\SBH_Microcontroller.SchDoc with RESISTOR_10K_0603 from Resistors.SchLib
Replace Part R12 RESISTOR_10K_0603 in C:\Users\rjp5t\Documents\UWRT\electric_boogaloo\TempestBoards\MK2\Smart_Battery_Housing\SBH_Microcontroller.SchDoc with RESISTOR_10K_0603 from Resistors.SchLib
Replace Part R13 RESISTOR_10K_0603 in C:\Users\rjp5t\Documents\UWRT\electric_boogaloo\TempestBoards\MK2\Smart_Battery_Housing\SBH_Microcontroller.SchDoc with RESISTOR_10K_0603 from Resistors.SchLib
Replace Part R14 RESISTOR_10K_0603 in C:\Users\rjp5t\Documents\UWRT\electric_boogaloo\TempestBoards\MK2\Smart_Battery_Housing\SBH_Microcontroller.SchDoc with RESISTOR_10K_0603 from Resistors.SchLib
Replace Part S1 Reed Switch in C:\Users\rjp5t\Documents\UWRT\electric_boogaloo\TempestBoards\MK2\Smart_Battery_Housing\SBH_Microcontroller.SchDoc with Reed Switch from Switches.SchLib
Replace Part U1 TS30041-M050QFNR in C:\Users\rjp5t\Documents\UWRT\electric_boogaloo\TempestBoards\MK2\Smart_Battery_Housing\SBH_Microcontroller.SchDoc with TS30041-M050QFNR from Integrated Circuits.SchLib
Replace Part U2 XC9236A33DMR-G in C:\Users\rjp5t\Documents\UWRT\electric_boogaloo\TempestBoards\MK2\Smart_Battery_Housing\SBH_Microcontroller.SchDoc with XC9236A33DMR-G from Integrated Circuits.SchLib
Replace Part U3 STS-31-DIS in C:\Users\rjp5t\Documents\UWRT\electric_boogaloo\TempestBoards\MK2\Smart_Battery_Housing\SBH_Microcontroller.SchDoc with STS-31-DIS from Integrated Circuits.SchLib
