Removed Pin From Net: NetName=NetD2_7 Pin=R6-1
Removed Pin From Net: NetName=NetD2_5 Pin=R7-1
Removed Pin From Net: NetName=Blue D1D2 Pin=R13-2
Change Component Footprint: Designator=R4 Old Footprint=RESC2512(6432)_L New Footprint=RESC3216X70X50NL05T20
Change Component Comment : Designator=R4 Old Comment=Jumper 2512(6432) New Comment=ERJ-8GEY0R00V
Change Managed Component Library Link : Designator=R4 Old VaultGUID=B7D15EC3-160A-466F-A46C-7801FE6295A7 New VaultGUID=B7D15EC3-160A-466F-A46C-7801FE6295A7 Old ItemGUID=AD6A4335-9401-49B2-A030-B635CEABD478 New ItemGUID=BA89E7CF-A345-4D65-8C6E-E1E846F657D6 Old RevisionGUID=4C9DE46B-C5A2-49C5-A105-D5CF2B7616DC New RevisionGUID=8414BA08-C193-431B-AE5E-6A9D6DC869D0
Change component parameters: Designator = "R4" ("R4"); Footprint = "RESC2512(6432)_L"; UniqueID = "\OYFHBRAO" ("\OYFHBRAO")
Change component parameters (AddParameter): Name = "Manufacturer"; Value = "Panasonic"; VariantName = "[No Variations]"
Change component parameters (AddParameter): Name = "Part Number"; Value = "ERJ-8GEY0R00V"; VariantName = "[No Variations]"
Added Component: Designator=R?(RESC3216X70X50NL05T20)
Add component (AddParameter): Name = "Manufacturer"; Value = "Panasonic"; VariantName = "[No Variations]"
Add component (AddParameter): Name = "Part Number"; Value = "ERJ-8GEY0R00V"; VariantName = "[No Variations]"
Added Pin To Net: NetName=NetD2_5 Pin=R13-1
Added Pin To Net: NetName=NetD2_7 Pin=R?-1
Added Pin To Net: NetName=NetR6_1 Pin=R6-1
Added Pin To Net: NetName=NetR6_1 Pin=R?-2
Added Net: Name=NetR6_1
Added Pin To Net: NetName=NetR7_1 Pin=R7-1
Added Pin To Net: NetName=NetR7_1 Pin=R13-2
Added Net: Name=NetR7_1
Added Member To Class: ClassName=LED_aluminum Member=Component R13 Jumper 2512(6432)
Added Member To Class: ClassName=LED_aluminum Member=Component R? ERJ-8GEY0R00V
Added Room: Name=LED_aluminum
