Removed Pin From Net: NetName=GND Pin=C24-2
Removed Pin From Net: NetName=GND Pin=C25-2
Removed Pin From Net: NetName=GND Pin=C26-2
Removed Pin From Net: NetName=GND Pin=C27-2
Removed Pin From Net: NetName=GND Pin=R21-2
Removed Pin From Net: NetName=GND Pin=R22-2
Removed Pin From Net: NetName=GND Pin=R23-2
Removed Pin From Net: NetName=GND Pin=U3-13
Change Component Description : Designator=D5 Old Description=Zener Diode New Description=Zener Diode | 3.3 V | 250 mW | SOT-23
Added Component: Designator=R?(RESISTOR_0402)
Add component (AddParameter): Name = "Made By"; Value = "Robert Pafford"; VariantName = "[No Variations]"
Add component (AddParameter): Name = "Supplier 1"; Value = "Digikey"; VariantName = "[No Variations]"
Add component (AddParameter): Name = "Supplier Part Number 1"; Value = "13-AC0402FR-070RLCT-ND"; VariantName = "[No Variations]"
Add component (AddParameter): Name = "Tolerance"; Value = "+/- 1%"; VariantName = "[No Variations]"
Add component (AddParameter): Name = "Value  (Ohms)"; Value = "0"; VariantName = "[No Variations]"
Add component (AddParameter): Name = "Verified By"; Value = ""; VariantName = "[No Variations]"
Add component (AddParameter): Name = "Wattage"; Value = "1/16W"; VariantName = "[No Variations]"
Added Pin To Net: NetName=GND Pin=R?-2
Change Net Name : Old Net Name=NetC21_1 New Net Name=3V3REG_SW
Change Net Name : Old Net Name=NetC26_1 New Net Name=3V3REG_VCC
Added Pin To Net: NetName=3V3REG_AGND Pin=C27-2
Added Pin To Net: NetName=3V3REG_AGND Pin=R21-2
Added Pin To Net: NetName=3V3REG_AGND Pin=R22-2
Added Pin To Net: NetName=3V3REG_AGND Pin=R23-2
Added Pin To Net: NetName=3V3REG_AGND Pin=R?-1
Added Pin To Net: NetName=3V3REG_AGND Pin=U3-13
Added Net: Name=3V3REG_AGND
Added Pin To Net: NetName=NetC24_2 Pin=C24-2
Added Pin To Net: NetName=NetC24_2 Pin=C25-2
Added Pin To Net: NetName=NetC24_2 Pin=C26-2
Added Net: Name=NetC24_2
Added Member To Class: ClassName=External_Camera_HAT_Regulators Member=Component L1 1.5uH Shielded
Added Member To Class: ClassName=External_Camera_HAT_Regulators Member=Component L2 1.5uH Shielded
Added Member To Class: ClassName=External_Camera_HAT_Regulators Member=Component R? 0 Ohm 1% 1/16W
