Added Component: Designator=J?(BACKPLANE_EDGE_CONN)
Added Component: Designator=U?(SOT-223-4)
Add component (AddParameter): Name = "Amp Out"; Value = "800mA"; VariantName = "[No Variations]"
Add component (AddParameter): Name = "Created By"; Value = "Dylan T"; VariantName = "[No Variations]"
Add component (AddParameter): Name = "Manufacturer"; Value = "Texas Instruments"; VariantName = "[No Variations]"
Add component (AddParameter): Name = "Package"; Value = "SOT-223-4"; VariantName = "[No Variations]"
Add component (AddParameter): Name = "PartNumber"; Value = "LM1117IMP-3.3/NOPB"; VariantName = "[No Variations]"
Add component (AddParameter): Name = "Supplier 1"; Value = "Digi-Key"; VariantName = "[No Variations]"
Add component (AddParameter): Name = "Supplier Part Number 1"; Value = "LM1117IMPX-3.3/NOPBCT-ND"; VariantName = "[No Variations]"
Add component (AddParameter): Name = "Verified By"; Value = ""; VariantName = "[No Variations]"
Add component (AddParameter): Name = "Vin (Max)"; Value = "15V"; VariantName = "[No Variations]"
Add component (AddParameter): Name = "Vout (Min/Fixed)"; Value = "3.3V"; VariantName = "[No Variations]"
Added Component: Designator=U?(TSOT-23_S6)
Add component (AddParameter): Name = "Arrow_Europe-Purchase-URL"; Value = "https://snapeda.com/shop?store=Arrow+Europe&id=4343773"; VariantName = "[No Variations]"
Add component (AddParameter): Name = "Availability"; Value = "Good"; VariantName = "[No Variations]"
Add component (AddParameter): Name = "DigiKey-Purchase-URL"; Value = "https://snapeda.com/shop?store=DigiKey&id=4343773"; VariantName = "[No Variations]"
Add component (AddParameter): Name = "MF"; Value = "Analog Devices"; VariantName = "[No Variations]"
Add component (AddParameter): Name = "Mouser-Purchase-URL"; Value = "https://snapeda.com/shop?store=Mouser&id=4343773"; VariantName = "[No Variations]"
Add component (AddParameter): Name = "MP"; Value = "LTC4412ES6#TRPBF"; VariantName = "[No Variations]"
Add component (AddParameter): Name = "Package"; Value = "SOT-23-6 Analog Devices"; VariantName = "[No Variations]"
Add component (AddParameter): Name = "Price"; Value = "None"; VariantName = "[No Variations]"
Add component (AddParameter): Name = "SnapEDA_Link"; Value = "https://www.snapeda.com/parts/LTC4412ES6%23TRPBF/Analog%20Devices/view-part/4343773/?ref=snap"; VariantName = "[No Variations]"
Add component (AddParameter): Name = "Value"; Value = ""; VariantName = "[No Variations]"
Added Pin To Net: NetName=NetJ?_1*6 Pin=J?-1
Added Pin To Net: NetName=NetJ?_1*6 Pin=J?-2
Added Pin To Net: NetName=NetJ?_1*6 Pin=J?-3
Added Pin To Net: NetName=NetJ?_1*6 Pin=J?-54
Added Pin To Net: NetName=NetJ?_1*6 Pin=J?-55
Added Pin To Net: NetName=NetJ?_1*6 Pin=J?-56
Added Net: Name=NetJ?_1*6
Added Pin To Net: NetName=NetJ?_4*12 Pin=J?-4
Added Pin To Net: NetName=NetJ?_4*12 Pin=J?-5
Added Pin To Net: NetName=NetJ?_4*12 Pin=J?-6
Added Pin To Net: NetName=NetJ?_4*12 Pin=J?-8
Added Pin To Net: NetName=NetJ?_4*12 Pin=J?-9
Added Pin To Net: NetName=NetJ?_4*12 Pin=J?-10
Added Pin To Net: NetName=NetJ?_4*12 Pin=J?-47
Added Pin To Net: NetName=NetJ?_4*12 Pin=J?-48
Added Pin To Net: NetName=NetJ?_4*12 Pin=J?-49
Added Pin To Net: NetName=NetJ?_4*12 Pin=J?-51
Added Pin To Net: NetName=NetJ?_4*12 Pin=J?-52
Added Pin To Net: NetName=NetJ?_4*12 Pin=J?-53
Added Net: Name=NetJ?_4*12
Added Pin To Net: NetName=NetJ?_11*6 Pin=J?-11
Added Pin To Net: NetName=NetJ?_11*6 Pin=J?-12
Added Pin To Net: NetName=NetJ?_11*6 Pin=J?-13
Added Pin To Net: NetName=NetJ?_11*6 Pin=J?-44
Added Pin To Net: NetName=NetJ?_11*6 Pin=J?-45
Added Pin To Net: NetName=NetJ?_11*6 Pin=J?-46
Added Net: Name=NetJ?_11*6
Added Class: Name=PD1_5
Added Room: Name=PD1_5
