Change Component Designator: OldDesignator=C? NewDesignator=C1
Change Component Designator: OldDesignator=C? NewDesignator=C2
Change Component Designator: OldDesignator=C? NewDesignator=C3
Change Component Designator: OldDesignator=C? NewDesignator=C4
Change Component Designator: OldDesignator=C? NewDesignator=C5
Change Component Designator: OldDesignator=C? NewDesignator=C6
Change Component Designator: OldDesignator=PS? NewDesignator=PS1
Change Component Designator: OldDesignator=PS? NewDesignator=PS2
Change Component Designator: OldDesignator=Q? NewDesignator=Q1
Change Component Designator: OldDesignator=Q? NewDesignator=Q2
Change Component Designator: OldDesignator=Q? NewDesignator=Q3
Change Component Designator: OldDesignator=R? NewDesignator=POT1
Change Component Designator: OldDesignator=R? NewDesignator=POT2
Change Component Designator: OldDesignator=R? NewDesignator=R1
Change Component Designator: OldDesignator=R? NewDesignator=R2
Change Component Designator: OldDesignator=U? NewDesignator=U1
Change Component Designator: OldDesignator=U? NewDesignator=U2
Change Component Designator: OldDesignator=U? NewDesignator=U5
Change Net Name : Old Net Name=NetC?_2 New Net Name=NetC1_2
Change Net Name : Old Net Name=NetPS?_6 New Net Name=NetPOT1_1
Change Net Name : Old Net Name=NetQ?_4 New Net Name=NetQ2_4
Added Pin To Net: NetName=NetC2_2 Pin=C2-2
Added Pin To Net: NetName=NetC2_2 Pin=PS2-3
Added Net: Name=NetC2_2
Added Pin To Net: NetName=NetPOT2_1 Pin=POT2-1
Added Pin To Net: NetName=NetPOT2_1 Pin=PS2-6
Added Net: Name=NetPOT2_1
Added Pin To Net: NetName=NetQ1_4 Pin=Q1-4
Added Pin To Net: NetName=NetQ1_4 Pin=U2-5
Added Net: Name=NetQ1_4
Added Pin To Net: NetName=NetQ3_4 Pin=Q3-4
Added Pin To Net: NetName=NetQ3_4 Pin=R1-2
Added Pin To Net: NetName=NetQ3_4 Pin=R2-1
Added Net: Name=NetQ3_4
Added Member To Class: ClassName=PD1_5 Member=Component C1 100uF
Added Member To Class: ClassName=PD1_5 Member=Component C3 .1uF 50V
Added Member To Class: ClassName=PD1_5 Member=Component C4 .1uF 50V
Added Member To Class: ClassName=PD1_5 Member=Component C5 22uF 50V
Added Member To Class: ClassName=PD1_5 Member=Component C6 22uF 50V
Added Member To Class: ClassName=PD1_5 _S2 Member=Component J? Backplane Connector
Added Member To Class: ClassName=PD1_5 Member=Component POT2 TC33X-2-203E
Added Member To Class: ClassName=PD1_5 Member=Component PS2 I6A4W020A033V-001-R
Added Member To Class: ClassName=PD1_5 Member=Component Q1 MOSFET P-CH 30V 45A LFPAK56
Added Member To Class: ClassName=PD1_5 Member=Component Q3 MOSFET P-CH 30V 45A LFPAK56
Added Member To Class: ClassName=PD1_5 Member=Component R1 10k Ohm 5% 1/10W
Added Member To Class: ClassName=PD1_5 Member=Component R2 10k Ohm 5% 1/10W
Added Member To Class: ClassName=PD1_5 Member=Component U1 LTC4412ES6TRPBF
Added Member To Class: ClassName=PD1_5 Member=Component U5 LM1117IMPX-3.3/NOPB
