Added Component: Designator=J2(CONN_MOLEX_MINIFIT JR_4 POS_R/A)
Add component (AddParameter): Name = "Color"; Value = "Natural"; VariantName = "[No Variations]"
Add component (AddParameter): Name = "ComponentLink1Description"; Value = "Datasheet"; VariantName = "[No Variations]"
Add component (AddParameter): Name = "ComponentLink1URL"; Value = "https://www.molex.com/pdm_docs/sd/026013115_sd.pdf"; VariantName = "[No Variations]"
Add component (AddParameter): Name = "Configuration"; Value = "Right Angle"; VariantName = "[No Variations]"
Add component (AddParameter): Name = "Created By"; Value = "Flip B"; VariantName = "[No Variations]"
Add component (AddParameter): Name = "Current Per Pin"; Value = "13A"; VariantName = "[No Variations]"
Add component (AddParameter): Name = "Manufacturer"; Value = "Molex"; VariantName = "[No Variations]"
Add component (AddParameter): Name = "Number of Positions"; Value = "4"; VariantName = "[No Variations]"
Add component (AddParameter): Name = "Pitch"; Value = "4.2mm"; VariantName = "[No Variations]"
Add component (AddParameter): Name = "Series"; Value = "Minifit Jr 5569"; VariantName = "[No Variations]"
Add component (AddParameter): Name = "Supplier 1"; Value = "Digi-Key"; VariantName = "[No Variations]"
Add component (AddParameter): Name = "Supplier Part Number 1"; Value = "WM13112-ND"; VariantName = "[No Variations]"
Add component (AddParameter): Name = "Verified By"; Value = ""; VariantName = "[No Variations]"
Added Component: Designator=Q4(TRANS_PSMN5R5-60YS,115)
Added Component: Designator=Q5(TRANS_PSMN5R5-60YS,115)
Added Pin To Net: NetName=V+ Pin=Q4-1
Added Pin To Net: NetName=V+ Pin=Q4-2
Added Pin To Net: NetName=V+ Pin=Q4-3
Added Pin To Net: NetName=NetQ3_4 Pin=Q4-4
Added Pin To Net: NetName=Motor_Power Pin=Q4-5
Added Pin To Net: NetName=V+ Pin=Q5-1
Added Pin To Net: NetName=V+ Pin=Q5-2
Added Pin To Net: NetName=V+ Pin=Q5-3
Added Pin To Net: NetName=NetQ3_4 Pin=Q5-4
Added Pin To Net: NetName=Motor_Power Pin=Q5-5
Added Member To Class: ClassName=PD1_5 _S2 Member=Component J2 4 POS R/A
Added Member To Class: ClassName=PD1_5 Member=Component Q4 MOSFET P-CH 30V 45A LFPAK56
Added Member To Class: ClassName=PD1_5 Member=Component Q5 MOSFET P-CH 30V 45A LFPAK56
Added Member To Class: ClassName=PD1_5 Member=Component SB? 0 Ohm Jumper No Fit
Added Member To Class: ClassName=PD1_5 Member=Component U1 LTC4412ES6TRPBF
