Added Component: Designator=SB0(RESISTOR_0603)
Add component (AddParameter): Name = "ComponentLink1Description"; Value = "Digikey"; VariantName = "[No Variations]"
Add component (AddParameter): Name = "ComponentLink1URL"; Value = "https://www.digikey.com/en/products/detail/koa-speer-electronics-inc/RK73B1JTTD101J/9844701"; VariantName = "[No Variations]"
Add component (AddParameter): Name = "Made By"; Value = "Robert Pafford"; VariantName = "[No Variations]"
Add component (AddParameter): Name = "Value  (Ohms)"; Value = "0"; VariantName = "[No Variations]"
Add component (AddParameter): Name = "Verified By"; Value = ""; VariantName = "[No Variations]"
Added Component: Designator=SB1(RESISTOR_0603)
Add component (AddParameter): Name = "ComponentLink1Description"; Value = "Digikey"; VariantName = "[No Variations]"
Add component (AddParameter): Name = "ComponentLink1URL"; Value = "https://www.digikey.com/en/products/detail/koa-speer-electronics-inc/RK73B1JTTD101J/9844701"; VariantName = "[No Variations]"
Add component (AddParameter): Name = "Made By"; Value = "Robert Pafford"; VariantName = "[No Variations]"
Add component (AddParameter): Name = "Value  (Ohms)"; Value = "0"; VariantName = "[No Variations]"
Add component (AddParameter): Name = "Verified By"; Value = ""; VariantName = "[No Variations]"
Added Component: Designator=SB2(RESISTOR_0603)
Add component (AddParameter): Name = "ComponentLink1Description"; Value = "Digikey"; VariantName = "[No Variations]"
Add component (AddParameter): Name = "ComponentLink1URL"; Value = "https://www.digikey.com/en/products/detail/koa-speer-electronics-inc/RK73B1JTTD101J/9844701"; VariantName = "[No Variations]"
Add component (AddParameter): Name = "Made By"; Value = "Robert Pafford"; VariantName = "[No Variations]"
Add component (AddParameter): Name = "Value  (Ohms)"; Value = "0"; VariantName = "[No Variations]"
Add component (AddParameter): Name = "Verified By"; Value = ""; VariantName = "[No Variations]"
Added Component: Designator=SB3(RESISTOR_0603)
Add component (AddParameter): Name = "ComponentLink1Description"; Value = "Digikey"; VariantName = "[No Variations]"
Add component (AddParameter): Name = "ComponentLink1URL"; Value = "https://www.digikey.com/en/products/detail/koa-speer-electronics-inc/RK73B1JTTD101J/9844701"; VariantName = "[No Variations]"
Add component (AddParameter): Name = "Made By"; Value = "Robert Pafford"; VariantName = "[No Variations]"
Add component (AddParameter): Name = "Value  (Ohms)"; Value = "0"; VariantName = "[No Variations]"
Add component (AddParameter): Name = "Verified By"; Value = ""; VariantName = "[No Variations]"
Added Component: Designator=SB4(RESISTOR_0603)
Add component (AddParameter): Name = "ComponentLink1Description"; Value = "Digikey"; VariantName = "[No Variations]"
Add component (AddParameter): Name = "ComponentLink1URL"; Value = "https://www.digikey.com/en/products/detail/koa-speer-electronics-inc/RK73B1JTTD101J/9844701"; VariantName = "[No Variations]"
Add component (AddParameter): Name = "Made By"; Value = "Robert Pafford"; VariantName = "[No Variations]"
Add component (AddParameter): Name = "Value  (Ohms)"; Value = "0"; VariantName = "[No Variations]"
Add component (AddParameter): Name = "Verified By"; Value = ""; VariantName = "[No Variations]"
Added Component: Designator=SB5(RESISTOR_0603)
Add component (AddParameter): Name = "ComponentLink1Description"; Value = "Digikey"; VariantName = "[No Variations]"
Add component (AddParameter): Name = "ComponentLink1URL"; Value = "https://www.digikey.com/en/products/detail/koa-speer-electronics-inc/RK73B1JTTD101J/9844701"; VariantName = "[No Variations]"
Add component (AddParameter): Name = "Made By"; Value = "Robert Pafford"; VariantName = "[No Variations]"
Add component (AddParameter): Name = "Value  (Ohms)"; Value = "0"; VariantName = "[No Variations]"
Add component (AddParameter): Name = "Verified By"; Value = ""; VariantName = "[No Variations]"
Added Component: Designator=SB6(RESISTOR_0603)
Add component (AddParameter): Name = "ComponentLink1Description"; Value = "Digikey"; VariantName = "[No Variations]"
Add component (AddParameter): Name = "ComponentLink1URL"; Value = "https://www.digikey.com/en/products/detail/koa-speer-electronics-inc/RK73B1JTTD101J/9844701"; VariantName = "[No Variations]"
Add component (AddParameter): Name = "Made By"; Value = "Robert Pafford"; VariantName = "[No Variations]"
Add component (AddParameter): Name = "Value  (Ohms)"; Value = "0"; VariantName = "[No Variations]"
Add component (AddParameter): Name = "Verified By"; Value = ""; VariantName = "[No Variations]"
Added Component: Designator=SB7(RESISTOR_0603)
Add component (AddParameter): Name = "ComponentLink1Description"; Value = "Digikey"; VariantName = "[No Variations]"
Add component (AddParameter): Name = "ComponentLink1URL"; Value = "https://www.digikey.com/en/products/detail/koa-speer-electronics-inc/RK73B1JTTD101J/9844701"; VariantName = "[No Variations]"
Add component (AddParameter): Name = "Made By"; Value = "Robert Pafford"; VariantName = "[No Variations]"
Add component (AddParameter): Name = "Value  (Ohms)"; Value = "0"; VariantName = "[No Variations]"
Add component (AddParameter): Name = "Verified By"; Value = ""; VariantName = "[No Variations]"
Added Component: Designator=U50(SOIC127P600X175-14N)
Add component (AddParameter): Name = "Availability"; Value = "Unavailable"; VariantName = "[No Variations]"
Add component (AddParameter): Name = "BuyPart"; Value = "https://www.snapeda.com/parts/MCP3428-E/SL/Microchip/view-part/13249/?ref=eda"; VariantName = "[No Variations]"
Add component (AddParameter): Name = "MF"; Value = "Microchip"; VariantName = "[No Variations]"
Add component (AddParameter): Name = "MP"; Value = "MCP3428-E/SL"; VariantName = "[No Variations]"
Add component (AddParameter): Name = "Package"; Value = "SOIC-14 Microchip"; VariantName = "[No Variations]"
Add component (AddParameter): Name = "Price"; Value = "None"; VariantName = "[No Variations]"
Add component (AddParameter): Name = "SnapEDA_Link"; Value = "https://www.snapeda.com/parts/MCP3428-E/SL/Microchip/view-part/13249/?ref=snap"; VariantName = "[No Variations]"
Add component (AddParameter): Name = "Value"; Value = ""; VariantName = "[No Variations]"
Added Pin To Net: NetName=+5 Pin=SB0-2
Added Pin To Net: NetName=+5 Pin=SB1-1
Added Pin To Net: NetName=GND Pin=SB1-2
Added Pin To Net: NetName=+5 Pin=SB2-2
Added Pin To Net: NetName=+5 Pin=SB3-1
Added Pin To Net: NetName=GND Pin=SB3-2
Added Pin To Net: NetName=V+ Pin=SB4-1
Added Pin To Net: NetName=GND Pin=SB4-2
Added Pin To Net: NetName=V+ Pin=SB5-2
Added Pin To Net: NetName=+12 Pin=SB6-2
Added Pin To Net: NetName=+12 Pin=SB7-1
Added Pin To Net: NetName=GND Pin=SB7-2
Added Pin To Net: NetName=GND Pin=U50-2
Added Pin To Net: NetName=GND Pin=U50-4
Added Pin To Net: NetName=GND Pin=U50-5
Added Pin To Net: NetName=+5 Pin=U50-6
Added Pin To Net: NetName=GND Pin=U50-12
Added Pin To Net: NetName=GND Pin=U50-14
Added Pin To Net: NetName=NetBP1_29 Pin=BP1-29
Added Pin To Net: NetName=NetBP1_29 Pin=U50-8
Added Net: Name=NetBP1_29
Added Pin To Net: NetName=NetBP1_30 Pin=BP1-30
Added Pin To Net: NetName=NetBP1_30 Pin=U50-7
Added Net: Name=NetBP1_30
Added Pin To Net: NetName=NetBP1_31 Pin=BP1-31
Added Pin To Net: NetName=NetBP1_31 Pin=BP1-32
Added Net: Name=NetBP1_31
Added Pin To Net: NetName=NetSB0_1 Pin=SB0-1
Added Pin To Net: NetName=NetSB0_1 Pin=U50-9
Added Net: Name=NetSB0_1
Added Pin To Net: NetName=NetSB2_1 Pin=SB2-1
Added Pin To Net: NetName=NetSB2_1 Pin=U50-10
Added Net: Name=NetSB2_1
Added Pin To Net: NetName=NetSB5_1 Pin=SB5-1
Added Pin To Net: NetName=NetSB5_1 Pin=U50-3
Added Net: Name=NetSB5_1
Added Pin To Net: NetName=NetSB6_1 Pin=SB6-1
Added Pin To Net: NetName=NetSB6_1 Pin=U50-1
Added Net: Name=NetSB6_1
Added Member To Class: ClassName=PD1_5 _S2 Member=Component SB0 0 Ohm Jumper No Fit
Added Member To Class: ClassName=PD1_5 _S2 Member=Component SB1 0 Ohm Jumper No Fit
Added Member To Class: ClassName=PD1_5 _S2 Member=Component SB2 0 Ohm Jumper No Fit
Added Member To Class: ClassName=PD1_5 _S2 Member=Component SB3 0 Ohm Jumper No Fit
Added Member To Class: ClassName=PD1_5 _S2 Member=Component SB4 0 Ohm Jumper No Fit
Added Member To Class: ClassName=PD1_5 _S2 Member=Component SB5 0 Ohm Jumper No Fit
Added Member To Class: ClassName=PD1_5 _S2 Member=Component SB6 0 Ohm Jumper No Fit
Added Member To Class: ClassName=PD1_5 _S2 Member=Component SB7 0 Ohm Jumper No Fit
Added Member To Class: ClassName=PD1_5 Member=Component SB? 0 Ohm Jumper No Fit
Added Member To Class: ClassName=PD1_5 _S2 Member=Component U50 MCP3428-E/SL
