Change Component Designator: OldDesignator=J? NewDesignator=J1
Change Component Designator: OldDesignator=J? NewDesignator=J2
Change Component Designator: OldDesignator=J? NewDesignator=J3
Added Component: Designator=ESCCONN(CON_39301140)
Add component (AddParameter): Name = "Copyright"; Value = "Copyright (C) 2022 Ultra Librarian. All rights reserved."; VariantName = "[No Variations]"
Add component (AddParameter): Name = "Manufacturer_Part_Number"; Value = "39301140"; VariantName = "[No Variations]"
Add component (AddParameter): Name = "Mfr_Name"; Value = "Molex Connector Corporation"; VariantName = "[No Variations]"
Add component (AddParameter): Name = "RefDes"; Value = "RefDes"; VariantName = "[No Variations]"
Add component (AddParameter): Name = "Type"; Value = "DEV"; VariantName = "[No Variations]"
Added Pin To Net: NetName=GND Pin=ESCCONN-1
Added Pin To Net: NetName=GND Pin=ESCCONN-2
Added Pin To Net: NetName=GND Pin=ESCCONN-3
Added Pin To Net: NetName=GND Pin=ESCCONN-4
Added Pin To Net: NetName=GND Pin=ESCCONN-5
Added Pin To Net: NetName=GND Pin=ESCCONN-6
Added Pin To Net: NetName=GND Pin=ESCCONN-7
Added Pin To Net: NetName=Motor_Power Pin=ESCCONN-8
Added Pin To Net: NetName=Motor_Power Pin=ESCCONN-9
Added Pin To Net: NetName=Motor_Power Pin=ESCCONN-10
Added Pin To Net: NetName=Motor_Power Pin=ESCCONN-11
Added Pin To Net: NetName=Motor_Power Pin=ESCCONN-12
Added Pin To Net: NetName=Motor_Power Pin=ESCCONN-13
Added Pin To Net: NetName=Motor_Power Pin=ESCCONN-14
Added Member To Class: ClassName=PD1_5 _S2 Member=Component ESCCONN 39301140
Added Member To Class: ClassName=PD1_5 _S2 Member=Component J1 4 POS R/A
Added Member To Class: ClassName=PD1_5 _S2 Member=Component J2 4 POS R/A
