Removed Pin From Net: NetName=GND Pin=BATTCONN-1
Removed Pin From Net: NetName=GND Pin=BATTCONN-2
Removed Pin From Net: NetName=GND Pin=BATTCONN-3
Removed Pin From Net: NetName=GND Pin=BATTCONN-4
Removed Pin From Net: NetName=GND Pin=BATTCONN-5
Removed Pin From Net: NetName=GND Pin=BATTCONN-6
Removed Pin From Net: NetName=GND Pin=BATTCONN-7
Removed Pin From Net: NetName=STBD_BATT Pin=BATTCONN-8
Removed Pin From Net: NetName=STBD_BATT Pin=BATTCONN-9
Removed Pin From Net: NetName=STBD_BATT Pin=BATTCONN-10
Removed Pin From Net: NetName=PORT_BATT Pin=BATTCONN-12
Removed Pin From Net: NetName=PORT_BATT Pin=BATTCONN-13
Removed Pin From Net: NetName=PORT_BATT Pin=BATTCONN-14
Removed Member From Class: ClassName=PD1_5 _S2 Member=BATTCONN
Added Component: Designator=*(CONN_MOLEX_MINIFIT JR_16 POS_R/A - duplicate)
Added Pin To Net: NetName=PORT_BATT Pin=*-1
Added Pin To Net: NetName=PORT_BATT Pin=*-1
Added Pin To Net: NetName=PORT_BATT Pin=*-2
Added Pin To Net: NetName=PORT_BATT Pin=*-2
Added Member To Class: ClassName=PD1_5 _S2 Member=Component * BatteryConnector
Added Member To Class: ClassName=PD1_5 Member=Component SB? 0 Ohm Jumper No Fit
