Added Component: Designator=C?(CAPAE430X550N)
Add component (AddParameter): Name = "Availability"; Value = "Warning"; VariantName = "[No Variations]"
Add component (AddParameter): Name = "Check_prices"; Value = "https://www.snapeda.com/parts/865250340002/W%C3%BCrth%20Elektronik/view-part/5002976/?ref=eda"; VariantName = "[No Variations]"
Add component (AddParameter): Name = "MF"; Value = "Wurth Elektronik"; VariantName = "[No Variations]"
Add component (AddParameter): Name = "MP"; Value = "865250340002"; VariantName = "[No Variations]"
Add component (AddParameter): Name = "Package"; Value = "None"; VariantName = "[No Variations]"
Add component (AddParameter): Name = "Price"; Value = "None"; VariantName = "[No Variations]"
Add component (AddParameter): Name = "Purchase-URL"; Value = "https://pricing.snapeda.com/search/part/865250340002/?ref=eda"; VariantName = "[No Variations]"
Add component (AddParameter): Name = "SnapEDA_Link"; Value = "https://www.snapeda.com/parts/865250340002/W%C3%BCrth%20Elektronik/view-part/5002976/?ref=snap"; VariantName = "[No Variations]"
Add component (AddParameter): Name = "Value"; Value = ""; VariantName = "[No Variations]"
Added Component: Designator=C?(CAPAE430X550N)
Add component (AddParameter): Name = "Availability"; Value = "Warning"; VariantName = "[No Variations]"
Add component (AddParameter): Name = "Check_prices"; Value = "https://www.snapeda.com/parts/865250340002/W%C3%BCrth%20Elektronik/view-part/5002976/?ref=eda"; VariantName = "[No Variations]"
Add component (AddParameter): Name = "MF"; Value = "Wurth Elektronik"; VariantName = "[No Variations]"
Add component (AddParameter): Name = "MP"; Value = "865250340002"; VariantName = "[No Variations]"
Add component (AddParameter): Name = "Package"; Value = "None"; VariantName = "[No Variations]"
Add component (AddParameter): Name = "Price"; Value = "None"; VariantName = "[No Variations]"
Add component (AddParameter): Name = "Purchase-URL"; Value = "https://pricing.snapeda.com/search/part/865250340002/?ref=eda"; VariantName = "[No Variations]"
Add component (AddParameter): Name = "SnapEDA_Link"; Value = "https://www.snapeda.com/parts/865250340002/W%C3%BCrth%20Elektronik/view-part/5002976/?ref=snap"; VariantName = "[No Variations]"
Add component (AddParameter): Name = "Value"; Value = ""; VariantName = "[No Variations]"
Added Pin To Net: NetName=V+ Pin=C?-1
Added Pin To Net: NetName=V+ Pin=C?-1
Added Pin To Net: NetName=NetC?_2 Pin=C?-2
Added Member To Class: ClassName=PD1_5 Member=Component C? .1uF 50V
Added Member To Class: ClassName=PD1_5 Member=Component C? .1uF 50V
Added Member To Class: ClassName=PD1_5 Member=Component C? 100uF
Added Member To Class: ClassName=PD1_5 Member=Component C? 22uF 50V
Added Member To Class: ClassName=PD1_5 Member=Component C? 100uF
Added Member To Class: ClassName=PD1_5 Member=Component C? 22uF 50V
Added Member To Class: ClassName=PD1_5 _S2 Member=Component J? Backplane Connector
Added Member To Class: ClassName=PD1_5 Member=Component PS? I6A4W020A033V-001-R
Added Member To Class: ClassName=PD1_5 Member=Component Q? MOSFET P-CH 30V 45A LFPAK56
Added Member To Class: ClassName=PD1_5 Member=Component Q? MOSFET P-CH 30V 45A LFPAK56
Added Member To Class: ClassName=PD1_5 Member=Component R? TC33X-2-203E
Added Member To Class: ClassName=PD1_5 Member=Component U? LTC4412ES6TRPBF
Added Member To Class: ClassName=PD1_5 Member=Component U? LM1117IMPX-3.3/NOPB
