Added Pin To Net: NetName=GND Pin=BP1-4
Added Pin To Net: NetName=GND Pin=BP1-5
Added Pin To Net: NetName=GND Pin=BP1-6
Added Pin To Net: NetName=GND Pin=BP1-8
Added Pin To Net: NetName=GND Pin=BP1-9
Added Pin To Net: NetName=GND Pin=BP1-10
Added Pin To Net: NetName=NetBP1_1*6 Pin=BP1-43
Added Pin To Net: NetName=GND Pin=BP1-47
Added Pin To Net: NetName=GND Pin=BP1-48
Added Pin To Net: NetName=GND Pin=BP1-49
Added Pin To Net: NetName=GND Pin=BP1-51
Added Pin To Net: NetName=GND Pin=BP1-52
Added Pin To Net: NetName=GND Pin=BP1-53
Added Pin To Net: NetName=NetBP1_11*6 Pin=C4-1
Added Pin To Net: NetName=NetBP1_11*6 Pin=C6-1
Added Pin To Net: NetName=NetBP1_11*6 Pin=PS2-7
Added Pin To Net: NetName=NetBP1_11*6 Pin=PS2-8
Added Pin To Net: NetName=NetBP1_11*6 Pin=U5-3
Added Pin To Net: NetName=NetBP1_1*6 Pin=U5-4
Change Net Name : Old Net Name=NetBP1_1*6 New Net Name=3V3
Change Net Name : Old Net Name=NetBP1_11*6 New Net Name=+5
Added Pin To Net: NetName=PLTA_OnOff Pin=BP1-18
Added Net: Name=PLTA_OnOff
Added Pin To Net: NetName=Xavier_OnOff Pin=BP1-19
Added Net: Name=Xavier_OnOff
Added Member To Class: ClassName=PD1_5 _S2 Member=Component J? 4 POS R/A
Added Member To Class: ClassName=PD1_5 _S2 Member=Component J? 4 POS R/A
Added Member To Class: ClassName=PD1_5 _S2 Member=Component J? 4 POS R/A
Added Member To Class: ClassName=PD1_5 _S2 Member=Component J? 4 POS R/A
