Added Component: Designator=C7(CAPACITOR_0603)
Add component (AddParameter): Name = "ComponentLink1Description"; Value = "Digikey"; VariantName = "[No Variations]"
Add component (AddParameter): Name = "ComponentLink1URL"; Value = "https://www.digikey.com/en/products/detail/samsung-electro-mechanics/CL10A106MQ8NNNC/3886777"; VariantName = "[No Variations]"
Add component (AddParameter): Name = "Made By"; Value = "Flip B"; VariantName = "[No Variations]"
Add component (AddParameter): Name = "Supplier 1"; Value = "Digi-Key"; VariantName = "[No Variations]"
Add component (AddParameter): Name = "Supplier Part Number 1"; Value = "1276-1119-1-ND"; VariantName = "[No Variations]"
Add component (AddParameter): Name = "Tolerance"; Value = "+/- 20%"; VariantName = "[No Variations]"
Add component (AddParameter): Name = "Value (uF)"; Value = "10"; VariantName = "[No Variations]"
Add component (AddParameter): Name = "Verified By"; Value = ""; VariantName = "[No Variations]"
Add component (AddParameter): Name = "Voltage"; Value = "6.3V"; VariantName = "[No Variations]"
Added Component: Designator=C8(CAPACITOR_0603)
Add component (AddParameter): Name = "ComponentLink1Description"; Value = "Datsheet"; VariantName = "[No Variations]"
Add component (AddParameter): Name = "ComponentLink1URL"; Value = "https://www.mouser.com/datasheet/2/212/KEM_C1002_X7R_SMD-1102033.pdf"; VariantName = "[No Variations]"
Add component (AddParameter): Name = "Made By"; Value = "Flip B"; VariantName = "[No Variations]"
Add component (AddParameter): Name = "Supplier 1"; Value = "Digi-Key"; VariantName = "[No Variations]"
Add component (AddParameter): Name = "Supplier Part Number 1"; Value = "490-13247-1-ND"; VariantName = "[No Variations]"
Add component (AddParameter): Name = "Tolerance"; Value = "+/- 20%"; VariantName = "[No Variations]"
Add component (AddParameter): Name = "Value"; Value = "47uF"; VariantName = "[No Variations]"
Add component (AddParameter): Name = "Verified By"; Value = ""; VariantName = "[No Variations]"
Add component (AddParameter): Name = "Voltage"; Value = "6.3V"; VariantName = "[No Variations]"
Added Pin To Net: NetName=+5 Pin=C7-1
Added Pin To Net: NetName=GND Pin=C7-2
Added Pin To Net: NetName=3V3 Pin=C8-1
Added Pin To Net: NetName=GND Pin=C8-2
Added Pin To Net: NetName=GND Pin=U5-1
Added Pin To Net: NetName=3V3 Pin=U5-2
Added Member To Class: ClassName=PD1_5 Member=Component C7 10uF Ceramic 6.3V
Added Member To Class: ClassName=PD1_5 Member=Component C8 47uF Ceramic 6.3V
