Removed Pin From Net: NetName=NetC?_+ Pin=U?-1
Removed Pin From Net: NetName=GND Pin=U?-3
Removed Pin From Net: NetName=GND Pin=U?-4
Removed Pin From Net: NetName=NetR?_1 Pin=U?-6
Added Component: Designator=J?(BACKPLANE_EDGE_CONN)
Added Pin To Net: NetName=NetC?_+ Pin=U?-1
Added Pin To Net: NetName=GND Pin=U?-3
Added Pin To Net: NetName=GND Pin=U?-3
Added Pin To Net: NetName=GND Pin=U?-4
Added Pin To Net: NetName=GND Pin=U?-4
Added Pin To Net: NetName=NetR?_1 Pin=U?-6
Added Pin To Net: NetName=NetJ?_1*6 Pin=J?-1
Added Pin To Net: NetName=NetJ?_1*6 Pin=J?-2
Added Pin To Net: NetName=NetJ?_1*6 Pin=J?-3
Added Pin To Net: NetName=NetJ?_1*6 Pin=J?-54
Added Pin To Net: NetName=NetJ?_1*6 Pin=J?-55
Added Pin To Net: NetName=NetJ?_1*6 Pin=J?-56
Added Net: Name=NetJ?_1*6
Added Pin To Net: NetName=NetJ?_4*12 Pin=J?-4
Added Pin To Net: NetName=NetJ?_4*12 Pin=J?-5
Added Pin To Net: NetName=NetJ?_4*12 Pin=J?-6
Added Pin To Net: NetName=NetJ?_4*12 Pin=J?-8
Added Pin To Net: NetName=NetJ?_4*12 Pin=J?-9
Added Pin To Net: NetName=NetJ?_4*12 Pin=J?-10
Added Pin To Net: NetName=NetJ?_4*12 Pin=J?-47
Added Pin To Net: NetName=NetJ?_4*12 Pin=J?-48
Added Pin To Net: NetName=NetJ?_4*12 Pin=J?-49
Added Pin To Net: NetName=NetJ?_4*12 Pin=J?-51
Added Pin To Net: NetName=NetJ?_4*12 Pin=J?-52
Added Pin To Net: NetName=NetJ?_4*12 Pin=J?-53
Added Net: Name=NetJ?_4*12
Added Pin To Net: NetName=NetJ?_11*6 Pin=J?-11
Added Pin To Net: NetName=NetJ?_11*6 Pin=J?-12
Added Pin To Net: NetName=NetJ?_11*6 Pin=J?-13
Added Pin To Net: NetName=NetJ?_11*6 Pin=J?-44
Added Pin To Net: NetName=NetJ?_11*6 Pin=J?-45
Added Pin To Net: NetName=NetJ?_11*6 Pin=J?-46
Added Net: Name=NetJ?_11*6
Added Class: Name=PD1_5 _S2
Added Member To Class: ClassName=PD1_5 Member=Component U? I6A4W020A033V-001-R
Added Member To Class: ClassName=PD1_5 Member=Component U? LTC4412ES6TRPBF
Added Member To Class: ClassName=PD1_5 Member=Component U? LTC4412ES6TRPBF
Added Member To Class: ClassName=PD1_5 Member=Component U? LM1117IMPX-3.3/NOPB
Added Room: Name=PD1_5 _S2
