Replace Part C15 CAPACITOR_0.1uF_0603 in C:\Users\coalm\Documents\electric_boogaloo\TempestBoards\Backplane\Backplane_1_8\Ethernet.SchDoc with CAPACITOR_0.1uF_0603 from Capacitors.SchLib
Replace Part C16 CAPACITOR_10uF_0603 in C:\Users\coalm\Documents\electric_boogaloo\TempestBoards\Backplane\Backplane_1_8\Ethernet.SchDoc with CAPACITOR_10uF_0603 from Capacitors.SchLib
Replace Part C17 CAPACITOR_1uF_0603 in C:\Users\coalm\Documents\electric_boogaloo\TempestBoards\Backplane\Backplane_1_8\Ethernet.SchDoc with CAPACITOR_1uF_0603 from Capacitors.SchLib
Replace Part C18 CAPACITOR_0.1uF_0603 in C:\Users\coalm\Documents\electric_boogaloo\TempestBoards\Backplane\Backplane_1_8\Ethernet.SchDoc with CAPACITOR_0.1uF_0603 from Capacitors.SchLib
Replace Part C19 CAPACITOR_1uF_0603 in C:\Users\coalm\Documents\electric_boogaloo\TempestBoards\Backplane\Backplane_1_8\Ethernet.SchDoc with CAPACITOR_1uF_0603 from Capacitors.SchLib
Replace Part C20 CAPACITOR_0.1uF_0603 in C:\Users\coalm\Documents\electric_boogaloo\TempestBoards\Backplane\Backplane_1_8\Ethernet.SchDoc with CAPACITOR_0.1uF_0603 from Capacitors.SchLib
Replace Part C21 CAPACITOR_0.1uF_0603 in C:\Users\coalm\Documents\electric_boogaloo\TempestBoards\Backplane\Backplane_1_8\Ethernet.SchDoc with CAPACITOR_0.1uF_0603 from Capacitors.SchLib
Replace Part C22 CAPACITOR_1uF_0603 in C:\Users\coalm\Documents\electric_boogaloo\TempestBoards\Backplane\Backplane_1_8\Ethernet.SchDoc with CAPACITOR_1uF_0603 from Capacitors.SchLib
Replace Part C23 CAPACITOR_10uF_0603 in C:\Users\coalm\Documents\electric_boogaloo\TempestBoards\Backplane\Backplane_1_8\Ethernet.SchDoc with CAPACITOR_10uF_0603 from Capacitors.SchLib
Replace Part C24 CAPACITOR_0.1uF_0603 in C:\Users\coalm\Documents\electric_boogaloo\TempestBoards\Backplane\Backplane_1_8\Ethernet.SchDoc with CAPACITOR_0.1uF_0603 from Capacitors.SchLib
Replace Part C25 CAPACITOR_1uF_0603 in C:\Users\coalm\Documents\electric_boogaloo\TempestBoards\Backplane\Backplane_1_8\Ethernet.SchDoc with CAPACITOR_1uF_0603 from Capacitors.SchLib
Replace Part C26 CAPACITOR_10uF_0603 in C:\Users\coalm\Documents\electric_boogaloo\TempestBoards\Backplane\Backplane_1_8\Ethernet.SchDoc with CAPACITOR_10uF_0603 from Capacitors.SchLib
Replace Part C27 CAPACITOR_0.1uF_0603 in C:\Users\coalm\Documents\electric_boogaloo\TempestBoards\Backplane\Backplane_1_8\Ethernet.SchDoc with CAPACITOR_0.1uF_0603 from Capacitors.SchLib
Replace Part C28 CAPACITOR_0.1uF_0603 in C:\Users\coalm\Documents\electric_boogaloo\TempestBoards\Backplane\Backplane_1_8\Ethernet.SchDoc with CAPACITOR_0.1uF_0603 from Capacitors.SchLib
Replace Part J2 RB1-125BAG1A in C:\Users\coalm\Documents\electric_boogaloo\TempestBoards\Backplane\Backplane_1_8\Ethernet.SchDoc with RB1-125BAG1A from Connectors.SchLib
Update Managed Component L1 From CMP-2000-06403-1[HH-1M1608-121JT] To CMP-2000-06403-1[HH-1M1608-121JT] in Ethernet.SchDoc
Update Managed Component L2 From CMP-2000-06403-1[HH-1M1608-121JT] To CMP-2000-06403-1[HH-1M1608-121JT] in Ethernet.SchDoc
Update Managed Component L3 From CMP-2000-06403-1[HH-1M1608-121JT] To CMP-2000-06403-1[HH-1M1608-121JT] in Ethernet.SchDoc
Replace Part R9 RESISTOR_10K_0603 in C:\Users\coalm\Documents\electric_boogaloo\TempestBoards\Backplane\Backplane_1_8\Ethernet.SchDoc with RESISTOR_10K_0603 from Resistors.SchLib
Replace Part R10 RESISTOR_10K_0603 in C:\Users\coalm\Documents\electric_boogaloo\TempestBoards\Backplane\Backplane_1_8\Ethernet.SchDoc with RESISTOR_10K_0603 from Resistors.SchLib
Replace Part R11 RESISTOR_10K_0603 in C:\Users\coalm\Documents\electric_boogaloo\TempestBoards\Backplane\Backplane_1_8\Ethernet.SchDoc with RESISTOR_10K_0603 from Resistors.SchLib
Replace Part R12 RESISTOR_10K_0603 in C:\Users\coalm\Documents\electric_boogaloo\TempestBoards\Backplane\Backplane_1_8\Ethernet.SchDoc with RESISTOR_10K_0603 from Resistors.SchLib
Replace Part R15 RESISTOR_2.1K_0603_1 in C:\Users\coalm\Documents\electric_boogaloo\TempestBoards\Backplane\Backplane_1_8\Ethernet.SchDoc with RESISTOR_2.1K_0603_1 from Resistors.SchLib
Replace Part R16 RESISTOR_2.1K_0603_1 in C:\Users\coalm\Documents\electric_boogaloo\TempestBoards\Backplane\Backplane_1_8\Ethernet.SchDoc with RESISTOR_2.1K_0603_1 from Resistors.SchLib
Replace Part R17 RESISTOR_2.1K_0603_1 in C:\Users\coalm\Documents\electric_boogaloo\TempestBoards\Backplane\Backplane_1_8\Ethernet.SchDoc with RESISTOR_2.1K_0603_1 from Resistors.SchLib
Replace Part R18 RESISTOR_2.1K_0603_1 in C:\Users\coalm\Documents\electric_boogaloo\TempestBoards\Backplane\Backplane_1_8\Ethernet.SchDoc with RESISTOR_2.1K_0603_1 from Resistors.SchLib
Replace Part R20 RESISTOR_10K_0603 in C:\Users\coalm\Documents\electric_boogaloo\TempestBoards\Backplane\Backplane_1_8\Ethernet.SchDoc with RESISTOR_10K_0603 from Resistors.SchLib
Replace Part R21 RESISTOR_10K_0603 in C:\Users\coalm\Documents\electric_boogaloo\TempestBoards\Backplane\Backplane_1_8\Ethernet.SchDoc with RESISTOR_10K_0603 from Resistors.SchLib
Replace Part R22 RESISTOR_10K_0603 in C:\Users\coalm\Documents\electric_boogaloo\TempestBoards\Backplane\Backplane_1_8\Ethernet.SchDoc with RESISTOR_10K_0603 from Resistors.SchLib
Replace Part R23 RESISTOR_10K_0603 in C:\Users\coalm\Documents\electric_boogaloo\TempestBoards\Backplane\Backplane_1_8\Ethernet.SchDoc with RESISTOR_10K_0603 from Resistors.SchLib
Replace Part R24 RESISTOR_10K_0603 in C:\Users\coalm\Documents\electric_boogaloo\TempestBoards\Backplane\Backplane_1_8\Ethernet.SchDoc with RESISTOR_10K_0603 from Resistors.SchLib
Replace Part R25 RESISTOR_10K_0603 in C:\Users\coalm\Documents\electric_boogaloo\TempestBoards\Backplane\Backplane_1_8\Ethernet.SchDoc with RESISTOR_10K_0603 from Resistors.SchLib
Replace Part R26 RESISTOR_10K_0603 in C:\Users\coalm\Documents\electric_boogaloo\TempestBoards\Backplane\Backplane_1_8\Ethernet.SchDoc with RESISTOR_10K_0603 from Resistors.SchLib
Replace Part R27 RESISTOR_10K_0603 in C:\Users\coalm\Documents\electric_boogaloo\TempestBoards\Backplane\Backplane_1_8\Ethernet.SchDoc with RESISTOR_10K_0603 from Resistors.SchLib
Replace Part U2 W5200 in C:\Users\coalm\Documents\electric_boogaloo\TempestBoards\Backplane\Backplane_1_8\Ethernet.SchDoc with W5200 from Integrated Circuits.SchLib
