Removed Pin From Net: NetName=SENS_SDA Pin=U1R-2
Removed Pin From Net: NetName=SENS_SCL Pin=U1R-3
Removed Pin From Net: NetName=BRD_SDA Pin=U1R-4
Removed Pin From Net: NetName=BRD_SCL Pin=U1R-5
Added Pin To Net: NetName=SENS_SDA Pin=U1R-8
Added Pin To Net: NetName=SENS_SCL Pin=U1R-9
Added Pin To Net: NetName=SPI_CLK Pin=U1R-4
Added Pin To Net: NetName=SPI_CLK Pin=U2-42
Added Net: Name=SPI_CLK
Added Pin To Net: NetName=SPI_MISO Pin=U1R-2
Added Pin To Net: NetName=SPI_MISO Pin=U2-44
Added Net: Name=SPI_MISO
Added Pin To Net: NetName=SPI_MOSI Pin=U1R-5
Added Pin To Net: NetName=SPI_MOSI Pin=U2-43
Added Net: Name=SPI_MOSI
Added Pin To Net: NetName=WIZ_INT Pin=R10-2
Added Pin To Net: NetName=WIZ_INT Pin=U1R-6
Added Pin To Net: NetName=WIZ_INT Pin=U2-40
Added Net: Name=WIZ_INT
Added Pin To Net: NetName=WIZ_RST Pin=R11-2
Added Pin To Net: NetName=WIZ_RST Pin=U1R-7
Added Pin To Net: NetName=WIZ_RST Pin=U2-46
Added Net: Name=WIZ_RST
Added Pin To Net: NetName=WIZ_SEL Pin=R9-2
Added Pin To Net: NetName=WIZ_SEL Pin=U1R-3
Added Pin To Net: NetName=WIZ_SEL Pin=U2-41
Added Net: Name=WIZ_SEL
