Change Component Footprint: Designator=J? Old Footprint=CONN_PPPC102LFBN-RC_SUL New Footprint=HEADER_2X28PIN_2.54MM
Change Component Comment : Designator=J? Old Comment=PPPC102LFBN-RC New Comment=Backplane Connector
Change component parameters: Designator = "J?" ("J?"); Footprint = "CONN_PPPC102LFBN-RC_SUL"; UniqueID = "\IIUHAIPT" ("\IIUHAIPT")
Added Pin To Net: NetName=NetJ?_1*6 Pin=J?-1
Added Pin To Net: NetName=NetJ?_1*6 Pin=J?-2
Added Pin To Net: NetName=NetJ?_1*6 Pin=J?-3
Added Pin To Net: NetName=NetJ?_1*6 Pin=J?-54
Added Pin To Net: NetName=NetJ?_1*6 Pin=J?-55
Added Pin To Net: NetName=NetJ?_1*6 Pin=J?-56
Added Net: Name=NetJ?_1*6
Added Pin To Net: NetName=NetJ?_4*12 Pin=J?-4
Added Pin To Net: NetName=NetJ?_4*12 Pin=J?-5
Added Pin To Net: NetName=NetJ?_4*12 Pin=J?-6
Added Pin To Net: NetName=NetJ?_4*12 Pin=J?-8
Added Pin To Net: NetName=NetJ?_4*12 Pin=J?-9
Added Pin To Net: NetName=NetJ?_4*12 Pin=J?-10
Added Pin To Net: NetName=NetJ?_4*12 Pin=J?-47
Added Pin To Net: NetName=NetJ?_4*12 Pin=J?-48
Added Pin To Net: NetName=NetJ?_4*12 Pin=J?-49
Added Pin To Net: NetName=NetJ?_4*12 Pin=J?-51
Added Pin To Net: NetName=NetJ?_4*12 Pin=J?-52
Added Pin To Net: NetName=NetJ?_4*12 Pin=J?-53
Added Net: Name=NetJ?_4*12
Added Pin To Net: NetName=NetJ?_11*6 Pin=J?-11
Added Pin To Net: NetName=NetJ?_11*6 Pin=J?-12
Added Pin To Net: NetName=NetJ?_11*6 Pin=J?-13
Added Pin To Net: NetName=NetJ?_11*6 Pin=J?-44
Added Pin To Net: NetName=NetJ?_11*6 Pin=J?-45
Added Pin To Net: NetName=NetJ?_11*6 Pin=J?-46
Added Net: Name=NetJ?_11*6
Add Differential Pair: Number of nets in differential pair NetR2_RP2040_1 is 1 instead of 2
Add Differential Pair: Number of nets in differential pair NetR3_RP2040_1 is 1 instead of 2
Added Member To Class: ClassName=Sch_Sheet_Template Member=Component J? Backplane Connector
