Added Component: Designator=J3(CONN_MOLEX_MINIFIT JR_4 POS_R/A)
Add component (AddParameter): Name = "Color"; Value = "Natural"; VariantName = "[No Variations]"
Add component (AddParameter): Name = "ComponentLink1Description"; Value = "Datasheet"; VariantName = "[No Variations]"
Add component (AddParameter): Name = "ComponentLink1URL"; Value = "https://www.molex.com/pdm_docs/sd/026013115_sd.pdf"; VariantName = "[No Variations]"
Add component (AddParameter): Name = "Configuration"; Value = "Right Angle"; VariantName = "[No Variations]"
Add component (AddParameter): Name = "Created By"; Value = "Flip B"; VariantName = "[No Variations]"
Add component (AddParameter): Name = "Current Per Pin"; Value = "13A"; VariantName = "[No Variations]"
Add component (AddParameter): Name = "Manufacturer"; Value = "Molex"; VariantName = "[No Variations]"
Add component (AddParameter): Name = "Number of Positions"; Value = "4"; VariantName = "[No Variations]"
Add component (AddParameter): Name = "Pitch"; Value = "4.2mm"; VariantName = "[No Variations]"
Add component (AddParameter): Name = "Series"; Value = "Minifit Jr 5569"; VariantName = "[No Variations]"
Add component (AddParameter): Name = "Supplier 1"; Value = "Digi-Key"; VariantName = "[No Variations]"
Add component (AddParameter): Name = "Supplier Part Number 1"; Value = "WM13112-ND"; VariantName = "[No Variations]"
Add component (AddParameter): Name = "Verified By"; Value = ""; VariantName = "[No Variations]"
Added Pin To Net: NetName=BRD_SCL Pin=CARD1-31
Added Pin To Net: NetName=BRD_SCL Pin=CARD2-31
Added Net: Name=BRD_SCL
Added Pin To Net: NetName=BRD_SDA Pin=CARD1-32
Added Pin To Net: NetName=BRD_SDA Pin=CARD2-32
Added Net: Name=BRD_SDA
Added Pin To Net: NetName=SENS_SCL Pin=CARD1-29
Added Pin To Net: NetName=SENS_SCL Pin=CARD2-29
Added Net: Name=SENS_SCL
Added Pin To Net: NetName=SENS_SDA Pin=CARD1-30
Added Pin To Net: NetName=SENS_SDA Pin=CARD2-30
Added Net: Name=SENS_SDA
Added Member To Class: ClassName=Sch_Sheet_Template Member=Component J3 4 POS R/A
Added Room: Name=Ethernet
Added Room: Name=Sch_Sheet_Template
Added Room: Name=U_RP2040
