Added Pin To Net: NetName=ACC_PWR Pin=CARD1-17
Added Pin To Net: NetName=ACC_PWR Pin=CARD2-17
Added Net: Name=ACC_PWR
Added Pin To Net: NetName=CPU2_PWR Pin=CARD1-19
Added Pin To Net: NetName=CPU2_PWR Pin=CARD2-19
Added Net: Name=CPU2_PWR
Added Pin To Net: NetName=CPU_PWR Pin=CARD1-18
Added Pin To Net: NetName=CPU_PWR Pin=CARD2-18
Added Net: Name=CPU_PWR
Added Pin To Net: NetName=SPARE1 Pin=CARD1-7
Added Pin To Net: NetName=SPARE1 Pin=CARD2-7
Added Net: Name=SPARE1
Added Pin To Net: NetName=SPARE2 Pin=CARD1-28
Added Pin To Net: NetName=SPARE2 Pin=CARD2-28
Added Net: Name=SPARE2
Added Pin To Net: NetName=SPARE3 Pin=CARD1-33
Added Pin To Net: NetName=SPARE3 Pin=CARD2-33
Added Net: Name=SPARE3
Added Pin To Net: NetName=SPARE4 Pin=CARD1-34
Added Pin To Net: NetName=SPARE4 Pin=CARD2-34
Added Net: Name=SPARE4
Added Pin To Net: NetName=SPARE5 Pin=CARD1-35
Added Pin To Net: NetName=SPARE5 Pin=CARD2-35
Added Net: Name=SPARE5
Added Pin To Net: NetName=SPARE6 Pin=CARD1-36
Added Pin To Net: NetName=SPARE6 Pin=CARD2-36
Added Net: Name=SPARE6
Added Pin To Net: NetName=SPARE7 Pin=CARD1-43
Added Pin To Net: NetName=SPARE7 Pin=CARD2-43
Added Net: Name=SPARE7
Added Pin To Net: NetName=SPARE8 Pin=CARD1-50
Added Pin To Net: NetName=SPARE8 Pin=CARD2-50
Added Net: Name=SPARE8
Added Room: Name=Ethernet
Added Room: Name=Sch_Sheet_Template
Added Room: Name=U_RP2040
