Change Component Designator: OldDesignator=C? NewDesignator=C1
Change Component Designator: OldDesignator=C? NewDesignator=C2
Change Component Designator: OldDesignator=C? NewDesignator=C3
Change Component Designator: OldDesignator=C? NewDesignator=C4
Change Component Designator: OldDesignator=C? NewDesignator=C5
Change Component Designator: OldDesignator=C? NewDesignator=C6
Change Component Designator: OldDesignator=C? NewDesignator=C7
Change Component Designator: OldDesignator=C? NewDesignator=C8
Change Component Designator: OldDesignator=C? NewDesignator=C9
Change Component Designator: OldDesignator=C? NewDesignator=C10
Change Component Designator: OldDesignator=C? NewDesignator=C11
Change Component Designator: OldDesignator=C? NewDesignator=C12
Change Component Designator: OldDesignator=C? NewDesignator=C13
Change Component Designator: OldDesignator=C? NewDesignator=C14
Change Component Designator: OldDesignator=L? NewDesignator=L1
Change Component Designator: OldDesignator=L? NewDesignator=L2
Change Component Designator: OldDesignator=L? NewDesignator=L3
Change Component Designator: OldDesignator=R? NewDesignator='
Change Component Designator: OldDesignator=R? NewDesignator=R1
Change Component Designator: OldDesignator=R? NewDesignator=R2
Change Component Designator: OldDesignator=R? NewDesignator=R3
Change Component Designator: OldDesignator=R? NewDesignator=R5
Change Component Designator: OldDesignator=R? NewDesignator=R6
Change Component Designator: OldDesignator=R? NewDesignator=R7
Change Component Designator: OldDesignator=R? NewDesignator=R8
Change Component Designator: OldDesignator=R? NewDesignator=R9
Change Component Designator: OldDesignator=R? NewDesignator=R10
Change Component Designator: OldDesignator=R? NewDesignator=R11
Change Component Designator: OldDesignator=R? NewDesignator=R12
Change Component Designator: OldDesignator=R? NewDesignator=R14
Change Component Designator: OldDesignator=R? NewDesignator=R15
Change Component Designator: OldDesignator=R? NewDesignator=R16
Change Component Designator: OldDesignator=R? NewDesignator=R17
Change Component Designator: OldDesignator=R? NewDesignator=R18
Change Component Designator: OldDesignator=R? NewDesignator=R19
Change Net Name : Old Net Name=NetC?_1 New Net Name=NetC1_1
Change Net Name : Old Net Name=NetR?_1 New Net Name=NetR19_1
Change Net Name : Old Net Name=NetR?_2 New Net Name=NetR7_2
Added Pin To Net: NetName=Net'_2 Pin='-2
Added Pin To Net: NetName=Net'_2 Pin=U2-29
Added Net: Name=Net'_2
Added Pin To Net: NetName=NetC4_1 Pin=C4-1
Added Pin To Net: NetName=NetC4_1 Pin=R15-2
Added Pin To Net: NetName=NetC4_1 Pin=R16-2
Added Net: Name=NetC4_1
Added Pin To Net: NetName=NetC5_1 Pin=C5-1
Added Pin To Net: NetName=NetC5_1 Pin=R17-2
Added Pin To Net: NetName=NetC5_1 Pin=R18-2
Added Net: Name=NetC5_1
Added Pin To Net: NetName=NetR1_2 Pin=R1-2
Added Pin To Net: NetName=NetR1_2 Pin=U2-7
Added Net: Name=NetR1_2
Added Pin To Net: NetName=NetR2_2 Pin=R2-2
Added Pin To Net: NetName=NetR2_2 Pin=U2-31
Added Net: Name=NetR2_2
Added Pin To Net: NetName=NetR3_2 Pin=R3-2
Added Pin To Net: NetName=NetR3_2 Pin=U2-30
Added Net: Name=NetR3_2
Added Pin To Net: NetName=NetR8_2 Pin=R8-2
Added Pin To Net: NetName=NetR8_2 Pin=U2-6
Added Net: Name=NetR8_2
Added Pin To Net: NetName=NetR9_2 Pin=R9-2
Added Pin To Net: NetName=NetR9_2 Pin=U2-41
Added Net: Name=NetR9_2
Added Pin To Net: NetName=NetR10_2 Pin=R10-2
Added Pin To Net: NetName=NetR10_2 Pin=U2-40
Added Net: Name=NetR10_2
Added Pin To Net: NetName=NetR11_2 Pin=R11-2
Added Pin To Net: NetName=NetR11_2 Pin=U2-46
Added Net: Name=NetR11_2
Added Pin To Net: NetName=NetR12_1 Pin=R12-1
Added Pin To Net: NetName=NetR12_1 Pin=U2-45
Added Net: Name=NetR12_1
Added Pin To Net: NetName=NetR14_1 Pin=R14-1
Added Pin To Net: NetName=NetR14_1 Pin=U2-12
Added Net: Name=NetR14_1
Added Pin To Net: NetName=NetR19_2 Pin=R19-2
Added Pin To Net: NetName=NetR19_2 Pin=U2-2
Added Pin To Net: NetName=NetR19_2 Pin=Y?-1
Added Net: Name=NetR19_2
Added Member To Class: ClassName=Ethernet Member=Component ' 10k Ohm 5% 1/10W
Added Member To Class: ClassName=Ethernet Member=Component C1 100nF Ceramic 6.3V
Added Member To Class: ClassName=Ethernet Member=Component C2 10uF Ceramic 6.3V
Added Member To Class: ClassName=Ethernet Member=Component C3 1uF Ceramic 16V
Added Member To Class: ClassName=Ethernet Member=Component C4 100nF Ceramic 6.3V
Added Member To Class: ClassName=Ethernet Member=Component C5 100nF Ceramic 6.3V
Added Member To Class: ClassName=Ethernet Member=Component C6 100nF Ceramic 6.3V
Added Member To Class: ClassName=Ethernet Member=Component C7 1uF Ceramic 16V
Added Member To Class: ClassName=Ethernet Member=Component C8 100nF Ceramic 6.3V
Added Member To Class: ClassName=Ethernet Member=Component C9 100nF Ceramic 6.3V
Added Member To Class: ClassName=Ethernet Member=Component C10 1uF Ceramic 16V
Added Member To Class: ClassName=Ethernet Member=Component C11 10uF Ceramic 6.3V
Added Member To Class: ClassName=Ethernet Member=Component C12 100nF Ceramic 6.3V
Added Member To Class: ClassName=Ethernet Member=Component C14 10uF Ceramic 6.3V
Added Member To Class: ClassName=Ethernet Member=Component L1 HH-1M1608-121JT
Added Member To Class: ClassName=Ethernet Member=Component L3 HH-1M1608-121JT
Added Member To Class: ClassName=Ethernet Member=Component R1 10k Ohm 5% 1/10W
Added Member To Class: ClassName=Ethernet Member=Component R2 10k Ohm 5% 1/10W
Added Member To Class: ClassName=Ethernet Member=Component R3 10k Ohm 5% 1/10W
Added Member To Class: ClassName=Ethernet Member=Component R5 10k Ohm 5% 1/10W
Added Member To Class: ClassName=Ethernet Member=Component R6 10k Ohm 5% 1/10W
Added Member To Class: ClassName=Ethernet Member=Component R7 10k Ohm 5% 1/10W
Added Member To Class: ClassName=Ethernet Member=Component R8 10k Ohm 5% 1/10W
Added Member To Class: ClassName=Ethernet Member=Component R9 10k Ohm 5% 1/10W
Added Member To Class: ClassName=Ethernet Member=Component R10 10k Ohm 5% 1/10W
Added Member To Class: ClassName=Ethernet Member=Component R11 10k Ohm 5% 1/10W
Added Member To Class: ClassName=Ethernet Member=Component R12 10k Ohm 5% 1/10W
Added Member To Class: ClassName=Ethernet Member=Component R14 K / 1%
Added Member To Class: ClassName=Ethernet Member=Component R15 2.1k Ohm 5% 1/8W
Added Member To Class: ClassName=Ethernet Member=Component R16 2.1k Ohm 5% 1/8W
Added Member To Class: ClassName=Ethernet Member=Component R18 2.1k Ohm 5% 1/8W
Added Member To Class: ClassName=Ethernet Member=Component R19 1M
Added Room: Name=Sch_Sheet_Template
