Removed Member From Class: ClassName=Sch_Sheet_Template Member=J*
Removed Member From Class: ClassName=Sch_Sheet_Template Member=J?
Change Component Designator: OldDesignator=J? NewDesignator=J1
Added Component: Designator=CARD1(SOCKET_BACKPLANE_EDGE_CONN)
Add component (AddParameter): Name = "Made By"; Value = "Robert Pafford"; VariantName = "[No Variations]"
Add component (AddParameter): Name = "Supplier 1"; Value = "Digi-Key"; VariantName = "[No Variations]"
Add component (AddParameter): Name = "Supplier Part Number 1"; Value = "A31719-ND"; VariantName = "[No Variations]"
Added Component: Designator=CARD2(SOCKET_BACKPLANE_EDGE_CONN)
Add component (AddParameter): Name = "Made By"; Value = "Robert Pafford"; VariantName = "[No Variations]"
Add component (AddParameter): Name = "Supplier 1"; Value = "Digi-Key"; VariantName = "[No Variations]"
Add component (AddParameter): Name = "Supplier Part Number 1"; Value = "A31719-ND"; VariantName = "[No Variations]"
Added Pin To Net: NetName=GND_RP2040 Pin=J1-5
Added Pin To Net: NetName=GND_RP2040 Pin=J1-6
Added Pin To Net: NetName=GND_RP2040 Pin=J1-7
Added Pin To Net: NetName=GND_RP2040 Pin=J1-8
Added Pin To Net: NetName=GND_RP2040 Pin=J1-9
Added Pin To Net: NetName=+5 Pin=J1-1
Added Net: Name=+5
Added Pin To Net: NetName=NetCARD1_1*6 Pin=CARD1-1
Added Pin To Net: NetName=NetCARD1_1*6 Pin=CARD1-2
Added Pin To Net: NetName=NetCARD1_1*6 Pin=CARD1-3
Added Pin To Net: NetName=NetCARD1_1*6 Pin=CARD1-54
Added Pin To Net: NetName=NetCARD1_1*6 Pin=CARD1-55
Added Pin To Net: NetName=NetCARD1_1*6 Pin=CARD1-56
Added Net: Name=NetCARD1_1*6
Added Pin To Net: NetName=NetCARD1_4*12 Pin=CARD1-4
Added Pin To Net: NetName=NetCARD1_4*12 Pin=CARD1-5
Added Pin To Net: NetName=NetCARD1_4*12 Pin=CARD1-6
Added Pin To Net: NetName=NetCARD1_4*12 Pin=CARD1-8
Added Pin To Net: NetName=NetCARD1_4*12 Pin=CARD1-9
Added Pin To Net: NetName=NetCARD1_4*12 Pin=CARD1-10
Added Pin To Net: NetName=NetCARD1_4*12 Pin=CARD1-47
Added Pin To Net: NetName=NetCARD1_4*12 Pin=CARD1-48
Added Pin To Net: NetName=NetCARD1_4*12 Pin=CARD1-49
Added Pin To Net: NetName=NetCARD1_4*12 Pin=CARD1-51
Added Pin To Net: NetName=NetCARD1_4*12 Pin=CARD1-52
Added Pin To Net: NetName=NetCARD1_4*12 Pin=CARD1-53
Added Net: Name=NetCARD1_4*12
Added Pin To Net: NetName=NetCARD1_11*6 Pin=CARD1-11
Added Pin To Net: NetName=NetCARD1_11*6 Pin=CARD1-12
Added Pin To Net: NetName=NetCARD1_11*6 Pin=CARD1-13
Added Pin To Net: NetName=NetCARD1_11*6 Pin=CARD1-44
Added Pin To Net: NetName=NetCARD1_11*6 Pin=CARD1-45
Added Pin To Net: NetName=NetCARD1_11*6 Pin=CARD1-46
Added Net: Name=NetCARD1_11*6
Added Pin To Net: NetName=NetCARD2_1*6 Pin=CARD2-1
Added Pin To Net: NetName=NetCARD2_1*6 Pin=CARD2-2
Added Pin To Net: NetName=NetCARD2_1*6 Pin=CARD2-3
Added Pin To Net: NetName=NetCARD2_1*6 Pin=CARD2-54
Added Pin To Net: NetName=NetCARD2_1*6 Pin=CARD2-55
Added Pin To Net: NetName=NetCARD2_1*6 Pin=CARD2-56
Added Net: Name=NetCARD2_1*6
Added Pin To Net: NetName=NetCARD2_4*12 Pin=CARD2-4
Added Pin To Net: NetName=NetCARD2_4*12 Pin=CARD2-5
Added Pin To Net: NetName=NetCARD2_4*12 Pin=CARD2-6
Added Pin To Net: NetName=NetCARD2_4*12 Pin=CARD2-8
Added Pin To Net: NetName=NetCARD2_4*12 Pin=CARD2-9
Added Pin To Net: NetName=NetCARD2_4*12 Pin=CARD2-10
Added Pin To Net: NetName=NetCARD2_4*12 Pin=CARD2-47
Added Pin To Net: NetName=NetCARD2_4*12 Pin=CARD2-48
Added Pin To Net: NetName=NetCARD2_4*12 Pin=CARD2-49
Added Pin To Net: NetName=NetCARD2_4*12 Pin=CARD2-51
Added Pin To Net: NetName=NetCARD2_4*12 Pin=CARD2-52
Added Pin To Net: NetName=NetCARD2_4*12 Pin=CARD2-53
Added Net: Name=NetCARD2_4*12
Added Pin To Net: NetName=NetCARD2_11*6 Pin=CARD2-11
Added Pin To Net: NetName=NetCARD2_11*6 Pin=CARD2-12
Added Pin To Net: NetName=NetCARD2_11*6 Pin=CARD2-13
Added Pin To Net: NetName=NetCARD2_11*6 Pin=CARD2-44
Added Pin To Net: NetName=NetCARD2_11*6 Pin=CARD2-45
Added Pin To Net: NetName=NetCARD2_11*6 Pin=CARD2-46
Added Net: Name=NetCARD2_11*6
Added Pin To Net: NetName=USB_N Pin=J1-2
Added Pin To Net: NetName=USB_N Pin=R3_RP2040-1
Added Net: Name=USB_N
Added Pin To Net: NetName=USB_P Pin=J1-3
Added Pin To Net: NetName=USB_P Pin=R2_RP2040-1
Added Net: Name=USB_P
Added Differential Pair: Name=USB
Added Member To Class: ClassName=Sch_Sheet_Template Member=Component CARD1 BACKPLANE_EDGE_SOCKET
Added Member To Class: ClassName=Sch_Sheet_Template Member=Component CARD2 BACKPLANE_EDGE_SOCKET
Added Member To Class: ClassName=Sch_Sheet_Template Member=Component J1 USB_MICRO R/A
Added Member To Class: ClassName=USB 2.0 Member=USB
