Change Component Designator: OldDesignator=' NewDesignator=R23
Change Component Designator: OldDesignator=C1 NewDesignator=C15
Change Component Designator: OldDesignator=C1_RP NewDesignator=C1_RP2040
Change Component Designator: OldDesignator=C2 NewDesignator=C16
Change Component Designator: OldDesignator=C2_RP NewDesignator=C2_RP2040
Change Component Designator: OldDesignator=C3 NewDesignator=C17
Change Component Designator: OldDesignator=C3_RP NewDesignator=C3_RP2040
Change Component Designator: OldDesignator=C4 NewDesignator=C27
Change Component Designator: OldDesignator=C4_RP NewDesignator=C4_RP2040
Change Component Designator: OldDesignator=C5 NewDesignator=C28
Change Component Designator: OldDesignator=C5_RP NewDesignator=C5_RP2040
Change Component Designator: OldDesignator=C6 NewDesignator=C18
Change Component Designator: OldDesignator=C6_RP NewDesignator=C6_RP2040
Change Component Designator: OldDesignator=C7 NewDesignator=C19
Change Component Designator: OldDesignator=C7_RP NewDesignator=C7_RP2040
Change Component Designator: OldDesignator=C8 NewDesignator=C20
Change Component Designator: OldDesignator=C8_RP NewDesignator=C8_RP2040
Change Component Designator: OldDesignator=C9 NewDesignator=C21
Change Component Designator: OldDesignator=C9_RP NewDesignator=C9_RP2040
Change Component Designator: OldDesignator=C10 NewDesignator=C22
Change Component Designator: OldDesignator=C10_RP NewDesignator=C10_RP2040
Change Component Designator: OldDesignator=C11 NewDesignator=C23
Change Component Designator: OldDesignator=C11_RP NewDesignator=C11_RP2040
Change Component Designator: OldDesignator=C12 NewDesignator=C24
Change Component Designator: OldDesignator=C12_RP NewDesignator=C12_RP2040
Change Component Designator: OldDesignator=C13 NewDesignator=C25
Change Component Designator: OldDesignator=C13_RP NewDesignator=C13_RP2040
Change Component Designator: OldDesignator=C14 NewDesignator=C26
Change Component Designator: OldDesignator=C14_RP NewDesignator=C14_RP2040
Change Component Designator: OldDesignator=J1_RP NewDesignator=J1_RP2040
Change Component Designator: OldDesignator=R1 NewDesignator=R20
Change Component Designator: OldDesignator=R1_RP NewDesignator=R1_RP2040
Change Component Designator: OldDesignator=R2 NewDesignator=R21
Change Component Designator: OldDesignator=R2_RP NewDesignator=R2_RP2040
Change Component Designator: OldDesignator=R3 NewDesignator=R22
Change Component Designator: OldDesignator=R3_RP NewDesignator=R3_RP2040
Change Component Designator: OldDesignator=R4_RP NewDesignator=R4_RP2040
Change Component Designator: OldDesignator=R5 NewDesignator=R24
Change Component Designator: OldDesignator=R5_RP NewDesignator=R5_RP2040
Change Component Designator: OldDesignator=R6 NewDesignator=R25
Change Component Designator: OldDesignator=R6_RP NewDesignator=R6_RP2040
Change Component Designator: OldDesignator=R7 NewDesignator=R26
Change Component Designator: OldDesignator=R7_RP NewDesignator=R7_RP2040
Change Component Designator: OldDesignator=R8 NewDesignator=R27
Change Component Designator: OldDesignator=SW1_RP NewDesignator=SW1_RP2040
Change Component Designator: OldDesignator=SW2_RP NewDesignator=SW2_RP2040
Change Component Designator: OldDesignator=U1_RP NewDesignator=U1_RP2040
Change Component Designator: OldDesignator=U2_RP NewDesignator=U2_RP2040
Change Component Designator: OldDesignator=Y1_RP NewDesignator=Y1_RP2040
Change Net Name : Old Net Name=Net'_2 New Net Name=NetR23_2
Change Net Name : Old Net Name=NetC1_1 New Net Name=NetC15_1
Change Net Name : Old Net Name=NetC4_1 New Net Name=NetC27_1
Change Net Name : Old Net Name=NetC5_1 New Net Name=NetC28_1
Change Net Name : Old Net Name=NetR1_2 New Net Name=NetR20_2
Change Net Name : Old Net Name=NetR2_2 New Net Name=NetR21_2
Change Net Name : Old Net Name=NetR3_2 New Net Name=NetR22_2
Change Net Name : Old Net Name=NetR7_2 New Net Name=NetR26_2
Change Net Name : Old Net Name=NetR8_2 New Net Name=NetR27_2
Added Member To Class: ClassName=Ethernet Member=Component C25 1uF Ceramic 16V
Added Member To Class: ClassName=Ethernet Member=Component R17 2.1k Ohm 5% 1/8W
Added Room: Name=Sch_Sheet_Template
Added Room: Name=U_RP2040
