Removed Pin From Net: NetName=3V3_RP2040 Pin=C30-1
Removed Pin From Net: NetName=3V3_RP2040 Pin=U3-2
Removed Pin From Net: NetName=3V3_RP2040 Pin=U3-4
Add Component: Footprint Not Found TSOT-23_S6
Added Pin To Net: NetName=3V3_RP2040 Pin=CARD1-1
Added Pin To Net: NetName=3V3_RP2040 Pin=CARD1-2
Added Pin To Net: NetName=3V3_RP2040 Pin=CARD1-3
Added Pin To Net: NetName=3V3_RP2040 Pin=CARD1-54
Added Pin To Net: NetName=3V3_RP2040 Pin=CARD1-55
Added Pin To Net: NetName=3V3_RP2040 Pin=CARD1-56
Added Pin To Net: NetName=3V3_RP2040 Pin=CARD2-1
Added Pin To Net: NetName=3V3_RP2040 Pin=CARD2-2
Added Pin To Net: NetName=3V3_RP2040 Pin=CARD2-3
Added Pin To Net: NetName=3V3_RP2040 Pin=CARD2-54
Added Pin To Net: NetName=3V3_RP2040 Pin=CARD2-55
Added Pin To Net: NetName=3V3_RP2040 Pin=CARD2-56
Added Pin To Net: NetName=3V3_RP2040 Pin=D1-4
Added Pin To Net: NetName=3V3_RP2040 Pin=J3-4
Added Pin To Net: NetName=3V3_RP2040 Pin=R28-1
Added Pin To Net: NetName=3V3_RP2040 Pin=R29-1
Added Pin To Net: NetName=3V3_RP2040 Pin=R30-1
Added Pin To Net: NetName=3V3_RP2040 Pin=R31-1
Add Pin To Net: Unknown Pin: Pin U4-2
Add Pin To Net: Unknown Pin: Pin U4-3
Add Pin To Net: Unknown Pin: Pin U4-5
Add Pin To Net: Unknown Pin: Pin U4-6
Added Pin To Net: NetName=3V3U Pin=C30-1
Added Pin To Net: NetName=3V3U Pin=U3-2
Added Pin To Net: NetName=3V3U Pin=U3-4
Added Pin To Net: NetName=3V3U Pin=U5-2
Added Net: Name=3V3U
Add Class Member: Failed to add class member : Component U4 LTC4412ES6TRPBF
Added Room: Name=Ethernet
Added Room: Name=Sch_Sheet_Template
Added Room: Name=U_RP2040
