Added Pin To Net: NetName=3V3_RP2040 Pin=CARD1-1
Added Pin To Net: NetName=3V3_RP2040 Pin=CARD1-2
Added Pin To Net: NetName=3V3_RP2040 Pin=CARD1-3
Added Pin To Net: NetName=GND_RP2040 Pin=CARD1-4
Added Pin To Net: NetName=GND_RP2040 Pin=CARD1-5
Added Pin To Net: NetName=GND_RP2040 Pin=CARD1-6
Added Pin To Net: NetName=GND_RP2040 Pin=CARD1-8
Added Pin To Net: NetName=GND_RP2040 Pin=CARD1-9
Added Pin To Net: NetName=GND_RP2040 Pin=CARD1-10
Added Pin To Net: NetName=GND_RP2040 Pin=CARD1-47
Added Pin To Net: NetName=GND_RP2040 Pin=CARD1-48
Added Pin To Net: NetName=GND_RP2040 Pin=CARD1-49
Added Pin To Net: NetName=GND_RP2040 Pin=CARD1-51
Added Pin To Net: NetName=GND_RP2040 Pin=CARD1-52
Added Pin To Net: NetName=GND_RP2040 Pin=CARD1-53
Added Pin To Net: NetName=3V3_RP2040 Pin=CARD1-54
Added Pin To Net: NetName=3V3_RP2040 Pin=CARD1-55
Added Pin To Net: NetName=3V3_RP2040 Pin=CARD1-56
Added Pin To Net: NetName=3V3_RP2040 Pin=CARD2-1
Added Pin To Net: NetName=3V3_RP2040 Pin=CARD2-2
Added Pin To Net: NetName=3V3_RP2040 Pin=CARD2-3
Added Pin To Net: NetName=GND_RP2040 Pin=CARD2-4
Added Pin To Net: NetName=GND_RP2040 Pin=CARD2-5
Added Pin To Net: NetName=GND_RP2040 Pin=CARD2-6
Added Pin To Net: NetName=GND_RP2040 Pin=CARD2-8
Added Pin To Net: NetName=GND_RP2040 Pin=CARD2-9
Added Pin To Net: NetName=GND_RP2040 Pin=CARD2-10
Added Pin To Net: NetName=NetCARD1_11*6 Pin=CARD2-11
Added Pin To Net: NetName=NetCARD1_11*6 Pin=CARD2-12
Added Pin To Net: NetName=NetCARD1_11*6 Pin=CARD2-13
Added Pin To Net: NetName=NetCARD1_11*6 Pin=CARD2-44
Added Pin To Net: NetName=NetCARD1_11*6 Pin=CARD2-45
Added Pin To Net: NetName=NetCARD1_11*6 Pin=CARD2-46
Added Pin To Net: NetName=GND_RP2040 Pin=CARD2-47
Added Pin To Net: NetName=GND_RP2040 Pin=CARD2-48
Added Pin To Net: NetName=GND_RP2040 Pin=CARD2-49
Added Pin To Net: NetName=GND_RP2040 Pin=CARD2-51
Added Pin To Net: NetName=GND_RP2040 Pin=CARD2-52
Added Pin To Net: NetName=GND_RP2040 Pin=CARD2-53
Added Pin To Net: NetName=3V3_RP2040 Pin=CARD2-54
Added Pin To Net: NetName=3V3_RP2040 Pin=CARD2-55
Added Pin To Net: NetName=3V3_RP2040 Pin=CARD2-56
Added Pin To Net: NetName=NetCARD1_11*6 Pin=J1-1
Change Net Name : Old Net Name=NetCARD1_11*6 New Net Name=+5
Added Room: Name=Ethernet
Added Room: Name=Sch_Sheet_Template
Added Room: Name=U_RP2040
