Removed Pin From Net: NetName=HBRIDGE1_nFAULT Pin=U1R-4
Removed Pin From Net: NetName=HBRIDGE2_PH Pin=U1R-5
Removed Pin From Net: NetName=HBRIDGE2_EN Pin=U1R-6
Removed Pin From Net: NetName=HBRIDGE2_nFAULT Pin=U1R-7
Removed Pin From Net: NetName=HBRIDGE3_PH Pin=U1R-8
Removed Pin From Net: NetName=HBRIDGE3_EN Pin=U1R-9
Removed Pin From Net: NetName=HBRIDGE3_nFAULT Pin=U1R-11
Removed Pin From Net: NetName=HBRIDGE4_PH Pin=U1R-12
Removed Pin From Net: NetName=HBRIDGE4_EN Pin=U1R-13
Removed Pin From Net: NetName=HBRIDGE4_nFAULT Pin=U1R-14
Removed Pin From Net: NetName=HBRIDGE4_IPROPI Pin=U1R-38
Removed Pin From Net: NetName=HBRIDGE1_IPROPI Pin=U1R-39
Removed Pin From Net: NetName=HBRIDGE2_IPROPI Pin=U1R-40
Removed Pin From Net: NetName=HBRIDGE3_IPROPI Pin=U1R-41
Change Component Comment : Designator=R20 Old Comment=RC0402FR-07210RL New Comment=210
Change Component Designator: OldDesignator=DRVOFF NewDesignator=TP1
Change Component Designator: OldDesignator=EN1 NewDesignator=TP2
Change Component Designator: OldDesignator=EN2 NewDesignator=TP3
Change Component Designator: OldDesignator=EN3 NewDesignator=TP7
Change Component Designator: OldDesignator=EN4 NewDesignator=TP8
Change Component Designator: OldDesignator=nSLEEP NewDesignator=TP4
Change Component Designator: OldDesignator=PH1 NewDesignator=TP5
Change Component Designator: OldDesignator=PH2 NewDesignator=TP6
Change Component Designator: OldDesignator=PH3 NewDesignator=TP9
Change Component Designator: OldDesignator=PH4 NewDesignator=TP10
Change Component Description : Designator=F1 Old Description=Bel Fuse New Description=Bel Fuse  | 15A | 32V DC | SMD | Fast Blow | 1206
Change Component Description : Designator=F2 Old Description=Bel Fuse New Description=Bel Fuse  | 15A | 32V DC | SMD | Fast Blow | 1206
Change Component Description : Designator=F4 Old Description=Bel Fuse New Description=Bel Fuse  | 15A | 32V DC | SMD | Fast Blow | 1206
Change Component Description : Designator=F5 Old Description=Bel Fuse New Description=Bel Fuse  | 15A | 32V DC | SMD | Fast Blow | 1206
Change Component Description : Designator=F3 Old Description=Eaton New Description=Eaton  | 60A | 80V DC | SMD | Fast Blow | 2-SMD
Change Component Description : Designator=D1 Old Description=Zener Diode New Description=Zener Diode | 10 V | 410 mW | SOD 123
Added Component: Designator=C?(CAPACITOR_0402)
Add component (AddParameter): Name = "Made By"; Value = "Robert Pafford"; VariantName = "[No Variations]"
Add component (AddParameter): Name = "Supplier 1"; Value = "Future Electronics"; VariantName = "[No Variations]"
Add component (AddParameter): Name = "Supplier Part Number 1"; Value = "7029569"; VariantName = "[No Variations]"
Add component (AddParameter): Name = "Tolerance"; Value = "+/- 10%"; VariantName = "[No Variations]"
Add component (AddParameter): Name = "Value"; Value = "0.1uF"; VariantName = "[No Variations]"
Add component (AddParameter): Name = "Verified By"; Value = ""; VariantName = "[No Variations]"
Add component (AddParameter): Name = "Voltage"; Value = "25V"; VariantName = "[No Variations]"
Added Component: Designator=C?(CAP_EEHZC1J100P)
Add component (AddParameter): Name = "Made by"; Value = "Robert Pafford"; VariantName = "[No Variations]"
Add component (AddParameter): Name = "Max Voltage"; Value = "63V"; VariantName = "[No Variations]"
Add component (AddParameter): Name = "Supplier 1"; Value = "Digi-Key"; VariantName = "[No Variations]"
Add component (AddParameter): Name = "Supplier Part Number 1"; Value = "P15466CT-ND"; VariantName = "[No Variations]"
Add component (AddParameter): Name = "Tolerance"; Value = "+/- 20%"; VariantName = "[No Variations]"
Add component (AddParameter): Name = "Value"; Value = "10uF"; VariantName = "[No Variations]"
Added Component: Designator=C?(CAPACITOR_0805)
Add component (AddParameter): Name = "Made By"; Value = "Robert Pafford"; VariantName = "[No Variations]"
Add component (AddParameter): Name = "Supplier 1"; Value = "Newark"; VariantName = "[No Variations]"
Add component (AddParameter): Name = "Supplier Part Number 1"; Value = "38AH3645"; VariantName = "[No Variations]"
Add component (AddParameter): Name = "Tolerance"; Value = "+/- 10%"; VariantName = "[No Variations]"
Add component (AddParameter): Name = "Value"; Value = "0.1uF"; VariantName = "[No Variations]"
Add component (AddParameter): Name = "Verified By"; Value = ""; VariantName = "[No Variations]"
Add component (AddParameter): Name = "Voltage"; Value = "50V"; VariantName = "[No Variations]"
Added Component: Designator=F?(0501Series_LTF)
Add component (AddParameter): Name = "Breaking Capacity"; Value = "150A"; VariantName = "[No Variations]"
Add component (AddParameter): Name = "Created By"; Value = "Nathan Ayer"; VariantName = "[No Variations]"
Add component (AddParameter): Name = "Current Rating"; Value = "15"; VariantName = "[No Variations]"
Add component (AddParameter): Name = "Manufacturer_Part_Number"; Value = "0685H9150-01"; VariantName = "[No Variations]"
Add component (AddParameter): Name = "Mfr_Name"; Value = "Bel Fuse"; VariantName = "[No Variations]"
Add component (AddParameter): Name = "Package"; Value = "1206"; VariantName = "[No Variations]"
Add component (AddParameter): Name = "Response Time"; Value = "Fast Blow"; VariantName = "[No Variations]"
Add component (AddParameter): Name = "Voltage Rating"; Value = "32V"; VariantName = "[No Variations]"
Added Component: Designator=Q?(SOT-23-3)
Add component (AddParameter): Name = "Amp Rating"; Value = "5.8 A"; VariantName = "[No Variations]"
Add component (AddParameter): Name = "Created By"; Value = "Dylan T"; VariantName = "[No Variations]"
Add component (AddParameter): Name = "FET Type"; Value = "N-Channel"; VariantName = "[No Variations]"
Add component (AddParameter): Name = "Manufacturer _Part_Number"; Value = "AO3404A"; VariantName = "[No Variations]"
Add component (AddParameter): Name = "Package"; Value = "SOT23-3L"; VariantName = "[No Variations]"
Add component (AddParameter): Name = "Power Dissipation"; Value = "1.4W (Ta)"; VariantName = "[No Variations]"
Add component (AddParameter): Name = "Rds (on)"; Value = "28mOhm @ 5.8A, 10V"; VariantName = "[No Variations]"
Add component (AddParameter): Name = "SourceLibrary"; Value = "ON_Semiconductor_2020-01-13"; VariantName = "[No Variations]"
Add component (AddParameter): Name = "Supplier 1"; Value = "Digi-Key"; VariantName = "[No Variations]"
Add component (AddParameter): Name = "Supplier Part Number 1"; Value = "785-1004-1-ND"; VariantName = "[No Variations]"
Add component (AddParameter): Name = "Vdss"; Value = "30V"; VariantName = "[No Variations]"
Add component (AddParameter): Name = "Vendor"; Value = "Alpha & Omega Semiconductor Inc."; VariantName = "[No Variations]"
Add component (AddParameter): Name = "Verified By"; Value = ""; VariantName = "[No Variations]"
Add component (AddParameter): Name = "Vgs (Max)"; Value = "3V @ 5.8A, 10V"; VariantName = "[No Variations]"
Add component (AddParameter): Name = "Vgs (th)"; Value = "3V @ 250µA"; VariantName = "[No Variations]"
Added Component: Designator=Q?(MOSFET_7DP-T1-GE3_VIS)
Add component (AddParameter): Name = "Copyright"; Value = "Copyright (C) 2022 Ultra Librarian. All rights reserved."; VariantName = "[No Variations]"
Add component (AddParameter): Name = "Manufacturer_Part_Number"; Value = "SIR167DP-T1-GE3"; VariantName = "[No Variations]"
Add component (AddParameter): Name = "Mfr_Name"; Value = "Vishay"; VariantName = "[No Variations]"
Add component (AddParameter): Name = "RefDes"; Value = "RefDes"; VariantName = "[No Variations]"
Add component (AddParameter): Name = "Supplier 1"; Value = "Mouser"; VariantName = "[No Variations]"
Add component (AddParameter): Name = "Supplier Part Number 1"; Value = "78-SIR167DP-T1-GE3"; VariantName = "[No Variations]"
Add component (AddParameter): Name = "Type"; Value = "DEV"; VariantName = "[No Variations]"
Added Component: Designator=R?(RESISTOR_0603)
Add component (AddParameter): Name = "ComponentLink1Description"; Value = "Datasheet"; VariantName = "[No Variations]"
Add component (AddParameter): Name = "ComponentLink1URL"; Value = "https://www.bourns.com/docs/product-datasheets/CRxxxxx.pdf"; VariantName = "[No Variations]"
Add component (AddParameter): Name = "Digikey Part Numer"; Value = "CR0603-JW-104ELFTR-ND"; VariantName = "[No Variations]"
Add component (AddParameter): Name = "Made By"; Value = "Robert Pafford"; VariantName = "[No Variations]"
Add component (AddParameter): Name = "Supplier"; Value = "Digikey"; VariantName = "[No Variations]"
Add component (AddParameter): Name = "Supplier 1"; Value = "Digi-Key"; VariantName = "[No Variations]"
Add component (AddParameter): Name = "Supplier Part Number 1"; Value = "2019-RK73B1JTTD103JCT-ND"; VariantName = "[No Variations]"
Add component (AddParameter): Name = "Tolerance"; Value = "+/- 5%"; VariantName = "[No Variations]"
Add component (AddParameter): Name = "Value  (Ohms)"; Value = "10K"; VariantName = "[No Variations]"
Add component (AddParameter): Name = "Verified By"; Value = ""; VariantName = "[No Variations]"
Add component (AddParameter): Name = "Wattage"; Value = "1/8W"; VariantName = "[No Variations]"
Added Component: Designator=R?(RESISTOR_0603)
Add component (AddParameter): Name = "ComponentLink1Description"; Value = "Datasheet"; VariantName = "[No Variations]"
Add component (AddParameter): Name = "ComponentLink1URL"; Value = "https://www.bourns.com/docs/product-datasheets/CRxxxxx.pdf"; VariantName = "[No Variations]"
Add component (AddParameter): Name = "Digikey Part Numer"; Value = "CR0603-JW-104ELFTR-ND"; VariantName = "[No Variations]"
Add component (AddParameter): Name = "Made By"; Value = "Robert Pafford"; VariantName = "[No Variations]"
Add component (AddParameter): Name = "Supplier"; Value = "Digikey"; VariantName = "[No Variations]"
Add component (AddParameter): Name = "Supplier 1"; Value = "Digi-Key"; VariantName = "[No Variations]"
Add component (AddParameter): Name = "Supplier Part Number 1"; Value = "2019-RK73B1JTTD103JCT-ND"; VariantName = "[No Variations]"
Add component (AddParameter): Name = "Tolerance"; Value = "+/- 5%"; VariantName = "[No Variations]"
Add component (AddParameter): Name = "Value  (Ohms)"; Value = "10K"; VariantName = "[No Variations]"
Add component (AddParameter): Name = "Verified By"; Value = ""; VariantName = "[No Variations]"
Add component (AddParameter): Name = "Wattage"; Value = "1/8W"; VariantName = "[No Variations]"
Added Component: Designator=R?(RESISTOR_0402)
Add component (AddParameter): Name = "Made By"; Value = "Robert Pafford"; VariantName = "[No Variations]"
Add component (AddParameter): Name = "Supplier 1"; Value = "Digikey"; VariantName = "[No Variations]"
Add component (AddParameter): Name = "Supplier Part Number 1"; Value = "13-AC0402FR-070RLCT-ND"; VariantName = "[No Variations]"
Add component (AddParameter): Name = "Tolerance"; Value = "+/- 1%"; VariantName = "[No Variations]"
Add component (AddParameter): Name = "Value  (Ohms)"; Value = "0"; VariantName = "[No Variations]"
Add component (AddParameter): Name = "Verified By"; Value = ""; VariantName = "[No Variations]"
Add component (AddParameter): Name = "Wattage"; Value = "1/16W"; VariantName = "[No Variations]"
Added Component: Designator=R?(RESISTOR_0402)
Add component (AddParameter): Name = "Made By"; Value = "Robert Pafford"; VariantName = "[No Variations]"
Add component (AddParameter): Name = "Supplier 1"; Value = "Digikey"; VariantName = "[No Variations]"
Add component (AddParameter): Name = "Supplier Part Number 1"; Value = "13-AC0402FR-070RLCT-ND"; VariantName = "[No Variations]"
Add component (AddParameter): Name = "Tolerance"; Value = "+/- 1%"; VariantName = "[No Variations]"
Add component (AddParameter): Name = "Value  (Ohms)"; Value = "0"; VariantName = "[No Variations]"
Add component (AddParameter): Name = "Verified By"; Value = ""; VariantName = "[No Variations]"
Add component (AddParameter): Name = "Wattage"; Value = "1/16W"; VariantName = "[No Variations]"
Added Component: Designator=R?(RESISTOR_0402)
Add component (AddParameter): Name = "Digikey Part Numer"; Value = "CR0603-JW-104ELFTR-ND"; VariantName = "[No Variations]"
Add component (AddParameter): Name = "Made By"; Value = "Robert Pafford"; VariantName = "[No Variations]"
Add component (AddParameter): Name = "Supplier"; Value = "Digikey"; VariantName = "[No Variations]"
Add component (AddParameter): Name = "Supplier 1"; Value = "Digi-Key"; VariantName = "[No Variations]"
Add component (AddParameter): Name = "Supplier Part Number 1"; Value = "YAG3436CT-ND"; VariantName = "[No Variations]"
Add component (AddParameter): Name = "Tolerance"; Value = "+/- 1%"; VariantName = "[No Variations]"
Add component (AddParameter): Name = "Value  (Ohms)"; Value = "10K"; VariantName = "[No Variations]"
Add component (AddParameter): Name = "Verified By"; Value = ""; VariantName = "[No Variations]"
Add component (AddParameter): Name = "Wattage"; Value = "1/16W"; VariantName = "[No Variations]"
Added Component: Designator=R?(RESISTOR_0402)
Add component (AddParameter): Name = "Made By"; Value = "Robert Pafford"; VariantName = "[No Variations]"
Add component (AddParameter): Name = "Supplier 1"; Value = "Digikey"; VariantName = "[No Variations]"
Add component (AddParameter): Name = "Supplier Part Number 1"; Value = "13-AC0402FR-070RLCT-ND"; VariantName = "[No Variations]"
Add component (AddParameter): Name = "Tolerance"; Value = "+/- 1%"; VariantName = "[No Variations]"
Add component (AddParameter): Name = "Value  (Ohms)"; Value = "0"; VariantName = "[No Variations]"
Add component (AddParameter): Name = "Verified By"; Value = ""; VariantName = "[No Variations]"
Add component (AddParameter): Name = "Wattage"; Value = "1/16W"; VariantName = "[No Variations]"
Added Component: Designator=R?(RESISTOR_0402)
Add component (AddParameter): Name = "Made By"; Value = "Robert Pafford"; VariantName = "[No Variations]"
Add component (AddParameter): Name = "Supplier 1"; Value = "Digikey"; VariantName = "[No Variations]"
Add component (AddParameter): Name = "Supplier Part Number 1"; Value = "13-AC0402FR-070RLCT-ND"; VariantName = "[No Variations]"
Add component (AddParameter): Name = "Tolerance"; Value = "+/- 1%"; VariantName = "[No Variations]"
Add component (AddParameter): Name = "Value  (Ohms)"; Value = "0"; VariantName = "[No Variations]"
Add component (AddParameter): Name = "Verified By"; Value = ""; VariantName = "[No Variations]"
Add component (AddParameter): Name = "Wattage"; Value = "1/16W"; VariantName = "[No Variations]"
Added Component: Designator=TP?(TESTPOINT_1.2MM)
Add component (AddParameter): Name = "Made By"; Value = "Robert Pafford"; VariantName = "[No Variations]"
Added Component: Designator=TP?(TESTPOINT_1.2MM)
Add component (AddParameter): Name = "Made By"; Value = "Robert Pafford"; VariantName = "[No Variations]"
Added Component: Designator=U?(FP-RXY0014A-MFG)
Added Component: Designator=U?(D0016A_M)
Add component (AddParameter): Name = "Bandwidth(Max)(MHz)"; Value = "180"; VariantName = "[No Variations]"
Add component (AddParameter): Name = "Code_JEDEC"; Value = "MS-012 variation AC"; VariantName = "[No Variations]"
Add component (AddParameter): Name = "Configuration"; Value = "1 X 1:8 MUX"; VariantName = "[No Variations]"
Add component (AddParameter): Name = "Crosstalk"; Value = "Yes"; VariantName = "[No Variations]"
Add component (AddParameter): Name = "DatasheetVersion"; Value = "SCHS122J"; VariantName = "[No Variations]"
Add component (AddParameter): Name = "Generic Part Number"; Value = "CD74HC4051"; VariantName = "[No Variations]"
Add component (AddParameter): Name = "Manufacturer"; Value = "Texas Instruments"; VariantName = "[No Variations]"
Add component (AddParameter): Name = "Operating Temperature Range(C)"; Value = "-55 to 125"; VariantName = "[No Variations]"
Add component (AddParameter): Name = "Output Type"; Value = "CMOS"; VariantName = "[No Variations]"
Add component (AddParameter): Name = "PackageReference"; Value = "D0016A"; VariantName = "[No Variations]"
Add component (AddParameter): Name = "PackageVersion"; Value = "http://www.ti.com/lit/ml/mpds178g/mpds178g.pdf"; VariantName = "[No Variations]"
Add component (AddParameter): Name = "Rating"; Value = "Catalog"; VariantName = "[No Variations]"
Add component (AddParameter): Name = "Ron(Max)(Ohms)"; Value = "130"; VariantName = "[No Variations]"
Add component (AddParameter): Name = "Ron(Typ)(Ohms)"; Value = "45"; VariantName = "[No Variations]"
Add component (AddParameter): Name = "VCC(Max)(V)"; Value = "6"; VariantName = "[No Variations]"
Add component (AddParameter): Name = "VCC(Min)(V)"; Value = "2"; VariantName = "[No Variations]"
Added Pin To Net: NetName=GND Pin=C?-1
Added Pin To Net: NetName=GND Pin=C?-1
Added Pin To Net: NetName=5V Pin=C?-2
Added Pin To Net: NetName=GND Pin=C?-2
Added Pin To Net: NetName=VCC Pin=F?-1
Added Pin To Net: NetName=12V Pin=Q?-1
Added Pin To Net: NetName=12V Pin=Q?-2
Added Pin To Net: NetName=GND Pin=Q?-2
Added Pin To Net: NetName=12V Pin=Q?-3
Added Pin To Net: NetName=3V3_RP2CAN Pin=R?-1
Added Pin To Net: NetName=3V3_RP2CAN Pin=R?-1
Added Pin To Net: NetName=12V Pin=R?-1
Added Pin To Net: NetName=GND Pin=R?-2
Added Pin To Net: NetName=GND Pin=R?-2
Added Pin To Net: NetName=GND Pin=R?-2
Added Pin To Net: NetName=GND Pin=R?-2
Added Pin To Net: NetName=HBRIDGE2_PH Pin=U1R-4
Added Pin To Net: NetName=HBRIDGE2_EN Pin=U1R-5
Added Pin To Net: NetName=HBRIDGE3_PH Pin=U1R-6
Added Pin To Net: NetName=HBRIDGE3_EN Pin=U1R-7
Added Pin To Net: NetName=HBRIDGE4_PH Pin=U1R-8
Added Pin To Net: NetName=HBRIDGE4_EN Pin=U1R-9
Added Pin To Net: NetName=HBRIDGE3_IPROPI Pin=U?-1
Added Pin To Net: NetName=HBRIDGE1_IPROPI Pin=U?-2
Added Pin To Net: NetName=nSLEEP Pin=U?-3
Added Pin To Net: NetName=HBRIDGE4_IPROPI Pin=U?-4
Added Pin To Net: NetName=HBRIDGE2_IPROPI Pin=U?-5
Added Pin To Net: NetName=GND Pin=U?-6
Added Pin To Net: NetName=GND Pin=U?-6
Added Pin To Net: NetName=GND Pin=U?-7
Added Pin To Net: NetName=DRVOFF Pin=U?-8
Added Pin To Net: NetName=GND Pin=U?-8
Added Pin To Net: NetName=HBRIDGE1_nFAULT Pin=U?-12
Added Pin To Net: NetName=HBRIDGE4_nFAULT Pin=U?-13
Added Pin To Net: NetName=HBRIDGE3_nFAULT Pin=U?-14
Added Pin To Net: NetName=HBRIDGE2_nFAULT Pin=U?-15
Added Pin To Net: NetName=5V Pin=U?-16
Added Pin To Net: NetName=HBRIDGE5_EN Pin=TP?-TP
Added Pin To Net: NetName=HBRIDGE5_EN Pin=U1R-12
Added Pin To Net: NetName=HBRIDGE5_EN Pin=U?-9
Added Net: Name=HBRIDGE5_EN
Added Pin To Net: NetName=HBRIDGE5_IPROPI Pin=U?-2
Added Net: Name=HBRIDGE5_IPROPI
Added Pin To Net: NetName=HBRIDGE5_nFAULT Pin=R?-2
Added Pin To Net: NetName=HBRIDGE5_nFAULT Pin=U1R-14
Added Pin To Net: NetName=HBRIDGE5_nFAULT Pin=U?-1
Added Net: Name=HBRIDGE5_nFAULT
Added Pin To Net: NetName=HBRIDGE5_OUT1 Pin=U?-7
Added Net: Name=HBRIDGE5_OUT1
Added Pin To Net: NetName=HBRIDGE5_OUT2 Pin=U?-5
Added Net: Name=HBRIDGE5_OUT2
Added Pin To Net: NetName=HBRIDGE5_PH Pin=TP?-TP
Added Pin To Net: NetName=HBRIDGE5_PH Pin=U1R-11
Added Pin To Net: NetName=HBRIDGE5_PH Pin=U?-10
Added Net: Name=HBRIDGE5_PH
Added Pin To Net: NetName=MP_DATA Pin=U1R-41
Added Pin To Net: NetName=MP_DATA Pin=U?-3
Added Net: Name=MP_DATA
Added Pin To Net: NetName=MP_S0 Pin=U1R-40
Added Pin To Net: NetName=MP_S0 Pin=U?-11
Added Net: Name=MP_S0
Added Pin To Net: NetName=MP_S1 Pin=U1R-39
Added Pin To Net: NetName=MP_S1 Pin=U?-10
Added Net: Name=MP_S1
Added Pin To Net: NetName=MP_S2 Pin=U1R-38
Added Pin To Net: NetName=MP_S2 Pin=U?-9
Added Net: Name=MP_S2
Added Pin To Net: NetName=NetC?_1 Pin=C?-1
Added Pin To Net: NetName=NetC?_1 Pin=C?-2
Added Pin To Net: NetName=NetC?_1 Pin=F?-2
Added Pin To Net: NetName=NetC?_1 Pin=U?-4
Added Net: Name=NetC?_1
Added Pin To Net: NetName=NetQ?_3 Pin=Q?-3
Added Pin To Net: NetName=NetQ?_3 Pin=Q?-4
Added Pin To Net: NetName=NetQ?_3 Pin=R?-2
Added Net: Name=NetQ?_3
Added Pin To Net: NetName=NetR?_1 Pin=R?-1
Added Pin To Net: NetName=NetR?_1 Pin=U?-14
Added Net: Name=NetR?_1
Add Net: Net with name "NetR?_1" already exists
Add Net: Net with name "NetR?_1" already exists
Add Net: Net with name "NetR?_1" already exists
Added Pin To Net: NetName=PUMP_PWR Pin=Q?-D
Added Pin To Net: NetName=PUMP_PWR Pin=Q?-D
Added Pin To Net: NetName=PUMP_PWR Pin=Q?-D
Added Pin To Net: NetName=PUMP_PWR Pin=Q?-D
Added Pin To Net: NetName=PUMP_PWR Pin=Q?-D
Added Net: Name=PUMP_PWR
Added Pin To Net: NetName=PUMP_SW Pin=Q?-1
Added Pin To Net: NetName=PUMP_SW Pin=R?-2
Added Pin To Net: NetName=PUMP_SW Pin=U1R-13
Added Net: Name=PUMP_SW
Added Member To Class: ClassName=HBridge Member=Component C? 100nF Ceramic 25V
Added Member To Class: ClassName=HBridge Member=Component C? 10uF electrolytic 63V
Added Member To Class: ClassName=HBridge Member=Component C? 100nF Ceramic 50V
Added Member To Class: ClassName=HBridge Member=Component F? 0685H9150-01
Added Member To Class: ClassName=HBridge Member=Component Q? AO3404A
Added Member To Class: ClassName=HBridge Member=Component Q? SIR167DP-T1-GE3
Added Member To Class: ClassName=HBridge Member=Component R? 10k Ohm 5% 1/10W
Added Member To Class: ClassName=HBridge Member=Component R? 10k Ohm 5% 1/10W
Added Member To Class: ClassName=HBridge Member=Component R? 0 Ohm 1% 1/16W
Added Member To Class: ClassName=HBridge Member=Component R? 0 Ohm 1% 1/16W
Added Member To Class: ClassName=HBridge Member=Component R? 10k Ohm 1% 1/16W
Added Member To Class: ClassName=HBridge Member=Component R? 0 Ohm 1% 1/16W
Added Member To Class: ClassName=HBridge Member=Component R? 0 Ohm 1% 1/16W
Added Member To Class: ClassName=HBridge Member=Component TP? PCB Test Point
Added Member To Class: ClassName=HBridge Member=Component TP? PCB Test Point
Added Member To Class: ClassName=HBridge Member=Component U? DRV8243HQRXYRQ1
Added Member To Class: ClassName=HBridge Member=Component U? CD74HC4051M96
Added Room: Name=HBridge
