Added Component: Designator=C1(CAPACITOR_0805)
Add component (AddParameter): Name = "Made By"; Value = "Robert Pafford"; VariantName = "[No Variations]"
Add component (AddParameter): Name = "Supplier 1"; Value = "Newark"; VariantName = "[No Variations]"
Add component (AddParameter): Name = "Supplier Part Number 1"; Value = "38AH3645"; VariantName = "[No Variations]"
Add component (AddParameter): Name = "Tolerance"; Value = "+/- 10%"; VariantName = "[No Variations]"
Add component (AddParameter): Name = "Value"; Value = "0.1uF"; VariantName = "[No Variations]"
Add component (AddParameter): Name = "Verified By"; Value = ""; VariantName = "[No Variations]"
Add component (AddParameter): Name = "Voltage"; Value = "50V"; VariantName = "[No Variations]"
Added Component: Designator=C2(CAPACITOR_0805)
Add component (AddParameter): Name = "Made By"; Value = "Robert Pafford"; VariantName = "[No Variations]"
Add component (AddParameter): Name = "Supplier 1"; Value = "Newark"; VariantName = "[No Variations]"
Add component (AddParameter): Name = "Supplier Part Number 1"; Value = "38AH3645"; VariantName = "[No Variations]"
Add component (AddParameter): Name = "Tolerance"; Value = "+/- 10%"; VariantName = "[No Variations]"
Add component (AddParameter): Name = "Value"; Value = "0.1uF"; VariantName = "[No Variations]"
Add component (AddParameter): Name = "Verified By"; Value = ""; VariantName = "[No Variations]"
Add component (AddParameter): Name = "Voltage"; Value = "50V"; VariantName = "[No Variations]"
Added Component: Designator=C3(CAP_EEHZC1J100P)
Add component (AddParameter): Name = "Made by"; Value = "Robert Pafford"; VariantName = "[No Variations]"
Add component (AddParameter): Name = "Max Voltage"; Value = "63V"; VariantName = "[No Variations]"
Add component (AddParameter): Name = "Supplier 1"; Value = "Digi-Key"; VariantName = "[No Variations]"
Add component (AddParameter): Name = "Supplier Part Number 1"; Value = "P15466CT-ND"; VariantName = "[No Variations]"
Add component (AddParameter): Name = "Tolerance"; Value = "+/- 20%"; VariantName = "[No Variations]"
Add component (AddParameter): Name = "Value"; Value = "10uF"; VariantName = "[No Variations]"
Added Component: Designator=C4(CAP_EEHZC1J100P)
Add component (AddParameter): Name = "Made by"; Value = "Robert Pafford"; VariantName = "[No Variations]"
Add component (AddParameter): Name = "Max Voltage"; Value = "63V"; VariantName = "[No Variations]"
Add component (AddParameter): Name = "Supplier 1"; Value = "Digi-Key"; VariantName = "[No Variations]"
Add component (AddParameter): Name = "Supplier Part Number 1"; Value = "P15466CT-ND"; VariantName = "[No Variations]"
Add component (AddParameter): Name = "Tolerance"; Value = "+/- 20%"; VariantName = "[No Variations]"
Add component (AddParameter): Name = "Value"; Value = "10uF"; VariantName = "[No Variations]"
Added Component: Designator=C5(CAPACITOR_0603)
Add component (AddParameter): Name = "Made By"; Value = "Flip B"; VariantName = "[No Variations]"
Add component (AddParameter): Name = "Supplier 1"; Value = "Arrow Electronics"; VariantName = "[No Variations]"
Add component (AddParameter): Name = "Supplier Part Number 1"; Value = "C1608X7R1C105K080AC"; VariantName = "[No Variations]"
Add component (AddParameter): Name = "Tolerance"; Value = "+/- 10%"; VariantName = "[No Variations]"
Add component (AddParameter): Name = "Value"; Value = "1uF"; VariantName = "[No Variations]"
Add component (AddParameter): Name = "Verified By"; Value = ""; VariantName = "[No Variations]"
Add component (AddParameter): Name = "Voltage"; Value = "16V"; VariantName = "[No Variations]"
Added Component: Designator=C6(CAPACITOR_0805)
Add component (AddParameter): Name = "Made By"; Value = "Robert Pafford"; VariantName = "[No Variations]"
Add component (AddParameter): Name = "Supplier 1"; Value = "Newark"; VariantName = "[No Variations]"
Add component (AddParameter): Name = "Supplier Part Number 1"; Value = "38AH3645"; VariantName = "[No Variations]"
Add component (AddParameter): Name = "Tolerance"; Value = "+/- 10%"; VariantName = "[No Variations]"
Add component (AddParameter): Name = "Value"; Value = "0.1uF"; VariantName = "[No Variations]"
Add component (AddParameter): Name = "Verified By"; Value = ""; VariantName = "[No Variations]"
Add component (AddParameter): Name = "Voltage"; Value = "50V"; VariantName = "[No Variations]"
Added Component: Designator=C7(CAPACITOR_0805)
Add component (AddParameter): Name = "Made By"; Value = "Robert Pafford"; VariantName = "[No Variations]"
Add component (AddParameter): Name = "Supplier 1"; Value = "Newark"; VariantName = "[No Variations]"
Add component (AddParameter): Name = "Supplier Part Number 1"; Value = "38AH3645"; VariantName = "[No Variations]"
Add component (AddParameter): Name = "Tolerance"; Value = "+/- 10%"; VariantName = "[No Variations]"
Add component (AddParameter): Name = "Value"; Value = "0.1uF"; VariantName = "[No Variations]"
Add component (AddParameter): Name = "Verified By"; Value = ""; VariantName = "[No Variations]"
Add component (AddParameter): Name = "Voltage"; Value = "50V"; VariantName = "[No Variations]"
Added Component: Designator=C8(CAP_EEHZC1J100P)
Add component (AddParameter): Name = "Made by"; Value = "Robert Pafford"; VariantName = "[No Variations]"
Add component (AddParameter): Name = "Max Voltage"; Value = "63V"; VariantName = "[No Variations]"
Add component (AddParameter): Name = "Supplier 1"; Value = "Digi-Key"; VariantName = "[No Variations]"
Add component (AddParameter): Name = "Supplier Part Number 1"; Value = "P15466CT-ND"; VariantName = "[No Variations]"
Add component (AddParameter): Name = "Tolerance"; Value = "+/- 20%"; VariantName = "[No Variations]"
Add component (AddParameter): Name = "Value"; Value = "10uF"; VariantName = "[No Variations]"
Added Component: Designator=C9(CAP_EEHZC1J100P)
Add component (AddParameter): Name = "Made by"; Value = "Robert Pafford"; VariantName = "[No Variations]"
Add component (AddParameter): Name = "Max Voltage"; Value = "63V"; VariantName = "[No Variations]"
Add component (AddParameter): Name = "Supplier 1"; Value = "Digi-Key"; VariantName = "[No Variations]"
Add component (AddParameter): Name = "Supplier Part Number 1"; Value = "P15466CT-ND"; VariantName = "[No Variations]"
Add component (AddParameter): Name = "Tolerance"; Value = "+/- 20%"; VariantName = "[No Variations]"
Add component (AddParameter): Name = "Value"; Value = "10uF"; VariantName = "[No Variations]"
Added Component: Designator=C10(CAPACITOR_0603)
Add component (AddParameter): Name = "ComponentLink1Description"; Value = "Digikey"; VariantName = "[No Variations]"
Add component (AddParameter): Name = "ComponentLink1URL"; Value = "https://www.digikey.com/en/products/detail/samsung-electro-mechanics/CL10A106MQ8NNNC/3886777"; VariantName = "[No Variations]"
Add component (AddParameter): Name = "Made By"; Value = "Flip B"; VariantName = "[No Variations]"
Add component (AddParameter): Name = "Supplier 1"; Value = "Digi-Key"; VariantName = "[No Variations]"
Add component (AddParameter): Name = "Supplier Part Number 1"; Value = "1276-1119-1-ND"; VariantName = "[No Variations]"
Add component (AddParameter): Name = "Tolerance"; Value = "+/- 20%"; VariantName = "[No Variations]"
Add component (AddParameter): Name = "Value (uF)"; Value = "10 uF"; VariantName = "[No Variations]"
Add component (AddParameter): Name = "Verified By"; Value = ""; VariantName = "[No Variations]"
Add component (AddParameter): Name = "Voltage"; Value = "6.3V"; VariantName = "[No Variations]"
Added Component: Designator=C11(CAPACITOR_0603)
Add component (AddParameter): Name = "ComponentLink1Description"; Value = "Digikey"; VariantName = "[No Variations]"
Add component (AddParameter): Name = "ComponentLink1URL"; Value = "https://www.digikey.com/en/products/detail/samsung-electro-mechanics/CL10A106MQ8NNNC/3886777"; VariantName = "[No Variations]"
Add component (AddParameter): Name = "Made By"; Value = "Flip B"; VariantName = "[No Variations]"
Add component (AddParameter): Name = "Supplier 1"; Value = "Digi-Key"; VariantName = "[No Variations]"
Add component (AddParameter): Name = "Supplier Part Number 1"; Value = "1276-1119-1-ND"; VariantName = "[No Variations]"
Add component (AddParameter): Name = "Tolerance"; Value = "+/- 20%"; VariantName = "[No Variations]"
Add component (AddParameter): Name = "Value (uF)"; Value = "10 uF"; VariantName = "[No Variations]"
Add component (AddParameter): Name = "Verified By"; Value = ""; VariantName = "[No Variations]"
Add component (AddParameter): Name = "Voltage"; Value = "6.3V"; VariantName = "[No Variations]"
Added Component: Designator=C12(CAPACITOR_0603)
Add component (AddParameter): Name = "ComponentLink1Description"; Value = "Digikey"; VariantName = "[No Variations]"
Add component (AddParameter): Name = "ComponentLink1URL"; Value = "https://www.digikey.com/en/products/detail/samsung-electro-mechanics/CL10A106MQ8NNNC/3886777"; VariantName = "[No Variations]"
Add component (AddParameter): Name = "Made By"; Value = "Flip B"; VariantName = "[No Variations]"
Add component (AddParameter): Name = "Supplier 1"; Value = "Digi-Key"; VariantName = "[No Variations]"
Add component (AddParameter): Name = "Supplier Part Number 1"; Value = "1276-1119-1-ND"; VariantName = "[No Variations]"
Add component (AddParameter): Name = "Tolerance"; Value = "+/- 20%"; VariantName = "[No Variations]"
Add component (AddParameter): Name = "Value (uF)"; Value = "10 uF"; VariantName = "[No Variations]"
Add component (AddParameter): Name = "Verified By"; Value = ""; VariantName = "[No Variations]"
Add component (AddParameter): Name = "Voltage"; Value = "6.3V"; VariantName = "[No Variations]"
Added Component: Designator=C13(CAPACITOR_0603)
Add component (AddParameter): Name = "ComponentLink1Description"; Value = "Digikey"; VariantName = "[No Variations]"
Add component (AddParameter): Name = "ComponentLink1URL"; Value = "https://www.digikey.com/en/products/detail/samsung-electro-mechanics/CL10A106MQ8NNNC/3886777"; VariantName = "[No Variations]"
Add component (AddParameter): Name = "Made By"; Value = "Flip B"; VariantName = "[No Variations]"
Add component (AddParameter): Name = "Supplier 1"; Value = "Digi-Key"; VariantName = "[No Variations]"
Add component (AddParameter): Name = "Supplier Part Number 1"; Value = "1276-1119-1-ND"; VariantName = "[No Variations]"
Add component (AddParameter): Name = "Tolerance"; Value = "+/- 20%"; VariantName = "[No Variations]"
Add component (AddParameter): Name = "Value (uF)"; Value = "10 uF"; VariantName = "[No Variations]"
Add component (AddParameter): Name = "Verified By"; Value = ""; VariantName = "[No Variations]"
Add component (AddParameter): Name = "Voltage"; Value = "6.3V"; VariantName = "[No Variations]"
Added Component: Designator=D1(SOD-123)
Add component (AddParameter): Name = "ComponentLink1Description"; Value = "Datasheet"; VariantName = "[No Variations]"
Add component (AddParameter): Name = "ComponentLink1URL"; Value = "https://www.panjit.com.tw/upload/datasheet/BZT52-C2V4_SERIES.pdf"; VariantName = "[No Variations]"
Add component (AddParameter): Name = "Made By"; Value = "Nathan A"; VariantName = "[No Variations]"
Add component (AddParameter): Name = "Package"; Value = "SOD-123"; VariantName = "[No Variations]"
Add component (AddParameter): Name = "Power"; Value = "410mW"; VariantName = "[No Variations]"
Add component (AddParameter): Name = "Supplier 1"; Value = "Digi-Key"; VariantName = "[No Variations]"
Add component (AddParameter): Name = "Supplier Part Number 1"; Value = "3757-BZT52-C10_R1_00001CT-ND"; VariantName = "[No Variations]"
Add component (AddParameter): Name = "Verified By"; Value = ""; VariantName = "[No Variations]"
Add component (AddParameter): Name = "Voltage - Zener"; Value = "10V"; VariantName = "[No Variations]"
Added Component: Designator=D2(LED_0603)
Add component (AddParameter): Name = "Color"; Value = "Blue"; VariantName = "[No Variations]"
Add component (AddParameter): Name = "Forward Current"; Value = "20mA"; VariantName = "[No Variations]"
Add component (AddParameter): Name = "Forward Voltage"; Value = "3.2V"; VariantName = "[No Variations]"
Add component (AddParameter): Name = "Made By"; Value = "Robert Pafford"; VariantName = "[No Variations]"
Add component (AddParameter): Name = "Package"; Value = "0603"; VariantName = "[No Variations]"
Add component (AddParameter): Name = "Supplier 1"; Value = "Digi-Key"; VariantName = "[No Variations]"
Add component (AddParameter): Name = "Supplier Part Number 1"; Value = "732-4966-1-ND"; VariantName = "[No Variations]"
Add component (AddParameter): Name = "Verified By"; Value = ""; VariantName = "[No Variations]"
Added Component: Designator=D3(LED_0603)
Add component (AddParameter): Name = "Color"; Value = "Green"; VariantName = "[No Variations]"
Add component (AddParameter): Name = "ComponentLink1Description"; Value = "Datasheet"; VariantName = "[No Variations]"
Add component (AddParameter): Name = "ComponentLink1URL"; Value = "https://www.we-online.de/katalog/datasheet/150060GS75000.pdf"; VariantName = "[No Variations]"
Add component (AddParameter): Name = "Forward Current"; Value = "25mA"; VariantName = "[No Variations]"
Add component (AddParameter): Name = "Forward Voltage"; Value = "3.2V"; VariantName = "[No Variations]"
Add component (AddParameter): Name = "Made By"; Value = "Flip B"; VariantName = "[No Variations]"
Add component (AddParameter): Name = "Package"; Value = "0603"; VariantName = "[No Variations]"
Add component (AddParameter): Name = "Supplier 1"; Value = "Digi-Key"; VariantName = "[No Variations]"
Add component (AddParameter): Name = "Supplier Part Number 1"; Value = "732-4971-1-ND"; VariantName = "[No Variations]"
Add component (AddParameter): Name = "Verified By"; Value = ""; VariantName = "[No Variations]"
Added Component: Designator=F1(0501Series_LTF)
Add component (AddParameter): Name = "Breaking Capacity"; Value = "150A"; VariantName = "[No Variations]"
Add component (AddParameter): Name = "Created By"; Value = "Nathan Ayer"; VariantName = "[No Variations]"
Add component (AddParameter): Name = "Current Rating"; Value = "15"; VariantName = "[No Variations]"
Add component (AddParameter): Name = "Manufacturer_Part_Number"; Value = "0685H9150-01"; VariantName = "[No Variations]"
Add component (AddParameter): Name = "Mfr_Name"; Value = "Bel Fuse"; VariantName = "[No Variations]"
Add component (AddParameter): Name = "Package"; Value = "1206"; VariantName = "[No Variations]"
Add component (AddParameter): Name = "Response Time"; Value = "Fast Blow"; VariantName = "[No Variations]"
Add component (AddParameter): Name = "Voltage Rating"; Value = "32V"; VariantName = "[No Variations]"
Added Component: Designator=F2(0501Series_LTF)
Add component (AddParameter): Name = "Breaking Capacity"; Value = "150A"; VariantName = "[No Variations]"
Add component (AddParameter): Name = "Created By"; Value = "Nathan Ayer"; VariantName = "[No Variations]"
Add component (AddParameter): Name = "Current Rating"; Value = "15"; VariantName = "[No Variations]"
Add component (AddParameter): Name = "Manufacturer_Part_Number"; Value = "0685H9150-01"; VariantName = "[No Variations]"
Add component (AddParameter): Name = "Mfr_Name"; Value = "Bel Fuse"; VariantName = "[No Variations]"
Add component (AddParameter): Name = "Package"; Value = "1206"; VariantName = "[No Variations]"
Add component (AddParameter): Name = "Response Time"; Value = "Fast Blow"; VariantName = "[No Variations]"
Add component (AddParameter): Name = "Voltage Rating"; Value = "32V"; VariantName = "[No Variations]"
Added Component: Designator=F3(2-SMD Fuse)
Add component (AddParameter): Name = "Breaking Capacity"; Value = "1kA"; VariantName = "[No Variations]"
Add component (AddParameter): Name = "ComponentLink1Description"; Value = "DigiKey"; VariantName = "[No Variations]"
Add component (AddParameter): Name = "ComponentLink1URL"; Value = "https://www.digikey.com/en/products/detail/eaton-electronics-division/1245HC60-RTR/13913536"; VariantName = "[No Variations]"
Add component (AddParameter): Name = "Created By"; Value = "Nathan Ayer"; VariantName = "[No Variations]"
Add component (AddParameter): Name = "Current Rating"; Value = "60A"; VariantName = "[No Variations]"
Add component (AddParameter): Name = "Manufacturer_Part_Number"; Value = "1245HC60-RTR"; VariantName = "[No Variations]"
Add component (AddParameter): Name = "Mfr_Name"; Value = "Eaton"; VariantName = "[No Variations]"
Add component (AddParameter): Name = "Package"; Value = "2-SMD"; VariantName = "[No Variations]"
Add component (AddParameter): Name = "Response Time"; Value = "Fast Blow"; VariantName = "[No Variations]"
Add component (AddParameter): Name = "Voltage Rating"; Value = "80V"; VariantName = "[No Variations]"
Added Component: Designator=F4(0501Series_LTF)
Add component (AddParameter): Name = "Breaking Capacity"; Value = "150A"; VariantName = "[No Variations]"
Add component (AddParameter): Name = "Created By"; Value = "Nathan Ayer"; VariantName = "[No Variations]"
Add component (AddParameter): Name = "Current Rating"; Value = "15"; VariantName = "[No Variations]"
Add component (AddParameter): Name = "Manufacturer_Part_Number"; Value = "0685H9150-01"; VariantName = "[No Variations]"
Add component (AddParameter): Name = "Mfr_Name"; Value = "Bel Fuse"; VariantName = "[No Variations]"
Add component (AddParameter): Name = "Package"; Value = "1206"; VariantName = "[No Variations]"
Add component (AddParameter): Name = "Response Time"; Value = "Fast Blow"; VariantName = "[No Variations]"
Add component (AddParameter): Name = "Voltage Rating"; Value = "32V"; VariantName = "[No Variations]"
Added Component: Designator=F5(0501Series_LTF)
Add component (AddParameter): Name = "Breaking Capacity"; Value = "150A"; VariantName = "[No Variations]"
Add component (AddParameter): Name = "Created By"; Value = "Nathan Ayer"; VariantName = "[No Variations]"
Add component (AddParameter): Name = "Current Rating"; Value = "15"; VariantName = "[No Variations]"
Add component (AddParameter): Name = "Manufacturer_Part_Number"; Value = "0685H9150-01"; VariantName = "[No Variations]"
Add component (AddParameter): Name = "Mfr_Name"; Value = "Bel Fuse"; VariantName = "[No Variations]"
Add component (AddParameter): Name = "Package"; Value = "1206"; VariantName = "[No Variations]"
Add component (AddParameter): Name = "Response Time"; Value = "Fast Blow"; VariantName = "[No Variations]"
Add component (AddParameter): Name = "Voltage Rating"; Value = "32V"; VariantName = "[No Variations]"
Added Component: Designator=J1(CONN_MOLEX_MICROFIT+_8POS_R/A)
Add component (AddParameter): Name = "Color"; Value = "Black"; VariantName = "[No Variations]"
Add component (AddParameter): Name = "Configuration"; Value = "R/A"; VariantName = "[No Variations]"
Add component (AddParameter): Name = "Current Rating"; Value = "12.5A"; VariantName = "[No Variations]"
Add component (AddParameter): Name = "Manufacturer"; Value = "Molex"; VariantName = "[No Variations]"
Add component (AddParameter): Name = "Pitch"; Value = "3.0mm"; VariantName = "[No Variations]"
Add component (AddParameter): Name = "Supplier 1"; Value = "Digikey"; VariantName = "[No Variations]"
Add component (AddParameter): Name = "Supplier Part Number 1"; Value = "900-2125280800-ND"; VariantName = "[No Variations]"
Added Component: Designator=J3(CONN_MOLEX_MINIFIT JR_8 POS_R/A)
Add component (AddParameter): Name = "Color"; Value = "Natural"; VariantName = "[No Variations]"
Add component (AddParameter): Name = "ComponentLink1Description"; Value = "Datasheet"; VariantName = "[No Variations]"
Add component (AddParameter): Name = "ComponentLink1URL"; Value = "https://www.molex.com/pdm_docs/ps/PS-5556-001.pdf"; VariantName = "[No Variations]"
Add component (AddParameter): Name = "Configuration"; Value = "Right Angle"; VariantName = "[No Variations]"
Add component (AddParameter): Name = "Created By"; Value = "Flip B"; VariantName = "[No Variations]"
Add component (AddParameter): Name = "Current Per Pin"; Value = "13A"; VariantName = "[No Variations]"
Add component (AddParameter): Name = "Manufacturer"; Value = "Molex"; VariantName = "[No Variations]"
Add component (AddParameter): Name = "Number of Positions"; Value = "8"; VariantName = "[No Variations]"
Add component (AddParameter): Name = "Pitch"; Value = "4.2mm"; VariantName = "[No Variations]"
Add component (AddParameter): Name = "Series"; Value = "Minifit Jr 5569"; VariantName = "[No Variations]"
Add component (AddParameter): Name = "Supplier 1"; Value = "Digi-Key"; VariantName = "[No Variations]"
Add component (AddParameter): Name = "Supplier Part Number 1"; Value = "WM1354-ND"; VariantName = "[No Variations]"
Add component (AddParameter): Name = "Verified By"; Value = ""; VariantName = "[No Variations]"
Added Component: Designator=J4(CONN_MOLEX_MICROFIT_4_POS_R/A)
Add component (AddParameter): Name = "Color"; Value = "Black"; VariantName = "[No Variations]"
Add component (AddParameter): Name = "Configuration"; Value = "R/A"; VariantName = "[No Variations]"
Add component (AddParameter): Name = "Current Per Pin"; Value = "12.5A"; VariantName = "[No Variations]"
Add component (AddParameter): Name = "Manufacturer"; Value = "Molex"; VariantName = "[No Variations]"
Add component (AddParameter): Name = "Pitch"; Value = "3.0mm"; VariantName = "[No Variations]"
Add component (AddParameter): Name = "Supplier 1"; Value = "Digikey"; VariantName = "[No Variations]"
Add component (AddParameter): Name = "Supplier Part Number 1"; Value = "900-2125280400-ND"; VariantName = "[No Variations]"
Added Component: Designator=J5(CONN_MOLEX_MICROFIT_4_POS_R/A)
Add component (AddParameter): Name = "Color"; Value = "Black"; VariantName = "[No Variations]"
Add component (AddParameter): Name = "Configuration"; Value = "R/A"; VariantName = "[No Variations]"
Add component (AddParameter): Name = "Current Per Pin"; Value = "12.5A"; VariantName = "[No Variations]"
Add component (AddParameter): Name = "Manufacturer"; Value = "Molex"; VariantName = "[No Variations]"
Add component (AddParameter): Name = "Pitch"; Value = "3.0mm"; VariantName = "[No Variations]"
Add component (AddParameter): Name = "Supplier 1"; Value = "Digikey"; VariantName = "[No Variations]"
Add component (AddParameter): Name = "Supplier Part Number 1"; Value = "900-2125280400-ND"; VariantName = "[No Variations]"
Added Component: Designator=J6(CONN_MOLEX_MICROFIT_6_POS_R/A)
Add component (AddParameter): Name = "Color"; Value = "Black"; VariantName = "[No Variations]"
Add component (AddParameter): Name = "Configuration"; Value = "R/A"; VariantName = "[No Variations]"
Add component (AddParameter): Name = "Current Per Pin"; Value = "12.5"; VariantName = "[No Variations]"
Add component (AddParameter): Name = "Manufacturer"; Value = "Molex"; VariantName = "[No Variations]"
Add component (AddParameter): Name = "Pitch"; Value = "3.0mm"; VariantName = "[No Variations]"
Add component (AddParameter): Name = "Supplier 1"; Value = "Digikey"; VariantName = "[No Variations]"
Add component (AddParameter): Name = "Supplier Part Number 1"; Value = "900-2125280600-ND"; VariantName = "[No Variations]"
Added Component: Designator=J7(CONN_MOLEX_MICROFIT_4_POS_R/A)
Add component (AddParameter): Name = "Color"; Value = "Black"; VariantName = "[No Variations]"
Add component (AddParameter): Name = "Configuration"; Value = "R/A"; VariantName = "[No Variations]"
Add component (AddParameter): Name = "Current Per Pin"; Value = "12.5A"; VariantName = "[No Variations]"
Add component (AddParameter): Name = "Manufacturer"; Value = "Molex"; VariantName = "[No Variations]"
Add component (AddParameter): Name = "Pitch"; Value = "3.0mm"; VariantName = "[No Variations]"
Add component (AddParameter): Name = "Supplier 1"; Value = "Digikey"; VariantName = "[No Variations]"
Add component (AddParameter): Name = "Supplier Part Number 1"; Value = "900-2125280400-ND"; VariantName = "[No Variations]"
Added Component: Designator=J8(CONN_MOLEX_MICROFIT_4_POS_R/A)
Add component (AddParameter): Name = "Color"; Value = "Black"; VariantName = "[No Variations]"
Add component (AddParameter): Name = "Configuration"; Value = "R/A"; VariantName = "[No Variations]"
Add component (AddParameter): Name = "Current Per Pin"; Value = "12.5A"; VariantName = "[No Variations]"
Add component (AddParameter): Name = "Manufacturer"; Value = "Molex"; VariantName = "[No Variations]"
Add component (AddParameter): Name = "Pitch"; Value = "3.0mm"; VariantName = "[No Variations]"
Add component (AddParameter): Name = "Supplier 1"; Value = "Digikey"; VariantName = "[No Variations]"
Add component (AddParameter): Name = "Supplier Part Number 1"; Value = "900-2125280400-ND"; VariantName = "[No Variations]"
Added Component: Designator=Q1(MOSFET_7DP-T1-GE3_VIS)
Add component (AddParameter): Name = "Copyright"; Value = "Copyright (C) 2022 Ultra Librarian. All rights reserved."; VariantName = "[No Variations]"
Add component (AddParameter): Name = "Manufacturer_Part_Number"; Value = "SIR167DP-T1-GE3"; VariantName = "[No Variations]"
Add component (AddParameter): Name = "Mfr_Name"; Value = "Vishay"; VariantName = "[No Variations]"
Add component (AddParameter): Name = "RefDes"; Value = "RefDes"; VariantName = "[No Variations]"
Add component (AddParameter): Name = "Supplier 1"; Value = "Mouser"; VariantName = "[No Variations]"
Add component (AddParameter): Name = "Supplier Part Number 1"; Value = "78-SIR167DP-T1-GE3"; VariantName = "[No Variations]"
Add component (AddParameter): Name = "Type"; Value = "DEV"; VariantName = "[No Variations]"
Added Component: Designator=Q2(MOSFET_7DP-T1-GE3_VIS)
Add component (AddParameter): Name = "Copyright"; Value = "Copyright (C) 2022 Ultra Librarian. All rights reserved."; VariantName = "[No Variations]"
Add component (AddParameter): Name = "Manufacturer_Part_Number"; Value = "SIR167DP-T1-GE3"; VariantName = "[No Variations]"
Add component (AddParameter): Name = "Mfr_Name"; Value = "Vishay"; VariantName = "[No Variations]"
Add component (AddParameter): Name = "RefDes"; Value = "RefDes"; VariantName = "[No Variations]"
Add component (AddParameter): Name = "Supplier 1"; Value = "Mouser"; VariantName = "[No Variations]"
Add component (AddParameter): Name = "Supplier Part Number 1"; Value = "78-SIR167DP-T1-GE3"; VariantName = "[No Variations]"
Add component (AddParameter): Name = "Type"; Value = "DEV"; VariantName = "[No Variations]"
Added Component: Designator=Q3(FP-SOT23-IPC_A)
Add component (AddParameter): Name = "Case/Package"; Value = "SOT-23"; VariantName = "[No Variations]"
Add component (AddParameter): Name = "Collector Base Voltage (VCBO)"; Value = "60V"; VariantName = "[No Variations]"
Add component (AddParameter): Name = "Collector Emitter Breakdown Voltage"; Value = "40V"; VariantName = "[No Variations]"
Add component (AddParameter): Name = "Collector Emitter Saturation Voltage"; Value = "300mV"; VariantName = "[No Variations]"
Add component (AddParameter): Name = "Collector Emitter Voltage (VCEO)"; Value = "40V"; VariantName = "[No Variations]"
Add component (AddParameter): Name = "Contact Plating"; Value = "Tin"; VariantName = "[No Variations]"
Add component (AddParameter): Name = "Continuous Collector Current"; Value = "200mA"; VariantName = "[No Variations]"
Add component (AddParameter): Name = "Element Configuration"; Value = "Single"; VariantName = "[No Variations]"
Add component (AddParameter): Name = "Emitter Base Voltage (VEBO)"; Value = "6V"; VariantName = "[No Variations]"
Add component (AddParameter): Name = "Frequency"; Value = "300MHz"; VariantName = "[No Variations]"
Add component (AddParameter): Name = "Gain Bandwidth Product"; Value = "300MHz"; VariantName = "[No Variations]"
Add component (AddParameter): Name = "Height"; Value = "1mm"; VariantName = "[No Variations]"
Add component (AddParameter): Name = "hFE Min"; Value = "100"; VariantName = "[No Variations]"
Add component (AddParameter): Name = "Lead Free"; Value = "Lead Free"; VariantName = "[No Variations]"
Add component (AddParameter): Name = "Length"; Value = "3.05mm"; VariantName = "[No Variations]"
Add component (AddParameter): Name = "Max Breakdown Voltage"; Value = "40V"; VariantName = "[No Variations]"
Add component (AddParameter): Name = "Max Collector Current"; Value = "200mA"; VariantName = "[No Variations]"
Add component (AddParameter): Name = "Max Frequency"; Value = "300MHz"; VariantName = "[No Variations]"
Add component (AddParameter): Name = "Max Operating Temperature"; Value = "150°C"; VariantName = "[No Variations]"
Add component (AddParameter): Name = "Max Power Dissipation"; Value = "300mW"; VariantName = "[No Variations]"
Add component (AddParameter): Name = "Min Operating Temperature"; Value = "-55°C"; VariantName = "[No Variations]"
Add component (AddParameter): Name = "Mount"; Value = "Surface Mount"; VariantName = "[No Variations]"
Add component (AddParameter): Name = "Number of Elements"; Value = "1"; VariantName = "[No Variations]"
Add component (AddParameter): Name = "Number of Pins"; Value = "3"; VariantName = "[No Variations]"
Add component (AddParameter): Name = "Package Quantity"; Value = "3000"; VariantName = "[No Variations]"
Add component (AddParameter): Name = "Packaging"; Value = "Tape and Reel"; VariantName = "[No Variations]"
Add component (AddParameter): Name = "Polarity"; Value = "NPN"; VariantName = "[No Variations]"
Add component (AddParameter): Name = "Power Dissipation"; Value = "350mW"; VariantName = "[No Variations]"
Add component (AddParameter): Name = "Radiation Hardening"; Value = "No"; VariantName = "[No Variations]"
Add component (AddParameter): Name = "REACH SVHC"; Value = "No SVHC"; VariantName = "[No Variations]"
Add component (AddParameter): Name = "Transition Frequency"; Value = "300MHz"; VariantName = "[No Variations]"
Add component (AddParameter): Name = "Voltage Rating (DC)"; Value = "40V"; VariantName = "[No Variations]"
Add component (AddParameter): Name = "Weight"; Value = "0.000282oz"; VariantName = "[No Variations]"
Add component (AddParameter): Name = "Width"; Value = "1.4mm"; VariantName = "[No Variations]"
Added Component: Designator=Q4(FP-SOT23-IPC_A)
Add component (AddParameter): Name = "Case/Package"; Value = "SOT-23"; VariantName = "[No Variations]"
Add component (AddParameter): Name = "Collector Base Voltage (VCBO)"; Value = "60V"; VariantName = "[No Variations]"
Add component (AddParameter): Name = "Collector Emitter Breakdown Voltage"; Value = "40V"; VariantName = "[No Variations]"
Add component (AddParameter): Name = "Collector Emitter Saturation Voltage"; Value = "300mV"; VariantName = "[No Variations]"
Add component (AddParameter): Name = "Collector Emitter Voltage (VCEO)"; Value = "40V"; VariantName = "[No Variations]"
Add component (AddParameter): Name = "Contact Plating"; Value = "Tin"; VariantName = "[No Variations]"
Add component (AddParameter): Name = "Continuous Collector Current"; Value = "200mA"; VariantName = "[No Variations]"
Add component (AddParameter): Name = "Element Configuration"; Value = "Single"; VariantName = "[No Variations]"
Add component (AddParameter): Name = "Emitter Base Voltage (VEBO)"; Value = "6V"; VariantName = "[No Variations]"
Add component (AddParameter): Name = "Frequency"; Value = "300MHz"; VariantName = "[No Variations]"
Add component (AddParameter): Name = "Gain Bandwidth Product"; Value = "300MHz"; VariantName = "[No Variations]"
Add component (AddParameter): Name = "Height"; Value = "1mm"; VariantName = "[No Variations]"
Add component (AddParameter): Name = "hFE Min"; Value = "100"; VariantName = "[No Variations]"
Add component (AddParameter): Name = "Lead Free"; Value = "Lead Free"; VariantName = "[No Variations]"
Add component (AddParameter): Name = "Length"; Value = "3.05mm"; VariantName = "[No Variations]"
Add component (AddParameter): Name = "Max Breakdown Voltage"; Value = "40V"; VariantName = "[No Variations]"
Add component (AddParameter): Name = "Max Collector Current"; Value = "200mA"; VariantName = "[No Variations]"
Add component (AddParameter): Name = "Max Frequency"; Value = "300MHz"; VariantName = "[No Variations]"
Add component (AddParameter): Name = "Max Operating Temperature"; Value = "150°C"; VariantName = "[No Variations]"
Add component (AddParameter): Name = "Max Power Dissipation"; Value = "300mW"; VariantName = "[No Variations]"
Add component (AddParameter): Name = "Min Operating Temperature"; Value = "-55°C"; VariantName = "[No Variations]"
Add component (AddParameter): Name = "Mount"; Value = "Surface Mount"; VariantName = "[No Variations]"
Add component (AddParameter): Name = "Number of Elements"; Value = "1"; VariantName = "[No Variations]"
Add component (AddParameter): Name = "Number of Pins"; Value = "3"; VariantName = "[No Variations]"
Add component (AddParameter): Name = "Package Quantity"; Value = "3000"; VariantName = "[No Variations]"
Add component (AddParameter): Name = "Packaging"; Value = "Tape and Reel"; VariantName = "[No Variations]"
Add component (AddParameter): Name = "Polarity"; Value = "NPN"; VariantName = "[No Variations]"
Add component (AddParameter): Name = "Power Dissipation"; Value = "350mW"; VariantName = "[No Variations]"
Add component (AddParameter): Name = "Radiation Hardening"; Value = "No"; VariantName = "[No Variations]"
Add component (AddParameter): Name = "REACH SVHC"; Value = "No SVHC"; VariantName = "[No Variations]"
Add component (AddParameter): Name = "Transition Frequency"; Value = "300MHz"; VariantName = "[No Variations]"
Add component (AddParameter): Name = "Voltage Rating (DC)"; Value = "40V"; VariantName = "[No Variations]"
Add component (AddParameter): Name = "Weight"; Value = "0.000282oz"; VariantName = "[No Variations]"
Add component (AddParameter): Name = "Width"; Value = "1.4mm"; VariantName = "[No Variations]"
Added Component: Designator=R1(RESISTOR_0603)
Add component (AddParameter): Name = "ComponentLink1Description"; Value = "Datasheet"; VariantName = "[No Variations]"
Add component (AddParameter): Name = "ComponentLink1URL"; Value = "https://www.bourns.com/docs/product-datasheets/CRxxxxx.pdf"; VariantName = "[No Variations]"
Add component (AddParameter): Name = "Digikey Part Numer"; Value = "CR0603-JW-104ELFTR-ND"; VariantName = "[No Variations]"
Add component (AddParameter): Name = "Made By"; Value = "Robert Pafford"; VariantName = "[No Variations]"
Add component (AddParameter): Name = "Supplier"; Value = "Digikey"; VariantName = "[No Variations]"
Add component (AddParameter): Name = "Supplier 1"; Value = "Digi-Key"; VariantName = "[No Variations]"
Add component (AddParameter): Name = "Supplier Part Number 1"; Value = "2019-RK73B1JTTD270JCT-ND"; VariantName = "[No Variations]"
Add component (AddParameter): Name = "Tolerance"; Value = "+/- 5%"; VariantName = "[No Variations]"
Add component (AddParameter): Name = "Value  (Ohms)"; Value = "27"; VariantName = "[No Variations]"
Add component (AddParameter): Name = "Verified By"; Value = ""; VariantName = "[No Variations]"
Add component (AddParameter): Name = "Wattage"; Value = "1/8W"; VariantName = "[No Variations]"
Added Component: Designator=R2(RESISTOR_0402)
Add component (AddParameter): Name = "Digikey Part Numer"; Value = "CR0603-JW-104ELFTR-ND"; VariantName = "[No Variations]"
Add component (AddParameter): Name = "Made By"; Value = "Robert Pafford"; VariantName = "[No Variations]"
Add component (AddParameter): Name = "Supplier"; Value = "Digikey"; VariantName = "[No Variations]"
Add component (AddParameter): Name = "Supplier 1"; Value = "Digi-Key"; VariantName = "[No Variations]"
Add component (AddParameter): Name = "Supplier Part Number 1"; Value = "YAG3436CT-ND"; VariantName = "[No Variations]"
Add component (AddParameter): Name = "Tolerance"; Value = "+/- 1%"; VariantName = "[No Variations]"
Add component (AddParameter): Name = "Value  (Ohms)"; Value = "10K"; VariantName = "[No Variations]"
Add component (AddParameter): Name = "Verified By"; Value = ""; VariantName = "[No Variations]"
Add component (AddParameter): Name = "Wattage"; Value = "1/16W"; VariantName = "[No Variations]"
Added Component: Designator=R3(RESISTOR_0402)
Add component (AddParameter): Name = "Digikey Part Numer"; Value = "CR0603-JW-104ELFTR-ND"; VariantName = "[No Variations]"
Add component (AddParameter): Name = "Made By"; Value = "Robert Pafford"; VariantName = "[No Variations]"
Add component (AddParameter): Name = "Supplier"; Value = "Digikey"; VariantName = "[No Variations]"
Add component (AddParameter): Name = "Supplier 1"; Value = "Digi-Key"; VariantName = "[No Variations]"
Add component (AddParameter): Name = "Supplier Part Number 1"; Value = "YAG3436CT-ND"; VariantName = "[No Variations]"
Add component (AddParameter): Name = "Tolerance"; Value = "+/- 1%"; VariantName = "[No Variations]"
Add component (AddParameter): Name = "Value  (Ohms)"; Value = "10K"; VariantName = "[No Variations]"
Add component (AddParameter): Name = "Verified By"; Value = ""; VariantName = "[No Variations]"
Add component (AddParameter): Name = "Wattage"; Value = "1/16W"; VariantName = "[No Variations]"
Added Component: Designator=R4(RESISTOR_0603)
Add component (AddParameter): Name = "ComponentLink1Description"; Value = "Datasheet"; VariantName = "[No Variations]"
Add component (AddParameter): Name = "ComponentLink1URL"; Value = "https://www.bourns.com/docs/product-datasheets/CRxxxxx.pdf"; VariantName = "[No Variations]"
Add component (AddParameter): Name = "Digikey Part Numer"; Value = "CR0603-JW-104ELFTR-ND"; VariantName = "[No Variations]"
Add component (AddParameter): Name = "Made By"; Value = "Robert Pafford"; VariantName = "[No Variations]"
Add component (AddParameter): Name = "Supplier"; Value = "Digikey"; VariantName = "[No Variations]"
Add component (AddParameter): Name = "Supplier 1"; Value = "Digi-Key"; VariantName = "[No Variations]"
Add component (AddParameter): Name = "Supplier Part Number 1"; Value = "541-RCS060362R0FKEACT-ND"; VariantName = "[No Variations]"
Add component (AddParameter): Name = "Tolerance"; Value = "+/- 1%"; VariantName = "[No Variations]"
Add component (AddParameter): Name = "Value  (Ohms)"; Value = "62"; VariantName = "[No Variations]"
Add component (AddParameter): Name = "Verified By"; Value = ""; VariantName = "[No Variations]"
Add component (AddParameter): Name = "Wattage"; Value = "1/4W"; VariantName = "[No Variations]"
Added Component: Designator=R5(RESISTOR_0603)
Add component (AddParameter): Name = "ComponentLink1Description"; Value = "Datasheet"; VariantName = "[No Variations]"
Add component (AddParameter): Name = "ComponentLink1URL"; Value = "https://www.bourns.com/docs/product-datasheets/CRxxxxx.pdf"; VariantName = "[No Variations]"
Add component (AddParameter): Name = "Digikey Part Numer"; Value = "CR0603-JW-104ELFTR-ND"; VariantName = "[No Variations]"
Add component (AddParameter): Name = "Made By"; Value = "Robert Pafford"; VariantName = "[No Variations]"
Add component (AddParameter): Name = "Supplier"; Value = "Digikey"; VariantName = "[No Variations]"
Add component (AddParameter): Name = "Supplier 1"; Value = "Digi-Key"; VariantName = "[No Variations]"
Add component (AddParameter): Name = "Supplier Part Number 1"; Value = "2019-RK73B1JTTD102JCT-ND"; VariantName = "[No Variations]"
Add component (AddParameter): Name = "Tolerance"; Value = "+/- 5%"; VariantName = "[No Variations]"
Add component (AddParameter): Name = "Value  (Ohms)"; Value = "1K"; VariantName = "[No Variations]"
Add component (AddParameter): Name = "Verified By"; Value = ""; VariantName = "[No Variations]"
Add component (AddParameter): Name = "Wattage"; Value = "1/8W"; VariantName = "[No Variations]"
Added Component: Designator=R6(RESISTOR_0603)
Add component (AddParameter): Name = "ComponentLink1Description"; Value = "Datasheet"; VariantName = "[No Variations]"
Add component (AddParameter): Name = "ComponentLink1URL"; Value = "https://www.bourns.com/docs/product-datasheets/CRxxxxx.pdf"; VariantName = "[No Variations]"
Add component (AddParameter): Name = "Digikey Part Numer"; Value = "CR0603-JW-104ELFTR-ND"; VariantName = "[No Variations]"
Add component (AddParameter): Name = "Made By"; Value = "Robert Pafford"; VariantName = "[No Variations]"
Add component (AddParameter): Name = "Supplier"; Value = "Digikey"; VariantName = "[No Variations]"
Add component (AddParameter): Name = "Supplier 1"; Value = "Digi-Key"; VariantName = "[No Variations]"
Add component (AddParameter): Name = "Supplier Part Number 1"; Value = "2019-RK73B1JTTD270JCT-ND"; VariantName = "[No Variations]"
Add component (AddParameter): Name = "Tolerance"; Value = "+/- 5%"; VariantName = "[No Variations]"
Add component (AddParameter): Name = "Value  (Ohms)"; Value = "27"; VariantName = "[No Variations]"
Add component (AddParameter): Name = "Verified By"; Value = ""; VariantName = "[No Variations]"
Add component (AddParameter): Name = "Wattage"; Value = "1/8W"; VariantName = "[No Variations]"
Added Component: Designator=R7(RESC1005X40X25LL05T10)
Add component (AddParameter): Name = "Manufacturer"; Value = "Yageo"; VariantName = "[No Variations]"
Add component (AddParameter): Name = "Part Number"; Value = "RC0402FR-07210RL"; VariantName = "[No Variations]"
Added Component: Designator=R8(RESC1005X40X25LL05T10)
Add component (AddParameter): Name = "Manufacturer"; Value = "Yageo"; VariantName = "[No Variations]"
Add component (AddParameter): Name = "Part Number"; Value = "RC0402FR-07210RL"; VariantName = "[No Variations]"
Added Component: Designator=R9(RESISTOR_0603)
Add component (AddParameter): Name = "ComponentLink1Description"; Value = "Datasheet"; VariantName = "[No Variations]"
Add component (AddParameter): Name = "ComponentLink1URL"; Value = "https://www.bourns.com/docs/product-datasheets/CRxxxxx.pdf"; VariantName = "[No Variations]"
Add component (AddParameter): Name = "Digikey Part Numer"; Value = "CR0603-JW-104ELFTR-ND"; VariantName = "[No Variations]"
Add component (AddParameter): Name = "Made By"; Value = "Robert Pafford"; VariantName = "[No Variations]"
Add component (AddParameter): Name = "Supplier"; Value = "Digikey"; VariantName = "[No Variations]"
Add component (AddParameter): Name = "Supplier 1"; Value = "Digi-Key"; VariantName = "[No Variations]"
Add component (AddParameter): Name = "Supplier Part Number 1"; Value = "2019-RK73B1JTTD102JCT-ND"; VariantName = "[No Variations]"
Add component (AddParameter): Name = "Tolerance"; Value = "+/- 5%"; VariantName = "[No Variations]"
Add component (AddParameter): Name = "Value  (Ohms)"; Value = "1K"; VariantName = "[No Variations]"
Add component (AddParameter): Name = "Verified By"; Value = ""; VariantName = "[No Variations]"
Add component (AddParameter): Name = "Wattage"; Value = "1/8W"; VariantName = "[No Variations]"
Added Component: Designator=R10(RESISTOR_0402)
Add component (AddParameter): Name = "Made By"; Value = "Robert Pafford"; VariantName = "[No Variations]"
Add component (AddParameter): Name = "Supplier 1"; Value = "Digikey"; VariantName = "[No Variations]"
Add component (AddParameter): Name = "Supplier Part Number 1"; Value = "13-AC0402FR-070RLCT-ND"; VariantName = "[No Variations]"
Add component (AddParameter): Name = "Tolerance"; Value = "+/- 1%"; VariantName = "[No Variations]"
Add component (AddParameter): Name = "Value  (Ohms)"; Value = "0"; VariantName = "[No Variations]"
Add component (AddParameter): Name = "Verified By"; Value = ""; VariantName = "[No Variations]"
Add component (AddParameter): Name = "Wattage"; Value = "1/16W"; VariantName = "[No Variations]"
Added Component: Designator=R11(RESISTOR_0402)
Add component (AddParameter): Name = "Made By"; Value = "Robert Pafford"; VariantName = "[No Variations]"
Add component (AddParameter): Name = "Supplier 1"; Value = "Digikey"; VariantName = "[No Variations]"
Add component (AddParameter): Name = "Supplier Part Number 1"; Value = "13-AC0402FR-070RLCT-ND"; VariantName = "[No Variations]"
Add component (AddParameter): Name = "Tolerance"; Value = "+/- 1%"; VariantName = "[No Variations]"
Add component (AddParameter): Name = "Value  (Ohms)"; Value = "0"; VariantName = "[No Variations]"
Add component (AddParameter): Name = "Verified By"; Value = ""; VariantName = "[No Variations]"
Add component (AddParameter): Name = "Wattage"; Value = "1/16W"; VariantName = "[No Variations]"
Added Component: Designator=R12(RESISTOR_0402)
Add component (AddParameter): Name = "Made By"; Value = "Robert Pafford"; VariantName = "[No Variations]"
Add component (AddParameter): Name = "Supplier 1"; Value = "Digikey"; VariantName = "[No Variations]"
Add component (AddParameter): Name = "Supplier Part Number 1"; Value = "13-AC0402FR-070RLCT-ND"; VariantName = "[No Variations]"
Add component (AddParameter): Name = "Tolerance"; Value = "+/- 1%"; VariantName = "[No Variations]"
Add component (AddParameter): Name = "Value  (Ohms)"; Value = "0"; VariantName = "[No Variations]"
Add component (AddParameter): Name = "Verified By"; Value = ""; VariantName = "[No Variations]"
Add component (AddParameter): Name = "Wattage"; Value = "1/16W"; VariantName = "[No Variations]"
Added Component: Designator=R13(RESISTOR_0402)
Add component (AddParameter): Name = "Made By"; Value = "Robert Pafford"; VariantName = "[No Variations]"
Add component (AddParameter): Name = "Supplier 1"; Value = "Digikey"; VariantName = "[No Variations]"
Add component (AddParameter): Name = "Supplier Part Number 1"; Value = "13-AC0402FR-070RLCT-ND"; VariantName = "[No Variations]"
Add component (AddParameter): Name = "Tolerance"; Value = "+/- 1%"; VariantName = "[No Variations]"
Add component (AddParameter): Name = "Value  (Ohms)"; Value = "0"; VariantName = "[No Variations]"
Add component (AddParameter): Name = "Verified By"; Value = ""; VariantName = "[No Variations]"
Add component (AddParameter): Name = "Wattage"; Value = "1/16W"; VariantName = "[No Variations]"
Added Component: Designator=R14(RESISTOR_0402)
Add component (AddParameter): Name = "Made By"; Value = "Robert Pafford"; VariantName = "[No Variations]"
Add component (AddParameter): Name = "Supplier 1"; Value = "Digikey"; VariantName = "[No Variations]"
Add component (AddParameter): Name = "Supplier Part Number 1"; Value = "13-AC0402FR-070RLCT-ND"; VariantName = "[No Variations]"
Add component (AddParameter): Name = "Tolerance"; Value = "+/- 1%"; VariantName = "[No Variations]"
Add component (AddParameter): Name = "Value  (Ohms)"; Value = "0"; VariantName = "[No Variations]"
Add component (AddParameter): Name = "Verified By"; Value = ""; VariantName = "[No Variations]"
Add component (AddParameter): Name = "Wattage"; Value = "1/16W"; VariantName = "[No Variations]"
Added Component: Designator=R15(RESISTOR_0402)
Add component (AddParameter): Name = "Made By"; Value = "Robert Pafford"; VariantName = "[No Variations]"
Add component (AddParameter): Name = "Supplier 1"; Value = "Digikey"; VariantName = "[No Variations]"
Add component (AddParameter): Name = "Supplier Part Number 1"; Value = "13-AC0402FR-070RLCT-ND"; VariantName = "[No Variations]"
Add component (AddParameter): Name = "Tolerance"; Value = "+/- 1%"; VariantName = "[No Variations]"
Add component (AddParameter): Name = "Value  (Ohms)"; Value = "0"; VariantName = "[No Variations]"
Add component (AddParameter): Name = "Verified By"; Value = ""; VariantName = "[No Variations]"
Add component (AddParameter): Name = "Wattage"; Value = "1/16W"; VariantName = "[No Variations]"
Added Component: Designator=R16(RESISTOR_0402)
Add component (AddParameter): Name = "Made By"; Value = "Robert Pafford"; VariantName = "[No Variations]"
Add component (AddParameter): Name = "Supplier 1"; Value = "Digikey"; VariantName = "[No Variations]"
Add component (AddParameter): Name = "Supplier Part Number 1"; Value = "13-AC0402FR-070RLCT-ND"; VariantName = "[No Variations]"
Add component (AddParameter): Name = "Tolerance"; Value = "+/- 1%"; VariantName = "[No Variations]"
Add component (AddParameter): Name = "Value  (Ohms)"; Value = "0"; VariantName = "[No Variations]"
Add component (AddParameter): Name = "Verified By"; Value = ""; VariantName = "[No Variations]"
Add component (AddParameter): Name = "Wattage"; Value = "1/16W"; VariantName = "[No Variations]"
Added Component: Designator=R17(RESISTOR_0402)
Add component (AddParameter): Name = "Made By"; Value = "Robert Pafford"; VariantName = "[No Variations]"
Add component (AddParameter): Name = "Supplier 1"; Value = "Digikey"; VariantName = "[No Variations]"
Add component (AddParameter): Name = "Supplier Part Number 1"; Value = "13-AC0402FR-070RLCT-ND"; VariantName = "[No Variations]"
Add component (AddParameter): Name = "Tolerance"; Value = "+/- 1%"; VariantName = "[No Variations]"
Add component (AddParameter): Name = "Value  (Ohms)"; Value = "0"; VariantName = "[No Variations]"
Add component (AddParameter): Name = "Verified By"; Value = ""; VariantName = "[No Variations]"
Add component (AddParameter): Name = "Wattage"; Value = "1/16W"; VariantName = "[No Variations]"
Added Component: Designator=R18(RESISTOR_0402)
Add component (AddParameter): Name = "Digikey Part Numer"; Value = "CR0603-JW-104ELFTR-ND"; VariantName = "[No Variations]"
Add component (AddParameter): Name = "Made By"; Value = "Robert Pafford"; VariantName = "[No Variations]"
Add component (AddParameter): Name = "Supplier"; Value = "Digikey"; VariantName = "[No Variations]"
Add component (AddParameter): Name = "Supplier 1"; Value = "Digi-Key"; VariantName = "[No Variations]"
Add component (AddParameter): Name = "Supplier Part Number 1"; Value = "YAG3436CT-ND"; VariantName = "[No Variations]"
Add component (AddParameter): Name = "Tolerance"; Value = "+/- 1%"; VariantName = "[No Variations]"
Add component (AddParameter): Name = "Value  (Ohms)"; Value = "10K"; VariantName = "[No Variations]"
Add component (AddParameter): Name = "Verified By"; Value = ""; VariantName = "[No Variations]"
Add component (AddParameter): Name = "Wattage"; Value = "1/16W"; VariantName = "[No Variations]"
Added Component: Designator=R19(RESISTOR_0402)
Add component (AddParameter): Name = "Digikey Part Numer"; Value = "CR0603-JW-104ELFTR-ND"; VariantName = "[No Variations]"
Add component (AddParameter): Name = "Made By"; Value = "Robert Pafford"; VariantName = "[No Variations]"
Add component (AddParameter): Name = "Supplier"; Value = "Digikey"; VariantName = "[No Variations]"
Add component (AddParameter): Name = "Supplier 1"; Value = "Digi-Key"; VariantName = "[No Variations]"
Add component (AddParameter): Name = "Supplier Part Number 1"; Value = "YAG3436CT-ND"; VariantName = "[No Variations]"
Add component (AddParameter): Name = "Tolerance"; Value = "+/- 1%"; VariantName = "[No Variations]"
Add component (AddParameter): Name = "Value  (Ohms)"; Value = "10K"; VariantName = "[No Variations]"
Add component (AddParameter): Name = "Verified By"; Value = ""; VariantName = "[No Variations]"
Add component (AddParameter): Name = "Wattage"; Value = "1/16W"; VariantName = "[No Variations]"
Added Component: Designator=R20(RESC1005X40X25LL05T10)
Add component (AddParameter): Name = "Manufacturer"; Value = "Yageo"; VariantName = "[No Variations]"
Add component (AddParameter): Name = "Part Number"; Value = "RC0402FR-07210RL"; VariantName = "[No Variations]"
Added Component: Designator=R21(RESC1005X40X25LL05T10)
Add component (AddParameter): Name = "Manufacturer"; Value = "Yageo"; VariantName = "[No Variations]"
Add component (AddParameter): Name = "Part Number"; Value = "RC0402FR-07210RL"; VariantName = "[No Variations]"
Added Component: Designator=R22(RESISTOR_0402)
Add component (AddParameter): Name = "Made By"; Value = "Robert Pafford"; VariantName = "[No Variations]"
Add component (AddParameter): Name = "Supplier 1"; Value = "Digikey"; VariantName = "[No Variations]"
Add component (AddParameter): Name = "Supplier Part Number 1"; Value = "13-AC0402FR-070RLCT-ND"; VariantName = "[No Variations]"
Add component (AddParameter): Name = "Tolerance"; Value = "+/- 1%"; VariantName = "[No Variations]"
Add component (AddParameter): Name = "Value  (Ohms)"; Value = "0"; VariantName = "[No Variations]"
Add component (AddParameter): Name = "Verified By"; Value = ""; VariantName = "[No Variations]"
Add component (AddParameter): Name = "Wattage"; Value = "1/16W"; VariantName = "[No Variations]"
Added Component: Designator=R23(RESISTOR_0402)
Add component (AddParameter): Name = "Made By"; Value = "Robert Pafford"; VariantName = "[No Variations]"
Add component (AddParameter): Name = "Supplier 1"; Value = "Digikey"; VariantName = "[No Variations]"
Add component (AddParameter): Name = "Supplier Part Number 1"; Value = "13-AC0402FR-070RLCT-ND"; VariantName = "[No Variations]"
Add component (AddParameter): Name = "Tolerance"; Value = "+/- 1%"; VariantName = "[No Variations]"
Add component (AddParameter): Name = "Value  (Ohms)"; Value = "0"; VariantName = "[No Variations]"
Add component (AddParameter): Name = "Verified By"; Value = ""; VariantName = "[No Variations]"
Add component (AddParameter): Name = "Wattage"; Value = "1/16W"; VariantName = "[No Variations]"
Added Component: Designator=R24(RESISTOR_0402)
Add component (AddParameter): Name = "Made By"; Value = "Robert Pafford"; VariantName = "[No Variations]"
Add component (AddParameter): Name = "Supplier 1"; Value = "Digikey"; VariantName = "[No Variations]"
Add component (AddParameter): Name = "Supplier Part Number 1"; Value = "13-AC0402FR-070RLCT-ND"; VariantName = "[No Variations]"
Add component (AddParameter): Name = "Tolerance"; Value = "+/- 1%"; VariantName = "[No Variations]"
Add component (AddParameter): Name = "Value  (Ohms)"; Value = "0"; VariantName = "[No Variations]"
Add component (AddParameter): Name = "Verified By"; Value = ""; VariantName = "[No Variations]"
Add component (AddParameter): Name = "Wattage"; Value = "1/16W"; VariantName = "[No Variations]"
Added Component: Designator=R25(RESISTOR_0402)
Add component (AddParameter): Name = "Made By"; Value = "Robert Pafford"; VariantName = "[No Variations]"
Add component (AddParameter): Name = "Supplier 1"; Value = "Digikey"; VariantName = "[No Variations]"
Add component (AddParameter): Name = "Supplier Part Number 1"; Value = "13-AC0402FR-070RLCT-ND"; VariantName = "[No Variations]"
Add component (AddParameter): Name = "Tolerance"; Value = "+/- 1%"; VariantName = "[No Variations]"
Add component (AddParameter): Name = "Value  (Ohms)"; Value = "0"; VariantName = "[No Variations]"
Add component (AddParameter): Name = "Verified By"; Value = ""; VariantName = "[No Variations]"
Add component (AddParameter): Name = "Wattage"; Value = "1/16W"; VariantName = "[No Variations]"
Added Component: Designator=R26(RESISTOR_0402)
Add component (AddParameter): Name = "Made By"; Value = "Robert Pafford"; VariantName = "[No Variations]"
Add component (AddParameter): Name = "Supplier 1"; Value = "Digikey"; VariantName = "[No Variations]"
Add component (AddParameter): Name = "Supplier Part Number 1"; Value = "13-AC0402FR-070RLCT-ND"; VariantName = "[No Variations]"
Add component (AddParameter): Name = "Tolerance"; Value = "+/- 1%"; VariantName = "[No Variations]"
Add component (AddParameter): Name = "Value  (Ohms)"; Value = "0"; VariantName = "[No Variations]"
Add component (AddParameter): Name = "Verified By"; Value = ""; VariantName = "[No Variations]"
Add component (AddParameter): Name = "Wattage"; Value = "1/16W"; VariantName = "[No Variations]"
Added Component: Designator=R27(RESISTOR_0402)
Add component (AddParameter): Name = "Made By"; Value = "Robert Pafford"; VariantName = "[No Variations]"
Add component (AddParameter): Name = "Supplier 1"; Value = "Digikey"; VariantName = "[No Variations]"
Add component (AddParameter): Name = "Supplier Part Number 1"; Value = "13-AC0402FR-070RLCT-ND"; VariantName = "[No Variations]"
Add component (AddParameter): Name = "Tolerance"; Value = "+/- 1%"; VariantName = "[No Variations]"
Add component (AddParameter): Name = "Value  (Ohms)"; Value = "0"; VariantName = "[No Variations]"
Add component (AddParameter): Name = "Verified By"; Value = ""; VariantName = "[No Variations]"
Add component (AddParameter): Name = "Wattage"; Value = "1/16W"; VariantName = "[No Variations]"
Added Component: Designator=R28(RESISTOR_0402)
Add component (AddParameter): Name = "Made By"; Value = "Robert Pafford"; VariantName = "[No Variations]"
Add component (AddParameter): Name = "Supplier 1"; Value = "Digikey"; VariantName = "[No Variations]"
Add component (AddParameter): Name = "Supplier Part Number 1"; Value = "13-AC0402FR-070RLCT-ND"; VariantName = "[No Variations]"
Add component (AddParameter): Name = "Tolerance"; Value = "+/- 1%"; VariantName = "[No Variations]"
Add component (AddParameter): Name = "Value  (Ohms)"; Value = "0"; VariantName = "[No Variations]"
Add component (AddParameter): Name = "Verified By"; Value = ""; VariantName = "[No Variations]"
Add component (AddParameter): Name = "Wattage"; Value = "1/16W"; VariantName = "[No Variations]"
Added Component: Designator=R29(RESISTOR_0402)
Add component (AddParameter): Name = "Made By"; Value = "Robert Pafford"; VariantName = "[No Variations]"
Add component (AddParameter): Name = "Supplier 1"; Value = "Digikey"; VariantName = "[No Variations]"
Add component (AddParameter): Name = "Supplier Part Number 1"; Value = "13-AC0402FR-070RLCT-ND"; VariantName = "[No Variations]"
Add component (AddParameter): Name = "Tolerance"; Value = "+/- 1%"; VariantName = "[No Variations]"
Add component (AddParameter): Name = "Value  (Ohms)"; Value = "0"; VariantName = "[No Variations]"
Add component (AddParameter): Name = "Verified By"; Value = ""; VariantName = "[No Variations]"
Add component (AddParameter): Name = "Wattage"; Value = "1/16W"; VariantName = "[No Variations]"
Added Component: Designator=R30(RESISTOR_0603)
Add component (AddParameter): Name = "ComponentLink1Description"; Value = "Datasheet"; VariantName = "[No Variations]"
Add component (AddParameter): Name = "ComponentLink1URL"; Value = "https://www.bourns.com/docs/product-datasheets/CRxxxxx.pdf"; VariantName = "[No Variations]"
Add component (AddParameter): Name = "Digikey Part Numer"; Value = "CR0603-JW-104ELFTR-ND"; VariantName = "[No Variations]"
Add component (AddParameter): Name = "Made By"; Value = "Robert Pafford"; VariantName = "[No Variations]"
Add component (AddParameter): Name = "Supplier"; Value = "Digikey"; VariantName = "[No Variations]"
Add component (AddParameter): Name = "Supplier 1"; Value = "Digi-Key"; VariantName = "[No Variations]"
Add component (AddParameter): Name = "Supplier Part Number 1"; Value = "2019-RK73B1JTTD102JCT-ND"; VariantName = "[No Variations]"
Add component (AddParameter): Name = "Tolerance"; Value = "+/- 5%"; VariantName = "[No Variations]"
Add component (AddParameter): Name = "Value  (Ohms)"; Value = "1K"; VariantName = "[No Variations]"
Add component (AddParameter): Name = "Verified By"; Value = ""; VariantName = "[No Variations]"
Add component (AddParameter): Name = "Wattage"; Value = "1/8W"; VariantName = "[No Variations]"
Added Component: Designator=R31(RESISTOR_0603)
Add component (AddParameter): Name = "ComponentLink1Description"; Value = "Datasheet"; VariantName = "[No Variations]"
Add component (AddParameter): Name = "ComponentLink1URL"; Value = "https://www.bourns.com/docs/product-datasheets/CRxxxxx.pdf"; VariantName = "[No Variations]"
Add component (AddParameter): Name = "Digikey Part Numer"; Value = "CR0603-JW-104ELFTR-ND"; VariantName = "[No Variations]"
Add component (AddParameter): Name = "Made By"; Value = "Robert Pafford"; VariantName = "[No Variations]"
Add component (AddParameter): Name = "Supplier"; Value = "Digikey"; VariantName = "[No Variations]"
Add component (AddParameter): Name = "Supplier 1"; Value = "Digi-Key"; VariantName = "[No Variations]"
Add component (AddParameter): Name = "Supplier Part Number 1"; Value = "2019-RK73B1JTTD102JCT-ND"; VariantName = "[No Variations]"
Add component (AddParameter): Name = "Tolerance"; Value = "+/- 5%"; VariantName = "[No Variations]"
Add component (AddParameter): Name = "Value  (Ohms)"; Value = "1K"; VariantName = "[No Variations]"
Add component (AddParameter): Name = "Verified By"; Value = ""; VariantName = "[No Variations]"
Add component (AddParameter): Name = "Wattage"; Value = "1/8W"; VariantName = "[No Variations]"
Added Component: Designator=R32(RESISTOR_0603)
Add component (AddParameter): Name = "ComponentLink1Description"; Value = "Datasheet"; VariantName = "[No Variations]"
Add component (AddParameter): Name = "ComponentLink1URL"; Value = "https://www.bourns.com/docs/product-datasheets/CRxxxxx.pdf"; VariantName = "[No Variations]"
Add component (AddParameter): Name = "Digikey Part Numer"; Value = "CR0603-JW-104ELFTR-ND"; VariantName = "[No Variations]"
Add component (AddParameter): Name = "Made By"; Value = "Robert Pafford"; VariantName = "[No Variations]"
Add component (AddParameter): Name = "Supplier"; Value = "Digikey"; VariantName = "[No Variations]"
Add component (AddParameter): Name = "Supplier 1"; Value = "Digi-Key"; VariantName = "[No Variations]"
Add component (AddParameter): Name = "Supplier Part Number 1"; Value = "2019-RK73B1JTTD102JCT-ND"; VariantName = "[No Variations]"
Add component (AddParameter): Name = "Tolerance"; Value = "+/- 5%"; VariantName = "[No Variations]"
Add component (AddParameter): Name = "Value  (Ohms)"; Value = "1K"; VariantName = "[No Variations]"
Add component (AddParameter): Name = "Verified By"; Value = ""; VariantName = "[No Variations]"
Add component (AddParameter): Name = "Wattage"; Value = "1/8W"; VariantName = "[No Variations]"
Added Component: Designator=SB1(RESISTOR_0603)
Add component (AddParameter): Name = "ComponentLink1Description"; Value = "Digikey"; VariantName = "[No Variations]"
Add component (AddParameter): Name = "ComponentLink1URL"; Value = "https://www.digikey.com/en/products/detail/koa-speer-electronics-inc/RK73B1JTTD101J/9844701"; VariantName = "[No Variations]"
Add component (AddParameter): Name = "Made By"; Value = "Robert Pafford"; VariantName = "[No Variations]"
Add component (AddParameter): Name = "Value  (Ohms)"; Value = "0"; VariantName = "[No Variations]"
Add component (AddParameter): Name = "Verified By"; Value = ""; VariantName = "[No Variations]"
Added Component: Designator=TP1(TESTPOINT_1.2MM)
Add component (AddParameter): Name = "Made By"; Value = "Robert Pafford"; VariantName = "[No Variations]"
Added Component: Designator=TP2(TESTPOINT_1.2MM)
Add component (AddParameter): Name = "Made By"; Value = "Robert Pafford"; VariantName = "[No Variations]"
Added Component: Designator=TP3(TESTPOINT_1.2MM)
Add component (AddParameter): Name = "Made By"; Value = "Robert Pafford"; VariantName = "[No Variations]"
Added Component: Designator=TP4(TESTPOINT_1.2MM)
Add component (AddParameter): Name = "Made By"; Value = "Robert Pafford"; VariantName = "[No Variations]"
Added Component: Designator=TP5(TESTPOINT_1.2MM)
Add component (AddParameter): Name = "Made By"; Value = "Robert Pafford"; VariantName = "[No Variations]"
Added Component: Designator=TP6(TESTPOINT_1.2MM)
Add component (AddParameter): Name = "Made By"; Value = "Robert Pafford"; VariantName = "[No Variations]"
Added Component: Designator=TP7(TESTPOINT_1.2MM)
Add component (AddParameter): Name = "Made By"; Value = "Robert Pafford"; VariantName = "[No Variations]"
Added Component: Designator=TP8(TESTPOINT_1.2MM)
Add component (AddParameter): Name = "Made By"; Value = "Robert Pafford"; VariantName = "[No Variations]"
Added Component: Designator=TP9(TESTPOINT_1.2MM)
Add component (AddParameter): Name = "Made By"; Value = "Robert Pafford"; VariantName = "[No Variations]"
Added Component: Designator=TP10(TESTPOINT_1.2MM)
Add component (AddParameter): Name = "Made By"; Value = "Robert Pafford"; VariantName = "[No Variations]"
Added Component: Designator=U1(FP-RXY0014A-MFG)
Added Component: Designator=U2(FP-RXY0014A-MFG)
Added Component: Designator=U3(FP-RXY0014A-MFG)
Added Component: Designator=U4(FP-RXY0014A-MFG)
Added Component: Designator=U5(SOT-223-4)
Add component (AddParameter): Name = "Arrow_Electronics-Purchase-URL"; Value = "https://snapeda.com/shop?store=Arrow+Electronics&id=410186"; VariantName = "[No Variations]"
Add component (AddParameter): Name = "Availability"; Value = "Good"; VariantName = "[No Variations]"
Add component (AddParameter): Name = "DigiKey-Purchase-URL"; Value = "https://snapeda.com/shop?store=DigiKey&id=410186"; VariantName = "[No Variations]"
Add component (AddParameter): Name = "MF"; Value = "Texas Instruments"; VariantName = "[No Variations]"
Add component (AddParameter): Name = "Mouser-Purchase-URL"; Value = "https://snapeda.com/shop?store=Mouser&id=410186"; VariantName = "[No Variations]"
Add component (AddParameter): Name = "MP"; Value = "LM1117IMPX-3.3/NOPB"; VariantName = "[No Variations]"
Add component (AddParameter): Name = "Package"; Value = "SOT-223-4 Texas Instruments"; VariantName = "[No Variations]"
Add component (AddParameter): Name = "Price"; Value = "None"; VariantName = "[No Variations]"
Add component (AddParameter): Name = "SnapEDA_Link"; Value = "https://www.snapeda.com/parts/LM1117IMPX-3.3/NOPB/Texas%20Instruments/view-part/410186/?ref=snap"; VariantName = "[No Variations]"
Add component (AddParameter): Name = "Texas_Instruments-Purchase-URL"; Value = "https://snapeda.com/shop?store=Texas+Instruments&id=410186"; VariantName = "[No Variations]"
Add component (AddParameter): Name = "Value"; Value = ""; VariantName = "[No Variations]"
Added Pin To Net: NetName=GND Pin=C1-1
Added Pin To Net: NetName=GND Pin=C2-1
Added Pin To Net: NetName=GND Pin=C3-2
Added Pin To Net: NetName=GND Pin=C4-2
Added Pin To Net: NetName=GND Pin=C5-1
Added Pin To Net: NetName=GND Pin=C6-1
Added Pin To Net: NetName=GND Pin=C7-1
Added Pin To Net: NetName=GND Pin=C8-2
Added Pin To Net: NetName=GND Pin=C9-2
Added Pin To Net: NetName=5V Pin=C10-1
Added Pin To Net: NetName=GND_RP2CAN Pin=C10-2
Added Pin To Net: NetName=3V3_RP2CAN Pin=C11-1
Added Pin To Net: NetName=GND_RP2CAN Pin=C11-2
Added Pin To Net: NetName=3V3_RP2CAN Pin=C12-1
Added Pin To Net: NetName=GND_RP2CAN Pin=C12-2
Added Pin To Net: NetName=3V3_RP2CAN Pin=C13-1
Added Pin To Net: NetName=GND_RP2CAN Pin=C13-2
Added Pin To Net: NetName=NetD2_1 Pin=D2-1
Added Pin To Net: NetName=GND Pin=D2-2
Added Pin To Net: NetName=NetD3_1 Pin=D3-1
Added Pin To Net: NetName=GND_RP2CAN Pin=D3-2
Added Pin To Net: NetName=GND Pin=J1-1
Added Pin To Net: NetName=GND Pin=J1-2
Added Pin To Net: NetName=GND Pin=J1-3
Added Pin To Net: NetName=GND Pin=J1-4
Added Pin To Net: NetName=GND_RP2CAN Pin=J2-6
Added Pin To Net: NetName=GND_RP2CAN Pin=J2-7
Added Pin To Net: NetName=GND_RP2CAN Pin=J2-8
Added Pin To Net: NetName=GND_RP2CAN Pin=J2-9
Added Pin To Net: NetName=12V Pin=J4-1
Added Pin To Net: NetName=GND_RP2CAN Pin=J4-3
Added Pin To Net: NetName=GND_RP2CAN Pin=J4-4
Added Pin To Net: NetName=12V Pin=J5-1
Added Pin To Net: NetName=GND_RP2CAN Pin=J5-3
Added Pin To Net: NetName=GND_RP2CAN Pin=J5-4
Added Pin To Net: NetName=CANL Pin=J6-1
Added Pin To Net: NetName=GND_RP2CAN Pin=J6-2
Added Pin To Net: NetName=CANH Pin=J6-4
Added Pin To Net: NetName=5V Pin=J6-5
Added Pin To Net: NetName=12V Pin=J6-6
Added Pin To Net: NetName=12V Pin=J7-1
Added Pin To Net: NetName=GND_RP2CAN Pin=J7-3
Added Pin To Net: NetName=GND_RP2CAN Pin=J7-4
Added Pin To Net: NetName=12V Pin=J8-1
Added Pin To Net: NetName=GND_RP2CAN Pin=J8-3
Added Pin To Net: NetName=GND_RP2CAN Pin=J8-4
Added Pin To Net: NetName=NetQ2_4 Pin=Q2-4
Added Pin To Net: NetName=3V3_RP2CAN Pin=R2-1
Added Pin To Net: NetName=3V3_RP2CAN Pin=R3-1
Added Pin To Net: NetName=NetD3_1 Pin=R4-1
Added Pin To Net: NetName=3V3_RP2CAN Pin=R4-2
Added Pin To Net: NetName=NetD2_1 Pin=R5-2
Added Pin To Net: NetName=NetQ2_4 Pin=R6-2
Added Pin To Net: NetName=GND_RP2CAN Pin=R7-1
Added Pin To Net: NetName=GND_RP2CAN Pin=R8-1
Added Pin To Net: NetName=GND Pin=R9-2
Added Pin To Net: NetName=GND Pin=R10-2
Added Pin To Net: NetName=GND Pin=R11-2
Added Pin To Net: NetName=GND Pin=R12-2
Added Pin To Net: NetName=GND Pin=R13-2
Added Pin To Net: NetName=GND Pin=R14-2
Added Pin To Net: NetName=GND Pin=R15-2
Added Pin To Net: NetName=GND Pin=R16-2
Added Pin To Net: NetName=GND Pin=R17-2
Added Pin To Net: NetName=3V3_RP2CAN Pin=R18-1
Added Pin To Net: NetName=3V3_RP2CAN Pin=R19-1
Added Pin To Net: NetName=GND_RP2CAN Pin=R20-1
Added Pin To Net: NetName=GND_RP2CAN Pin=R21-1
Added Pin To Net: NetName=GND Pin=R22-2
Added Pin To Net: NetName=GND Pin=R23-2
Added Pin To Net: NetName=GND Pin=R24-2
Added Pin To Net: NetName=GND Pin=R25-2
Added Pin To Net: NetName=GND Pin=R26-2
Added Pin To Net: NetName=GND Pin=R27-2
Added Pin To Net: NetName=GND Pin=R28-2
Added Pin To Net: NetName=GND Pin=R29-2
Added Pin To Net: NetName=3V3_RP2CAN Pin=R30-1
Added Pin To Net: NetName=3V3_RP2CAN Pin=R31-1
Added Pin To Net: NetName=5V Pin=R32-1
Added Pin To Net: NetName=3V3_RP2CAN Pin=SB1-2
Added Pin To Net: NetName=GND Pin=U1-6
Added Pin To Net: NetName=GND Pin=U2-6
Added Pin To Net: NetName=GND Pin=U3-6
Added Pin To Net: NetName=GND Pin=U4-6
Added Pin To Net: NetName=GND_RP2CAN Pin=U5-1
Added Pin To Net: NetName=3V3_RP2CAN Pin=U5-2
Added Pin To Net: NetName=5V Pin=U5-3
Added Pin To Net: NetName=3V3_RP2CAN Pin=U5-4
Added Pin To Net: NetName=DRVOFF Pin=TP1-TP
Added Pin To Net: NetName=DRVOFF Pin=U1-8
Added Pin To Net: NetName=DRVOFF Pin=U1R-15
Added Pin To Net: NetName=DRVOFF Pin=U2-8
Added Pin To Net: NetName=DRVOFF Pin=U3-8
Added Pin To Net: NetName=DRVOFF Pin=U4-8
Added Net: Name=DRVOFF
Added Pin To Net: NetName=HBRIDGE1_EN Pin=TP2-TP
Added Pin To Net: NetName=HBRIDGE1_EN Pin=U1-9
Added Pin To Net: NetName=HBRIDGE1_EN Pin=U1R-2
Added Net: Name=HBRIDGE1_EN
Added Pin To Net: NetName=HBRIDGE1_IPROPI Pin=R7-2
Added Pin To Net: NetName=HBRIDGE1_IPROPI Pin=U1-2
Added Pin To Net: NetName=HBRIDGE1_IPROPI Pin=U1R-38
Added Net: Name=HBRIDGE1_IPROPI
Added Pin To Net: NetName=HBRIDGE1_nFAULT Pin=R2-2
Added Pin To Net: NetName=HBRIDGE1_nFAULT Pin=U1-1
Added Pin To Net: NetName=HBRIDGE1_nFAULT Pin=U1R-4
Added Net: Name=HBRIDGE1_nFAULT
Added Pin To Net: NetName=HBRIDGE1_OUT1 Pin=J3-8
Added Pin To Net: NetName=HBRIDGE1_OUT1 Pin=U1-7
Added Net: Name=HBRIDGE1_OUT1
Added Pin To Net: NetName=HBRIDGE1_OUT2 Pin=J3-7
Added Pin To Net: NetName=HBRIDGE1_OUT2 Pin=U1-5
Added Net: Name=HBRIDGE1_OUT2
Added Pin To Net: NetName=HBRIDGE1_PH Pin=TP5-TP
Added Pin To Net: NetName=HBRIDGE1_PH Pin=U1-10
Added Pin To Net: NetName=HBRIDGE1_PH Pin=U1R-3
Added Net: Name=HBRIDGE1_PH
Added Pin To Net: NetName=HBRIDGE2_EN Pin=TP3-TP
Added Pin To Net: NetName=HBRIDGE2_EN Pin=U1R-5
Added Pin To Net: NetName=HBRIDGE2_EN Pin=U2-9
Added Net: Name=HBRIDGE2_EN
Added Pin To Net: NetName=HBRIDGE2_IPROPI Pin=R8-2
Added Pin To Net: NetName=HBRIDGE2_IPROPI Pin=U1R-39
Added Pin To Net: NetName=HBRIDGE2_IPROPI Pin=U2-2
Added Net: Name=HBRIDGE2_IPROPI
Added Pin To Net: NetName=HBRIDGE2_nFAULT Pin=R3-2
Added Pin To Net: NetName=HBRIDGE2_nFAULT Pin=U1R-7
Added Pin To Net: NetName=HBRIDGE2_nFAULT Pin=U2-1
Added Net: Name=HBRIDGE2_nFAULT
Added Pin To Net: NetName=HBRIDGE2_OUT1 Pin=J3-6
Added Pin To Net: NetName=HBRIDGE2_OUT1 Pin=U2-7
Added Net: Name=HBRIDGE2_OUT1
Added Pin To Net: NetName=HBRIDGE2_OUT2 Pin=J3-5
Added Pin To Net: NetName=HBRIDGE2_OUT2 Pin=U2-5
Added Net: Name=HBRIDGE2_OUT2
Added Pin To Net: NetName=HBRIDGE2_PH Pin=TP6-TP
Added Pin To Net: NetName=HBRIDGE2_PH Pin=U1R-6
Added Pin To Net: NetName=HBRIDGE2_PH Pin=U2-10
Added Net: Name=HBRIDGE2_PH
Added Pin To Net: NetName=HBRIDGE3_EN Pin=TP7-TP
Added Pin To Net: NetName=HBRIDGE3_EN Pin=U1R-8
Added Pin To Net: NetName=HBRIDGE3_EN Pin=U3-9
Added Net: Name=HBRIDGE3_EN
Added Pin To Net: NetName=HBRIDGE3_IPROPI Pin=R20-2
Added Pin To Net: NetName=HBRIDGE3_IPROPI Pin=U1R-40
Added Pin To Net: NetName=HBRIDGE3_IPROPI Pin=U3-2
Added Net: Name=HBRIDGE3_IPROPI
Added Pin To Net: NetName=HBRIDGE3_nFAULT Pin=R18-2
Added Pin To Net: NetName=HBRIDGE3_nFAULT Pin=U1R-11
Added Pin To Net: NetName=HBRIDGE3_nFAULT Pin=U3-1
Added Net: Name=HBRIDGE3_nFAULT
Added Pin To Net: NetName=HBRIDGE3_OUT1 Pin=J3-4
Added Pin To Net: NetName=HBRIDGE3_OUT1 Pin=U3-7
Added Net: Name=HBRIDGE3_OUT1
Added Pin To Net: NetName=HBRIDGE3_OUT2 Pin=J3-3
Added Pin To Net: NetName=HBRIDGE3_OUT2 Pin=U3-5
Added Net: Name=HBRIDGE3_OUT2
Added Pin To Net: NetName=HBRIDGE3_PH Pin=TP9-TP
Added Pin To Net: NetName=HBRIDGE3_PH Pin=U1R-9
Added Pin To Net: NetName=HBRIDGE3_PH Pin=U3-10
Added Net: Name=HBRIDGE3_PH
Added Pin To Net: NetName=HBRIDGE4_EN Pin=TP8-TP
Added Pin To Net: NetName=HBRIDGE4_EN Pin=U1R-12
Added Pin To Net: NetName=HBRIDGE4_EN Pin=U4-9
Added Net: Name=HBRIDGE4_EN
Added Pin To Net: NetName=HBRIDGE4_IPROPI Pin=R21-2
Added Pin To Net: NetName=HBRIDGE4_IPROPI Pin=U1R-41
Added Pin To Net: NetName=HBRIDGE4_IPROPI Pin=U4-2
Added Net: Name=HBRIDGE4_IPROPI
Added Pin To Net: NetName=HBRIDGE4_nFAULT Pin=R19-2
Added Pin To Net: NetName=HBRIDGE4_nFAULT Pin=U1R-14
Added Pin To Net: NetName=HBRIDGE4_nFAULT Pin=U4-1
Added Net: Name=HBRIDGE4_nFAULT
Added Pin To Net: NetName=HBRIDGE4_OUT1 Pin=J3-2
Added Pin To Net: NetName=HBRIDGE4_OUT1 Pin=U4-7
Added Net: Name=HBRIDGE4_OUT1
Added Pin To Net: NetName=HBRIDGE4_OUT2 Pin=J3-1
Added Pin To Net: NetName=HBRIDGE4_OUT2 Pin=U4-5
Added Net: Name=HBRIDGE4_OUT2
Added Pin To Net: NetName=HBRIDGE4_PH Pin=TP10-TP
Added Pin To Net: NetName=HBRIDGE4_PH Pin=U1R-13
Added Pin To Net: NetName=HBRIDGE4_PH Pin=U4-10
Added Net: Name=HBRIDGE4_PH
Added Pin To Net: NetName=NetC1_2 Pin=C1-2
Added Pin To Net: NetName=NetC1_2 Pin=C3-1
Added Pin To Net: NetName=NetC1_2 Pin=F1-2
Added Pin To Net: NetName=NetC1_2 Pin=U1-4
Added Net: Name=NetC1_2
Added Pin To Net: NetName=NetC2_2 Pin=C2-2
Added Pin To Net: NetName=NetC2_2 Pin=C4-1
Added Pin To Net: NetName=NetC2_2 Pin=F2-2
Added Pin To Net: NetName=NetC2_2 Pin=U2-4
Added Net: Name=NetC2_2
Added Pin To Net: NetName=NetC5_2 Pin=C5-2
Added Pin To Net: NetName=NetC5_2 Pin=D1-1
Added Pin To Net: NetName=NetC5_2 Pin=R1-2
Added Pin To Net: NetName=NetC5_2 Pin=R6-1
Added Pin To Net: NetName=NetC5_2 Pin=R9-1
Added Net: Name=NetC5_2
Added Pin To Net: NetName=NetC6_2 Pin=C6-2
Added Pin To Net: NetName=NetC6_2 Pin=C8-1
Added Pin To Net: NetName=NetC6_2 Pin=F4-2
Added Pin To Net: NetName=NetC6_2 Pin=U3-4
Added Net: Name=NetC6_2
Added Pin To Net: NetName=NetC7_2 Pin=C7-2
Added Pin To Net: NetName=NetC7_2 Pin=C9-1
Added Pin To Net: NetName=NetC7_2 Pin=F5-2
Added Pin To Net: NetName=NetC7_2 Pin=U4-4
Added Net: Name=NetC7_2
Added Pin To Net: NetName=NetF3_2 Pin=F3-2
Added Pin To Net: NetName=NetF3_2 Pin=Q1-D
Added Pin To Net: NetName=NetF3_2 Pin=Q1-D
Added Pin To Net: NetName=NetF3_2 Pin=Q1-D
Added Pin To Net: NetName=NetF3_2 Pin=Q1-D
Added Pin To Net: NetName=NetF3_2 Pin=Q1-D
Added Pin To Net: NetName=NetF3_2 Pin=Q2-D
Added Pin To Net: NetName=NetF3_2 Pin=Q2-D
Added Pin To Net: NetName=NetF3_2 Pin=Q2-D
Added Pin To Net: NetName=NetF3_2 Pin=Q2-D
Added Pin To Net: NetName=NetF3_2 Pin=Q2-D
Added Net: Name=NetF3_2
Added Pin To Net: NetName=NetQ1_4 Pin=Q1-4
Added Pin To Net: NetName=NetQ1_4 Pin=R1-1
Added Net: Name=NetQ1_4
Added Pin To Net: NetName=NetQ3_1 Pin=Q3-1
Added Pin To Net: NetName=NetQ3_1 Pin=Q4-1
Added Pin To Net: NetName=NetQ3_1 Pin=R30-2
Added Net: Name=NetQ3_1
Added Pin To Net: NetName=NetR10_1 Pin=R10-1
Added Pin To Net: NetName=NetR10_1 Pin=U1-14
Added Net: Name=NetR10_1
Added Pin To Net: NetName=NetR11_1 Pin=R11-1
Added Pin To Net: NetName=NetR11_1 Pin=U2-14
Added Net: Name=NetR11_1
Added Pin To Net: NetName=NetR12_1 Pin=R12-1
Added Pin To Net: NetName=NetR12_1 Pin=U1-13
Added Net: Name=NetR12_1
Added Pin To Net: NetName=NetR13_1 Pin=R13-1
Added Pin To Net: NetName=NetR13_1 Pin=U2-13
Added Net: Name=NetR13_1
Added Pin To Net: NetName=NetR14_1 Pin=R14-1
Added Pin To Net: NetName=NetR14_1 Pin=U1-12
Added Net: Name=NetR14_1
Added Pin To Net: NetName=NetR15_1 Pin=R15-1
Added Pin To Net: NetName=NetR15_1 Pin=U2-12
Added Net: Name=NetR15_1
Added Pin To Net: NetName=NetR16_1 Pin=R16-1
Added Pin To Net: NetName=NetR16_1 Pin=U1-11
Added Net: Name=NetR16_1
Added Pin To Net: NetName=NetR17_1 Pin=R17-1
Added Pin To Net: NetName=NetR17_1 Pin=U2-11
Added Net: Name=NetR17_1
Added Pin To Net: NetName=NetR22_1 Pin=R22-1
Added Pin To Net: NetName=NetR22_1 Pin=U3-14
Added Net: Name=NetR22_1
Added Pin To Net: NetName=NetR23_1 Pin=R23-1
Added Pin To Net: NetName=NetR23_1 Pin=U4-14
Added Net: Name=NetR23_1
Added Pin To Net: NetName=NetR24_1 Pin=R24-1
Added Pin To Net: NetName=NetR24_1 Pin=U3-13
Added Net: Name=NetR24_1
Added Pin To Net: NetName=NetR25_1 Pin=R25-1
Added Pin To Net: NetName=NetR25_1 Pin=U4-13
Added Net: Name=NetR25_1
Added Pin To Net: NetName=NetR26_1 Pin=R26-1
Added Pin To Net: NetName=NetR26_1 Pin=U3-12
Added Net: Name=NetR26_1
Added Pin To Net: NetName=NetR27_1 Pin=R27-1
Added Pin To Net: NetName=NetR27_1 Pin=U4-12
Added Net: Name=NetR27_1
Added Pin To Net: NetName=NetR28_1 Pin=R28-1
Added Pin To Net: NetName=NetR28_1 Pin=U3-11
Added Net: Name=NetR28_1
Added Pin To Net: NetName=NetR29_1 Pin=R29-1
Added Pin To Net: NetName=NetR29_1 Pin=U4-11
Added Net: Name=NetR29_1
Added Pin To Net: NetName=NetSB1_1 Pin=SB1-1
Added Pin To Net: NetName=NetSB1_1 Pin=U1R-36
Added Net: Name=NetSB1_1
Added Pin To Net: NetName=nSLEEP Pin=TP4-TP
Added Pin To Net: NetName=nSLEEP Pin=U1-3
Added Pin To Net: NetName=nSLEEP Pin=U1R-35
Added Pin To Net: NetName=nSLEEP Pin=U2-3
Added Pin To Net: NetName=nSLEEP Pin=U3-3
Added Pin To Net: NetName=nSLEEP Pin=U4-3
Added Net: Name=nSLEEP
Added Pin To Net: NetName=SERVO_3V3 Pin=Q3-2
Added Pin To Net: NetName=SERVO_3V3 Pin=Q4-3
Added Pin To Net: NetName=SERVO_3V3 Pin=R31-2
Added Pin To Net: NetName=SERVO_3V3 Pin=U1R-37
Added Net: Name=SERVO_3V3
Added Pin To Net: NetName=SERVO_5V Pin=J4-2
Added Pin To Net: NetName=SERVO_5V Pin=J5-2
Added Pin To Net: NetName=SERVO_5V Pin=J7-2
Added Pin To Net: NetName=SERVO_5V Pin=J8-2
Added Pin To Net: NetName=SERVO_5V Pin=Q3-3
Added Pin To Net: NetName=SERVO_5V Pin=Q4-2
Added Pin To Net: NetName=SERVO_5V Pin=R32-2
Added Net: Name=SERVO_5V
Added Pin To Net: NetName=VCC Pin=D1-2
Added Pin To Net: NetName=VCC Pin=F1-1
Added Pin To Net: NetName=VCC Pin=F2-1
Added Pin To Net: NetName=VCC Pin=F4-1
Added Pin To Net: NetName=VCC Pin=F5-1
Added Pin To Net: NetName=VCC Pin=Q1-1
Added Pin To Net: NetName=VCC Pin=Q1-2
Added Pin To Net: NetName=VCC Pin=Q1-3
Added Pin To Net: NetName=VCC Pin=Q2-1
Added Pin To Net: NetName=VCC Pin=Q2-2
Added Pin To Net: NetName=VCC Pin=Q2-3
Added Pin To Net: NetName=VCC Pin=R5-1
Added Net: Name=VCC
Added Pin To Net: NetName=VIN Pin=F3-1
Added Pin To Net: NetName=VIN Pin=J1-5
Added Pin To Net: NetName=VIN Pin=J1-6
Added Pin To Net: NetName=VIN Pin=J1-7
Added Pin To Net: NetName=VIN Pin=J1-8
Added Pin To Net: NetName=VIN Pin=J6-3
Added Net: Name=VIN
Added Class: Name=HBridge
Added Member To Class: ClassName=U_RP2040_with_CAN Member=Component C1C 100nF Ceramic 25V
Added Member To Class: ClassName=U_RP2040_C Member=Component C1R 27pF Ceramic 50V
Added Member To Class: ClassName=U_RP2040_with_CAN Member=Component C2C 4700pF Ceramic 25V
Added Member To Class: ClassName=U_RP2040_C Member=Component C2R 27pF Ceramic 50V
Added Member To Class: ClassName=U_RP2040_with_CAN Member=Component C3C 100nF Ceramic 25V
Added Member To Class: ClassName=U_RP2040_C Member=Component C3R 100nF Ceramic 6.3V
Added Member To Class: ClassName=U_RP2040_with_CAN Member=Component C4C 100nF Ceramic 25V
Added Member To Class: ClassName=U_RP2040_C Member=Component C4R 1uF Ceramic 16V
Added Member To Class: ClassName=U_RP2040_with_CAN Member=Component C5C 1uF Ceramic 16V
Added Member To Class: ClassName=U_RP2040_C Member=Component C5R 100nF Ceramic 6.3V
Added Member To Class: ClassName=U_RP2040_C Member=Component C6R 100nF Ceramic 6.3V
Added Member To Class: ClassName=U_RP2040_C Member=Component C7R 100nF Ceramic 6.3V
Added Member To Class: ClassName=U_RP2040_C Member=Component C8R 100nF Ceramic 6.3V
Added Member To Class: ClassName=U_RP2040_C Member=Component C9R 100nF Ceramic 6.3V
Added Member To Class: ClassName=U_RP2040_C Member=Component C10R 100nF Ceramic 6.3V
Added Member To Class: ClassName=U_RP2040_C Member=Component C11R 1uF Ceramic 16V
Added Member To Class: ClassName=U_RP2040_C Member=Component C12R 100nF Ceramic 6.3V
Added Member To Class: ClassName=U_RP2040_C Member=Component C13R 100nF Ceramic 6.3V
Added Member To Class: ClassName=U_RP2040_with_CAN Member=Component D1C EAST1616RGBB4
Added Member To Class: ClassName=U_RP2040_C Member=Component J1R TagConnect SWD
Added Member To Class: ClassName=U_RP2040_with_CAN Member=Component R1C 10k Ohm 1% 1/16W
Added Member To Class: ClassName=U_RP2040_C Member=Component R1R 1k Ohm 1% 1/16W
Added Member To Class: ClassName=U_RP2040_with_CAN Member=Component R2C 60.4 Ohm 1% 1/16W
Added Member To Class: ClassName=U_RP2040_C Member=Component R2R 27 Ohm 1% 1/16W
Added Member To Class: ClassName=U_RP2040_with_CAN Member=Component R3C 60.4 Ohm 1% 1/16W
Added Member To Class: ClassName=U_RP2040_C Member=Component R3R 27 Ohm 1% 1/16W
Added Member To Class: ClassName=U_RP2040_with_CAN Member=Component R4C 10k Ohm 1% 1/16W
Added Member To Class: ClassName=U_RP2040_C Member=Component R4R 10k Ohm 1% 1/16W
Added Member To Class: ClassName=U_RP2040_with_CAN Member=Component R5C 604 Ohm 1% 1/16W
Added Member To Class: ClassName=U_RP2040_C Member=Component R5R 10k Ohm 1% 1/16W
Added Member To Class: ClassName=U_RP2040_with_CAN Member=Component R6C 10k Ohm 1% 1/16W
Added Member To Class: ClassName=U_RP2040_C Member=Component R6R 1k Ohm 1% 1/16W
Added Member To Class: ClassName=U_RP2040_with_CAN Member=Component R7C 200 Ohm 1% 1/16W
Added Member To Class: ClassName=U_RP2040_C Member=Component R7R 1k Ohm 1% 1/16W
Added Member To Class: ClassName=U_RP2040_with_CAN Member=Component R8C 200 Ohm 1% 1/16W
Added Member To Class: ClassName=U_RP2040_with_CAN Member=Component SW1C Switch DPDT
Added Member To Class: ClassName=U_RP2040_C Member=Component SW1R 434123025826
Added Member To Class: ClassName=U_RP2040_C Member=Component SW2R 434123025826
Added Member To Class: ClassName=U_RP2040_with_CAN Member=Component U1C MCP2517FD
Added Member To Class: ClassName=U_RP2040_C Member=Component U1R RP2040
Added Member To Class: ClassName=U_RP2040_with_CAN Member=Component U2C CAN Transceiver
Added Member To Class: ClassName=U_RP2040_C Member=Component U2R W25Q128JVSIQ
Added Member To Class: ClassName=U_RP2040_C Member=Component Y1R CRYSTAL 12.0000MHZ 18PF SMD
Change Room Name: Old Name=U_RP2040_with_CAN New Name=HBridge
Change Room Scope: Old Scope=InComponentClass('U_RP2040_with_CAN') New Scope=InComponentClass('HBridge')
