Replace Part C1 CAPACITOR_0.1uF_0805 in C:\Users\rosati.33\UWRT\electric_boogaloo\LilBoatBoards\HBridge\HBridge.SchDoc with CAPACITOR_0.1uF_0805 from Capacitors.SchLib
Replace Part C2 CAPACITOR_0.1uF_0805 in C:\Users\rosati.33\UWRT\electric_boogaloo\LilBoatBoards\HBridge\HBridge.SchDoc with CAPACITOR_0.1uF_0805 from Capacitors.SchLib
Replace Part C3 CAP ALUM 10UF 20% 63V SMD in C:\Users\rosati.33\UWRT\electric_boogaloo\LilBoatBoards\HBridge\HBridge.SchDoc with CAP ALUM 10UF 20% 63V SMD from Capacitors.SchLib
Replace Part C4 CAP ALUM 10UF 20% 63V SMD in C:\Users\rosati.33\UWRT\electric_boogaloo\LilBoatBoards\HBridge\HBridge.SchDoc with CAP ALUM 10UF 20% 63V SMD from Capacitors.SchLib
Replace Part C5 CAPACITOR_1uF_0603 in C:\Users\rosati.33\UWRT\electric_boogaloo\LilBoatBoards\HBridge\HBridge.SchDoc with CAPACITOR_1uF_0603 from Capacitors.SchLib
Replace Part C6 CAPACITOR_0.1uF_0805 in C:\Users\rosati.33\UWRT\electric_boogaloo\LilBoatBoards\HBridge\HBridge.SchDoc with CAPACITOR_0.1uF_0805 from Capacitors.SchLib
Replace Part C7 CAPACITOR_0.1uF_0805 in C:\Users\rosati.33\UWRT\electric_boogaloo\LilBoatBoards\HBridge\HBridge.SchDoc with CAPACITOR_0.1uF_0805 from Capacitors.SchLib
Replace Part C8 CAP ALUM 10UF 20% 63V SMD in C:\Users\rosati.33\UWRT\electric_boogaloo\LilBoatBoards\HBridge\HBridge.SchDoc with CAP ALUM 10UF 20% 63V SMD from Capacitors.SchLib
Replace Part C9 CAP ALUM 10UF 20% 63V SMD in C:\Users\rosati.33\UWRT\electric_boogaloo\LilBoatBoards\HBridge\HBridge.SchDoc with CAP ALUM 10UF 20% 63V SMD from Capacitors.SchLib
Replace Part C10 CAPACITOR_10uF_0603 in C:\Users\rosati.33\UWRT\electric_boogaloo\LilBoatBoards\HBridge\HBridge.SchDoc with CAPACITOR_10uF_0603 from Capacitors.SchLib
Replace Part C11 CAPACITOR_10uF_0603 in C:\Users\rosati.33\UWRT\electric_boogaloo\LilBoatBoards\HBridge\HBridge.SchDoc with CAPACITOR_10uF_0603 from Capacitors.SchLib
Replace Part C12 CAPACITOR_10uF_0603 in C:\Users\rosati.33\UWRT\electric_boogaloo\LilBoatBoards\HBridge\HBridge.SchDoc with CAPACITOR_10uF_0603 from Capacitors.SchLib
Replace Part C13 CAPACITOR_10uF_0603 in C:\Users\rosati.33\UWRT\electric_boogaloo\LilBoatBoards\HBridge\HBridge.SchDoc with CAPACITOR_10uF_0603 from Capacitors.SchLib
Replace Part D1 Zener_Diode_10V_410mW in C:\Users\rosati.33\UWRT\electric_boogaloo\LilBoatBoards\HBridge\HBridge.SchDoc with Zener_Diode_10V_410mW from Diodes.SchLib
Replace Part D2 LED_Blue_0603 in C:\Users\rosati.33\UWRT\electric_boogaloo\LilBoatBoards\HBridge\HBridge.SchDoc with LED_Blue_0603 from Diodes.SchLib
Replace Part D3 LED_Green_0603_3.2V in C:\Users\rosati.33\UWRT\electric_boogaloo\LilBoatBoards\HBridge\HBridge.SchDoc with LED_Green_0603_3.2V from Diodes.SchLib
Replace Part F1 Bel Fuse 15A in C:\Users\rosati.33\UWRT\electric_boogaloo\LilBoatBoards\HBridge\HBridge.SchDoc with Bel Fuse 15A from Fuses.SchLib
Replace Part F2 Bel Fuse 15A in C:\Users\rosati.33\UWRT\electric_boogaloo\LilBoatBoards\HBridge\HBridge.SchDoc with Bel Fuse 15A from Fuses.SchLib
Replace Part F3 Eaton 60A Fuse in C:\Users\rosati.33\UWRT\electric_boogaloo\LilBoatBoards\HBridge\HBridge.SchDoc with Eaton 60A Fuse from Fuses.SchLib
Replace Part F4 Bel Fuse 15A in C:\Users\rosati.33\UWRT\electric_boogaloo\LilBoatBoards\HBridge\HBridge.SchDoc with Bel Fuse 15A from Fuses.SchLib
Replace Part F5 Bel Fuse 15A in C:\Users\rosati.33\UWRT\electric_boogaloo\LilBoatBoards\HBridge\HBridge.SchDoc with Bel Fuse 15A from Fuses.SchLib
Replace Part J1 CONN_MOLEX_MICROFIT+_8POS_R/A in C:\Users\rosati.33\UWRT\electric_boogaloo\LilBoatBoards\HBridge\HBridge.SchDoc with CONN_MOLEX_MICROFIT+_8POS_R/A from Connectors.SchLib
Replace Part J2 CONN_MICROUSB in C:\Users\rosati.33\UWRT\electric_boogaloo\LilBoatBoards\HBridge\HBridge.SchDoc with CONN_MICROUSB from Connectors.SchLib
Replace Part J3 CONN_MOLEX_MINIFIT JR_8POS_R/A in C:\Users\rosati.33\UWRT\electric_boogaloo\LilBoatBoards\HBridge\HBridge.SchDoc with CONN_MOLEX_MINIFIT JR_8POS_R/A from Connectors.SchLib
Replace Part J4 CONN_MOLEX_MICROFIT+_4POS_R/A in C:\Users\rosati.33\UWRT\electric_boogaloo\LilBoatBoards\HBridge\HBridge.SchDoc with CONN_MOLEX_MICROFIT+_4POS_R/A from Connectors.SchLib
Replace Part J5 CONN_MOLEX_MICROFIT+_4POS_R/A in C:\Users\rosati.33\UWRT\electric_boogaloo\LilBoatBoards\HBridge\HBridge.SchDoc with CONN_MOLEX_MICROFIT+_4POS_R/A from Connectors.SchLib
Replace Part J6 CONN_MOLEX_MICROFIT+_6POS_R/A in C:\Users\rosati.33\UWRT\electric_boogaloo\LilBoatBoards\HBridge\HBridge.SchDoc with CONN_MOLEX_MICROFIT+_6POS_R/A from Connectors.SchLib
Replace Part J7 CONN_MOLEX_MICROFIT+_4POS_R/A in C:\Users\rosati.33\UWRT\electric_boogaloo\LilBoatBoards\HBridge\HBridge.SchDoc with CONN_MOLEX_MICROFIT+_4POS_R/A from Connectors.SchLib
Replace Part J8 CONN_MOLEX_MICROFIT+_4POS_R/A in C:\Users\rosati.33\UWRT\electric_boogaloo\LilBoatBoards\HBridge\HBridge.SchDoc with CONN_MOLEX_MICROFIT+_4POS_R/A from Connectors.SchLib
Replace Part Q1 SIR167DP-T1-GE3 in C:\Users\rosati.33\UWRT\electric_boogaloo\LilBoatBoards\HBridge\HBridge.SchDoc with SIR167DP-T1-GE3 from Transistors.SchLib
Replace Part Q2 SIR167DP-T1-GE3 in C:\Users\rosati.33\UWRT\electric_boogaloo\LilBoatBoards\HBridge\HBridge.SchDoc with SIR167DP-T1-GE3 from Transistors.SchLib
Update Managed Component Q3 From CMP-2000-04931-2[MMBT3904-7-F] To CMP-2000-04931-2[MMBT3904-7-F] in HBridge.SchDoc
Update Managed Component Q4 From CMP-2000-04931-2[MMBT3904-7-F] To CMP-2000-04931-2[MMBT3904-7-F] in HBridge.SchDoc
Replace Part R1 RESISTOR_27_0603 in C:\Users\rosati.33\UWRT\electric_boogaloo\LilBoatBoards\HBridge\HBridge.SchDoc with RESISTOR_27_0603 from Resistors.SchLib
Replace Part R2 RESISTOR_10K_0402 in C:\Users\rosati.33\UWRT\electric_boogaloo\LilBoatBoards\HBridge\HBridge.SchDoc with RESISTOR_10K_0402 from Resistors.SchLib
Replace Part R3 RESISTOR_10K_0402 in C:\Users\rosati.33\UWRT\electric_boogaloo\LilBoatBoards\HBridge\HBridge.SchDoc with RESISTOR_10K_0402 from Resistors.SchLib
Replace Part R4 RESISTOR_62_0603 in C:\Users\rosati.33\UWRT\electric_boogaloo\LilBoatBoards\HBridge\HBridge.SchDoc with RESISTOR_62_0603 from Resistors.SchLib
Replace Part R5 RESISTOR_1K_0603 in C:\Users\rosati.33\UWRT\electric_boogaloo\LilBoatBoards\HBridge\HBridge.SchDoc with RESISTOR_1K_0603 from Resistors.SchLib
Replace Part R6 RESISTOR_27_0603 in C:\Users\rosati.33\UWRT\electric_boogaloo\LilBoatBoards\HBridge\HBridge.SchDoc with RESISTOR_27_0603 from Resistors.SchLib
Update Managed Component R7 From CMP-2002-07503-1[RC0402FR-07210RL] To CMP-2002-07503-1[RC0402FR-07210RL] in HBridge.SchDoc
Update Managed Component R8 From CMP-2002-07503-1[RC0402FR-07210RL] To CMP-2002-07503-1[RC0402FR-07210RL] in HBridge.SchDoc
Replace Part R9 RESISTOR_1K_0603 in C:\Users\rosati.33\UWRT\electric_boogaloo\LilBoatBoards\HBridge\HBridge.SchDoc with RESISTOR_1K_0603 from Resistors.SchLib
Replace Part R10 RESISTOR_0_0402 in C:\Users\rosati.33\UWRT\electric_boogaloo\LilBoatBoards\HBridge\HBridge.SchDoc with RESISTOR_0_0402 from Resistors.SchLib
Replace Part R11 RESISTOR_0_0402 in C:\Users\rosati.33\UWRT\electric_boogaloo\LilBoatBoards\HBridge\HBridge.SchDoc with RESISTOR_0_0402 from Resistors.SchLib
Replace Part R12 RESISTOR_0_0402 in C:\Users\rosati.33\UWRT\electric_boogaloo\LilBoatBoards\HBridge\HBridge.SchDoc with RESISTOR_0_0402 from Resistors.SchLib
Replace Part R13 RESISTOR_0_0402 in C:\Users\rosati.33\UWRT\electric_boogaloo\LilBoatBoards\HBridge\HBridge.SchDoc with RESISTOR_0_0402 from Resistors.SchLib
Replace Part R14 RESISTOR_0_0402 in C:\Users\rosati.33\UWRT\electric_boogaloo\LilBoatBoards\HBridge\HBridge.SchDoc with RESISTOR_0_0402 from Resistors.SchLib
Replace Part R15 RESISTOR_0_0402 in C:\Users\rosati.33\UWRT\electric_boogaloo\LilBoatBoards\HBridge\HBridge.SchDoc with RESISTOR_0_0402 from Resistors.SchLib
Replace Part R16 RESISTOR_0_0402 in C:\Users\rosati.33\UWRT\electric_boogaloo\LilBoatBoards\HBridge\HBridge.SchDoc with RESISTOR_0_0402 from Resistors.SchLib
Replace Part R17 RESISTOR_0_0402 in C:\Users\rosati.33\UWRT\electric_boogaloo\LilBoatBoards\HBridge\HBridge.SchDoc with RESISTOR_0_0402 from Resistors.SchLib
Replace Part R18 RESISTOR_10K_0402 in C:\Users\rosati.33\UWRT\electric_boogaloo\LilBoatBoards\HBridge\HBridge.SchDoc with RESISTOR_10K_0402 from Resistors.SchLib
Replace Part R19 RESISTOR_10K_0402 in C:\Users\rosati.33\UWRT\electric_boogaloo\LilBoatBoards\HBridge\HBridge.SchDoc with RESISTOR_10K_0402 from Resistors.SchLib
Update Managed Component R20 From CMP-2002-07503-1[RC0402FR-07210RL] To CMP-2002-07503-1[RC0402FR-07210RL] in HBridge.SchDoc
Update Managed Component R21 From CMP-2002-07503-1[RC0402FR-07210RL] To CMP-2002-07503-1[RC0402FR-07210RL] in HBridge.SchDoc
Replace Part R22 RESISTOR_0_0402 in C:\Users\rosati.33\UWRT\electric_boogaloo\LilBoatBoards\HBridge\HBridge.SchDoc with RESISTOR_0_0402 from Resistors.SchLib
Replace Part R23 RESISTOR_0_0402 in C:\Users\rosati.33\UWRT\electric_boogaloo\LilBoatBoards\HBridge\HBridge.SchDoc with RESISTOR_0_0402 from Resistors.SchLib
Replace Part R24 RESISTOR_0_0402 in C:\Users\rosati.33\UWRT\electric_boogaloo\LilBoatBoards\HBridge\HBridge.SchDoc with RESISTOR_0_0402 from Resistors.SchLib
Replace Part R25 RESISTOR_0_0402 in C:\Users\rosati.33\UWRT\electric_boogaloo\LilBoatBoards\HBridge\HBridge.SchDoc with RESISTOR_0_0402 from Resistors.SchLib
Replace Part R26 RESISTOR_0_0402 in C:\Users\rosati.33\UWRT\electric_boogaloo\LilBoatBoards\HBridge\HBridge.SchDoc with RESISTOR_0_0402 from Resistors.SchLib
Replace Part R27 RESISTOR_0_0402 in C:\Users\rosati.33\UWRT\electric_boogaloo\LilBoatBoards\HBridge\HBridge.SchDoc with RESISTOR_0_0402 from Resistors.SchLib
Replace Part R28 RESISTOR_0_0402 in C:\Users\rosati.33\UWRT\electric_boogaloo\LilBoatBoards\HBridge\HBridge.SchDoc with RESISTOR_0_0402 from Resistors.SchLib
Replace Part R29 RESISTOR_0_0402 in C:\Users\rosati.33\UWRT\electric_boogaloo\LilBoatBoards\HBridge\HBridge.SchDoc with RESISTOR_0_0402 from Resistors.SchLib
Replace Part R30 RESISTOR_1K_0603 in C:\Users\rosati.33\UWRT\electric_boogaloo\LilBoatBoards\HBridge\HBridge.SchDoc with RESISTOR_1K_0603 from Resistors.SchLib
Replace Part R31 RESISTOR_1K_0603 in C:\Users\rosati.33\UWRT\electric_boogaloo\LilBoatBoards\HBridge\HBridge.SchDoc with RESISTOR_1K_0603 from Resistors.SchLib
Replace Part R32 RESISTOR_1K_0603 in C:\Users\rosati.33\UWRT\electric_boogaloo\LilBoatBoards\HBridge\HBridge.SchDoc with RESISTOR_1K_0603 from Resistors.SchLib
Replace Part SB1 JUMPER_0_0603 in C:\Users\rosati.33\UWRT\electric_boogaloo\LilBoatBoards\HBridge\HBridge.SchDoc with JUMPER_0_0603 from Resistors.SchLib
Replace Part TP1 TESTPOINT in C:\Users\rosati.33\UWRT\electric_boogaloo\LilBoatBoards\HBridge\HBridge.SchDoc with TESTPOINT from Connectors.SchLib
Replace Part TP2 TESTPOINT in C:\Users\rosati.33\UWRT\electric_boogaloo\LilBoatBoards\HBridge\HBridge.SchDoc with TESTPOINT from Connectors.SchLib
Replace Part TP3 TESTPOINT in C:\Users\rosati.33\UWRT\electric_boogaloo\LilBoatBoards\HBridge\HBridge.SchDoc with TESTPOINT from Connectors.SchLib
Replace Part TP4 TESTPOINT in C:\Users\rosati.33\UWRT\electric_boogaloo\LilBoatBoards\HBridge\HBridge.SchDoc with TESTPOINT from Connectors.SchLib
Replace Part TP5 TESTPOINT in C:\Users\rosati.33\UWRT\electric_boogaloo\LilBoatBoards\HBridge\HBridge.SchDoc with TESTPOINT from Connectors.SchLib
Replace Part TP6 TESTPOINT in C:\Users\rosati.33\UWRT\electric_boogaloo\LilBoatBoards\HBridge\HBridge.SchDoc with TESTPOINT from Connectors.SchLib
Replace Part TP7 TESTPOINT in C:\Users\rosati.33\UWRT\electric_boogaloo\LilBoatBoards\HBridge\HBridge.SchDoc with TESTPOINT from Connectors.SchLib
Replace Part TP8 TESTPOINT in C:\Users\rosati.33\UWRT\electric_boogaloo\LilBoatBoards\HBridge\HBridge.SchDoc with TESTPOINT from Connectors.SchLib
Replace Part TP9 TESTPOINT in C:\Users\rosati.33\UWRT\electric_boogaloo\LilBoatBoards\HBridge\HBridge.SchDoc with TESTPOINT from Connectors.SchLib
Replace Part TP10 TESTPOINT in C:\Users\rosati.33\UWRT\electric_boogaloo\LilBoatBoards\HBridge\HBridge.SchDoc with TESTPOINT from Connectors.SchLib
Update Managed Component U1 From CMP-04915-000088-1[DRV8243HQRXYRQ1] To CMP-04915-000088-1[DRV8243HQRXYRQ1] in HBridge.SchDoc
Update Managed Component U2 From CMP-04915-000088-1[DRV8243HQRXYRQ1] To CMP-04915-000088-1[DRV8243HQRXYRQ1] in HBridge.SchDoc
Update Managed Component U3 From CMP-04915-000088-1[DRV8243HQRXYRQ1] To CMP-04915-000088-1[DRV8243HQRXYRQ1] in HBridge.SchDoc
Update Managed Component U4 From CMP-04915-000088-1[DRV8243HQRXYRQ1] To CMP-04915-000088-1[DRV8243HQRXYRQ1] in HBridge.SchDoc
Replace Part U5 LM1117IMPX-3.3/NOPB in C:\Users\rosati.33\UWRT\electric_boogaloo\LilBoatBoards\HBridge\HBridge.SchDoc with LM1117IMPX-3.3/NOPB from Integrated Circuits.SchLib
