Removed Pin From Net: NetName=12V Pin=J4-1
Removed Pin From Net: NetName=SERVO_5V Pin=J4-2
Removed Pin From Net: NetName=GND_RP2CAN Pin=J4-3
Removed Pin From Net: NetName=12V Pin=J4-4
Removed Pin From Net: NetName=SERVO_5V Pin=J4-5
Removed Pin From Net: NetName=GND_RP2CAN Pin=J4-6
Removed Pin From Net: NetName=12V Pin=J4-7
Removed Pin From Net: NetName=SERVO_5V Pin=J4-8
Removed Pin From Net: NetName=GND_RP2CAN Pin=J4-9
Removed Pin From Net: NetName=12V Pin=J4-10
Removed Pin From Net: NetName=SERVO_5V Pin=J4-11
Removed Pin From Net: NetName=GND_RP2CAN Pin=J4-12
Change Component Footprint: Designator=J4 Old Footprint=CONN_MOLEX_MINIFIT JR_12 POS_R/A New Footprint=CONN_MOLEX_MICROFIT_2 POS_R/A
Change Component Comment : Designator=J4 Old Comment=Mini-Fit Jr R/A New Comment=Microfit R/A
Change component parameters: Designator = "J4" ("J4"); Footprint = "CONN_MOLEX_MINIFIT JR_12 POS_R/A"; UniqueID = "\XPBNGGBV" ("\XPBNGGBV")
Change component parameters (AddParameter): Name = "Color"; Value = "Black"; VariantName = "[No Variations]"
Change component parameters (AddParameter): Name = "Configuration"; Value = "R/A"; VariantName = "[No Variations]"
Change component parameters (AddParameter): Name = "Current Rating"; Value = "8A"; VariantName = "[No Variations]"
Change component parameters (AddParameter): Name = "Manufacturer"; Value = "Molex"; VariantName = "[No Variations]"
Change component parameters (AddParameter): Name = "Pitch"; Value = "3mm"; VariantName = "[No Variations]"
Change component parameters (AddParameter): Name = "Supplier 1"; Value = "Digikey"; VariantName = "[No Variations]"
Change component parameters (AddParameter): Name = "Supplier Part Number 1"; Value = "WM1813-ND"; VariantName = "[No Variations]"
Added Component: Designator=J5(CONN_MOLEX_MICROFIT_2 POS_R/A)
Add component (AddParameter): Name = "Color"; Value = "Black"; VariantName = "[No Variations]"
Add component (AddParameter): Name = "Configuration"; Value = "R/A"; VariantName = "[No Variations]"
Add component (AddParameter): Name = "Current Rating"; Value = "8A"; VariantName = "[No Variations]"
Add component (AddParameter): Name = "Manufacturer"; Value = "Molex"; VariantName = "[No Variations]"
Add component (AddParameter): Name = "Pitch"; Value = "3mm"; VariantName = "[No Variations]"
Add component (AddParameter): Name = "Supplier 1"; Value = "Digikey"; VariantName = "[No Variations]"
Add component (AddParameter): Name = "Supplier Part Number 1"; Value = "WM1813-ND"; VariantName = "[No Variations]"
Added Component: Designator=J7(CONN_MOLEX_MINIFIT JR_4 POS_R/A)
Add component (AddParameter): Name = "Color"; Value = "Natural"; VariantName = "[No Variations]"
Add component (AddParameter): Name = "ComponentLink1Description"; Value = "Datasheet"; VariantName = "[No Variations]"
Add component (AddParameter): Name = "ComponentLink1URL"; Value = "https://www.molex.com/pdm_docs/sd/026013115_sd.pdf"; VariantName = "[No Variations]"
Add component (AddParameter): Name = "Configuration"; Value = "Right Angle"; VariantName = "[No Variations]"
Add component (AddParameter): Name = "Created By"; Value = "Flip B"; VariantName = "[No Variations]"
Add component (AddParameter): Name = "Current Per Pin"; Value = "13A"; VariantName = "[No Variations]"
Add component (AddParameter): Name = "Manufacturer"; Value = "Molex"; VariantName = "[No Variations]"
Add component (AddParameter): Name = "Number of Positions"; Value = "4"; VariantName = "[No Variations]"
Add component (AddParameter): Name = "Pitch"; Value = "4.2mm"; VariantName = "[No Variations]"
Add component (AddParameter): Name = "Series"; Value = "Minifit Jr 5569"; VariantName = "[No Variations]"
Add component (AddParameter): Name = "Supplier 1"; Value = "Digi-Key"; VariantName = "[No Variations]"
Add component (AddParameter): Name = "Supplier Part Number 1"; Value = "WM13112-ND"; VariantName = "[No Variations]"
Add component (AddParameter): Name = "Verified By"; Value = ""; VariantName = "[No Variations]"
Added Pin To Net: NetName=HBRIDGE5_OUT2 Pin=J4-1
Added Pin To Net: NetName=HBRIDGE5_OUT1 Pin=J4-2
Added Pin To Net: NetName=GND Pin=J5-1
Added Pin To Net: NetName=PUMP_PWR Pin=J5-2
Added Pin To Net: NetName=12V Pin=J7-1
Added Pin To Net: NetName=SERVO_5V Pin=J7-2
Added Pin To Net: NetName=GND_RP2CAN Pin=J7-3
Added Pin To Net: NetName=GND_RP2CAN Pin=J7-4
Added Member To Class: ClassName=HBridge Member=Component J4 Microfit R/A
Added Member To Class: ClassName=HBridge Member=Component J5 Microfit R/A
Added Member To Class: ClassName=HBridge Member=Component J7 Mini-Fit Jr R/A
Added Room: Name=HBridge
