Removed Pin From Net: NetName=HBRIDGE1_EN Pin=U1R-2
Removed Pin From Net: NetName=HBRIDGE1_PH Pin=U1R-3
Removed Pin From Net: NetName=HBRIDGE2_EN Pin=U1R-5
Removed Pin From Net: NetName=HBRIDGE2_PH Pin=U1R-6
Removed Pin From Net: NetName=HBRIDGE3_EN Pin=U1R-8
Removed Pin From Net: NetName=HBRIDGE3_PH Pin=U1R-9
Removed Pin From Net: NetName=HBRIDGE4_EN Pin=U1R-12
Removed Pin From Net: NetName=HBRIDGE4_PH Pin=U1R-13
Change Component Designator: OldDesignator=EN1 NewDesignator=TP2
Change Component Designator: OldDesignator=EN2 NewDesignator=TP3
Change Component Designator: OldDesignator=PH1 NewDesignator=TP5
Change Component Designator: OldDesignator=PH2 NewDesignator=TP6
Added Pin To Net: NetName=HBRIDGE1_PH Pin=U1R-2
Added Pin To Net: NetName=HBRIDGE1_EN Pin=U1R-3
Added Pin To Net: NetName=HBRIDGE2_PH Pin=U1R-5
Added Pin To Net: NetName=HBRIDGE2_EN Pin=U1R-6
Added Pin To Net: NetName=HBRIDGE3_PH Pin=U1R-8
Added Pin To Net: NetName=HBRIDGE3_EN Pin=U1R-9
Added Pin To Net: NetName=HBRIDGE4_PH Pin=U1R-12
Added Pin To Net: NetName=HBRIDGE4_EN Pin=U1R-13
Added Room: Name=HBridge
