Removed Pin From Net: NetName=HBRIDGE1_nFAULT Pin=U1R-4
Removed Pin From Net: NetName=HBRIDGE2_PH Pin=U1R-5
Removed Pin From Net: NetName=HBRIDGE2_EN Pin=U1R-6
Removed Pin From Net: NetName=HBRIDGE2_nFAULT Pin=U1R-7
Removed Pin From Net: NetName=HBRIDGE3_PH Pin=U1R-8
Removed Pin From Net: NetName=HBRIDGE3_EN Pin=U1R-9
Removed Pin From Net: NetName=HBRIDGE3_nFAULT Pin=U1R-11
Removed Pin From Net: NetName=HBRIDGE4_PH Pin=U1R-12
Removed Pin From Net: NetName=HBRIDGE4_EN Pin=U1R-13
Removed Pin From Net: NetName=HBRIDGE4_nFAULT Pin=U1R-14
Removed Pin From Net: NetName=HBRIDGE4_IPROPI Pin=U1R-38
Removed Pin From Net: NetName=HBRIDGE1_IPROPI Pin=U1R-39
Removed Pin From Net: NetName=HBRIDGE2_IPROPI Pin=U1R-40
Removed Pin From Net: NetName=HBRIDGE3_IPROPI Pin=U1R-41
Change Component Comment : Designator=R20 Old Comment=RC0402FR-07210RL New Comment=210
Change Component Designator: OldDesignator=DRVOFF NewDesignator=TP1
Change Component Designator: OldDesignator=EN1 NewDesignator=TP2
Change Component Designator: OldDesignator=EN2 NewDesignator=TP3
Change Component Designator: OldDesignator=EN3 NewDesignator=TP7
Change Component Designator: OldDesignator=EN4 NewDesignator=TP8
Change Component Designator: OldDesignator=nSLEEP NewDesignator=TP4
Change Component Designator: OldDesignator=PH1 NewDesignator=TP5
Change Component Designator: OldDesignator=PH2 NewDesignator=TP6
Change Component Designator: OldDesignator=PH3 NewDesignator=TP9
Change Component Designator: OldDesignator=PH4 NewDesignator=TP10
Change Component Description : Designator=F1 Old Description=Bel Fuse New Description=Bel Fuse  | 15A | 32V DC | SMD | Fast Blow | 1206
Change Component Description : Designator=F2 Old Description=Bel Fuse New Description=Bel Fuse  | 15A | 32V DC | SMD | Fast Blow | 1206
Change Component Description : Designator=F4 Old Description=Bel Fuse New Description=Bel Fuse  | 15A | 32V DC | SMD | Fast Blow | 1206
Change Component Description : Designator=F5 Old Description=Bel Fuse New Description=Bel Fuse  | 15A | 32V DC | SMD | Fast Blow | 1206
Change Component Description : Designator=F3 Old Description=Eaton New Description=Eaton  | 60A | 80V DC | SMD | Fast Blow | 2-SMD
Change Component Description : Designator=D1 Old Description=Zener Diode New Description=Zener Diode | 10 V | 410 mW | SOD 123
Added Component: Designator=C14(CAPACITOR_0805)
Add component (AddParameter): Name = "Made By"; Value = "Robert Pafford"; VariantName = "[No Variations]"
Add component (AddParameter): Name = "Supplier 1"; Value = "Newark"; VariantName = "[No Variations]"
Add component (AddParameter): Name = "Supplier Part Number 1"; Value = "38AH3645"; VariantName = "[No Variations]"
Add component (AddParameter): Name = "Tolerance"; Value = "+/- 10%"; VariantName = "[No Variations]"
Add component (AddParameter): Name = "Value"; Value = "0.1uF"; VariantName = "[No Variations]"
Add component (AddParameter): Name = "Verified By"; Value = ""; VariantName = "[No Variations]"
Add component (AddParameter): Name = "Voltage"; Value = "50V"; VariantName = "[No Variations]"
Added Component: Designator=C15(CAP_EEHZC1J100P)
Add component (AddParameter): Name = "Made by"; Value = "Robert Pafford"; VariantName = "[No Variations]"
Add component (AddParameter): Name = "Max Voltage"; Value = "63V"; VariantName = "[No Variations]"
Add component (AddParameter): Name = "Supplier 1"; Value = "Digi-Key"; VariantName = "[No Variations]"
Add component (AddParameter): Name = "Supplier Part Number 1"; Value = "P15466CT-ND"; VariantName = "[No Variations]"
Add component (AddParameter): Name = "Tolerance"; Value = "+/- 20%"; VariantName = "[No Variations]"
Add component (AddParameter): Name = "Value"; Value = "10uF"; VariantName = "[No Variations]"
Added Component: Designator=C16(CAPACITOR_0402)
Add component (AddParameter): Name = "Made By"; Value = "Robert Pafford"; VariantName = "[No Variations]"
Add component (AddParameter): Name = "Supplier 1"; Value = "Future Electronics"; VariantName = "[No Variations]"
Add component (AddParameter): Name = "Supplier Part Number 1"; Value = "7029569"; VariantName = "[No Variations]"
Add component (AddParameter): Name = "Tolerance"; Value = "+/- 10%"; VariantName = "[No Variations]"
Add component (AddParameter): Name = "Value"; Value = "0.1uF"; VariantName = "[No Variations]"
Add component (AddParameter): Name = "Verified By"; Value = ""; VariantName = "[No Variations]"
Add component (AddParameter): Name = "Voltage"; Value = "25V"; VariantName = "[No Variations]"
Added Component: Designator=F6(0501Series_LTF)
Add component (AddParameter): Name = "Breaking Capacity"; Value = "150A"; VariantName = "[No Variations]"
Add component (AddParameter): Name = "Created By"; Value = "Nathan Ayer"; VariantName = "[No Variations]"
Add component (AddParameter): Name = "Current Rating"; Value = "15"; VariantName = "[No Variations]"
Add component (AddParameter): Name = "Manufacturer_Part_Number"; Value = "0685H9150-01"; VariantName = "[No Variations]"
Add component (AddParameter): Name = "Mfr_Name"; Value = "Bel Fuse"; VariantName = "[No Variations]"
Add component (AddParameter): Name = "Package"; Value = "1206"; VariantName = "[No Variations]"
Add component (AddParameter): Name = "Response Time"; Value = "Fast Blow"; VariantName = "[No Variations]"
Add component (AddParameter): Name = "Voltage Rating"; Value = "32V"; VariantName = "[No Variations]"
Added Component: Designator=Q5(MOSFET_7DP-T1-GE3_VIS)
Add component (AddParameter): Name = "Copyright"; Value = "Copyright (C) 2022 Ultra Librarian. All rights reserved."; VariantName = "[No Variations]"
Add component (AddParameter): Name = "Manufacturer_Part_Number"; Value = "SIR167DP-T1-GE3"; VariantName = "[No Variations]"
Add component (AddParameter): Name = "Mfr_Name"; Value = "Vishay"; VariantName = "[No Variations]"
Add component (AddParameter): Name = "RefDes"; Value = "RefDes"; VariantName = "[No Variations]"
Add component (AddParameter): Name = "Supplier 1"; Value = "Mouser"; VariantName = "[No Variations]"
Add component (AddParameter): Name = "Supplier Part Number 1"; Value = "78-SIR167DP-T1-GE3"; VariantName = "[No Variations]"
Add component (AddParameter): Name = "Type"; Value = "DEV"; VariantName = "[No Variations]"
Added Component: Designator=Q6(SOT-23-3)
Add component (AddParameter): Name = "Amp Rating"; Value = "5.8 A"; VariantName = "[No Variations]"
Add component (AddParameter): Name = "Created By"; Value = "Dylan T"; VariantName = "[No Variations]"
Add component (AddParameter): Name = "FET Type"; Value = "N-Channel"; VariantName = "[No Variations]"
Add component (AddParameter): Name = "Manufacturer _Part_Number"; Value = "AO3404A"; VariantName = "[No Variations]"
Add component (AddParameter): Name = "Package"; Value = "SOT23-3L"; VariantName = "[No Variations]"
Add component (AddParameter): Name = "Power Dissipation"; Value = "1.4W (Ta)"; VariantName = "[No Variations]"
Add component (AddParameter): Name = "Rds (on)"; Value = "28mOhm @ 5.8A, 10V"; VariantName = "[No Variations]"
Add component (AddParameter): Name = "SourceLibrary"; Value = "ON_Semiconductor_2020-01-13"; VariantName = "[No Variations]"
Add component (AddParameter): Name = "Supplier 1"; Value = "Digi-Key"; VariantName = "[No Variations]"
Add component (AddParameter): Name = "Supplier Part Number 1"; Value = "785-1004-1-ND"; VariantName = "[No Variations]"
Add component (AddParameter): Name = "Vdss"; Value = "30V"; VariantName = "[No Variations]"
Add component (AddParameter): Name = "Vendor"; Value = "Alpha & Omega Semiconductor Inc."; VariantName = "[No Variations]"
Add component (AddParameter): Name = "Verified By"; Value = ""; VariantName = "[No Variations]"
Add component (AddParameter): Name = "Vgs (Max)"; Value = "3V @ 5.8A, 10V"; VariantName = "[No Variations]"
Add component (AddParameter): Name = "Vgs (th)"; Value = "3V @ 250µA"; VariantName = "[No Variations]"
Added Component: Designator=R33(RESISTOR_0402)
Add component (AddParameter): Name = "Digikey Part Numer"; Value = "CR0603-JW-104ELFTR-ND"; VariantName = "[No Variations]"
Add component (AddParameter): Name = "Made By"; Value = "Robert Pafford"; VariantName = "[No Variations]"
Add component (AddParameter): Name = "Supplier"; Value = "Digikey"; VariantName = "[No Variations]"
Add component (AddParameter): Name = "Supplier 1"; Value = "Digi-Key"; VariantName = "[No Variations]"
Add component (AddParameter): Name = "Supplier Part Number 1"; Value = "YAG3436CT-ND"; VariantName = "[No Variations]"
Add component (AddParameter): Name = "Tolerance"; Value = "+/- 1%"; VariantName = "[No Variations]"
Add component (AddParameter): Name = "Value  (Ohms)"; Value = "10K"; VariantName = "[No Variations]"
Add component (AddParameter): Name = "Verified By"; Value = ""; VariantName = "[No Variations]"
Add component (AddParameter): Name = "Wattage"; Value = "1/16W"; VariantName = "[No Variations]"
Added Component: Designator=R34(RESISTOR_0402)
Add component (AddParameter): Name = "Made By"; Value = "Robert Pafford"; VariantName = "[No Variations]"
Add component (AddParameter): Name = "Supplier 1"; Value = "Digikey"; VariantName = "[No Variations]"
Add component (AddParameter): Name = "Supplier Part Number 1"; Value = "13-AC0402FR-070RLCT-ND"; VariantName = "[No Variations]"
Add component (AddParameter): Name = "Tolerance"; Value = "+/- 1%"; VariantName = "[No Variations]"
Add component (AddParameter): Name = "Value  (Ohms)"; Value = "0"; VariantName = "[No Variations]"
Add component (AddParameter): Name = "Verified By"; Value = ""; VariantName = "[No Variations]"
Add component (AddParameter): Name = "Wattage"; Value = "1/16W"; VariantName = "[No Variations]"
Added Component: Designator=R35(RESISTOR_0402)
Add component (AddParameter): Name = "Made By"; Value = "Robert Pafford"; VariantName = "[No Variations]"
Add component (AddParameter): Name = "Supplier 1"; Value = "Digikey"; VariantName = "[No Variations]"
Add component (AddParameter): Name = "Supplier Part Number 1"; Value = "13-AC0402FR-070RLCT-ND"; VariantName = "[No Variations]"
Add component (AddParameter): Name = "Tolerance"; Value = "+/- 1%"; VariantName = "[No Variations]"
Add component (AddParameter): Name = "Value  (Ohms)"; Value = "0"; VariantName = "[No Variations]"
Add component (AddParameter): Name = "Verified By"; Value = ""; VariantName = "[No Variations]"
Add component (AddParameter): Name = "Wattage"; Value = "1/16W"; VariantName = "[No Variations]"
Added Component: Designator=R36(RESISTOR_0402)
Add component (AddParameter): Name = "Made By"; Value = "Robert Pafford"; VariantName = "[No Variations]"
Add component (AddParameter): Name = "Supplier 1"; Value = "Digikey"; VariantName = "[No Variations]"
Add component (AddParameter): Name = "Supplier Part Number 1"; Value = "13-AC0402FR-070RLCT-ND"; VariantName = "[No Variations]"
Add component (AddParameter): Name = "Tolerance"; Value = "+/- 1%"; VariantName = "[No Variations]"
Add component (AddParameter): Name = "Value  (Ohms)"; Value = "0"; VariantName = "[No Variations]"
Add component (AddParameter): Name = "Verified By"; Value = ""; VariantName = "[No Variations]"
Add component (AddParameter): Name = "Wattage"; Value = "1/16W"; VariantName = "[No Variations]"
Added Component: Designator=R37(RESISTOR_0402)
Add component (AddParameter): Name = "Made By"; Value = "Robert Pafford"; VariantName = "[No Variations]"
Add component (AddParameter): Name = "Supplier 1"; Value = "Digikey"; VariantName = "[No Variations]"
Add component (AddParameter): Name = "Supplier Part Number 1"; Value = "13-AC0402FR-070RLCT-ND"; VariantName = "[No Variations]"
Add component (AddParameter): Name = "Tolerance"; Value = "+/- 1%"; VariantName = "[No Variations]"
Add component (AddParameter): Name = "Value  (Ohms)"; Value = "0"; VariantName = "[No Variations]"
Add component (AddParameter): Name = "Verified By"; Value = ""; VariantName = "[No Variations]"
Add component (AddParameter): Name = "Wattage"; Value = "1/16W"; VariantName = "[No Variations]"
Added Component: Designator=R38(RESISTOR_0603)
Add component (AddParameter): Name = "ComponentLink1Description"; Value = "Datasheet"; VariantName = "[No Variations]"
Add component (AddParameter): Name = "ComponentLink1URL"; Value = "https://www.bourns.com/docs/product-datasheets/CRxxxxx.pdf"; VariantName = "[No Variations]"
Add component (AddParameter): Name = "Digikey Part Numer"; Value = "CR0603-JW-104ELFTR-ND"; VariantName = "[No Variations]"
Add component (AddParameter): Name = "Made By"; Value = "Robert Pafford"; VariantName = "[No Variations]"
Add component (AddParameter): Name = "Supplier"; Value = "Digikey"; VariantName = "[No Variations]"
Add component (AddParameter): Name = "Supplier 1"; Value = "Digi-Key"; VariantName = "[No Variations]"
Add component (AddParameter): Name = "Supplier Part Number 1"; Value = "2019-RK73B1JTTD103JCT-ND"; VariantName = "[No Variations]"
Add component (AddParameter): Name = "Tolerance"; Value = "+/- 5%"; VariantName = "[No Variations]"
Add component (AddParameter): Name = "Value  (Ohms)"; Value = "10K"; VariantName = "[No Variations]"
Add component (AddParameter): Name = "Verified By"; Value = ""; VariantName = "[No Variations]"
Add component (AddParameter): Name = "Wattage"; Value = "1/8W"; VariantName = "[No Variations]"
Added Component: Designator=R39(RESISTOR_0603)
Add component (AddParameter): Name = "ComponentLink1Description"; Value = "Datasheet"; VariantName = "[No Variations]"
Add component (AddParameter): Name = "ComponentLink1URL"; Value = "https://www.bourns.com/docs/product-datasheets/CRxxxxx.pdf"; VariantName = "[No Variations]"
Add component (AddParameter): Name = "Digikey Part Numer"; Value = "CR0603-JW-104ELFTR-ND"; VariantName = "[No Variations]"
Add component (AddParameter): Name = "Made By"; Value = "Robert Pafford"; VariantName = "[No Variations]"
Add component (AddParameter): Name = "Supplier"; Value = "Digikey"; VariantName = "[No Variations]"
Add component (AddParameter): Name = "Supplier 1"; Value = "Digi-Key"; VariantName = "[No Variations]"
Add component (AddParameter): Name = "Supplier Part Number 1"; Value = "2019-RK73B1JTTD103JCT-ND"; VariantName = "[No Variations]"
Add component (AddParameter): Name = "Tolerance"; Value = "+/- 5%"; VariantName = "[No Variations]"
Add component (AddParameter): Name = "Value  (Ohms)"; Value = "10K"; VariantName = "[No Variations]"
Add component (AddParameter): Name = "Verified By"; Value = ""; VariantName = "[No Variations]"
Add component (AddParameter): Name = "Wattage"; Value = "1/8W"; VariantName = "[No Variations]"
Added Component: Designator=TP11(TESTPOINT_1.2MM)
Add component (AddParameter): Name = "Made By"; Value = "Robert Pafford"; VariantName = "[No Variations]"
Added Component: Designator=TP12(TESTPOINT_1.2MM)
Add component (AddParameter): Name = "Made By"; Value = "Robert Pafford"; VariantName = "[No Variations]"
Added Component: Designator=U6(FP-RXY0014A-MFG)
Added Component: Designator=U7(D0016A_M)
Add component (AddParameter): Name = "Bandwidth(Max)(MHz)"; Value = "180"; VariantName = "[No Variations]"
Add component (AddParameter): Name = "Code_JEDEC"; Value = "MS-012 variation AC"; VariantName = "[No Variations]"
Add component (AddParameter): Name = "Configuration"; Value = "1 X 1:8 MUX"; VariantName = "[No Variations]"
Add component (AddParameter): Name = "Crosstalk"; Value = "Yes"; VariantName = "[No Variations]"
Add component (AddParameter): Name = "DatasheetVersion"; Value = "SCHS122J"; VariantName = "[No Variations]"
Add component (AddParameter): Name = "Generic Part Number"; Value = "CD74HC4051"; VariantName = "[No Variations]"
Add component (AddParameter): Name = "Manufacturer"; Value = "Texas Instruments"; VariantName = "[No Variations]"
Add component (AddParameter): Name = "Operating Temperature Range(C)"; Value = "-55 to 125"; VariantName = "[No Variations]"
Add component (AddParameter): Name = "Output Type"; Value = "CMOS"; VariantName = "[No Variations]"
Add component (AddParameter): Name = "PackageReference"; Value = "D0016A"; VariantName = "[No Variations]"
Add component (AddParameter): Name = "PackageVersion"; Value = "http://www.ti.com/lit/ml/mpds178g/mpds178g.pdf"; VariantName = "[No Variations]"
Add component (AddParameter): Name = "Rating"; Value = "Catalog"; VariantName = "[No Variations]"
Add component (AddParameter): Name = "Ron(Max)(Ohms)"; Value = "130"; VariantName = "[No Variations]"
Add component (AddParameter): Name = "Ron(Typ)(Ohms)"; Value = "45"; VariantName = "[No Variations]"
Add component (AddParameter): Name = "VCC(Max)(V)"; Value = "6"; VariantName = "[No Variations]"
Add component (AddParameter): Name = "VCC(Min)(V)"; Value = "2"; VariantName = "[No Variations]"
Added Pin To Net: NetName=GND Pin=C14-1
Added Pin To Net: NetName=GND Pin=C15-2
Added Pin To Net: NetName=GND Pin=C16-1
Added Pin To Net: NetName=5V Pin=C16-2
Added Pin To Net: NetName=VCC Pin=F6-1
Added Pin To Net: NetName=12V Pin=Q5-1
Added Pin To Net: NetName=12V Pin=Q5-2
Added Pin To Net: NetName=12V Pin=Q5-3
Added Pin To Net: NetName=GND Pin=Q6-2
Added Pin To Net: NetName=3V3_RP2CAN Pin=R33-1
Added Pin To Net: NetName=GND Pin=R34-2
Added Pin To Net: NetName=GND Pin=R35-2
Added Pin To Net: NetName=GND Pin=R36-2
Added Pin To Net: NetName=GND Pin=R37-2
Added Pin To Net: NetName=12V Pin=R38-1
Added Pin To Net: NetName=3V3_RP2CAN Pin=R39-1
Added Pin To Net: NetName=HBRIDGE2_PH Pin=U1R-4
Added Pin To Net: NetName=HBRIDGE2_EN Pin=U1R-5
Added Pin To Net: NetName=HBRIDGE3_PH Pin=U1R-6
Added Pin To Net: NetName=HBRIDGE3_EN Pin=U1R-7
Added Pin To Net: NetName=HBRIDGE4_PH Pin=U1R-8
Added Pin To Net: NetName=HBRIDGE4_EN Pin=U1R-9
Added Pin To Net: NetName=nSLEEP Pin=U6-3
Added Pin To Net: NetName=GND Pin=U6-6
Added Pin To Net: NetName=DRVOFF Pin=U6-8
Added Pin To Net: NetName=HBRIDGE3_IPROPI Pin=U7-1
Added Pin To Net: NetName=HBRIDGE1_IPROPI Pin=U7-2
Added Pin To Net: NetName=HBRIDGE4_IPROPI Pin=U7-4
Added Pin To Net: NetName=HBRIDGE2_IPROPI Pin=U7-5
Added Pin To Net: NetName=GND Pin=U7-6
Added Pin To Net: NetName=GND Pin=U7-7
Added Pin To Net: NetName=GND Pin=U7-8
Added Pin To Net: NetName=HBRIDGE1_nFAULT Pin=U7-12
Added Pin To Net: NetName=HBRIDGE4_nFAULT Pin=U7-13
Added Pin To Net: NetName=HBRIDGE3_nFAULT Pin=U7-14
Added Pin To Net: NetName=HBRIDGE2_nFAULT Pin=U7-15
Added Pin To Net: NetName=5V Pin=U7-16
Added Pin To Net: NetName=HBRIDGE5_EN Pin=TP11-TP
Added Pin To Net: NetName=HBRIDGE5_EN Pin=U1R-12
Added Pin To Net: NetName=HBRIDGE5_EN Pin=U6-9
Added Net: Name=HBRIDGE5_EN
Added Pin To Net: NetName=HBRIDGE5_IPROPI Pin=U6-2
Added Net: Name=HBRIDGE5_IPROPI
Added Pin To Net: NetName=HBRIDGE5_nFAULT Pin=R33-2
Added Pin To Net: NetName=HBRIDGE5_nFAULT Pin=U1R-14
Added Pin To Net: NetName=HBRIDGE5_nFAULT Pin=U6-1
Added Net: Name=HBRIDGE5_nFAULT
Added Pin To Net: NetName=HBRIDGE5_OUT1 Pin=U6-7
Added Net: Name=HBRIDGE5_OUT1
Added Pin To Net: NetName=HBRIDGE5_OUT2 Pin=U6-5
Added Net: Name=HBRIDGE5_OUT2
Added Pin To Net: NetName=HBRIDGE5_PH Pin=TP12-TP
Added Pin To Net: NetName=HBRIDGE5_PH Pin=U1R-11
Added Pin To Net: NetName=HBRIDGE5_PH Pin=U6-10
Added Net: Name=HBRIDGE5_PH
Added Pin To Net: NetName=MP_DATA Pin=U1R-41
Added Pin To Net: NetName=MP_DATA Pin=U7-3
Added Net: Name=MP_DATA
Added Pin To Net: NetName=MP_S0 Pin=U1R-40
Added Pin To Net: NetName=MP_S0 Pin=U7-11
Added Net: Name=MP_S0
Added Pin To Net: NetName=MP_S1 Pin=U1R-39
Added Pin To Net: NetName=MP_S1 Pin=U7-10
Added Net: Name=MP_S1
Added Pin To Net: NetName=MP_S2 Pin=U1R-38
Added Pin To Net: NetName=MP_S2 Pin=U7-9
Added Net: Name=MP_S2
Added Pin To Net: NetName=NetC14_2 Pin=C14-2
Added Pin To Net: NetName=NetC14_2 Pin=C15-1
Added Pin To Net: NetName=NetC14_2 Pin=F6-2
Added Pin To Net: NetName=NetC14_2 Pin=U6-4
Added Net: Name=NetC14_2
Added Pin To Net: NetName=NetQ5_4 Pin=Q5-4
Added Pin To Net: NetName=NetQ5_4 Pin=Q6-3
Added Pin To Net: NetName=NetQ5_4 Pin=R38-2
Added Net: Name=NetQ5_4
Added Pin To Net: NetName=NetR34_1 Pin=R34-1
Added Pin To Net: NetName=NetR34_1 Pin=U6-14
Added Net: Name=NetR34_1
Added Pin To Net: NetName=NetR35_1 Pin=R35-1
Added Pin To Net: NetName=NetR35_1 Pin=U6-13
Added Net: Name=NetR35_1
Added Pin To Net: NetName=NetR36_1 Pin=R36-1
Added Pin To Net: NetName=NetR36_1 Pin=U6-12
Added Net: Name=NetR36_1
Added Pin To Net: NetName=NetR37_1 Pin=R37-1
Added Pin To Net: NetName=NetR37_1 Pin=U6-11
Added Net: Name=NetR37_1
Added Pin To Net: NetName=PUMP_PWR Pin=Q5-D
Added Pin To Net: NetName=PUMP_PWR Pin=Q5-D
Added Pin To Net: NetName=PUMP_PWR Pin=Q5-D
Added Pin To Net: NetName=PUMP_PWR Pin=Q5-D
Added Pin To Net: NetName=PUMP_PWR Pin=Q5-D
Added Net: Name=PUMP_PWR
Added Pin To Net: NetName=PUMP_SW Pin=Q6-1
Added Pin To Net: NetName=PUMP_SW Pin=R39-2
Added Pin To Net: NetName=PUMP_SW Pin=U1R-13
Added Net: Name=PUMP_SW
Added Member To Class: ClassName=HBridge Member=Component C14 100nF Ceramic 50V
Added Member To Class: ClassName=HBridge Member=Component C15 10uF electrolytic 63V
Added Member To Class: ClassName=HBridge Member=Component C16 100nF Ceramic 25V
Added Member To Class: ClassName=HBridge Member=Component F6 0685H9150-01
Added Member To Class: ClassName=HBridge Member=Component Q5 SIR167DP-T1-GE3
Added Member To Class: ClassName=HBridge Member=Component Q6 AO3404A
Added Member To Class: ClassName=HBridge Member=Component R33 10k Ohm 1% 1/16W
Added Member To Class: ClassName=HBridge Member=Component R34 0 Ohm 1% 1/16W
Added Member To Class: ClassName=HBridge Member=Component R35 0 Ohm 1% 1/16W
Added Member To Class: ClassName=HBridge Member=Component R36 0 Ohm 1% 1/16W
Added Member To Class: ClassName=HBridge Member=Component R37 0 Ohm 1% 1/16W
Added Member To Class: ClassName=HBridge Member=Component R38 10k Ohm 5% 1/10W
Added Member To Class: ClassName=HBridge Member=Component R39 10k Ohm 5% 1/10W
Added Member To Class: ClassName=HBridge Member=Component TP1 PCB Test Point
Added Member To Class: ClassName=HBridge Member=Component TP2 PCB Test Point
Added Member To Class: ClassName=HBridge Member=Component TP3 PCB Test Point
Added Member To Class: ClassName=HBridge Member=Component TP4 PCB Test Point
Added Member To Class: ClassName=HBridge Member=Component TP5 PCB Test Point
Added Member To Class: ClassName=HBridge Member=Component TP6 PCB Test Point
Added Member To Class: ClassName=HBridge Member=Component TP7 PCB Test Point
Added Member To Class: ClassName=HBridge Member=Component TP8 PCB Test Point
Added Member To Class: ClassName=HBridge Member=Component TP9 PCB Test Point
Added Member To Class: ClassName=HBridge Member=Component TP10 PCB Test Point
Added Member To Class: ClassName=HBridge Member=Component TP11 PCB Test Point
Added Member To Class: ClassName=HBridge Member=Component TP12 PCB Test Point
Added Member To Class: ClassName=HBridge Member=Component U6 DRV8243HQRXYRQ1
Added Member To Class: ClassName=HBridge Member=Component U7 CD74HC4051M96
Added Room: Name=HBridge
