Removed Pin From Net: NetName=HBRIDGE3_nFAULT Pin=U3-1
Removed Pin From Net: NetName=HBRIDGE3_IPROPI Pin=U3-2
Removed Pin From Net: NetName=nSLEEP Pin=U3-3
Removed Pin From Net: NetName=NetC6_2 Pin=U3-4
Removed Pin From Net: NetName=HBRIDGE3_OUT2 Pin=U3-5
Removed Pin From Net: NetName=GND Pin=U3-6
Removed Pin From Net: NetName=HBRIDGE3_OUT1 Pin=U3-7
Removed Pin From Net: NetName=DRVOFF Pin=U3-8
Removed Pin From Net: NetName=HBRIDGE3_EN Pin=U3-9
Removed Pin From Net: NetName=HBRIDGE3_PH Pin=U3-10
Removed Pin From Net: NetName=NetR28_1 Pin=U3-11
Removed Pin From Net: NetName=NetR26_1 Pin=U3-12
Removed Pin From Net: NetName=NetR24_1 Pin=U3-13
Removed Pin From Net: NetName=NetR22_1 Pin=U3-14
Removed Member From Class: ClassName=HBridge Member=U3
Added Component: Designator=U?(FP-RXY0014A-MFG)
Added Pin To Net: NetName=HBRIDGE3_nFAULT Pin=U?-1
Added Pin To Net: NetName=HBRIDGE3_IPROPI Pin=U?-2
Added Pin To Net: NetName=nSLEEP Pin=U?-3
Added Pin To Net: NetName=NetC6_2 Pin=U?-4
Added Pin To Net: NetName=HBRIDGE3_OUT2 Pin=U?-5
Added Pin To Net: NetName=GND Pin=U?-6
Added Pin To Net: NetName=HBRIDGE3_OUT1 Pin=U?-7
Added Pin To Net: NetName=DRVOFF Pin=U?-8
Added Pin To Net: NetName=HBRIDGE3_EN Pin=U?-9
Added Pin To Net: NetName=HBRIDGE3_PH Pin=U?-10
Added Pin To Net: NetName=NetR28_1 Pin=U?-11
Added Pin To Net: NetName=NetR26_1 Pin=U?-12
Added Pin To Net: NetName=NetR24_1 Pin=U?-13
Added Pin To Net: NetName=NetR22_1 Pin=U?-14
Added Member To Class: ClassName=HBridge Member=Component U? DRV8243HQRXYRQ1
