Removed Pin From Net: NetName=Local Oscillator Pin=C14-1
Removed Pin From Net: NetName=Local Oscillator Pin=C15-1
Removed Pin From Net: NetName=NetC15_2 Pin=L13-1
Removed Pin From Net: NetName=NetC14_2 Pin=L14-1
Removed Pin From Net: NetName=NetC13_2 Pin=U7-8
Change Component Comment : Designator=C15 Old Comment=100pF Ceramic 25V New Comment=1200pF Ceramic 50V
Change Component Comment : Designator=C16 Old Comment=100pF Ceramic 25V New Comment=1200pF Ceramic 50V
Change Component Comment : Designator=C13 Old Comment=100pF Ceramic 25V New Comment=CAP CER 4.7PF 50V C0G/NP0 0402
Change Component Comment : Designator=C14 Old Comment=100pF Ceramic 25V New Comment=CAP CER 4.7PF 50V C0G/NP0 0402
Change Component Comment : Designator=L13 Old Comment=FIXED IND 15NH 250MA 600MOHM SMD New Comment=FIXED IND 47NH 200MA 1.1 OHM SMD
Change Component Comment : Designator=L14 Old Comment=FIXED IND 15NH 250MA 600MOHM SMD New Comment=FIXED IND 47NH 200MA 1.1 OHM SMD
Change component parameters: Designator = "C13" ("C13"); Footprint = "CAPACITOR_0402"; UniqueID = "\QLAFQPFJ" ("\QLAFQPFJ")
Change component parameters (AddParameter): Name = "Tolerance"; Value = "+/- 0.1 pF"; VariantName = "[No Variations]"
Change component parameters (AddParameter): Name = "Value"; Value = "4.7pF"; VariantName = "[No Variations]"
Change component parameters (AddParameter): Name = "Verified By"; Value = ""; VariantName = "[No Variations]"
Change component parameters (AddParameter): Name = "Voltage"; Value = "50V"; VariantName = "[No Variations]"
Change component parameters: Designator = "C14" ("C14"); Footprint = "CAPACITOR_0402"; UniqueID = "\BEUQWFOO" ("\BEUQWFOO")
Change component parameters (AddParameter): Name = "Tolerance"; Value = "+/- 0.1 pF"; VariantName = "[No Variations]"
Change component parameters (AddParameter): Name = "Value"; Value = "4.7pF"; VariantName = "[No Variations]"
Change component parameters (AddParameter): Name = "Verified By"; Value = ""; VariantName = "[No Variations]"
Change component parameters (AddParameter): Name = "Voltage"; Value = "50V"; VariantName = "[No Variations]"
Change component parameters: Designator = "C15" ("C15"); Footprint = "CAPACITOR_0402"; UniqueID = "\RXWBXHPU" ("\RXWBXHPU")
Change component parameters (AddParameter): Name = "Made By"; Value = "Robert Pafford"; VariantName = "[No Variations]"
Change component parameters (AddParameter): Name = "Supplier 1"; Value = "Future Electronics"; VariantName = "[No Variations]"
Change component parameters (AddParameter): Name = "Supplier Part Number 1"; Value = "5334081"; VariantName = "[No Variations]"
Change component parameters (AddParameter): Name = "Tolerance"; Value = "+/- 5%"; VariantName = "[No Variations]"
Change component parameters (AddParameter): Name = "Value"; Value = "1200pF"; VariantName = "[No Variations]"
Change component parameters (AddParameter): Name = "Verified By"; Value = ""; VariantName = "[No Variations]"
Change component parameters (AddParameter): Name = "Voltage"; Value = "50V"; VariantName = "[No Variations]"
Change component parameters: Designator = "C16" ("C16"); Footprint = "CAPACITOR_0402"; UniqueID = "\PSHDRRLB" ("\PSHDRRLB")
Change component parameters (AddParameter): Name = "Made By"; Value = "Robert Pafford"; VariantName = "[No Variations]"
Change component parameters (AddParameter): Name = "Supplier 1"; Value = "Future Electronics"; VariantName = "[No Variations]"
Change component parameters (AddParameter): Name = "Supplier Part Number 1"; Value = "5334081"; VariantName = "[No Variations]"
Change component parameters (AddParameter): Name = "Tolerance"; Value = "+/- 5%"; VariantName = "[No Variations]"
Change component parameters (AddParameter): Name = "Value"; Value = "1200pF"; VariantName = "[No Variations]"
Change component parameters (AddParameter): Name = "Verified By"; Value = ""; VariantName = "[No Variations]"
Change component parameters (AddParameter): Name = "Voltage"; Value = "50V"; VariantName = "[No Variations]"
Change component parameters: Designator = "L13" ("L13"); Footprint = "INDUCTOR_0402"; UniqueID = "\YGJLBZDL" ("\YGJLBZDL")
Change component parameters (AddParameter): Name = "Tolerance"; Value = "+/- 5%"; VariantName = "[No Variations]"
Change component parameters (AddParameter): Name = "Value"; Value = "47nH"; VariantName = "[No Variations]"
Change component parameters (AddParameter): Name = "Verified By"; Value = ""; VariantName = "[No Variations]"
Change component parameters: Designator = "L14" ("L14"); Footprint = "INDUCTOR_0402"; UniqueID = "\CQBUGTBU" ("\CQBUGTBU")
Change component parameters (AddParameter): Name = "Tolerance"; Value = "+/- 5%"; VariantName = "[No Variations]"
Change component parameters (AddParameter): Name = "Value"; Value = "47nH"; VariantName = "[No Variations]"
Change component parameters (AddParameter): Name = "Verified By"; Value = ""; VariantName = "[No Variations]"
Added Component: Designator=C49(CAPACITOR_0402)
Add component (AddParameter): Name = "Made By"; Value = "Robert Pafford"; VariantName = "[No Variations]"
Add component (AddParameter): Name = "Supplier 1"; Value = "Future Electronics"; VariantName = "[No Variations]"
Add component (AddParameter): Name = "Supplier Part Number 1"; Value = "5334081"; VariantName = "[No Variations]"
Add component (AddParameter): Name = "Tolerance"; Value = "+/- 5%"; VariantName = "[No Variations]"
Add component (AddParameter): Name = "Value"; Value = "1200pF"; VariantName = "[No Variations]"
Add component (AddParameter): Name = "Verified By"; Value = ""; VariantName = "[No Variations]"
Add component (AddParameter): Name = "Voltage"; Value = "50V"; VariantName = "[No Variations]"
Added Component: Designator=C50(CAPACITOR_0402)
Add component (AddParameter): Name = "Made By"; Value = "Robert Pafford"; VariantName = "[No Variations]"
Add component (AddParameter): Name = "Supplier 1"; Value = "Future Electronics"; VariantName = "[No Variations]"
Add component (AddParameter): Name = "Supplier Part Number 1"; Value = "5334081"; VariantName = "[No Variations]"
Add component (AddParameter): Name = "Tolerance"; Value = "+/- 5%"; VariantName = "[No Variations]"
Add component (AddParameter): Name = "Value"; Value = "1200pF"; VariantName = "[No Variations]"
Add component (AddParameter): Name = "Verified By"; Value = ""; VariantName = "[No Variations]"
Add component (AddParameter): Name = "Voltage"; Value = "50V"; VariantName = "[No Variations]"
Added Component: Designator=J*(Net Tie)
Added Pin To Net: NetName=GND Pin=C14-1
Added Pin To Net: NetName=GND Pin=C15-1
Added Pin To Net: NetName=Local Oscillator Pin=C49-1
Added Pin To Net: NetName=Local Oscillator Pin=C50-1
Added Pin To Net: NetName=GND Pin=J*-1
Added Pin To Net: NetName=GND Pin=J*-2
Added Pin To Net: NetName=NetC13_2 Pin=L13-2
Added Pin To Net: NetName=NetC14_2 Pin=L14-2
Added Pin To Net: NetName=NetC13_2 Pin=U7-1
Added Pin To Net: NetName=NetC15_2 Pin=U7-8
Added Pin To Net: NetName=NetC14_2 Pin=U8-1
Added Pin To Net: NetName=NetC49_2 Pin=C49-2
Added Pin To Net: NetName=NetC49_2 Pin=L13-1
Added Net: Name=NetC49_2
Added Pin To Net: NetName=NetC50_2 Pin=C50-2
Added Pin To Net: NetName=NetC50_2 Pin=L14-1
Added Net: Name=NetC50_2
Add Differential Pair: Number of nets in differential pair NetR2R_1 is 1 instead of 2
Add Differential Pair: Number of nets in differential pair NetR3R_1 is 1 instead of 2
Added Member To Class: ClassName=Acoustics Board Member=Component C49 1200pF Ceramic 50V
Added Member To Class: ClassName=Acoustics Board Member=Component C50 1200pF Ceramic 50V
Added Member To Class: ClassName=Acoustics Board Pg. 2 Member=Component J3 Mini-Fit Jr R/A
Added Member To Class: ClassName=Acoustics Board Pg. 2 Member=Component J4 Mini-Fit Jr R/A
Added Member To Class: ClassName=Acoustics Board Pg. 2 Member=Component J* Net Tie
